Information,15/12/2022 22:28:22,Microsoft-Windows-Dhcp-Client,50105,Service State Event,DHCPv4 client ProcessDHCPRequestForever received TERMINATE_EVENT
Information,15/12/2022 22:28:22,Microsoft-Windows-Dhcp-Client,50104,Service State Event,DHCPv4 client received shutdown notification
Information,15/12/2022 22:28:22,EventLog,6006,None,The Event log service was stopped.
Information,15/12/2022 22:27:46,Microsoft-Windows-Winlogon,7002,(1102),User Log-off Notification for Customer Experience Improvement Program
Information,15/12/2022 22:27:32,Microsoft-Windows-Kernel-Power,566,(268),"The system session has transitioned from 46 to 48.

Reason InputAccelerometer 

BootId: 3"
Information,15/12/2022 22:19:04,Microsoft-Windows-Kernel-Power,566,(268),"The system session has transitioned from 45 to 46.

Reason SessionUnlock 

BootId: 3"
Information,15/12/2022 22:18:06,e2fexpress,32,None,"The description for Event ID 32 from source e2fexpress cannot be found. Either the component that raises this event is not installed on your local computer or the installation is corrupted. You can install or repair the component on the local computer.

If the event originated on another computer, the display information had to be saved with the event.

The following information was included with the event: 

Intel(R) Ethernet Controller (3) I225-V

The message resource is present but the message was not found in the message table
"
Information,15/12/2022 22:18:04,Microsoft-Windows-Power-Troubleshooter,1,None,"The system has returned from a low power state.

Sleep Time: ‎2022‎-‎12‎-‎15T22:13:29.983503900Z
Wake Time: ‎2022‎-‎12‎-‎15T22:18:03.332481800Z

Wake Source: Device -USB Composite Device"
Warning,15/12/2022 22:18:03,e2fexpress,27,None,"The description for Event ID 27 from source e2fexpress cannot be found. Either the component that raises this event is not installed on your local computer or the installation is corrupted. You can install or repair the component on the local computer.

If the event originated on another computer, the display information had to be saved with the event.

The following information was included with the event: 

Intel(R) Ethernet Controller (3) I225-V

The message resource is present but the message was not found in the message table
"
Information,15/12/2022 22:18:03,Microsoft-Windows-Kernel-Power,566,(268),"The system session has transitioned from 43 to 45.

Reason Unknown 

BootId: 3"
Information,15/12/2022 22:18:03,Microsoft-Windows-Time-Service,158,None,The time provider 'VMICTimeProvider' has indicated that the current hardware and operating environment is not supported and has stopped. This behavior is expected for VMICTimeProvider on non-HyperV-guest environments. This may be the expected behavior for the current provider in the current operating environment as well.
Information,15/12/2022 22:18:03,Microsoft-Windows-Kernel-Power,566,(268),"The system session has transitioned from 42 to 43.

Reason SxTransition 

BootId: 3"
Information,15/12/2022 22:18:03,BTHUSB,18,None,Windows cannot store Bluetooth authentication codes (link keys) on the local adapter. Bluetooth keyboards might not work in the system BIOS during start-up.
Information,15/12/2022 22:18:02,Netwtw10,7026,None,7026 - Dump after return from D3 after cmd
Information,15/12/2022 22:18:02,Netwtw10,7025,None,7025 - Dump after return from D3 before cmd 
Information,15/12/2022 22:18:02,Microsoft-Windows-Kernel-Power,130,(33),"Firmware S3 times. SuspendStart: 37735446, SuspendEnd: 37735448"
Information,15/12/2022 22:18:02,Microsoft-Windows-Kernel-Power,131,(33),"Firmware S3 times. ResumeCount: 3, FullResume: 2438, AverageResume: 2440"
Information,15/12/2022 22:18:02,Microsoft-Windows-Kernel-General,1,(5),"The system time has changed to ‎2022‎-‎12‎-‎15T22:18:02.500000000Z from ‎2022‎-‎12‎-‎15T22:13:32.615649600Z.
Time Delta: 269884 ms

Change Reason: System time synchronized with the hardware clock.
Process: '' (PID 4).

RTC time: ‎2022‎-‎12‎-‎15T22:18:02.500000000Z
Current time zone bias: 0
RTC time is in UTC: false
System time was based on RTC time: false"
Information,15/12/2022 22:13:32,Microsoft-Windows-Kernel-Power,107,(102),The system has resumed from sleep.
Information,15/12/2022 22:13:31,Microsoft-Windows-Kernel-Power,42,(64),"The system is entering sleep.

Sleep Reason: System Idle"
Information,15/12/2022 22:13:29,Microsoft-Windows-Kernel-Power,566,(268),"The system session has transitioned from 40 to 42.

Reason SxTransition 

BootId: 3"
Information,15/12/2022 21:58:28,Microsoft-Windows-Kernel-Power,566,(268),"The system session has transitioned from 39 to 40.

Reason SessionUnlock 

BootId: 3"
Information,15/12/2022 21:57:22,e2fexpress,32,None,"The description for Event ID 32 from source e2fexpress cannot be found. Either the component that raises this event is not installed on your local computer or the installation is corrupted. You can install or repair the component on the local computer.

If the event originated on another computer, the display information had to be saved with the event.

The following information was included with the event: 

Intel(R) Ethernet Controller (3) I225-V

The message resource is present but the message was not found in the message table
"
Information,15/12/2022 21:57:20,Microsoft-Windows-Power-Troubleshooter,1,None,"The system has returned from a low power state.

Sleep Time: ‎2022‎-‎12‎-‎15T21:52:41.772091800Z
Wake Time: ‎2022‎-‎12‎-‎15T21:57:19.372204800Z

Wake Source: Device -USB Composite Device"
Warning,15/12/2022 21:57:19,e2fexpress,27,None,"The description for Event ID 27 from source e2fexpress cannot be found. Either the component that raises this event is not installed on your local computer or the installation is corrupted. You can install or repair the component on the local computer.

If the event originated on another computer, the display information had to be saved with the event.

The following information was included with the event: 

Intel(R) Ethernet Controller (3) I225-V

The message resource is present but the message was not found in the message table
"
Information,15/12/2022 21:57:19,Microsoft-Windows-Kernel-Power,566,(268),"The system session has transitioned from 37 to 39.

Reason Unknown 

BootId: 3"
Information,15/12/2022 21:57:19,Microsoft-Windows-Time-Service,158,None,The time provider 'VMICTimeProvider' has indicated that the current hardware and operating environment is not supported and has stopped. This behavior is expected for VMICTimeProvider on non-HyperV-guest environments. This may be the expected behavior for the current provider in the current operating environment as well.
Information,15/12/2022 21:57:19,Microsoft-Windows-Kernel-Power,566,(268),"The system session has transitioned from 36 to 37.

Reason SxTransition 

BootId: 3"
Information,15/12/2022 21:57:19,BTHUSB,18,None,Windows cannot store Bluetooth authentication codes (link keys) on the local adapter. Bluetooth keyboards might not work in the system BIOS during start-up.
Information,15/12/2022 21:57:18,Netwtw10,7026,None,7026 - Dump after return from D3 after cmd
Information,15/12/2022 21:57:18,Netwtw10,7025,None,7025 - Dump after return from D3 before cmd 
Information,15/12/2022 21:57:18,Microsoft-Windows-Kernel-Power,130,(33),"Firmware S3 times. SuspendStart: 36767989, SuspendEnd: 36767991"
Information,15/12/2022 21:57:18,Microsoft-Windows-Kernel-Power,131,(33),"Firmware S3 times. ResumeCount: 2, FullResume: 2444, AverageResume: 2441"
Information,15/12/2022 21:57:18,Microsoft-Windows-Kernel-General,1,(5),"The system time has changed to ‎2022‎-‎12‎-‎15T21:57:18.500000000Z from ‎2022‎-‎12‎-‎15T21:52:44.503483600Z.
Time Delta: 273996 ms

Change Reason: System time synchronized with the hardware clock.
Process: '' (PID 4).

RTC time: ‎2022‎-‎12‎-‎15T21:57:18.500000000Z
Current time zone bias: 0
RTC time is in UTC: false
System time was based on RTC time: false"
Information,15/12/2022 21:52:44,Microsoft-Windows-Kernel-Power,107,(102),The system has resumed from sleep.
Information,15/12/2022 21:52:43,Microsoft-Windows-Kernel-Power,42,(64),"The system is entering sleep.

Sleep Reason: System Idle"
Information,15/12/2022 21:52:41,Microsoft-Windows-Kernel-Power,566,(268),"The system session has transitioned from 34 to 36.

Reason SxTransition 

BootId: 3"
Information,15/12/2022 21:48:24,Service Control Manager,7040,None,The start type of the Background Intelligent Transfer Service service was changed from auto start to demand start.
Information,15/12/2022 21:46:20,Service Control Manager,7040,None,The start type of the Background Intelligent Transfer Service service was changed from demand start to auto start.
Information,15/12/2022 21:37:24,Microsoft-Windows-Kernel-Power,566,(268),"The system session has transitioned from 33 to 34.

Reason SessionUnlock 

BootId: 3"
Information,15/12/2022 21:37:03,Microsoft-Windows-WindowsUpdateClient,19,Windows Update Agent,Installation Successful: Windows successfully installed the following update: 9WZDNCRFJ3PR-MICROSOFT.WINDOWSALARMS
Information,15/12/2022 21:37:02,Microsoft-Windows-WindowsUpdateClient,43,Windows Update Agent,Installation Started: Windows has started installing the following update: 9WZDNCRFJ3PR-MICROSOFT.WINDOWSALARMS
Information,15/12/2022 21:37:01,Microsoft-Windows-Kernel-General,16,None,The access history in hive \??\C:\ProgramData\Microsoft\Windows\AppRepository\Packages\Microsoft.WindowsAlarms_11.2210.7.0_x64__8wekyb3d8bbwe\ActivationStore.dat was cleared updating 0 keys and creating 0 modified pages.
Information,15/12/2022 21:37:00,Microsoft-Windows-WindowsUpdateClient,19,Windows Update Agent,Installation Successful: Windows successfully installed the following update: 9NT52VQ39BVN-Microsoft.LanguageExperiencePacken-GB
Information,15/12/2022 21:37:00,Microsoft-Windows-WindowsUpdateClient,43,Windows Update Agent,Installation Started: Windows has started installing the following update: 9NT52VQ39BVN-Microsoft.LanguageExperiencePacken-GB
Information,15/12/2022 21:36:58,Microsoft-Windows-WindowsUpdateClient,19,Windows Update Agent,Installation Successful: Windows successfully installed the following update: 9MSSGKG348SP-MicrosoftWindows.Client.WebExperience
Information,15/12/2022 21:36:57,Microsoft-Windows-WindowsUpdateClient,19,Windows Update Agent,Installation Successful: Windows successfully installed the following update: 9WZDNCRFJ3PT-MICROSOFT.ZUNEMUSIC
Information,15/12/2022 21:36:56,Microsoft-Windows-WindowsUpdateClient,43,Windows Update Agent,Installation Started: Windows has started installing the following update: 9WZDNCRFJ3PT-MICROSOFT.ZUNEMUSIC
Information,15/12/2022 21:36:56,Microsoft-Windows-WindowsUpdateClient,44,Windows Update Agent,Windows Update started downloading an update.
Error,15/12/2022 21:36:56,Microsoft-Windows-WindowsUpdateClient,20,Windows Update Agent,Installation Failure: Windows failed to install the following update with error 0x80073D02: 9WZDNCRFHVQM-MICROSOFT.WINDOWSCOMMUNICATIONSAPPS.
Information,15/12/2022 21:36:54,Microsoft-Windows-Kernel-General,16,None,The access history in hive \??\C:\ProgramData\Microsoft\Windows\AppRepository\Packages\Microsoft.ZuneMusic_11.2210.33.0_x64__8wekyb3d8bbwe\ActivationStore.dat was cleared updating 0 keys and creating 0 modified pages.
Information,15/12/2022 21:36:54,Microsoft-Windows-WindowsUpdateClient,43,Windows Update Agent,Installation Started: Windows has started installing the following update: 9WZDNCRFHVQM-MICROSOFT.WINDOWSCOMMUNICATIONSAPPS
Information,15/12/2022 21:36:54,Microsoft-Windows-WindowsUpdateClient,44,Windows Update Agent,Windows Update started downloading an update.
Information,15/12/2022 21:36:53,Microsoft-Windows-Kernel-General,16,None,The access history in hive \??\C:\ProgramData\Microsoft\Windows\AppRepository\Packages\microsoft.windowscommunicationsapps_16005.14326.21238.0_x64__8wekyb3d8bbwe\ActivationStore.dat was cleared updating 0 keys and creating 0 modified pages.
Information,15/12/2022 21:36:51,Microsoft-Windows-WindowsUpdateClient,19,Windows Update Agent,Installation Successful: Windows successfully installed the following update: 9N0DX20HK701-Microsoft.WindowsTerminal
Information,15/12/2022 21:36:50,Microsoft-Windows-WindowsUpdateClient,43,Windows Update Agent,Installation Started: Windows has started installing the following update: 9N0DX20HK701-Microsoft.WindowsTerminal
Information,15/12/2022 21:36:50,Microsoft-Windows-Kernel-General,16,None,The access history in hive \??\C:\ProgramData\Microsoft\Windows\AppRepository\Packages\Microsoft.WindowsTerminal_1.15.3466.0_x64__8wekyb3d8bbwe\ActivationStore.dat was cleared updating 0 keys and creating 0 modified pages.
Information,15/12/2022 21:36:47,Microsoft-Windows-WindowsUpdateClient,44,Windows Update Agent,Windows Update started downloading an update.
Information,15/12/2022 21:36:42,Microsoft-Windows-WindowsUpdateClient,19,Windows Update Agent,Installation Successful: Windows successfully installed the following update: 9WZDNCRFJBMP-MICROSOFT.WINDOWSSTORE
Information,15/12/2022 21:36:42,Microsoft-Windows-WindowsUpdateClient,44,Windows Update Agent,Windows Update started downloading an update.
Information,15/12/2022 21:36:41,Microsoft-Windows-WindowsUpdateClient,19,Windows Update Agent,Installation Successful: Windows successfully installed the following update: 9NZKPSTSNW4P-Microsoft.XboxGamingOverlay
Information,15/12/2022 21:36:41,Microsoft-Windows-WindowsUpdateClient,43,Windows Update Agent,Installation Started: Windows has started installing the following update: 9WZDNCRFJBMP-MICROSOFT.WINDOWSSTORE
Information,15/12/2022 21:36:40,Microsoft-Windows-WindowsUpdateClient,43,Windows Update Agent,Installation Started: Windows has started installing the following update: 9NZKPSTSNW4P-Microsoft.XboxGamingOverlay
Information,15/12/2022 21:36:40,Microsoft-Windows-Kernel-General,16,None,The access history in hive \??\C:\ProgramData\Microsoft\Windows\AppRepository\Packages\Microsoft.WindowsStore_22210.1401.11.0_x64__8wekyb3d8bbwe\ActivationStore.dat was cleared updating 0 keys and creating 0 modified pages.
Information,15/12/2022 21:36:40,Microsoft-Windows-Kernel-General,16,None,The access history in hive \??\C:\ProgramData\Microsoft\Windows\AppRepository\Packages\Microsoft.XboxGamingOverlay_5.822.11281.0_x64__8wekyb3d8bbwe\ActivationStore.dat was cleared updating 0 keys and creating 0 modified pages.
Information,15/12/2022 21:36:32,Microsoft-Windows-WindowsUpdateClient,44,Windows Update Agent,Windows Update started downloading an update.
Information,15/12/2022 21:36:32,Microsoft-Windows-WindowsUpdateClient,44,Windows Update Agent,Windows Update started downloading an update.
Information,15/12/2022 21:36:32,Microsoft-Windows-WindowsUpdateClient,44,Windows Update Agent,Windows Update started downloading an update.
Information,15/12/2022 21:36:21,e2fexpress,32,None,"The description for Event ID 32 from source e2fexpress cannot be found. Either the component that raises this event is not installed on your local computer or the installation is corrupted. You can install or repair the component on the local computer.

If the event originated on another computer, the display information had to be saved with the event.

The following information was included with the event: 

Intel(R) Ethernet Controller (3) I225-V

The message resource is present but the message was not found in the message table
"
Information,15/12/2022 21:36:19,Microsoft-Windows-Power-Troubleshooter,1,None,"The system has returned from a low power state.

Sleep Time: ‎2022‎-‎12‎-‎15T21:31:35.497074300Z
Wake Time: ‎2022‎-‎12‎-‎15T21:36:18.333061800Z

Wake Source: Device -USB Composite Device"
Warning,15/12/2022 21:36:18,e2fexpress,27,None,"The description for Event ID 27 from source e2fexpress cannot be found. Either the component that raises this event is not installed on your local computer or the installation is corrupted. You can install or repair the component on the local computer.

If the event originated on another computer, the display information had to be saved with the event.

The following information was included with the event: 

Intel(R) Ethernet Controller (3) I225-V

The message resource is present but the message was not found in the message table
"
Information,15/12/2022 21:36:18,Microsoft-Windows-Kernel-Power,566,(268),"The system session has transitioned from 31 to 33.

Reason Unknown 

BootId: 3"
Information,15/12/2022 21:36:18,Microsoft-Windows-Time-Service,158,None,The time provider 'VMICTimeProvider' has indicated that the current hardware and operating environment is not supported and has stopped. This behavior is expected for VMICTimeProvider on non-HyperV-guest environments. This may be the expected behavior for the current provider in the current operating environment as well.
Information,15/12/2022 21:36:18,Microsoft-Windows-Kernel-Power,566,(268),"The system session has transitioned from 30 to 31.

Reason SxTransition 

BootId: 3"
Information,15/12/2022 21:36:18,BTHUSB,18,None,Windows cannot store Bluetooth authentication codes (link keys) on the local adapter. Bluetooth keyboards might not work in the system BIOS during start-up.
Information,15/12/2022 21:36:17,Netwtw10,7026,None,7026 - Dump after return from D3 after cmd
Information,15/12/2022 21:36:17,Netwtw10,7025,None,7025 - Dump after return from D3 before cmd 
Information,15/12/2022 21:36:17,Microsoft-Windows-Kernel-Power,130,(33),"Firmware S3 times. SuspendStart: 35787705, SuspendEnd: 35787789"
Information,15/12/2022 21:36:17,Microsoft-Windows-Kernel-Power,131,(33),"Firmware S3 times. ResumeCount: 1, FullResume: 2437, AverageResume: 2437"
Information,15/12/2022 21:36:17,Microsoft-Windows-Kernel-General,1,(5),"The system time has changed to ‎2022‎-‎12‎-‎15T21:36:17.500000000Z from ‎2022‎-‎12‎-‎15T21:31:40.716981100Z.
Time Delta: 276783 ms

Change Reason: System time synchronized with the hardware clock.
Process: '' (PID 4).

RTC time: ‎2022‎-‎12‎-‎15T21:36:17.500000000Z
Current time zone bias: 0
RTC time is in UTC: false
System time was based on RTC time: false"
Information,15/12/2022 21:31:40,Microsoft-Windows-Kernel-Power,107,(102),The system has resumed from sleep.
Information,15/12/2022 21:31:38,Microsoft-Windows-Kernel-Power,42,(64),"The system is entering sleep.

Sleep Reason: System Idle"
Information,15/12/2022 21:31:35,Microsoft-Windows-Kernel-Power,566,(268),"The system session has transitioned from 28 to 30.

Reason SxTransition 

BootId: 3"
Information,15/12/2022 21:17:39,Microsoft-Windows-HttpService,114,HTTP Configuration Property Trace Task,"Removed URL (http://*:2869/upnp/eventing/) from URL group (0xFE00000720000001). Process Id 0xB48 Executable path \Device\HarddiskVolume3\Windows\System32\svchost.exe, User LOCAL SERVICE"
Information,15/12/2022 21:17:39,Service Control Manager,7040,None,The start type of the Background Intelligent Transfer Service service was changed from auto start to demand start.
Information,15/12/2022 21:15:49,Microsoft-Windows-Time-Service,37,None,"The time provider NtpClient is currently receiving valid time data from time.windows.com,0x9 (ntp.m|0x9|0.0.0.0:123->51.145.123.29:123)."
Information,15/12/2022 21:15:49,Microsoft-Windows-Time-Service,158,None,The time provider 'VMICTimeProvider' has indicated that the current hardware and operating environment is not supported and has stopped. This behavior is expected for VMICTimeProvider on non-HyperV-guest environments. This may be the expected behavior for the current provider in the current operating environment as well.
Information,15/12/2022 21:15:46,Microsoft-Windows-Kernel-General,15,(10),Hive \??\C:\Windows.old\Windows\System32\Config\SYSTEM was reorganized with a starting size of 15982592 bytes and an ending size of 15917056 bytes.
Information,15/12/2022 21:14:56,Microsoft-Windows-Kernel-Power,566,(268),"The system session has transitioned from 27 to 28.

Reason SessionUnlock 

BootId: 3"
Information,15/12/2022 21:11:16,Microsoft-Windows-HttpService,113,HTTP Configuration Property Trace Task,"Attempted to add URL (http://*:2869/upnp/eventing/) to URL group (0xFE00000720000001). Status: 0x0. Process Id 0xB48 Executable path \Device\HarddiskVolume3\Windows\System32\svchost.exe, User LOCAL SERVICE"
Information,15/12/2022 21:11:16,Microsoft-Windows-HttpService,114,HTTP Configuration Property Trace Task,"Removed URL (http://*:2869/upnp/eventing/) from URL group (0xFE0000132000000B). Process Id 0xB48 Executable path \Device\HarddiskVolume3\Windows\System32\svchost.exe, User LOCAL SERVICE"
Information,15/12/2022 21:11:16,Microsoft-Windows-HttpService,113,HTTP Configuration Property Trace Task,"Attempted to add URL (http://*:2869/upnp/eventing/) to URL group (0xFE0000132000000B). Status: 0x0. Process Id 0xB48 Executable path \Device\HarddiskVolume3\Windows\System32\svchost.exe, User LOCAL SERVICE"
Information,15/12/2022 21:11:16,Microsoft-Windows-HttpService,114,HTTP Configuration Property Trace Task,"Removed URL (http://*:2869/upnp/eventing/) from URL group (0xFC00000A20000009). Process Id 0xB48 Executable path \Device\HarddiskVolume3\Windows\System32\svchost.exe, User LOCAL SERVICE"
Information,15/12/2022 21:11:08,Microsoft-Windows-HttpService,113,HTTP Configuration Property Trace Task,"Attempted to add URL (http://*:2869/upnp/eventing/) to URL group (0xFC00000A20000009). Status: 0x0. Process Id 0xB48 Executable path \Device\HarddiskVolume3\Windows\System32\svchost.exe, User LOCAL SERVICE"
Information,15/12/2022 21:11:08,Microsoft-Windows-HttpService,114,HTTP Configuration Property Trace Task,"Removed URL (http://*:2869/upnp/eventing/) from URL group (0xFC00000A20000008). Process Id 0xB48 Executable path \Device\HarddiskVolume3\Windows\System32\svchost.exe, User LOCAL SERVICE"
Information,15/12/2022 21:11:08,Microsoft-Windows-HttpService,113,HTTP Configuration Property Trace Task,"Attempted to add URL (http://*:2869/upnp/eventing/) to URL group (0xFC00000A20000008). Status: 0x0. Process Id 0xB48 Executable path \Device\HarddiskVolume3\Windows\System32\svchost.exe, User LOCAL SERVICE"
Information,15/12/2022 21:11:08,Microsoft-Windows-HttpService,114,HTTP Configuration Property Trace Task,"Removed URL (http://*:2869/upnp/eventing/) from URL group (0xFE00000620000004). Process Id 0xB48 Executable path \Device\HarddiskVolume3\Windows\System32\svchost.exe, User LOCAL SERVICE"
Information,15/12/2022 21:10:56,Microsoft-Windows-HttpService,113,HTTP Configuration Property Trace Task,"Attempted to add URL (http://*:2869/upnp/eventing/) to URL group (0xFE00000620000004). Status: 0x0. Process Id 0xB48 Executable path \Device\HarddiskVolume3\Windows\System32\svchost.exe, User LOCAL SERVICE"
Information,15/12/2022 21:10:56,Microsoft-Windows-HttpService,114,HTTP Configuration Property Trace Task,"Removed URL (http://*:2869/upnp/eventing/) from URL group (0xFE00000620000003). Process Id 0xB48 Executable path \Device\HarddiskVolume3\Windows\System32\svchost.exe, User LOCAL SERVICE"
Information,15/12/2022 21:10:56,Microsoft-Windows-HttpService,113,HTTP Configuration Property Trace Task,"Attempted to add URL (http://*:2869/upnp/eventing/) to URL group (0xFE00000620000003). Status: 0x0. Process Id 0xB48 Executable path \Device\HarddiskVolume3\Windows\System32\svchost.exe, User LOCAL SERVICE"
Information,15/12/2022 21:10:56,Microsoft-Windows-HttpService,114,HTTP Configuration Property Trace Task,"Removed URL (http://*:2869/upnp/eventing/) from URL group (0xFE0000132000000A). Process Id 0xB48 Executable path \Device\HarddiskVolume3\Windows\System32\svchost.exe, User LOCAL SERVICE"
Information,15/12/2022 21:09:24,Microsoft-Windows-HttpService,113,HTTP Configuration Property Trace Task,"Attempted to add URL (http://*:2869/upnp/eventing/) to URL group (0xFE0000132000000A). Status: 0x0. Process Id 0xB48 Executable path \Device\HarddiskVolume3\Windows\System32\svchost.exe, User LOCAL SERVICE"
Information,15/12/2022 21:09:24,Microsoft-Windows-HttpService,114,HTTP Configuration Property Trace Task,"Removed URL (http://*:2869/upnp/eventing/) from URL group (0xFE00000020000002). Process Id 0xB48 Executable path \Device\HarddiskVolume3\Windows\System32\svchost.exe, User LOCAL SERVICE"
Information,15/12/2022 21:09:24,Microsoft-Windows-HttpService,113,HTTP Configuration Property Trace Task,"Attempted to add URL (http://*:2869/upnp/eventing/) to URL group (0xFE00000020000002). Status: 0x0. Process Id 0xB48 Executable path \Device\HarddiskVolume3\Windows\System32\svchost.exe, User LOCAL SERVICE"
Information,15/12/2022 21:09:24,Microsoft-Windows-HttpService,114,HTTP Configuration Property Trace Task,"Removed URL (http://*:2869/upnp/eventing/) from URL group (0xFE00001120000009). Process Id 0xB48 Executable path \Device\HarddiskVolume3\Windows\System32\svchost.exe, User LOCAL SERVICE"
Information,15/12/2022 20:23:48,Microsoft-Windows-WindowsUpdateClient,19,Windows Update Agent,Installation Successful: Windows successfully installed the following update: Windows Malicious Software Removal Tool x64 - v5.108 (KB890830)
Information,15/12/2022 20:20:46,Microsoft-Windows-WindowsUpdateClient,43,Windows Update Agent,Installation Started: Windows has started installing the following update: Windows Malicious Software Removal Tool x64 - v5.108 (KB890830)
Information,15/12/2022 20:18:10,Microsoft-Windows-Kernel-General,16,None,The access history in hive \??\C:\Users\Abdo\AppData\Local\Packages\microsoft.windowscommunicationsapps_8wekyb3d8bbwe\Settings\settings.dat was cleared updating 58 keys and creating 6 modified pages.
Warning,15/12/2022 20:16:18,Microsoft-Windows-DistributedCOM,10016,None,"The application-specific permission settings do not grant Local Activation permission for the COM Server application with CLSID 
{2593F8B9-4EAF-457C-B68A-50F6B8EA6B54}
 and APPID 
{15C20B67-12E7-4BB6-92BB-7AFF07997402}
 to the user DESKTOP-TBPOCIG\Abdo SID (S-1-5-21-1394681546-3843053835-3284470220-1001) from address LocalHost (Using LRPC) running in the application container Unavailable SID (Unavailable). This security permission can be modified using the Component Services administrative tool."
Information,15/12/2022 20:15:43,Microsoft-Windows-Kernel-General,1,(5),"The system time has changed to ‎2022‎-‎12‎-‎15T20:15:43.887034100Z from ‎2022‎-‎12‎-‎15T20:15:43.886562000Z.
Time Delta: 0 ms

Change Reason: An application or system component changed the time.
Process: '\Device\HarddiskVolume3\Windows\System32\svchost.exe' (PID 21140).

RTC time: ‎2022‎-‎12‎-‎15T20:15:43.887034100Z
Current time zone bias: 0
RTC time is in UTC: false
System time was based on RTC time: false"
Information,15/12/2022 20:15:43,Microsoft-Windows-Kernel-General,24,(11),The time zone information was refreshed with exit reason 0. Current time zone bias is 0.
Information,15/12/2022 20:15:43,Microsoft-Windows-Kernel-General,1,(5),"The system time has changed to ‎2022‎-‎12‎-‎15T20:15:43.798878800Z from ‎2022‎-‎12‎-‎15T20:15:43.798359000Z.
Time Delta: 0 ms

Change Reason: An application or system component changed the time.
Process: '\Device\HarddiskVolume3\Windows\System32\svchost.exe' (PID 21140).

RTC time: ‎2022‎-‎12‎-‎15T20:15:43.798878800Z
Current time zone bias: 0
RTC time is in UTC: false
System time was based on RTC time: false"
Information,15/12/2022 20:15:43,Microsoft-Windows-Kernel-General,24,(11),The time zone information was refreshed with exit reason 0. Current time zone bias is 0.
Information,15/12/2022 20:15:43,Microsoft-Windows-Time-Service,35,None,"The time service is now synchronizing the system time with the time source time.windows.com,0x9 (ntp.m|0x9|0.0.0.0:123->51.145.123.29:123) with reference id 494637363. Current local stratum number is 4."
Information,15/12/2022 20:15:43,Microsoft-Windows-Kernel-General,1,(5),"The system time has changed to ‎2022‎-‎12‎-‎15T20:15:43.711990300Z from ‎2022‎-‎12‎-‎15T20:15:46.021913800Z.
Time Delta: -2309 ms

Change Reason: An application or system component changed the time.
Process: '\Device\HarddiskVolume3\Windows\System32\svchost.exe' (PID 21140).

RTC time: ‎2022‎-‎12‎-‎15T20:15:43.711990300Z
Current time zone bias: 0
RTC time is in UTC: false
System time was based on RTC time: false"
Information,15/12/2022 20:15:43,Microsoft-Windows-Kernel-General,24,(11),The time zone information was refreshed with exit reason 0. Current time zone bias is 0.
Information,15/12/2022 20:15:38,Microsoft-Windows-WindowsUpdateClient,43,Windows Update Agent,Installation Started: Windows has started installing the following update: 2022-12 Cumulative Update for Windows 11 Version 22H2 for x64-based Systems (KB5021255)
Information,15/12/2022 20:15:36,Microsoft-Windows-WindowsUpdateClient,19,Windows Update Agent,Installation Successful: Windows successfully installed the following update: Security Intelligence Update for Microsoft Defender Antivirus - KB2267602 (Version 1.381.487.0)
Information,15/12/2022 20:15:35,Microsoft-Windows-HttpService,113,HTTP Configuration Property Trace Task,"Attempted to add URL (http://*:2869/upnp/eventing/) to URL group (0xFE00001120000009). Status: 0x0. Process Id 0xB48 Executable path \Device\HarddiskVolume3\Windows\System32\svchost.exe, User LOCAL SERVICE"
Information,15/12/2022 20:15:35,Microsoft-Windows-HttpService,114,HTTP Configuration Property Trace Task,"Removed URL (http://*:2869/upnp/eventing/) from URL group (0xFE00001120000008). Process Id 0xB48 Executable path \Device\HarddiskVolume3\Windows\System32\svchost.exe, User LOCAL SERVICE"
Information,15/12/2022 20:15:35,Microsoft-Windows-HttpService,113,HTTP Configuration Property Trace Task,"Attempted to add URL (http://*:2869/upnp/eventing/) to URL group (0xFE00001120000008). Status: 0x0. Process Id 0xB48 Executable path \Device\HarddiskVolume3\Windows\System32\svchost.exe, User LOCAL SERVICE"
Information,15/12/2022 20:15:30,Microsoft-Windows-WindowsUpdateClient,43,Windows Update Agent,Installation Started: Windows has started installing the following update: Security Intelligence Update for Microsoft Defender Antivirus - KB2267602 (Version 1.381.487.0)
Information,15/12/2022 20:15:30,Microsoft-Windows-Time-Service,37,None,"The time provider NtpClient is currently receiving valid time data from time.windows.com,0x9 (ntp.m|0x9|0.0.0.0:123->51.145.123.29:123)."
Warning,15/12/2022 20:15:27,Microsoft-Windows-DistributedCOM,10016,None,"The application-specific permission settings do not grant Local Activation permission for the COM Server application with CLSID 
{2593F8B9-4EAF-457C-B68A-50F6B8EA6B54}
 and APPID 
{15C20B67-12E7-4BB6-92BB-7AFF07997402}
 to the user DESKTOP-TBPOCIG\Abdo SID (S-1-5-21-1394681546-3843053835-3284470220-1001) from address LocalHost (Using LRPC) running in the application container Unavailable SID (Unavailable). This security permission can be modified using the Component Services administrative tool."
Information,15/12/2022 20:15:10,Microsoft-Windows-WindowsUpdateClient,44,Windows Update Agent,Windows Update started downloading an update.
Warning,15/12/2022 20:15:06,Microsoft-Windows-DistributedCOM,10016,None,"The application-specific permission settings do not grant Local Activation permission for the COM Server application with CLSID 
{2593F8B9-4EAF-457C-B68A-50F6B8EA6B54}
 and APPID 
{15C20B67-12E7-4BB6-92BB-7AFF07997402}
 to the user DESKTOP-TBPOCIG\Abdo SID (S-1-5-21-1394681546-3843053835-3284470220-1001) from address LocalHost (Using LRPC) running in the application container Unavailable SID (Unavailable). This security permission can be modified using the Component Services administrative tool."
Warning,15/12/2022 20:15:05,Microsoft-Windows-DistributedCOM,10016,None,"The application-specific permission settings do not grant Local Activation permission for the COM Server application with CLSID 
{2593F8B9-4EAF-457C-B68A-50F6B8EA6B54}
 and APPID 
{15C20B67-12E7-4BB6-92BB-7AFF07997402}
 to the user DESKTOP-TBPOCIG\Abdo SID (S-1-5-21-1394681546-3843053835-3284470220-1001) from address LocalHost (Using LRPC) running in the application container Unavailable SID (Unavailable). This security permission can be modified using the Component Services administrative tool."
Warning,15/12/2022 20:15:04,Microsoft-Windows-DistributedCOM,10016,None,"The application-specific permission settings do not grant Local Activation permission for the COM Server application with CLSID 
{2593F8B9-4EAF-457C-B68A-50F6B8EA6B54}
 and APPID 
{15C20B67-12E7-4BB6-92BB-7AFF07997402}
 to the user DESKTOP-TBPOCIG\Abdo SID (S-1-5-21-1394681546-3843053835-3284470220-1001) from address LocalHost (Using LRPC) running in the application container Unavailable SID (Unavailable). This security permission can be modified using the Component Services administrative tool."
Information,15/12/2022 20:14:56,Microsoft-Windows-Ntfs,98,None,Volume ?? (\Device\HarddiskVolumeShadowCopy2) is healthy.  No action is needed.
Information,15/12/2022 20:14:52,Service Control Manager,7040,None,The start type of the Background Intelligent Transfer Service service was changed from demand start to auto start.
Information,15/12/2022 20:14:49,Service Control Manager,7040,None,The start type of the Windows Modules Installer service was changed from demand start to auto start.
Information,15/12/2022 20:14:48,e2fexpress,32,None,"The description for Event ID 32 from source e2fexpress cannot be found. Either the component that raises this event is not installed on your local computer or the installation is corrupted. You can install or repair the component on the local computer.

If the event originated on another computer, the display information had to be saved with the event.

The following information was included with the event: 

Intel(R) Ethernet Controller (3) I225-V

The message resource is present but the message was not found in the message table
"
Information,15/12/2022 20:14:47,Microsoft-Windows-WindowsUpdateClient,43,Windows Update Agent,"Installation Started: Windows has started installing the following update: 2022-12 Cumulative Update for .NET Framework 3.5 and 4.8.1 for Windows 11, version 22H2 for x64 (KB5020880)"
Information,15/12/2022 20:14:47,Microsoft-Windows-Power-Troubleshooter,1,None,"The system has returned from a low power state.

Sleep Time: ‎2022‎-‎12‎-‎14T21:54:32.127106000Z
Wake Time: ‎2022‎-‎12‎-‎15T20:14:46.586182300Z

Wake Source: Unknown"
Information,15/12/2022 20:14:47,BTHUSB,18,None,Windows cannot store Bluetooth authentication codes (link keys) on the local adapter. Bluetooth keyboards might not work in the system BIOS during start-up.
Warning,15/12/2022 20:14:47,Microsoft-Windows-DistributedCOM,10016,None,"The application-specific permission settings do not grant Local Activation permission for the COM Server application with CLSID 
{6B3B8D23-FA8D-40B9-8DBD-B950333E2C52}
 and APPID 
{4839DDB7-58C2-48F5-8283-E1D1807D0D7D}
 to the user NT AUTHORITY\LOCAL SERVICE SID (S-1-5-19) from address LocalHost (Using LRPC) running in the application container Unavailable SID (Unavailable). This security permission can be modified using the Component Services administrative tool."
Warning,15/12/2022 20:14:47,Microsoft-Windows-DistributedCOM,10016,None,"The application-specific permission settings do not grant Local Activation permission for the COM Server application with CLSID 
{6B3B8D23-FA8D-40B9-8DBD-B950333E2C52}
 and APPID 
{4839DDB7-58C2-48F5-8283-E1D1807D0D7D}
 to the user NT AUTHORITY\LOCAL SERVICE SID (S-1-5-19) from address LocalHost (Using LRPC) running in the application container Unavailable SID (Unavailable). This security permission can be modified using the Component Services administrative tool."
Information,15/12/2022 20:14:46,Microsoft-Windows-Winlogon,7001,(1101),User Log-on Notification for Customer Experience Improvement Program
Warning,15/12/2022 20:14:46,e2fexpress,27,None,"The description for Event ID 27 from source e2fexpress cannot be found. Either the component that raises this event is not installed on your local computer or the installation is corrupted. You can install or repair the component on the local computer.

If the event originated on another computer, the display information had to be saved with the event.

The following information was included with the event: 

Intel(R) Ethernet Controller (3) I225-V

The message resource is present but the message was not found in the message table
"
Information,15/12/2022 20:14:46,Microsoft-Windows-Kernel-Power,566,(268),"The system session has transitioned from 25 to 27.

Reason Unknown 

BootId: 3"
Information,15/12/2022 20:14:46,Microsoft-Windows-Time-Service,158,None,The time provider 'VMICTimeProvider' has indicated that the current hardware and operating environment is not supported and has stopped. This behavior is expected for VMICTimeProvider on non-HyperV-guest environments. This may be the expected behavior for the current provider in the current operating environment as well.
Warning,15/12/2022 20:14:46,Microsoft-Windows-Time-Service,134,None,"NtpClient was unable to set a manual peer to use as a time source because of DNS resolution error on 'time.windows.com,0x9'. NtpClient will try again in 15 minutes and double the reattempt interval thereafter. The error was: No such host is known. (0x80072AF9)"
Information,15/12/2022 20:14:46,Microsoft-Windows-Kernel-Power,566,(268),"The system session has transitioned from 24 to 25.

Reason SxTransition 

BootId: 3"
Information,15/12/2022 20:14:46,Microsoft-Windows-Kernel-Boot,32,(58),The bootmgr spent 0 ms waiting for user input.
Information,15/12/2022 20:14:46,Microsoft-Windows-Kernel-Boot,18,(57),There are 0x1 boot options on this system.
Information,15/12/2022 20:14:46,Microsoft-Windows-Kernel-Boot,30,(21),The firmware reported boot metrics.
Warning,15/12/2022 20:14:45,e2fexpress,27,None,"The description for Event ID 27 from source e2fexpress cannot be found. Either the component that raises this event is not installed on your local computer or the installation is corrupted. You can install or repair the component on the local computer.

If the event originated on another computer, the display information had to be saved with the event.

The following information was included with the event: 

Intel(R) Ethernet Controller (3) I225-V

The message resource is present but the message was not found in the message table
"
Information,15/12/2022 20:14:45,Netwtw10,7026,None,7026 - Dump after return from D3 after cmd
Information,15/12/2022 20:14:45,Netwtw10,7025,None,7025 - Dump after return from D3 before cmd 
Information,15/12/2022 20:14:45,Microsoft-Windows-Kernel-General,1,(5),"The system time has changed to ‎2022‎-‎12‎-‎15T20:14:45.500000000Z from ‎2022‎-‎12‎-‎14T21:54:35.181480200Z.
Time Delta: 80410318 ms

Change Reason: System time synchronized with the hardware clock.
Process: '' (PID 4).

RTC time: ‎2022‎-‎12‎-‎15T20:14:45.500000000Z
Current time zone bias: 0
RTC time is in UTC: false
System time was based on RTC time: false"
Information,14/12/2022 21:54:35,Microsoft-Windows-Kernel-Power,107,(102),The system has resumed from sleep.
Information,15/12/2022 20:14:46,EventLog,6013,None,The system uptime is 262153 seconds.
Information,14/12/2022 21:54:34,Microsoft-Windows-Kernel-General,1,(5),"The system time has changed to ‎2022‎-‎12‎-‎14T21:54:34.500000000Z from ‎2022‎-‎12‎-‎14T21:54:33.323047300Z.
Time Delta: 1176 ms

Change Reason: System time synchronized with the hardware clock.
Process: '' (PID 4).

RTC time: ‎2022‎-‎12‎-‎14T21:54:34.500000000Z
Current time zone bias: 0
RTC time is in UTC: false
System time was based on RTC time: false"
Information,14/12/2022 21:54:32,Microsoft-Windows-Kernel-Power,42,(64),"The system is entering sleep.

Sleep Reason: Application API"
Information,14/12/2022 21:54:32,Microsoft-Windows-Kernel-Power,566,(268),"The system session has transitioned from 23 to 24.

Reason InputAccelerometer 

BootId: 3"
Information,14/12/2022 21:54:32,Microsoft-Windows-Kernel-Power,187,(243),User-mode process attempted to change the system state by calling SetSuspendState or SetSystemPowerState APIs.
Information,14/12/2022 21:54:31,Microsoft-Windows-Winlogon,7002,(1102),User Log-off Notification for Customer Experience Improvement Program
Information,14/12/2022 21:54:17,Microsoft-Windows-Kernel-Power,566,(268),"The system session has transitioned from 21 to 23.

Reason InputAccelerometer 

BootId: 3"
Information,14/12/2022 21:53:56,Microsoft-Windows-Kernel-General,11,None,"TxR init phase for hive \??\GLOBALROOT\Device\HarddiskVolumeShadowCopy1\WINDOWS\System32\config\DRIVERS (TM: {0c843f35-7a66-11ed-84e8-50ebf69b3f50}, RM: {0c843f34-7a66-11ed-84e8-50ebf69b3f50}) finished with result=0xC00000A2 (Internal code=7)."
Information,14/12/2022 21:53:56,Microsoft-Windows-Kernel-General,11,None,"TxR init phase for hive \??\GLOBALROOT\Device\HarddiskVolumeShadowCopy1\WINDOWS\System32\config\SYSTEM (TM: {0c843f32-7a66-11ed-84e8-50ebf69b3f50}, RM: {0c843f31-7a66-11ed-84e8-50ebf69b3f50}) finished with result=0xC00000A2 (Internal code=7)."
Information,14/12/2022 21:49:09,Service Control Manager,7040,None,The start type of the Background Intelligent Transfer Service service was changed from auto start to demand start.
Information,14/12/2022 21:47:05,Service Control Manager,7040,None,The start type of the Background Intelligent Transfer Service service was changed from demand start to auto start.
Information,14/12/2022 21:46:47,Service Control Manager,7045,None,"A service was installed in the system.

Service Name:  MpKsl7e960d3f
Service File Name:  C:\ProgramData\Microsoft\Windows Defender\Definition Updates\{E97EF310-42FF-4629-88C9-FA4BAB43B050}\MpKslDrv.sys
Service Type:  kernel mode driver
Service Start Type:  demand start
Service Account:  "
Information,14/12/2022 21:44:33,Service Control Manager,7040,None,The start type of the Background Intelligent Transfer Service service was changed from auto start to demand start.
Information,14/12/2022 21:43:20,Microsoft-Windows-Kernel-Power,566,(268),"The system session has transitioned from 20 to 21.

Reason SessionUnlock 

BootId: 3"
Information,14/12/2022 21:42:23,Service Control Manager,7040,None,The start type of the Windows Modules Installer service was changed from auto start to demand start.
Information,14/12/2022 21:42:22,Service Control Manager,7040,None,The start type of the Background Intelligent Transfer Service service was changed from demand start to auto start.
Information,14/12/2022 21:42:22,Service Control Manager,7040,None,The start type of the Windows Modules Installer service was changed from demand start to auto start.
Information,14/12/2022 21:42:21,Microsoft-Windows-Time-Service,37,None,"The time provider NtpClient is currently receiving valid time data from time.windows.com,0x9 (ntp.m|0x9|0.0.0.0:123->51.145.123.29:123)."
Information,14/12/2022 21:42:21,Microsoft-Windows-Time-Service,158,None,The time provider 'VMICTimeProvider' has indicated that the current hardware and operating environment is not supported and has stopped. This behavior is expected for VMICTimeProvider on non-HyperV-guest environments. This may be the expected behavior for the current provider in the current operating environment as well.
Information,14/12/2022 20:23:19,Microsoft-Windows-Kernel-General,16,None,The access history in hive \??\C:\Users\Abdo\AppData\Local\Packages\Microsoft.AAD.BrokerPlugin_cw5n1h2txyewy\Settings\settings.dat was cleared updating 13 keys and creating 1 modified pages.
Information,14/12/2022 20:19:32,Service Control Manager,7040,None,The start type of the Background Intelligent Transfer Service service was changed from auto start to demand start.
Information,14/12/2022 20:17:28,Service Control Manager,7040,None,The start type of the Background Intelligent Transfer Service service was changed from demand start to auto start.
Information,14/12/2022 20:05:01,Service Control Manager,7040,None,The start type of the Background Intelligent Transfer Service service was changed from auto start to demand start.
Information,14/12/2022 20:02:56,Service Control Manager,7040,None,The start type of the Background Intelligent Transfer Service service was changed from demand start to auto start.
Information,14/12/2022 19:06:08,Microsoft-Windows-HttpService,114,HTTP Configuration Property Trace Task,"Removed URL (http://*:2869/upnp/eventing/) from URL group (0xFE00000620000002). Process Id 0xB48 Executable path \Device\HarddiskVolume3\Windows\System32\svchost.exe, User LOCAL SERVICE"
Information,14/12/2022 19:06:08,Service Control Manager,7040,None,The start type of the Background Intelligent Transfer Service service was changed from auto start to demand start.
Information,14/12/2022 19:04:04,Microsoft-Windows-HttpService,113,HTTP Configuration Property Trace Task,"Attempted to add URL (http://*:2869/upnp/eventing/) to URL group (0xFE00000620000002). Status: 0x0. Process Id 0xB48 Executable path \Device\HarddiskVolume3\Windows\System32\svchost.exe, User LOCAL SERVICE"
Information,14/12/2022 19:04:04,Microsoft-Windows-HttpService,114,HTTP Configuration Property Trace Task,"Removed URL (http://*:2869/upnp/eventing/) from URL group (0xFE00000920000002). Process Id 0xB48 Executable path \Device\HarddiskVolume3\Windows\System32\svchost.exe, User LOCAL SERVICE"
Information,14/12/2022 19:04:04,Microsoft-Windows-HttpService,113,HTTP Configuration Property Trace Task,"Attempted to add URL (http://*:2869/upnp/eventing/) to URL group (0xFE00000920000002). Status: 0x0. Process Id 0xB48 Executable path \Device\HarddiskVolume3\Windows\System32\svchost.exe, User LOCAL SERVICE"
Information,14/12/2022 19:04:04,Microsoft-Windows-HttpService,114,HTTP Configuration Property Trace Task,"Removed URL (http://*:2869/upnp/eventing/) from URL group (0xFE00001020000008). Process Id 0xB48 Executable path \Device\HarddiskVolume3\Windows\System32\svchost.exe, User LOCAL SERVICE"
Information,14/12/2022 19:03:33,Microsoft-Windows-HttpService,113,HTTP Configuration Property Trace Task,"Attempted to add URL (http://*:2869/upnp/eventing/) to URL group (0xFE00001020000008). Status: 0x0. Process Id 0xB48 Executable path \Device\HarddiskVolume3\Windows\System32\svchost.exe, User LOCAL SERVICE"
Information,14/12/2022 19:03:33,Microsoft-Windows-HttpService,114,HTTP Configuration Property Trace Task,"Removed URL (http://*:2869/upnp/eventing/) from URL group (0xFE00000420000003). Process Id 0xB48 Executable path \Device\HarddiskVolume3\Windows\System32\svchost.exe, User LOCAL SERVICE"
Information,14/12/2022 19:03:33,Microsoft-Windows-HttpService,113,HTTP Configuration Property Trace Task,"Attempted to add URL (http://*:2869/upnp/eventing/) to URL group (0xFE00000420000003). Status: 0x0. Process Id 0xB48 Executable path \Device\HarddiskVolume3\Windows\System32\svchost.exe, User LOCAL SERVICE"
Information,14/12/2022 19:03:33,Microsoft-Windows-HttpService,114,HTTP Configuration Property Trace Task,"Removed URL (http://*:2869/upnp/eventing/) from URL group (0xFE00001020000007). Process Id 0xB48 Executable path \Device\HarddiskVolume3\Windows\System32\svchost.exe, User LOCAL SERVICE"
Information,14/12/2022 19:03:32,Microsoft-Windows-HttpService,113,HTTP Configuration Property Trace Task,"Attempted to add URL (http://*:2869/upnp/eventing/) to URL group (0xFE00001020000007). Status: 0x0. Process Id 0xB48 Executable path \Device\HarddiskVolume3\Windows\System32\svchost.exe, User LOCAL SERVICE"
Information,14/12/2022 19:03:32,Microsoft-Windows-HttpService,114,HTTP Configuration Property Trace Task,"Removed URL (http://*:2869/upnp/eventing/) from URL group (0xFE00001120000007). Process Id 0xB48 Executable path \Device\HarddiskVolume3\Windows\System32\svchost.exe, User LOCAL SERVICE"
Information,14/12/2022 19:03:32,Microsoft-Windows-HttpService,113,HTTP Configuration Property Trace Task,"Attempted to add URL (http://*:2869/upnp/eventing/) to URL group (0xFE00001120000007). Status: 0x0. Process Id 0xB48 Executable path \Device\HarddiskVolume3\Windows\System32\svchost.exe, User LOCAL SERVICE"
Information,14/12/2022 19:03:32,Microsoft-Windows-HttpService,114,HTTP Configuration Property Trace Task,"Removed URL (http://*:2869/upnp/eventing/) from URL group (0xFE00000420000002). Process Id 0xB48 Executable path \Device\HarddiskVolume3\Windows\System32\svchost.exe, User LOCAL SERVICE"
Information,14/12/2022 19:02:44,Microsoft-Windows-HttpService,113,HTTP Configuration Property Trace Task,"Attempted to add URL (http://*:2869/upnp/eventing/) to URL group (0xFE00000420000002). Status: 0x0. Process Id 0xB48 Executable path \Device\HarddiskVolume3\Windows\System32\svchost.exe, User LOCAL SERVICE"
Information,14/12/2022 19:02:44,Microsoft-Windows-HttpService,114,HTTP Configuration Property Trace Task,"Removed URL (http://*:2869/upnp/eventing/) from URL group (0xFE00001320000009). Process Id 0xB48 Executable path \Device\HarddiskVolume3\Windows\System32\svchost.exe, User LOCAL SERVICE"
Information,14/12/2022 19:02:39,Microsoft-Windows-HttpService,113,HTTP Configuration Property Trace Task,"Attempted to add URL (http://*:2869/upnp/eventing/) to URL group (0xFE00001320000009). Status: 0x0. Process Id 0xB48 Executable path \Device\HarddiskVolume3\Windows\System32\svchost.exe, User LOCAL SERVICE"
Information,14/12/2022 19:02:35,Service Control Manager,7040,None,The start type of the Background Intelligent Transfer Service service was changed from demand start to auto start.
Warning,14/12/2022 19:01:39,Microsoft-Windows-DistributedCOM,10016,None,"The application-specific permission settings do not grant Local Activation permission for the COM Server application with CLSID 
{2593F8B9-4EAF-457C-B68A-50F6B8EA6B54}
 and APPID 
{15C20B67-12E7-4BB6-92BB-7AFF07997402}
 to the user DESKTOP-TBPOCIG\Abdo SID (S-1-5-21-1394681546-3843053835-3284470220-1001) from address LocalHost (Using LRPC) running in the application container Unavailable SID (Unavailable). This security permission can be modified using the Component Services administrative tool."
