Information,14/01/2023 23:10:16,Microsoft-Windows-Kernel-General,13,(2),The operating system is shutting down at system time ‎2023‎-‎01‎-‎14T23:10:16.506749900Z.
Information,14/01/2023 23:10:16,Microsoft-Windows-Kernel-Power,577,(280),The system has prepared for a system initiated reboot from Active.
Information,14/01/2023 23:10:15,Microsoft-Windows-Kernel-Power,109,(103),"The kernel power manager has initiated a shutdown transition.

Action: Power Action Reboot 
Event Code: 0x0 
Reason: Kernel API"
Information,14/01/2023 23:10:11,Microsoft-Windows-HttpService,117,HTTP Configuration Property Trace Task,"Delete URL group 0xFE00000C20000001. Status 0x0. Process Id 0x11D4 Executable path \Device\HarddiskVolume3\Windows\System32\svchost.exe, User LOCAL SERVICE"
Information,14/01/2023 23:10:11,Microsoft-Windows-HttpService,114,HTTP Configuration Property Trace Task,"Removed URL (http://*:5357/2e3c5200-a8d4-4ef8-a115-8866ddb6e283/) from URL group (0xFE00000C20000001). Process Id 0x11D4 Executable path \Device\HarddiskVolume3\Windows\System32\svchost.exe, User LOCAL SERVICE"
Information,14/01/2023 23:10:11,Microsoft-Windows-WLAN-AutoConfig,4001,None,"WLAN AutoConfig service has successfully stopped.
"
Warning,14/01/2023 23:10:11,Microsoft-Windows-WLAN-AutoConfig,10002,None,"WLAN Extensibility Module has stopped.

Module Path: C:\WINDOWS\system32\IntelIHVRouter10.dll
"
Information,14/01/2023 23:10:48,EventLog,6013,None,The system uptime is 22 seconds.
Information,14/01/2023 23:10:48,EventLog,6005,None,The Event log service was started.
Information,14/01/2023 23:10:48,EventLog,6009,None,Microsoft (R) Windows (R) 10.00. 22621  Multiprocessor Free.
Information,14/01/2023 23:10:10,Microsoft-Windows-Dhcp-Client,50037,Service State Event,DHCPv4 client service is stopped. ShutDown Flag value is 1
Information,14/01/2023 23:10:10,Microsoft-Windows-Dhcp-Client,50106,Service State Event,DHCPv4 is waiting on DHCPv6 service to stop
Information,14/01/2023 23:10:10,Microsoft-Windows-DHCPv6-Client,51057,Service State Event,DHCPv6 client service stop is almost done.DHCP Context Ref count is 1
Information,14/01/2023 23:10:10,Microsoft-Windows-DHCPv6-Client,51047,Service State Event,DHCPv6 client service is stopped. ShutDown Flag value is 1
Information,14/01/2023 23:10:10,Microsoft-Windows-Dhcp-Client,50105,Service State Event,DHCPv4 client ProcessDHCPRequestForever received TERMINATE_EVENT
Information,14/01/2023 23:10:10,Microsoft-Windows-Dhcp-Client,50104,Service State Event,DHCPv4 client received shutdown notification
Information,14/01/2023 23:10:10,EventLog,6006,None,The Event log service was stopped.
Information,14/01/2023 23:09:54,Microsoft-Windows-Winlogon,7002,(1102),User Log-off Notification for Customer Experience Improvement Program
Error,14/01/2023 23:09:53,Microsoft-Windows-DistributedCOM,10010,None,The server MicrosoftWindows.Client.CBS_1000.22638.1000.0_x64__cw5n1h2txyewy!FESearchUI#{C4D5FEE1-1424-49D6-B5F6-4FFF70756ECB} did not register with DCOM within the required timeout.
Warning,14/01/2023 23:09:43,Microsoft-Windows-DistributedCOM,10016,None,"The application-specific permission settings do not grant Local Activation permission for the COM Server application with CLSID 
{2593F8B9-4EAF-457C-B68A-50F6B8EA6B54}
 and APPID 
{15C20B67-12E7-4BB6-92BB-7AFF07997402}
 to the user DESKTOP-TBPOCIG\Abdo SID (S-1-5-21-1394681546-3843053835-3284470220-1001) from address LocalHost (Using LRPC) running in the application container Unavailable SID (Unavailable). This security permission can be modified using the Component Services administrative tool."
Warning,14/01/2023 23:09:40,User32,1073,None,The attempt by user DESKTOP-TBPOCIG\Abdo to restart/shutdown computer DESKTOP-TBPOCIG failed
Error,14/01/2023 23:09:25,Microsoft-Windows-DistributedCOM,10010,None,The server {AB8902B4-09CA-4BB6-B78D-A8F59079A8D5} did not register with DCOM within the required timeout.
Error,14/01/2023 23:09:25,Microsoft-Windows-DistributedCOM,10010,None,The server {AB8902B4-09CA-4BB6-B78D-A8F59079A8D5} did not register with DCOM within the required timeout.
Error,14/01/2023 23:09:25,Microsoft-Windows-DistributedCOM,10010,None,The server {AB8902B4-09CA-4BB6-B78D-A8F59079A8D5} did not register with DCOM within the required timeout.
Error,14/01/2023 23:09:25,Microsoft-Windows-DistributedCOM,10010,None,The server {AB8902B4-09CA-4BB6-B78D-A8F59079A8D5} did not register with DCOM within the required timeout.
Error,14/01/2023 23:09:25,Microsoft-Windows-DistributedCOM,10010,None,The server {AB8902B4-09CA-4BB6-B78D-A8F59079A8D5} did not register with DCOM within the required timeout.
Error,14/01/2023 23:09:25,Microsoft-Windows-DistributedCOM,10010,None,The server {AB8902B4-09CA-4BB6-B78D-A8F59079A8D5} did not register with DCOM within the required timeout.
Error,14/01/2023 23:09:25,Microsoft-Windows-DistributedCOM,10010,None,The server {AB8902B4-09CA-4BB6-B78D-A8F59079A8D5} did not register with DCOM within the required timeout.
Error,14/01/2023 23:09:25,Microsoft-Windows-DistributedCOM,10010,None,The server {AB8902B4-09CA-4BB6-B78D-A8F59079A8D5} did not register with DCOM within the required timeout.
Error,14/01/2023 23:09:25,Microsoft-Windows-DistributedCOM,10010,None,The server {AB8902B4-09CA-4BB6-B78D-A8F59079A8D5} did not register with DCOM within the required timeout.
Error,14/01/2023 23:09:25,Microsoft-Windows-DistributedCOM,10010,None,The server {AB8902B4-09CA-4BB6-B78D-A8F59079A8D5} did not register with DCOM within the required timeout.
Error,14/01/2023 23:09:25,Microsoft-Windows-DistributedCOM,10010,None,The server {AB8902B4-09CA-4BB6-B78D-A8F59079A8D5} did not register with DCOM within the required timeout.
Error,14/01/2023 23:09:25,Microsoft-Windows-DistributedCOM,10010,None,The server {AB8902B4-09CA-4BB6-B78D-A8F59079A8D5} did not register with DCOM within the required timeout.
Error,14/01/2023 23:09:25,Microsoft-Windows-DistributedCOM,10010,None,The server {AB8902B4-09CA-4BB6-B78D-A8F59079A8D5} did not register with DCOM within the required timeout.
Error,14/01/2023 23:09:25,Microsoft-Windows-DistributedCOM,10010,None,The server {AB8902B4-09CA-4BB6-B78D-A8F59079A8D5} did not register with DCOM within the required timeout.
Error,14/01/2023 23:09:25,Microsoft-Windows-DistributedCOM,10010,None,The server {AB8902B4-09CA-4BB6-B78D-A8F59079A8D5} did not register with DCOM within the required timeout.
Error,14/01/2023 23:09:25,Microsoft-Windows-DistributedCOM,10010,None,The server {AB8902B4-09CA-4BB6-B78D-A8F59079A8D5} did not register with DCOM within the required timeout.
Error,14/01/2023 23:09:25,Microsoft-Windows-DistributedCOM,10010,None,The server {AB8902B4-09CA-4BB6-B78D-A8F59079A8D5} did not register with DCOM within the required timeout.
Error,14/01/2023 23:09:25,Microsoft-Windows-DistributedCOM,10010,None,The server {AB8902B4-09CA-4BB6-B78D-A8F59079A8D5} did not register with DCOM within the required timeout.
Error,14/01/2023 23:09:25,Microsoft-Windows-DistributedCOM,10010,None,The server {AB8902B4-09CA-4BB6-B78D-A8F59079A8D5} did not register with DCOM within the required timeout.
Error,14/01/2023 23:09:25,Microsoft-Windows-DistributedCOM,10010,None,The server {AB8902B4-09CA-4BB6-B78D-A8F59079A8D5} did not register with DCOM within the required timeout.
Error,14/01/2023 23:09:25,Microsoft-Windows-DistributedCOM,10010,None,The server {AB8902B4-09CA-4BB6-B78D-A8F59079A8D5} did not register with DCOM within the required timeout.
Error,14/01/2023 23:09:25,Microsoft-Windows-DistributedCOM,10010,None,The server {AB8902B4-09CA-4BB6-B78D-A8F59079A8D5} did not register with DCOM within the required timeout.
Error,14/01/2023 23:09:25,Microsoft-Windows-DistributedCOM,10010,None,The server {AB8902B4-09CA-4BB6-B78D-A8F59079A8D5} did not register with DCOM within the required timeout.
Error,14/01/2023 23:09:25,Microsoft-Windows-DistributedCOM,10010,None,The server {AB8902B4-09CA-4BB6-B78D-A8F59079A8D5} did not register with DCOM within the required timeout.
Error,14/01/2023 23:09:25,Microsoft-Windows-DistributedCOM,10010,None,The server {AB8902B4-09CA-4BB6-B78D-A8F59079A8D5} did not register with DCOM within the required timeout.
Error,14/01/2023 23:09:25,Microsoft-Windows-DistributedCOM,10010,None,The server {AB8902B4-09CA-4BB6-B78D-A8F59079A8D5} did not register with DCOM within the required timeout.
Error,14/01/2023 23:09:25,Microsoft-Windows-DistributedCOM,10010,None,The server {AB8902B4-09CA-4BB6-B78D-A8F59079A8D5} did not register with DCOM within the required timeout.
Error,14/01/2023 23:09:25,Microsoft-Windows-DistributedCOM,10010,None,The server {AB8902B4-09CA-4BB6-B78D-A8F59079A8D5} did not register with DCOM within the required timeout.
Error,14/01/2023 23:09:25,Microsoft-Windows-DistributedCOM,10010,None,The server {AB8902B4-09CA-4BB6-B78D-A8F59079A8D5} did not register with DCOM within the required timeout.
Error,14/01/2023 23:09:25,Microsoft-Windows-DistributedCOM,10010,None,The server {AB8902B4-09CA-4BB6-B78D-A8F59079A8D5} did not register with DCOM within the required timeout.
Error,14/01/2023 23:09:25,Microsoft-Windows-DistributedCOM,10010,None,The server {AB8902B4-09CA-4BB6-B78D-A8F59079A8D5} did not register with DCOM within the required timeout.
Error,14/01/2023 23:09:25,Microsoft-Windows-DistributedCOM,10010,None,The server {AB8902B4-09CA-4BB6-B78D-A8F59079A8D5} did not register with DCOM within the required timeout.
Error,14/01/2023 23:09:25,Microsoft-Windows-DistributedCOM,10010,None,The server {AB8902B4-09CA-4BB6-B78D-A8F59079A8D5} did not register with DCOM within the required timeout.
Error,14/01/2023 23:09:25,Microsoft-Windows-DistributedCOM,10010,None,The server {AB8902B4-09CA-4BB6-B78D-A8F59079A8D5} did not register with DCOM within the required timeout.
Error,14/01/2023 23:09:25,Microsoft-Windows-DistributedCOM,10010,None,The server {AB8902B4-09CA-4BB6-B78D-A8F59079A8D5} did not register with DCOM within the required timeout.
Error,14/01/2023 23:09:25,Microsoft-Windows-DistributedCOM,10010,None,The server {AB8902B4-09CA-4BB6-B78D-A8F59079A8D5} did not register with DCOM within the required timeout.
Information,14/01/2023 23:09:21,User32,1074,None,"The process C:\Windows\System32\RuntimeBroker.exe (DESKTOP-TBPOCIG) has initiated the restart of computer DESKTOP-TBPOCIG on behalf of user DESKTOP-TBPOCIG\Abdo for the following reason: Other (Unplanned)
 Reason Code: 0x0
 Shut-down Type: restart
 Comment: "
Information,14/01/2023 23:09:03,Microsoft-Windows-Kernel-Power,566,(268),"The system session has transitioned from 29 to 31.

Reason InputAccelerometer 

BootId: 10"
Information,14/01/2023 23:08:44,Microsoft-Windows-Kernel-Power,566,(268),"The system session has transitioned from 28 to 29.

Reason SessionUnlock 

BootId: 10"
Information,14/01/2023 23:07:38,e2fexpress,32,None,"The description for Event ID 32 from source e2fexpress cannot be found. Either the component that raises this event is not installed on your local computer or the installation is corrupted. You can install or repair the component on the local computer.

If the event originated on another computer, the display information had to be saved with the event.

The following information was included with the event: 

Intel(R) Ethernet Controller (3) I225-V

The message resource is present but the message was not found in the message table
"
Information,14/01/2023 23:07:36,Microsoft-Windows-Power-Troubleshooter,1,None,"The system has returned from a low power state.

Sleep Time: ‎2023‎-‎01‎-‎14T22:47:47.017621100Z
Wake Time: ‎2023‎-‎01‎-‎14T23:07:35.441817600Z

Wake Source: Device -Intel(R) USB 3.20 eXtensible Host Controller - 1.20 (Microsoft)"
Warning,14/01/2023 23:07:35,e2fexpress,27,None,"The description for Event ID 27 from source e2fexpress cannot be found. Either the component that raises this event is not installed on your local computer or the installation is corrupted. You can install or repair the component on the local computer.

If the event originated on another computer, the display information had to be saved with the event.

The following information was included with the event: 

Intel(R) Ethernet Controller (3) I225-V

The message resource is present but the message was not found in the message table
"
Information,14/01/2023 23:07:35,Microsoft-Windows-Kernel-Power,566,(268),"The system session has transitioned from 26 to 28.

Reason Unknown 

BootId: 10"
Information,14/01/2023 23:07:35,Microsoft-Windows-Kernel-Power,566,(268),"The system session has transitioned from 25 to 26.

Reason SxTransition 

BootId: 10"
Information,14/01/2023 23:07:35,BTHUSB,18,None,Windows cannot store Bluetooth authentication codes (link keys) on the local adapter. Bluetooth keyboards might not work in the system BIOS during start-up.
Information,14/01/2023 23:07:34,Netwtw10,7026,None,7026 - Dump after return from D3 after cmd
Information,14/01/2023 23:07:34,Netwtw10,7025,None,7025 - Dump after return from D3 before cmd 
Information,14/01/2023 23:07:34,Microsoft-Windows-Kernel-Power,130,(33),"Firmware S3 times. SuspendStart: 15768429, SuspendEnd: 15768431"
Information,14/01/2023 23:07:34,Microsoft-Windows-Kernel-Power,131,(33),"Firmware S3 times. ResumeCount: 3, FullResume: 2451, AverageResume: 2443"
Information,14/01/2023 23:07:34,Microsoft-Windows-Kernel-General,1,(5),"The system time has changed to ‎2023‎-‎01‎-‎14T23:07:34.500000000Z from ‎2023‎-‎01‎-‎14T22:47:51.713957100Z.
Time Delta: 1182786 ms

Change Reason: System time synchronized with the hardware clock.
Process: '' (PID 4).

RTC time: ‎2023‎-‎01‎-‎14T23:07:34.500000000Z
Current time zone bias: 0
RTC time is in UTC: false
System time was based on RTC time: false"
Information,14/01/2023 22:47:51,Microsoft-Windows-Kernel-Power,107,(102),The system has resumed from sleep.
Information,14/01/2023 22:47:48,Microsoft-Windows-Kernel-Power,42,(64),"The system is entering sleep.

Sleep Reason: System Idle"
Information,14/01/2023 22:47:47,Microsoft-Windows-Kernel-Power,566,(268),"The system session has transitioned from 23 to 25.

Reason SxTransition 

BootId: 10"
Information,14/01/2023 22:37:46,Microsoft-Windows-Kernel-Power,566,(268),"The system session has transitioned from 22 to 23.

Reason SessionUnlock 

BootId: 10"
Warning,14/01/2023 22:13:01,Microsoft-Windows-DistributedCOM,10016,None,"The application-specific permission settings do not grant Local Activation permission for the COM Server application with CLSID 
{2593F8B9-4EAF-457C-B68A-50F6B8EA6B54}
 and APPID 
{15C20B67-12E7-4BB6-92BB-7AFF07997402}
 to the user DESKTOP-TBPOCIG\Abdo SID (S-1-5-21-1394681546-3843053835-3284470220-1001) from address LocalHost (Using LRPC) running in the application container Unavailable SID (Unavailable). This security permission can be modified using the Component Services administrative tool."
Information,14/01/2023 22:12:55,Microsoft-Windows-Kernel-General,16,None,The access history in hive \??\C:\Users\Abdo\AppData\Local\Packages\Microsoft.XboxIdentityProvider_8wekyb3d8bbwe\Settings\settings.dat was cleared updating 2 keys and creating 1 modified pages.
Information,14/01/2023 22:12:55,Microsoft-Windows-Kernel-General,16,None,The access history in hive \??\C:\ProgramData\Packages\Microsoft.XboxGamingOverlay_8wekyb3d8bbwe\S-1-5-21-1394681546-3843053835-3284470220-1001\SystemAppData\Helium\Cache\e2564c3f5f452c3b_COM15.dat was cleared updating 1 keys and creating 1 modified pages.
Information,14/01/2023 22:12:55,Microsoft-Windows-Kernel-General,16,None,The access history in hive \??\C:\Users\Abdo\AppData\Local\Packages\Microsoft.XboxGamingOverlay_8wekyb3d8bbwe\Settings\settings.dat was cleared updating 3 keys and creating 1 modified pages.
Information,14/01/2023 21:39:35,Microsoft-Windows-Kernel-General,16,None,The access history in hive \??\C:\Users\Abdo\AppData\Local\Packages\Microsoft.Windows.ShellExperienceHost_cw5n1h2txyewy\Settings\settings.dat was cleared updating 2 keys and creating 1 modified pages.
Information,14/01/2023 21:38:50,e2fexpress,32,None,"The description for Event ID 32 from source e2fexpress cannot be found. Either the component that raises this event is not installed on your local computer or the installation is corrupted. You can install or repair the component on the local computer.

If the event originated on another computer, the display information had to be saved with the event.

The following information was included with the event: 

Intel(R) Ethernet Controller (3) I225-V

The message resource is present but the message was not found in the message table
"
Information,14/01/2023 21:38:48,Microsoft-Windows-Power-Troubleshooter,1,None,"The system has returned from a low power state.

Sleep Time: ‎2023‎-‎01‎-‎14T17:31:57.869318300Z
Wake Time: ‎2023‎-‎01‎-‎14T21:38:47.402123600Z

Wake Source: Device -USB Composite Device"
Warning,14/01/2023 21:38:47,e2fexpress,27,None,"The description for Event ID 27 from source e2fexpress cannot be found. Either the component that raises this event is not installed on your local computer or the installation is corrupted. You can install or repair the component on the local computer.

If the event originated on another computer, the display information had to be saved with the event.

The following information was included with the event: 

Intel(R) Ethernet Controller (3) I225-V

The message resource is present but the message was not found in the message table
"
Information,14/01/2023 21:38:47,Microsoft-Windows-Kernel-Power,566,(268),"The system session has transitioned from 20 to 22.

Reason Unknown 

BootId: 10"
Information,14/01/2023 21:38:47,Microsoft-Windows-Kernel-Power,566,(268),"The system session has transitioned from 19 to 20.

Reason SxTransition 

BootId: 10"
Information,14/01/2023 21:38:47,BTHUSB,18,None,Windows cannot store Bluetooth authentication codes (link keys) on the local adapter. Bluetooth keyboards might not work in the system BIOS during start-up.
Information,14/01/2023 21:38:46,Netwtw10,7026,None,7026 - Dump after return from D3 after cmd
Information,14/01/2023 21:38:46,Netwtw10,7025,None,7025 - Dump after return from D3 before cmd 
Information,14/01/2023 21:38:46,Microsoft-Windows-Kernel-Power,130,(33),"Firmware S3 times. SuspendStart: 11647886, SuspendEnd: 11647888"
Information,14/01/2023 21:38:46,Microsoft-Windows-Kernel-Power,131,(33),"Firmware S3 times. ResumeCount: 2, FullResume: 2439, AverageResume: 2438"
Information,14/01/2023 21:38:46,Microsoft-Windows-Kernel-General,1,(5),"The system time has changed to ‎2023‎-‎01‎-‎14T21:38:46.500000000Z from ‎2023‎-‎01‎-‎14T17:32:01.980733200Z.
Time Delta: 14804519 ms

Change Reason: System time synchronized with the hardware clock.
Process: '' (PID 4).

RTC time: ‎2023‎-‎01‎-‎14T21:38:46.500000000Z
Current time zone bias: 0
RTC time is in UTC: false
System time was based on RTC time: false"
Information,14/01/2023 17:32:01,Microsoft-Windows-Kernel-Power,107,(102),The system has resumed from sleep.
Information,14/01/2023 17:31:59,Microsoft-Windows-Kernel-Power,42,(64),"The system is entering sleep.

Sleep Reason: System Idle"
Information,14/01/2023 17:31:57,Microsoft-Windows-Kernel-Power,566,(268),"The system session has transitioned from 17 to 19.

Reason SxTransition 

BootId: 10"
Information,14/01/2023 17:10:21,Microsoft-Windows-Kernel-Power,566,(268),"The system session has transitioned from 16 to 17.

Reason SessionUnlock 

BootId: 10"
Information,14/01/2023 17:09:11,e2fexpress,32,None,"The description for Event ID 32 from source e2fexpress cannot be found. Either the component that raises this event is not installed on your local computer or the installation is corrupted. You can install or repair the component on the local computer.

If the event originated on another computer, the display information had to be saved with the event.

The following information was included with the event: 

Intel(R) Ethernet Controller (3) I225-V

The message resource is present but the message was not found in the message table
"
Information,14/01/2023 17:09:10,Microsoft-Windows-Power-Troubleshooter,1,None,"The system has returned from a low power state.

Sleep Time: ‎2023‎-‎01‎-‎14T17:00:22.659669700Z
Wake Time: ‎2023‎-‎01‎-‎14T17:09:08.772656900Z

Wake Source: Device -USB Composite Device"
Information,14/01/2023 17:09:09,Microsoft-Windows-Kernel-Power,566,(268),"The system session has transitioned from 14 to 16.

Reason Unknown 

BootId: 10"
Warning,14/01/2023 17:09:08,e2fexpress,27,None,"The description for Event ID 27 from source e2fexpress cannot be found. Either the component that raises this event is not installed on your local computer or the installation is corrupted. You can install or repair the component on the local computer.

If the event originated on another computer, the display information had to be saved with the event.

The following information was included with the event: 

Intel(R) Ethernet Controller (3) I225-V

The message resource is present but the message was not found in the message table
"
Information,14/01/2023 17:09:08,Microsoft-Windows-Kernel-Power,566,(268),"The system session has transitioned from 13 to 14.

Reason SxTransition 

BootId: 10"
Information,14/01/2023 17:09:08,BTHUSB,18,None,Windows cannot store Bluetooth authentication codes (link keys) on the local adapter. Bluetooth keyboards might not work in the system BIOS during start-up.
Information,14/01/2023 17:09:07,Netwtw10,7026,None,7026 - Dump after return from D3 after cmd
Information,14/01/2023 17:09:07,Netwtw10,7025,None,7025 - Dump after return from D3 before cmd 
Information,14/01/2023 17:09:07,Microsoft-Windows-Kernel-Power,130,(33),"Firmware S3 times. SuspendStart: 10281318, SuspendEnd: 10281401"
Information,14/01/2023 17:09:07,Microsoft-Windows-Kernel-Power,131,(33),"Firmware S3 times. ResumeCount: 1, FullResume: 2438, AverageResume: 2438"
Information,14/01/2023 17:09:07,Microsoft-Windows-Kernel-General,1,(5),"The system time has changed to ‎2023‎-‎01‎-‎14T17:09:07.500000000Z from ‎2023‎-‎01‎-‎14T17:00:29.345369600Z.
Time Delta: 518154 ms

Change Reason: System time synchronized with the hardware clock.
Process: '' (PID 4).

RTC time: ‎2023‎-‎01‎-‎14T17:09:07.500000000Z
Current time zone bias: 0
RTC time is in UTC: false
System time was based on RTC time: false"
Information,14/01/2023 17:00:29,Microsoft-Windows-Kernel-Power,107,(102),The system has resumed from sleep.
Information,14/01/2023 17:00:26,Microsoft-Windows-Kernel-Power,42,(64),"The system is entering sleep.

Sleep Reason: Application API"
Information,14/01/2023 17:00:23,Microsoft-Windows-Kernel-General,16,None,The access history in hive \??\C:\Users\Abdo\AppData\Local\Packages\Microsoft.LockApp_cw5n1h2txyewy\Settings\settings.dat was cleared updating 3 keys and creating 1 modified pages.
Information,14/01/2023 17:00:22,Microsoft-Windows-Kernel-Power,566,(268),"The system session has transitioned from 12 to 13.

Reason InputAccelerometer 

BootId: 10"
Information,14/01/2023 17:00:22,Microsoft-Windows-Kernel-Power,187,(243),User-mode process attempted to change the system state by calling SetSuspendState or SetSystemPowerState APIs.
Warning,14/01/2023 16:57:49,Microsoft-Windows-DistributedCOM,10016,None,"The application-specific permission settings do not grant Local Activation permission for the COM Server application with CLSID 
{2593F8B9-4EAF-457C-B68A-50F6B8EA6B54}
 and APPID 
{15C20B67-12E7-4BB6-92BB-7AFF07997402}
 to the user DESKTOP-TBPOCIG\Abdo SID (S-1-5-21-1394681546-3843053835-3284470220-1001) from address LocalHost (Using LRPC) running in the application container Unavailable SID (Unavailable). This security permission can be modified using the Component Services administrative tool."
Error,14/01/2023 16:38:57,Microsoft-Windows-DistributedCOM,10010,None,The server {8CFC164F-4BE5-4FDD-94E9-E2AF73ED4A19} did not register with DCOM within the required timeout.
Information,14/01/2023 16:32:51,Microsoft-Windows-HttpService,114,HTTP Configuration Property Trace Task,"Removed URL (http://*:2869/upnp/eventing/) from URL group (0xFE00001120000003). Process Id 0x28B8 Executable path \Device\HarddiskVolume3\Windows\System32\svchost.exe, User LOCAL SERVICE"
Information,14/01/2023 16:32:51,Service Control Manager,7040,None,The start type of the Background Intelligent Transfer Service service was changed from auto start to demand start.
Information,14/01/2023 16:30:48,Microsoft-Windows-HttpService,113,HTTP Configuration Property Trace Task,"Attempted to add URL (http://*:2869/upnp/eventing/) to URL group (0xFE00001120000003). Status: 0x0. Process Id 0x28B8 Executable path \Device\HarddiskVolume3\Windows\System32\svchost.exe, User LOCAL SERVICE"
Information,14/01/2023 16:30:48,Microsoft-Windows-HttpService,114,HTTP Configuration Property Trace Task,"Removed URL (http://*:2869/upnp/eventing/) from URL group (0xFE00001020000002). Process Id 0x28B8 Executable path \Device\HarddiskVolume3\Windows\System32\svchost.exe, User LOCAL SERVICE"
Information,14/01/2023 16:30:48,Microsoft-Windows-HttpService,113,HTTP Configuration Property Trace Task,"Attempted to add URL (http://*:2869/upnp/eventing/) to URL group (0xFE00001020000002). Status: 0x0. Process Id 0x28B8 Executable path \Device\HarddiskVolume3\Windows\System32\svchost.exe, User LOCAL SERVICE"
Information,14/01/2023 16:30:47,Microsoft-Windows-HttpService,114,HTTP Configuration Property Trace Task,"Removed URL (http://*:2869/upnp/eventing/) from URL group (0xFE00000220000002). Process Id 0x28B8 Executable path \Device\HarddiskVolume3\Windows\System32\svchost.exe, User LOCAL SERVICE"
Information,14/01/2023 16:29:54,Microsoft-Windows-HttpService,113,HTTP Configuration Property Trace Task,"Attempted to add URL (http://*:2869/upnp/eventing/) to URL group (0xFE00000220000002). Status: 0x0. Process Id 0x28B8 Executable path \Device\HarddiskVolume3\Windows\System32\svchost.exe, User LOCAL SERVICE"
Information,14/01/2023 16:29:54,Microsoft-Windows-HttpService,114,HTTP Configuration Property Trace Task,"Removed URL (http://*:2869/upnp/eventing/) from URL group (0xFE00001020000001). Process Id 0x28B8 Executable path \Device\HarddiskVolume3\Windows\System32\svchost.exe, User LOCAL SERVICE"
Information,14/01/2023 16:29:54,Microsoft-Windows-HttpService,113,HTTP Configuration Property Trace Task,"Attempted to add URL (http://*:2869/upnp/eventing/) to URL group (0xFE00001020000001). Status: 0x0. Process Id 0x28B8 Executable path \Device\HarddiskVolume3\Windows\System32\svchost.exe, User LOCAL SERVICE"
Information,14/01/2023 16:29:54,Microsoft-Windows-HttpService,114,HTTP Configuration Property Trace Task,"Removed URL (http://*:2869/upnp/eventing/) from URL group (0xFE00000E20000001). Process Id 0x28B8 Executable path \Device\HarddiskVolume3\Windows\System32\svchost.exe, User LOCAL SERVICE"
Information,14/01/2023 16:29:06,Microsoft-Windows-HttpService,113,HTTP Configuration Property Trace Task,"Attempted to add URL (http://*:2869/upnp/eventing/) to URL group (0xFE00000E20000001). Status: 0x0. Process Id 0x28B8 Executable path \Device\HarddiskVolume3\Windows\System32\svchost.exe, User LOCAL SERVICE"
Information,14/01/2023 16:29:05,Microsoft-Windows-HttpService,114,HTTP Configuration Property Trace Task,"Removed URL (http://*:2869/upnp/eventing/) from URL group (0xFE00001220000004). Process Id 0x28B8 Executable path \Device\HarddiskVolume3\Windows\System32\svchost.exe, User LOCAL SERVICE"
Information,14/01/2023 16:29:05,Microsoft-Windows-HttpService,113,HTTP Configuration Property Trace Task,"Attempted to add URL (http://*:2869/upnp/eventing/) to URL group (0xFE00001220000004). Status: 0x0. Process Id 0x28B8 Executable path \Device\HarddiskVolume3\Windows\System32\svchost.exe, User LOCAL SERVICE"
Information,14/01/2023 16:29:05,Microsoft-Windows-HttpService,114,HTTP Configuration Property Trace Task,"Removed URL (http://*:2869/upnp/eventing/) from URL group (0xFE00001220000003). Process Id 0x28B8 Executable path \Device\HarddiskVolume3\Windows\System32\svchost.exe, User LOCAL SERVICE"
Information,14/01/2023 16:28:17,Microsoft-Windows-HttpService,113,HTTP Configuration Property Trace Task,"Attempted to add URL (http://*:2869/upnp/eventing/) to URL group (0xFE00001220000003). Status: 0x0. Process Id 0x28B8 Executable path \Device\HarddiskVolume3\Windows\System32\svchost.exe, User LOCAL SERVICE"
Information,14/01/2023 16:28:17,Microsoft-Windows-HttpService,114,HTTP Configuration Property Trace Task,"Removed URL (http://*:2869/upnp/eventing/) from URL group (0xFE00001120000002). Process Id 0x28B8 Executable path \Device\HarddiskVolume3\Windows\System32\svchost.exe, User LOCAL SERVICE"
Information,14/01/2023 16:28:17,Microsoft-Windows-HttpService,113,HTTP Configuration Property Trace Task,"Attempted to add URL (http://*:2869/upnp/eventing/) to URL group (0xFE00001120000002). Status: 0x0. Process Id 0x28B8 Executable path \Device\HarddiskVolume3\Windows\System32\svchost.exe, User LOCAL SERVICE"
Information,14/01/2023 16:28:17,Microsoft-Windows-HttpService,114,HTTP Configuration Property Trace Task,"Removed URL (http://*:2869/upnp/eventing/) from URL group (0xFE00000220000001). Process Id 0x28B8 Executable path \Device\HarddiskVolume3\Windows\System32\svchost.exe, User LOCAL SERVICE"
Information,14/01/2023 16:27:40,Microsoft-Windows-HttpService,113,HTTP Configuration Property Trace Task,"Attempted to add URL (http://*:2869/upnp/eventing/) to URL group (0xFE00000220000001). Status: 0x0. Process Id 0x28B8 Executable path \Device\HarddiskVolume3\Windows\System32\svchost.exe, User LOCAL SERVICE"
Information,14/01/2023 16:27:40,Microsoft-Windows-HttpService,114,HTTP Configuration Property Trace Task,"Removed URL (http://*:2869/upnp/eventing/) from URL group (0xFC00000420000003). Process Id 0x28B8 Executable path \Device\HarddiskVolume3\Windows\System32\svchost.exe, User LOCAL SERVICE"
Information,14/01/2023 16:27:40,Microsoft-Windows-HttpService,113,HTTP Configuration Property Trace Task,"Attempted to add URL (http://*:2869/upnp/eventing/) to URL group (0xFC00000420000003). Status: 0x0. Process Id 0x28B8 Executable path \Device\HarddiskVolume3\Windows\System32\svchost.exe, User LOCAL SERVICE"
Information,14/01/2023 16:27:40,Microsoft-Windows-HttpService,114,HTTP Configuration Property Trace Task,"Removed URL (http://*:2869/upnp/eventing/) from URL group (0xFC00000420000002). Process Id 0x28B8 Executable path \Device\HarddiskVolume3\Windows\System32\svchost.exe, User LOCAL SERVICE"
Information,14/01/2023 16:27:07,Microsoft-Windows-HttpService,113,HTTP Configuration Property Trace Task,"Attempted to add URL (http://*:2869/upnp/eventing/) to URL group (0xFC00000420000002). Status: 0x0. Process Id 0x28B8 Executable path \Device\HarddiskVolume3\Windows\System32\svchost.exe, User LOCAL SERVICE"
Information,14/01/2023 16:27:07,Microsoft-Windows-HttpService,114,HTTP Configuration Property Trace Task,"Removed URL (http://*:2869/upnp/eventing/) from URL group (0xFE00000120000001). Process Id 0x28B8 Executable path \Device\HarddiskVolume3\Windows\System32\svchost.exe, User LOCAL SERVICE"
Information,14/01/2023 16:27:07,Microsoft-Windows-HttpService,113,HTTP Configuration Property Trace Task,"Attempted to add URL (http://*:2869/upnp/eventing/) to URL group (0xFE00000120000001). Status: 0x0. Process Id 0x28B8 Executable path \Device\HarddiskVolume3\Windows\System32\svchost.exe, User LOCAL SERVICE"
Information,14/01/2023 16:27:07,Microsoft-Windows-HttpService,114,HTTP Configuration Property Trace Task,"Removed URL (http://*:2869/upnp/eventing/) from URL group (0xFE00001120000001). Process Id 0x28B8 Executable path \Device\HarddiskVolume3\Windows\System32\svchost.exe, User LOCAL SERVICE"
Information,14/01/2023 16:26:28,Microsoft-Windows-HttpService,113,HTTP Configuration Property Trace Task,"Attempted to add URL (http://*:2869/upnp/eventing/) to URL group (0xFE00001120000001). Status: 0x0. Process Id 0x28B8 Executable path \Device\HarddiskVolume3\Windows\System32\svchost.exe, User LOCAL SERVICE"
Information,14/01/2023 16:26:28,Microsoft-Windows-HttpService,114,HTTP Configuration Property Trace Task,"Removed URL (http://*:2869/upnp/eventing/) from URL group (0xFC00000420000001). Process Id 0x28B8 Executable path \Device\HarddiskVolume3\Windows\System32\svchost.exe, User LOCAL SERVICE"
Information,14/01/2023 16:26:23,Microsoft-Windows-HttpService,113,HTTP Configuration Property Trace Task,"Attempted to add URL (http://*:2869/upnp/eventing/) to URL group (0xFC00000420000001). Status: 0x0. Process Id 0x28B8 Executable path \Device\HarddiskVolume3\Windows\System32\svchost.exe, User LOCAL SERVICE"
Information,14/01/2023 16:26:19,Service Control Manager,7040,None,The start type of the Background Intelligent Transfer Service service was changed from demand start to auto start.
Information,14/01/2023 16:14:15,Microsoft-Windows-Time-Service,158,None,The time provider 'VMICTimeProvider' has indicated that the current hardware and operating environment is not supported and has stopped. This behavior is expected for VMICTimeProvider on non-HyperV-guest environments. This may be the expected behavior for the current provider in the current operating environment as well.
Information,14/01/2023 15:57:11,Microsoft-Windows-Time-Service,158,None,The time provider 'VMICTimeProvider' has indicated that the current hardware and operating environment is not supported and has stopped. This behavior is expected for VMICTimeProvider on non-HyperV-guest environments. This may be the expected behavior for the current provider in the current operating environment as well.
Information,14/01/2023 15:56:12,Microsoft-Windows-Kernel-Power,566,(268),"The system session has transitioned from 10 to 12.

Reason InputAccelerometer 

BootId: 10"
Information,14/01/2023 15:47:33,Microsoft-Windows-Kernel-Power,566,(268),"The system session has transitioned from 9 to 10.

Reason SessionUnlock 

BootId: 10"
Information,14/01/2023 15:40:07,Microsoft-Windows-Time-Service,158,None,The time provider 'VMICTimeProvider' has indicated that the current hardware and operating environment is not supported and has stopped. This behavior is expected for VMICTimeProvider on non-HyperV-guest environments. This may be the expected behavior for the current provider in the current operating environment as well.
Information,14/01/2023 15:37:13,Microsoft-Windows-Kernel-Power,566,(268),"The system session has transitioned from 7 to 9.

Reason InputAccelerometer 

BootId: 10"
Information,14/01/2023 15:37:01,Microsoft-Windows-Kernel-Power,566,(268),"The system session has transitioned from 6 to 7.

Reason SessionUnlock 

BootId: 10"
Information,14/01/2023 15:32:01,Microsoft-Windows-Kernel-Power,566,(268),"The system session has transitioned from 4 to 6.

Reason InputHid 

BootId: 10"
Information,14/01/2023 15:28:28,Microsoft-Windows-Kernel-Power,566,(268),"The system session has transitioned from 3 to 4.

Reason SessionUnlock 

BootId: 10"
Information,14/01/2023 15:23:03,Microsoft-Windows-Time-Service,158,None,The time provider 'VMICTimeProvider' has indicated that the current hardware and operating environment is not supported and has stopped. This behavior is expected for VMICTimeProvider on non-HyperV-guest environments. This may be the expected behavior for the current provider in the current operating environment as well.
Information,14/01/2023 15:11:10,Service Control Manager,7040,None,The start type of the Background Intelligent Transfer Service service was changed from auto start to demand start.
Information,14/01/2023 15:09:36,Microsoft-Windows-Kernel-Power,566,(268),"The system session has transitioned from 1 to 3.

Reason InputHid 

BootId: 10"
Information,14/01/2023 15:09:06,Service Control Manager,7040,None,The start type of the Background Intelligent Transfer Service service was changed from demand start to auto start.
Information,14/01/2023 15:08:28,Service Control Manager,7040,None,The start type of the Background Intelligent Transfer Service service was changed from auto start to demand start.
Information,14/01/2023 15:06:24,Service Control Manager,7040,None,The start type of the Background Intelligent Transfer Service service was changed from demand start to auto start.
Information,14/01/2023 15:06:11,Service Control Manager,7045,None,"A service was installed in the system.

Service Name:  MpKsl4936418a
Service File Name:  C:\ProgramData\Microsoft\Windows Defender\Definition Updates\{A903C6F4-4E38-4606-BB7D-5E43CDA67C1B}\MpKslDrv.sys
Service Type:  kernel mode driver
Service Start Type:  demand start
Service Account:  "
Information,14/01/2023 15:05:43,Microsoft-Windows-Time-Service,37,None,"The time provider NtpClient is currently receiving valid time data from time.windows.com,0x9 (ntp.m|0x9|0.0.0.0:123->51.145.123.29:123)."
Information,14/01/2023 15:05:43,Microsoft-Windows-Time-Service,158,None,The time provider 'VMICTimeProvider' has indicated that the current hardware and operating environment is not supported and has stopped. This behavior is expected for VMICTimeProvider on non-HyperV-guest environments. This may be the expected behavior for the current provider in the current operating environment as well.
Information,14/01/2023 15:05:12,Microsoft-Windows-Kernel-Power,566,(268),"The system session has transitioned from 0 to 1.

Reason SessionUnlock 

BootId: 10"
Information,14/01/2023 15:04:41,Microsoft-Windows-WindowsUpdateClient,19,Windows Update Agent,Installation Successful: Windows successfully installed the following update: 9NT52VQ39BVN-Microsoft.LanguageExperiencePacken-GB
Information,14/01/2023 15:04:41,Microsoft-Windows-Kernel-General,16,None,The access history in hive \??\C:\Users\Abdo\AppData\Local\Packages\Microsoft.LanguageExperiencePacken-GB_8wekyb3d8bbwe\Settings\settings.dat was cleared updating 1 keys and creating 1 modified pages.
Information,14/01/2023 15:04:41,Microsoft-Windows-WindowsUpdateClient,43,Windows Update Agent,Installation Started: Windows has started installing the following update: 9NT52VQ39BVN-Microsoft.LanguageExperiencePacken-GB
Error,14/01/2023 15:04:36,Microsoft-Windows-WindowsUpdateClient,20,Windows Update Agent,Installation Failure: Windows failed to install the following update with error 0x80073D02: 9NMPJ99VJBWV-Microsoft.YourPhone.
Information,14/01/2023 15:04:36,Microsoft-Windows-WindowsUpdateClient,19,Windows Update Agent,Installation Successful: Windows successfully installed the following update: 9MZNG5HZWZ1T-AppUp.IntelOptaneMemoryandStorageManagement
Information,14/01/2023 15:04:35,Microsoft-Windows-Kernel-General,16,None,The access history in hive \??\C:\Users\Abdo\AppData\Local\Packages\AppUp.IntelOptaneMemoryandStorageManagement_8j3eq9eme6ctt\Settings\settings.dat was cleared updating 3 keys and creating 1 modified pages.
Information,14/01/2023 15:04:35,Microsoft-Windows-WindowsUpdateClient,43,Windows Update Agent,Installation Started: Windows has started installing the following update: 9NMPJ99VJBWV-Microsoft.YourPhone
Information,14/01/2023 15:04:35,Microsoft-Windows-WindowsUpdateClient,43,Windows Update Agent,Installation Started: Windows has started installing the following update: 9MZNG5HZWZ1T-AppUp.IntelOptaneMemoryandStorageManagement
Information,14/01/2023 15:04:34,Microsoft-Windows-Kernel-General,16,None,The access history in hive \??\C:\ProgramData\Microsoft\Windows\AppRepository\Packages\AppUp.IntelOptaneMemoryandStorageManagement_19.0.1037.0_x64__8j3eq9eme6ctt\ActivationStore.dat was cleared updating 0 keys and creating 0 modified pages.
Information,14/01/2023 15:04:33,Microsoft-Windows-Kernel-General,16,None,The access history in hive \??\C:\ProgramData\Microsoft\Windows\AppRepository\Packages\Microsoft.YourPhone_1.22112.142.0_x64__8wekyb3d8bbwe\ActivationStore.dat was cleared updating 0 keys and creating 0 modified pages.
Information,14/01/2023 15:04:33,Microsoft-Windows-WindowsUpdateClient,44,Windows Update Agent,Windows Update started downloading an update.
Information,14/01/2023 15:04:25,Microsoft-Windows-WindowsUpdateClient,19,Windows Update Agent,Installation Successful: Windows successfully installed the following update: 9WZDNCRFJ3PT-MICROSOFT.ZUNEMUSIC
Information,14/01/2023 15:04:24,Microsoft-Windows-Kernel-General,16,None,The access history in hive \??\C:\Users\Abdo\AppData\Local\Packages\Microsoft.ZuneMusic_8wekyb3d8bbwe\Settings\settings.dat was cleared updating 1 keys and creating 1 modified pages.
Information,14/01/2023 15:04:24,Microsoft-Windows-WindowsUpdateClient,43,Windows Update Agent,Installation Started: Windows has started installing the following update: 9WZDNCRFJ3PT-MICROSOFT.ZUNEMUSIC
Information,14/01/2023 15:04:24,Microsoft-Windows-WindowsUpdateClient,44,Windows Update Agent,Windows Update started downloading an update.
Information,14/01/2023 15:04:22,Microsoft-Windows-Kernel-General,16,None,The access history in hive \??\C:\ProgramData\Microsoft\Windows\AppRepository\Packages\Microsoft.ZuneMusic_11.2211.36.0_x64__8wekyb3d8bbwe\ActivationStore.dat was cleared updating 0 keys and creating 0 modified pages.
Information,14/01/2023 15:04:19,Microsoft-Windows-WindowsUpdateClient,19,Windows Update Agent,Installation Successful: Windows successfully installed the following update: 9NBLGGH5R558-Microsoft.Todos
Information,14/01/2023 15:04:18,Microsoft-Windows-Kernel-General,16,None,The access history in hive \??\C:\Users\Abdo\AppData\Local\Packages\Microsoft.Todos_8wekyb3d8bbwe\Settings\settings.dat was cleared updating 1 keys and creating 1 modified pages.
Information,14/01/2023 15:04:18,Microsoft-Windows-WindowsUpdateClient,43,Windows Update Agent,Installation Started: Windows has started installing the following update: 9NBLGGH5R558-Microsoft.Todos
Information,14/01/2023 15:04:18,Microsoft-Windows-WindowsUpdateClient,44,Windows Update Agent,Windows Update started downloading an update.
Information,14/01/2023 15:04:18,Microsoft-Windows-WindowsUpdateClient,44,Windows Update Agent,Windows Update started downloading an update.
Information,14/01/2023 15:04:18,Microsoft-Windows-WindowsUpdateClient,44,Windows Update Agent,Windows Update started downloading an update.
Information,14/01/2023 15:04:17,Microsoft-Windows-Kernel-General,16,None,The access history in hive \??\C:\ProgramData\Microsoft\Windows\AppRepository\Packages\Microsoft.Todos_0.87.53632.0_x64__8wekyb3d8bbwe\ActivationStore.dat was cleared updating 0 keys and creating 0 modified pages.
Information,14/01/2023 15:04:13,Microsoft-Windows-Kernel-General,16,None,The access history in hive \??\C:\ProgramData\Microsoft\Provisioning\Microsoft-Desktop-Provisioning-Sequence.dat was cleared updating 0 keys and creating 0 modified pages.
Information,14/01/2023 14:47:03,Microsoft-Windows-Kernel-General,16,None,The access history in hive \??\C:\ProgramData\Packages\Microsoft.Paint_8wekyb3d8bbwe\S-1-5-21-1394681546-3843053835-3284470220-1001\SystemAppData\Helium\Cache\ecaf59f90378280b_COM15.dat was cleared updating 1 keys and creating 1 modified pages.
Information,14/01/2023 14:47:03,Microsoft-Windows-Kernel-General,16,None,The access history in hive \??\C:\Users\Abdo\AppData\Local\Packages\Microsoft.Paint_8wekyb3d8bbwe\SystemAppData\Helium\UserClasses.dat was cleared updating 1 keys and creating 1 modified pages.
Information,14/01/2023 14:47:03,Microsoft-Windows-Kernel-General,16,None,The access history in hive \??\C:\Users\Abdo\AppData\Local\Packages\Microsoft.Paint_8wekyb3d8bbwe\SystemAppData\Helium\User.dat was cleared updating 12 keys and creating 1 modified pages.
Error,14/01/2023 14:40:02,Microsoft-Windows-DistributedCOM,10010,None,The server {8CFC164F-4BE5-4FDD-94E9-E2AF73ED4A19} did not register with DCOM within the required timeout.
Information,14/01/2023 14:38:58,Microsoft-Windows-Kernel-General,16,None,The access history in hive \??\C:\Users\Abdo\AppData\Local\Packages\Microsoft.ZuneVideo_8wekyb3d8bbwe\Settings\settings.dat was cleared updating 11 keys and creating 1 modified pages.
Information,14/01/2023 14:26:03,Microsoft-Windows-Kernel-General,16,None,The access history in hive \??\C:\Users\Abdo\AppData\Local\Packages\Microsoft.SkypeApp_kzf8qxf38zg5c\SystemAppData\Helium\UserClasses.dat was cleared updating 1 keys and creating 1 modified pages.
Information,14/01/2023 14:26:03,Microsoft-Windows-Kernel-General,16,None,The access history in hive \??\C:\Users\Abdo\AppData\Local\Packages\Microsoft.SkypeApp_kzf8qxf38zg5c\SystemAppData\Helium\User.dat was cleared updating 1 keys and creating 1 modified pages.
Information,14/01/2023 14:21:37,Microsoft-Windows-HttpService,114,HTTP Configuration Property Trace Task,"Removed URL (http://*:2869/upnp/eventing/) from URL group (0xFC00000C20000001). Process Id 0x28B8 Executable path \Device\HarddiskVolume3\Windows\System32\svchost.exe, User LOCAL SERVICE"
Information,14/01/2023 14:21:37,Service Control Manager,7040,None,The start type of the Background Intelligent Transfer Service service was changed from auto start to demand start.
Warning,14/01/2023 14:19:01,Microsoft-Windows-DistributedCOM,10016,None,"The application-specific permission settings do not grant Local Activation permission for the COM Server application with CLSID 
{2593F8B9-4EAF-457C-B68A-50F6B8EA6B54}
 and APPID 
{15C20B67-12E7-4BB6-92BB-7AFF07997402}
 to the user DESKTOP-TBPOCIG\Abdo SID (S-1-5-21-1394681546-3843053835-3284470220-1001) from address LocalHost (Using LRPC) running in the application container Unavailable SID (Unavailable). This security permission can be modified using the Component Services administrative tool."
Information,14/01/2023 14:12:03,Microsoft-Windows-Ntfs,98,None,Volume ?? (\Device\HarddiskVolumeShadowCopy3) is healthy.  No action is needed.
Information,14/01/2023 14:11:59,Microsoft-Windows-Kernel-General,16,None,The access history in hive \??\C:\Users\Abdo\AppData\Local\Packages\Microsoft.WindowsStore_8wekyb3d8bbwe\Settings\settings.dat was cleared updating 11 keys and creating 2 modified pages.
Information,14/01/2023 14:11:59,Microsoft-Windows-Kernel-General,16,None,The access history in hive \??\C:\Users\Abdo\AppData\Local\Packages\Microsoft.Windows.ContentDeliveryManager_cw5n1h2txyewy\Settings\settings.dat was cleared updating 511 keys and creating 43 modified pages.
Information,14/01/2023 14:11:58,Microsoft-Windows-Kernel-General,16,None,The access history in hive \??\C:\Users\Abdo\AppData\Local\Packages\microsoft.windowscommunicationsapps_8wekyb3d8bbwe\Settings\settings.dat was cleared updating 58 keys and creating 6 modified pages.
Information,14/01/2023 14:11:56,Service Control Manager,7040,None,The start type of the Windows Modules Installer service was changed from demand start to auto start.
Information,14/01/2023 14:11:44,Microsoft-Windows-WindowsUpdateClient,43,Windows Update Agent,Installation Started: Windows has started installing the following update: 2023-01 Cumulative Update for Windows 11 Version 22H2 for x64-based Systems (KB5022303)
Information,14/01/2023 14:11:42,Microsoft-Windows-WindowsUpdateClient,19,Windows Update Agent,Installation Successful: Windows successfully installed the following update: Security Intelligence Update for Microsoft Defender Antivirus - KB2267602 (Version 1.381.2182.0)
Information,14/01/2023 14:11:41,Microsoft-Windows-HttpService,113,HTTP Configuration Property Trace Task,"Attempted to add URL (http://*:2869/upnp/eventing/) to URL group (0xFC00000C20000001). Status: 0x0. Process Id 0x28B8 Executable path \Device\HarddiskVolume3\Windows\System32\svchost.exe, User LOCAL SERVICE"
Information,14/01/2023 14:11:41,Microsoft-Windows-HttpService,114,HTTP Configuration Property Trace Task,"Removed URL (http://*:2869/upnp/eventing/) from URL group (0xFE00000A20000002). Process Id 0x28B8 Executable path \Device\HarddiskVolume3\Windows\System32\svchost.exe, User LOCAL SERVICE"
Information,14/01/2023 14:11:41,Microsoft-Windows-HttpService,113,HTTP Configuration Property Trace Task,"Attempted to add URL (http://*:2869/upnp/eventing/) to URL group (0xFE00000A20000002). Status: 0x0. Process Id 0x28B8 Executable path \Device\HarddiskVolume3\Windows\System32\svchost.exe, User LOCAL SERVICE"
Information,14/01/2023 14:11:41,Microsoft-Windows-HttpService,114,HTTP Configuration Property Trace Task,"Removed URL (http://*:2869/upnp/eventing/) from URL group (0xFE00000620000001). Process Id 0x28B8 Executable path \Device\HarddiskVolume3\Windows\System32\svchost.exe, User LOCAL SERVICE"
Information,14/01/2023 14:11:38,Microsoft-Windows-WindowsUpdateClient,43,Windows Update Agent,Installation Started: Windows has started installing the following update: Security Intelligence Update for Microsoft Defender Antivirus - KB2267602 (Version 1.381.2182.0)
Information,14/01/2023 14:11:38,Microsoft-Windows-WindowsUpdateClient,19,Windows Update Agent,Installation Successful: Windows successfully installed the following update: Windows Malicious Software Removal Tool x64 - v5.109 (KB890830)
Information,14/01/2023 14:11:37,Microsoft-Windows-HttpService,113,HTTP Configuration Property Trace Task,"Attempted to add URL (http://*:2869/upnp/eventing/) to URL group (0xFE00000620000001). Status: 0x0. Process Id 0x28B8 Executable path \Device\HarddiskVolume3\Windows\System32\svchost.exe, User LOCAL SERVICE"
Information,14/01/2023 14:11:37,Microsoft-Windows-HttpService,114,HTTP Configuration Property Trace Task,"Removed URL (http://*:2869/upnp/eventing/) from URL group (0xFE00000A20000001). Process Id 0x28B8 Executable path \Device\HarddiskVolume3\Windows\System32\svchost.exe, User LOCAL SERVICE"
Information,14/01/2023 14:11:36,Microsoft-Windows-HttpService,113,HTTP Configuration Property Trace Task,"Attempted to add URL (http://*:2869/upnp/eventing/) to URL group (0xFE00000A20000001). Status: 0x0. Process Id 0x28B8 Executable path \Device\HarddiskVolume3\Windows\System32\svchost.exe, User LOCAL SERVICE"
Information,14/01/2023 14:11:36,Microsoft-Windows-HttpService,114,HTTP Configuration Property Trace Task,"Removed URL (http://*:2869/upnp/eventing/) from URL group (0xFE00001220000002). Process Id 0x28B8 Executable path \Device\HarddiskVolume3\Windows\System32\svchost.exe, User LOCAL SERVICE"
