Information,07/01/2023 15:18:11,Microsoft-Windows-Kernel-Processor-Power,55,(47),"Processor 5 in group 0 exposes the following power management capabilities:

Idle state type: ACPI Idle (C) States (3 state(s))

Performance state type: ACPI Collaborative Processor Performance Control
Nominal Frequency (MHz): 2100
Maximum performance percentage: 234
Minimum performance percentage: 50
Minimum throttle percentage: 3"
Information,07/01/2023 15:18:11,Microsoft-Windows-Kernel-Processor-Power,55,(47),"Processor 4 in group 0 exposes the following power management capabilities:

Idle state type: ACPI Idle (C) States (3 state(s))

Performance state type: ACPI Collaborative Processor Performance Control
Nominal Frequency (MHz): 2100
Maximum performance percentage: 234
Minimum performance percentage: 50
Minimum throttle percentage: 3"
Information,07/01/2023 15:18:11,Microsoft-Windows-Kernel-Processor-Power,55,(47),"Processor 3 in group 0 exposes the following power management capabilities:

Idle state type: ACPI Idle (C) States (3 state(s))

Performance state type: ACPI Collaborative Processor Performance Control
Nominal Frequency (MHz): 2100
Maximum performance percentage: 234
Minimum performance percentage: 50
Minimum throttle percentage: 3"
Information,07/01/2023 15:18:11,Microsoft-Windows-Kernel-Processor-Power,55,(47),"Processor 2 in group 0 exposes the following power management capabilities:

Idle state type: ACPI Idle (C) States (3 state(s))

Performance state type: ACPI Collaborative Processor Performance Control
Nominal Frequency (MHz): 2100
Maximum performance percentage: 234
Minimum performance percentage: 50
Minimum throttle percentage: 3"
Information,07/01/2023 15:18:11,Microsoft-Windows-Kernel-Processor-Power,55,(47),"Processor 1 in group 0 exposes the following power management capabilities:

Idle state type: ACPI Idle (C) States (3 state(s))

Performance state type: ACPI Collaborative Processor Performance Control
Nominal Frequency (MHz): 2100
Maximum performance percentage: 234
Minimum performance percentage: 50
Minimum throttle percentage: 3"
Information,07/01/2023 15:18:11,Microsoft-Windows-Kernel-Processor-Power,55,(47),"Processor 0 in group 0 exposes the following power management capabilities:

Idle state type: ACPI Idle (C) States (3 state(s))

Performance state type: ACPI Collaborative Processor Performance Control
Nominal Frequency (MHz): 2100
Maximum performance percentage: 234
Minimum performance percentage: 50
Minimum throttle percentage: 3"
Information,07/01/2023 15:18:11,Microsoft-Windows-Kernel-Power,172,(203),"Connectivity state in standby: Disconnected, Reason: NIC compliance"
Critical,07/01/2023 15:18:11,Microsoft-Windows-Kernel-Power,41,(63),"The system has rebooted without cleanly shutting down first. This error could be caused if the system stopped responding, crashed, or lost power unexpectedly."
Information,07/01/2023 15:18:11,Microsoft-Windows-Kernel-Power,125,(86),"ACPI thermal zone \_TZ.TZ00 has been enumerated.             
_PSV = 0K             
_TC1 = 0             
_TC2 = 0             
_TSP = 0ms             
_AC0 = 353K             
_AC1 = 328K             
_AC2 = 323K             
_AC3 = 318K             
_AC4 = 313K             
_AC5 = 0K             
_AC6 = 0K             
_AC7 = 0K             
_AC8 = 0K             
_AC9 = 0K             
_CRT = 378K             
_HOT = 0K             
minimum throttle = 0             
_CR3 = 0K"
Information,07/01/2023 15:18:11,Microsoft-Windows-FilterManager,6,None,"File System Filter 'npsvctrig' (10.0, ‎1979‎-‎12‎-‎19T16:12:41.000000000Z) has successfully loaded and registered with Filter Manager."
Information,07/01/2023 15:18:10,Microsoft-Windows-FilterManager,6,None,"File System Filter 'FileCrypt' (10.0, ‎1983‎-‎08‎-‎19T02:58:35.000000000Z) has successfully loaded and registered with Filter Manager."
Information,07/01/2023 15:18:08,Microsoft-Windows-Ntfs,98,None,Volume C: (\Device\HarddiskVolume3) is healthy.  No action is needed.
Information,07/01/2023 15:18:08,Microsoft-Windows-FilterManager,6,None,"File System Filter 'WdFilter' (10.0, ‎2046‎-‎12‎-‎28T03:44:16.000000000Z) has successfully loaded and registered with Filter Manager."
Information,07/01/2023 15:18:08,Microsoft-Windows-FilterManager,6,None,"File System Filter 'Wof' (10.0, ‎2013‎-‎07‎-‎24T01:08:12.000000000Z) has successfully loaded and registered with Filter Manager."
Information,07/01/2023 15:18:08,Microsoft-Windows-FilterManager,6,None,"File System Filter 'FileInfo' (10.0, ‎2079‎-‎02‎-‎26T22:03:00.000000000Z) has successfully loaded and registered with Filter Manager."
Information,07/01/2023 15:18:17,EventLog,6013,None,The system uptime is 10 seconds.
Information,07/01/2023 15:18:17,EventLog,6005,None,The Event log service was started.
Information,07/01/2023 15:18:17,EventLog,6009,None,Microsoft (R) Windows (R) 10.00. 22621  Multiprocessor Free.
Error,07/01/2023 15:18:17,EventLog,6008,None,The previous system shutdown at 00:44:38 on ‎07/‎01/‎2023 was unexpected.
Information,07/01/2023 15:18:07,Microsoft-Windows-HAL,16,None,The iommu fault reporting has been initialized.
Information,07/01/2023 15:18:07,Microsoft-Windows-Kernel-General,20,(6),"The leap second configuration has been updated.
Reason: Leap second data initialized from registry during boot
Leap seconds enabled: true
New leap second count: 0
Old leap second count: 0"
Information,07/01/2023 15:18:07,Microsoft-Windows-Kernel-Boot,30,(21),The firmware reported boot metrics.
Information,07/01/2023 15:18:07,Microsoft-Windows-Kernel-Boot,27,(33),The boot type was 0x0.
Information,07/01/2023 15:18:07,Microsoft-Windows-Kernel-Boot,25,(32),The boot menu policy was 0x1.
Information,07/01/2023 15:18:07,Microsoft-Windows-Kernel-Boot,238,(101),EFI time zone bias: 2047. Daylight flags: 0. Firmware time: ‎2023‎-‎01‎-‎07T15:18:06.000000000Z.
Information,07/01/2023 15:18:07,Microsoft-Windows-Kernel-Boot,20,(31),The last shutdown's success status was true. The last boot's success status was true.
Information,07/01/2023 15:18:07,Microsoft-Windows-Kernel-Boot,32,(58),The bootmgr spent 0 ms waiting for user input.
Information,07/01/2023 15:18:07,Microsoft-Windows-Kernel-Boot,18,(57),There are 0x1 boot options on this system.
Information,07/01/2023 15:18:07,Microsoft-Windows-Kernel-Boot,32,(58),The bootmgr spent 0 ms waiting for user input.
Information,07/01/2023 15:18:07,Microsoft-Windows-Kernel-Boot,18,(57),There are 0x1 boot options on this system.
Error,07/01/2023 15:18:07,Microsoft-Windows-Kernel-Boot,29,None,Windows failed fast startup with error status 0xC00000D4.
Information,07/01/2023 15:18:07,Microsoft-Windows-Kernel-Boot,153,(62),Virtualization-based security (policies: 0) is disabled.
Information,07/01/2023 15:18:07,Microsoft-Windows-Kernel-General,12,(1),The operating system started at system time ‎2023‎-‎01‎-‎07T15:18:06.500000000Z.
Warning,07/01/2023 00:18:30,Microsoft-Windows-DistributedCOM,10016,None,"The application-specific permission settings do not grant Local Activation permission for the COM Server application with CLSID 
{2593F8B9-4EAF-457C-B68A-50F6B8EA6B54}
 and APPID 
{15C20B67-12E7-4BB6-92BB-7AFF07997402}
 to the user DESKTOP-TBPOCIG\Abdo SID (S-1-5-21-1394681546-3843053835-3284470220-1001) from address LocalHost (Using LRPC) running in the application container Unavailable SID (Unavailable). This security permission can be modified using the Component Services administrative tool."
Information,07/01/2023 00:17:36,Microsoft-Windows-Kernel-Power,566,(268),"The system session has transitioned from 270 to 272.

Reason InputHid 

BootId: 5"
Information,07/01/2023 00:11:38,Microsoft-Windows-Kernel-Power,566,(268),"The system session has transitioned from 269 to 270.

Reason SessionUnlock 

BootId: 5"
Information,07/01/2023 00:10:40,e2fexpress,32,None,"The description for Event ID 32 from source e2fexpress cannot be found. Either the component that raises this event is not installed on your local computer or the installation is corrupted. You can install or repair the component on the local computer.

If the event originated on another computer, the display information had to be saved with the event.

The following information was included with the event: 

Intel(R) Ethernet Controller (3) I225-V

The message resource is present but the message was not found in the message table
"
Information,07/01/2023 00:10:38,Microsoft-Windows-Power-Troubleshooter,1,None,"The system has returned from a low power state.

Sleep Time: ‎2023‎-‎01‎-‎07T00:08:23.520386100Z
Wake Time: ‎2023‎-‎01‎-‎07T00:10:37.347303100Z

Wake Source: Device -USB Composite Device"
Warning,07/01/2023 00:10:37,e2fexpress,27,None,"The description for Event ID 27 from source e2fexpress cannot be found. Either the component that raises this event is not installed on your local computer or the installation is corrupted. You can install or repair the component on the local computer.

If the event originated on another computer, the display information had to be saved with the event.

The following information was included with the event: 

Intel(R) Ethernet Controller (3) I225-V

The message resource is present but the message was not found in the message table
"
Information,07/01/2023 00:10:37,Microsoft-Windows-Kernel-Power,566,(268),"The system session has transitioned from 267 to 269.

Reason Unknown 

BootId: 5"
Information,07/01/2023 00:10:37,Microsoft-Windows-Kernel-Power,566,(268),"The system session has transitioned from 266 to 267.

Reason SxTransition 

BootId: 5"
Information,07/01/2023 00:10:37,BTHUSB,18,None,Windows cannot store Bluetooth authentication codes (link keys) on the local adapter. Bluetooth keyboards might not work in the system BIOS during start-up.
Information,07/01/2023 00:10:36,Netwtw10,7026,None,7026 - Dump after return from D3 after cmd
Information,07/01/2023 00:10:36,Netwtw10,7025,None,7025 - Dump after return from D3 before cmd 
Information,07/01/2023 00:10:36,Microsoft-Windows-Kernel-Power,130,(33),"Firmware S3 times. SuspendStart: 155333251, SuspendEnd: 155333253"
Information,07/01/2023 00:10:36,Microsoft-Windows-Kernel-Power,131,(33),"Firmware S3 times. ResumeCount: 11, FullResume: 2439, AverageResume: 2440"
Information,07/01/2023 00:10:36,Microsoft-Windows-Kernel-General,1,(5),"The system time has changed to ‎2023‎-‎01‎-‎07T00:10:36.500000000Z from ‎2023‎-‎01‎-‎07T00:08:26.397178000Z.
Time Delta: 130102 ms

Change Reason: System time synchronized with the hardware clock.
Process: '' (PID 4).

RTC time: ‎2023‎-‎01‎-‎07T00:10:36.500000000Z
Current time zone bias: 0
RTC time is in UTC: false
System time was based on RTC time: false"
Information,07/01/2023 00:08:26,Microsoft-Windows-Kernel-Power,107,(102),The system has resumed from sleep.
Information,07/01/2023 00:08:24,Microsoft-Windows-Kernel-Power,42,(64),"The system is entering sleep.

Sleep Reason: System Idle"
Information,07/01/2023 00:08:23,Microsoft-Windows-Kernel-Power,566,(268),"The system session has transitioned from 264 to 266.

Reason SxTransition 

BootId: 5"
Information,06/01/2023 23:54:15,Microsoft-Windows-Kernel-Power,566,(268),"The system session has transitioned from 263 to 264.

Reason SessionUnlock 

BootId: 5"
Information,06/01/2023 23:53:14,Microsoft-Windows-Kernel-Power,566,(268),"The system session has transitioned from 261 to 263.

Reason InputHid 

BootId: 5"
Information,06/01/2023 23:45:58,Microsoft-Windows-Kernel-Power,566,(268),"The system session has transitioned from 260 to 261.

Reason SessionUnlock 

BootId: 5"
Information,06/01/2023 23:44:58,Microsoft-Windows-Kernel-Power,566,(268),"The system session has transitioned from 258 to 260.

Reason InputHid 

BootId: 5"
Information,06/01/2023 23:39:58,Microsoft-Windows-Kernel-Power,566,(268),"The system session has transitioned from 257 to 258.

Reason SessionUnlock 

BootId: 5"
Information,06/01/2023 23:39:00,e2fexpress,32,None,"The description for Event ID 32 from source e2fexpress cannot be found. Either the component that raises this event is not installed on your local computer or the installation is corrupted. You can install or repair the component on the local computer.

If the event originated on another computer, the display information had to be saved with the event.

The following information was included with the event: 

Intel(R) Ethernet Controller (3) I225-V

The message resource is present but the message was not found in the message table
"
Information,06/01/2023 23:38:58,Microsoft-Windows-Power-Troubleshooter,1,None,"The system has returned from a low power state.

Sleep Time: ‎2023‎-‎01‎-‎06T23:33:35.524874000Z
Wake Time: ‎2023‎-‎01‎-‎06T23:38:57.346390100Z

Wake Source: Device -USB Composite Device"
Warning,06/01/2023 23:38:57,e2fexpress,27,None,"The description for Event ID 27 from source e2fexpress cannot be found. Either the component that raises this event is not installed on your local computer or the installation is corrupted. You can install or repair the component on the local computer.

If the event originated on another computer, the display information had to be saved with the event.

The following information was included with the event: 

Intel(R) Ethernet Controller (3) I225-V

The message resource is present but the message was not found in the message table
"
Information,06/01/2023 23:38:57,Microsoft-Windows-Kernel-Power,566,(268),"The system session has transitioned from 255 to 257.

Reason Unknown 

BootId: 5"
Information,06/01/2023 23:38:57,Microsoft-Windows-Kernel-Power,566,(268),"The system session has transitioned from 254 to 255.

Reason SxTransition 

BootId: 5"
Information,06/01/2023 23:38:57,BTHUSB,18,None,Windows cannot store Bluetooth authentication codes (link keys) on the local adapter. Bluetooth keyboards might not work in the system BIOS during start-up.
Information,06/01/2023 23:38:56,Netwtw10,7026,None,7026 - Dump after return from D3 after cmd
Information,06/01/2023 23:38:56,Netwtw10,7025,None,7025 - Dump after return from D3 before cmd 
Information,06/01/2023 23:38:56,Microsoft-Windows-Kernel-Power,130,(33),"Firmware S3 times. SuspendStart: 153575486, SuspendEnd: 153575487"
Information,06/01/2023 23:38:56,Microsoft-Windows-Kernel-Power,131,(33),"Firmware S3 times. ResumeCount: 10, FullResume: 2439, AverageResume: 2440"
Information,06/01/2023 23:38:56,Microsoft-Windows-Kernel-General,1,(5),"The system time has changed to ‎2023‎-‎01‎-‎06T23:38:56.500000000Z from ‎2023‎-‎01‎-‎06T23:33:38.495907300Z.
Time Delta: 318004 ms

Change Reason: System time synchronized with the hardware clock.
Process: '' (PID 4).

RTC time: ‎2023‎-‎01‎-‎06T23:38:56.500000000Z
Current time zone bias: 0
RTC time is in UTC: false
System time was based on RTC time: false"
Information,06/01/2023 23:33:38,Microsoft-Windows-Kernel-Power,107,(102),The system has resumed from sleep.
Information,06/01/2023 23:33:36,Microsoft-Windows-Kernel-Power,42,(64),"The system is entering sleep.

Sleep Reason: System Idle"
Information,06/01/2023 23:33:35,Microsoft-Windows-Kernel-Power,566,(268),"The system session has transitioned from 252 to 254.

Reason SxTransition 

BootId: 5"
Information,06/01/2023 23:19:10,Microsoft-Windows-Kernel-Power,566,(268),"The system session has transitioned from 251 to 252.

Reason SessionUnlock 

BootId: 5"
Information,06/01/2023 23:18:12,e2fexpress,32,None,"The description for Event ID 32 from source e2fexpress cannot be found. Either the component that raises this event is not installed on your local computer or the installation is corrupted. You can install or repair the component on the local computer.

If the event originated on another computer, the display information had to be saved with the event.

The following information was included with the event: 

Intel(R) Ethernet Controller (3) I225-V

The message resource is present but the message was not found in the message table
"
Information,06/01/2023 23:18:10,Microsoft-Windows-Kernel-General,16,None,The access history in hive \??\C:\Users\Abdo\AppData\Local\Packages\RealtekSemiconductorCorp.RealtekAudioControl_dt26b99r8h8gj\Settings\settings.dat was cleared updating 2 keys and creating 1 modified pages.
Information,06/01/2023 23:18:10,Microsoft-Windows-Power-Troubleshooter,1,None,"The system has returned from a low power state.

Sleep Time: ‎2023‎-‎01‎-‎06T23:07:51.627001700Z
Wake Time: ‎2023‎-‎01‎-‎06T23:18:09.359090800Z

Wake Source: Device -USB Composite Device"
Warning,06/01/2023 23:18:09,e2fexpress,27,None,"The description for Event ID 27 from source e2fexpress cannot be found. Either the component that raises this event is not installed on your local computer or the installation is corrupted. You can install or repair the component on the local computer.

If the event originated on another computer, the display information had to be saved with the event.

The following information was included with the event: 

Intel(R) Ethernet Controller (3) I225-V

The message resource is present but the message was not found in the message table
"
Information,06/01/2023 23:18:09,Microsoft-Windows-Kernel-Power,566,(268),"The system session has transitioned from 249 to 251.

Reason Unknown 

BootId: 5"
Information,06/01/2023 23:18:09,Microsoft-Windows-Kernel-Power,566,(268),"The system session has transitioned from 248 to 249.

Reason SxTransition 

BootId: 5"
Information,06/01/2023 23:18:09,BTHUSB,18,None,Windows cannot store Bluetooth authentication codes (link keys) on the local adapter. Bluetooth keyboards might not work in the system BIOS during start-up.
Information,06/01/2023 23:18:08,Netwtw10,7026,None,7026 - Dump after return from D3 after cmd
Information,06/01/2023 23:18:08,Netwtw10,7025,None,7025 - Dump after return from D3 before cmd 
Information,06/01/2023 23:18:08,Microsoft-Windows-Kernel-Power,130,(33),"Firmware S3 times. SuspendStart: 152651830, SuspendEnd: 152651832"
Information,06/01/2023 23:18:08,Microsoft-Windows-Kernel-Power,131,(33),"Firmware S3 times. ResumeCount: 9, FullResume: 2439, AverageResume: 2441"
Information,06/01/2023 23:18:08,Microsoft-Windows-Kernel-General,1,(5),"The system time has changed to ‎2023‎-‎01‎-‎06T23:18:08.500000000Z from ‎2023‎-‎01‎-‎06T23:07:54.611198900Z.
Time Delta: 613888 ms

Change Reason: System time synchronized with the hardware clock.
Process: '' (PID 4).

RTC time: ‎2023‎-‎01‎-‎06T23:18:08.500000000Z
Current time zone bias: 0
RTC time is in UTC: false
System time was based on RTC time: false"
Information,06/01/2023 23:07:54,Microsoft-Windows-Kernel-Power,107,(102),The system has resumed from sleep.
Information,06/01/2023 23:07:52,Microsoft-Windows-Kernel-Power,42,(64),"The system is entering sleep.

Sleep Reason: System Idle"
Information,06/01/2023 23:07:51,Microsoft-Windows-Kernel-Power,566,(268),"The system session has transitioned from 246 to 248.

Reason SxTransition 

BootId: 5"
Information,06/01/2023 22:53:26,Microsoft-Windows-Kernel-Power,566,(268),"The system session has transitioned from 245 to 246.

Reason SessionUnlock 

BootId: 5"
Information,06/01/2023 22:52:28,e2fexpress,32,None,"The description for Event ID 32 from source e2fexpress cannot be found. Either the component that raises this event is not installed on your local computer or the installation is corrupted. You can install or repair the component on the local computer.

If the event originated on another computer, the display information had to be saved with the event.

The following information was included with the event: 

Intel(R) Ethernet Controller (3) I225-V

The message resource is present but the message was not found in the message table
"
Information,06/01/2023 22:52:26,Microsoft-Windows-Power-Troubleshooter,1,None,"The system has returned from a low power state.

Sleep Time: ‎2023‎-‎01‎-‎06T22:47:07.468145500Z
Wake Time: ‎2023‎-‎01‎-‎06T22:52:25.363716500Z

Wake Source: Device -USB Composite Device"
Warning,06/01/2023 22:52:25,e2fexpress,27,None,"The description for Event ID 27 from source e2fexpress cannot be found. Either the component that raises this event is not installed on your local computer or the installation is corrupted. You can install or repair the component on the local computer.

If the event originated on another computer, the display information had to be saved with the event.

The following information was included with the event: 

Intel(R) Ethernet Controller (3) I225-V

The message resource is present but the message was not found in the message table
"
Information,06/01/2023 22:52:25,Microsoft-Windows-Kernel-Power,566,(268),"The system session has transitioned from 243 to 245.

Reason Unknown 

BootId: 5"
Information,06/01/2023 22:52:25,Microsoft-Windows-Kernel-Power,566,(268),"The system session has transitioned from 242 to 243.

Reason SxTransition 

BootId: 5"
Information,06/01/2023 22:52:25,BTHUSB,18,None,Windows cannot store Bluetooth authentication codes (link keys) on the local adapter. Bluetooth keyboards might not work in the system BIOS during start-up.
Information,06/01/2023 22:52:24,Netwtw10,7026,None,7026 - Dump after return from D3 after cmd
Information,06/01/2023 22:52:24,Netwtw10,7025,None,7025 - Dump after return from D3 before cmd 
Information,06/01/2023 22:52:24,Microsoft-Windows-Kernel-Power,130,(33),"Firmware S3 times. SuspendStart: 151728030, SuspendEnd: 151728032"
Information,06/01/2023 22:52:24,Microsoft-Windows-Kernel-Power,131,(33),"Firmware S3 times. ResumeCount: 8, FullResume: 2439, AverageResume: 2441"
Information,06/01/2023 22:52:24,Microsoft-Windows-Kernel-General,1,(5),"The system time has changed to ‎2023‎-‎01‎-‎06T22:52:24.500000000Z from ‎2023‎-‎01‎-‎06T22:47:10.330867000Z.
Time Delta: 314169 ms

Change Reason: System time synchronized with the hardware clock.
Process: '' (PID 4).

RTC time: ‎2023‎-‎01‎-‎06T22:52:24.500000000Z
Current time zone bias: 0
RTC time is in UTC: false
System time was based on RTC time: false"
Information,06/01/2023 22:47:10,Microsoft-Windows-Kernel-Power,107,(102),The system has resumed from sleep.
Information,06/01/2023 22:47:08,Microsoft-Windows-Kernel-Power,42,(64),"The system is entering sleep.

Sleep Reason: System Idle"
Information,06/01/2023 22:47:07,Microsoft-Windows-Kernel-Power,566,(268),"The system session has transitioned from 240 to 242.

Reason SxTransition 

BootId: 5"
Information,06/01/2023 22:32:42,Microsoft-Windows-Kernel-Power,566,(268),"The system session has transitioned from 239 to 240.

Reason SessionUnlock 

BootId: 5"
Information,06/01/2023 22:31:44,e2fexpress,32,None,"The description for Event ID 32 from source e2fexpress cannot be found. Either the component that raises this event is not installed on your local computer or the installation is corrupted. You can install or repair the component on the local computer.

If the event originated on another computer, the display information had to be saved with the event.

The following information was included with the event: 

Intel(R) Ethernet Controller (3) I225-V

The message resource is present but the message was not found in the message table
"
Information,06/01/2023 22:31:42,Microsoft-Windows-Power-Troubleshooter,1,None,"The system has returned from a low power state.

Sleep Time: ‎2023‎-‎01‎-‎06T22:31:30.984266500Z
Wake Time: ‎2023‎-‎01‎-‎06T22:31:41.331732000Z

Wake Source: Device -USB Composite Device"
Warning,06/01/2023 22:31:41,e2fexpress,27,None,"The description for Event ID 27 from source e2fexpress cannot be found. Either the component that raises this event is not installed on your local computer or the installation is corrupted. You can install or repair the component on the local computer.

If the event originated on another computer, the display information had to be saved with the event.

The following information was included with the event: 

Intel(R) Ethernet Controller (3) I225-V

The message resource is present but the message was not found in the message table
"
Information,06/01/2023 22:31:41,Microsoft-Windows-Kernel-Power,566,(268),"The system session has transitioned from 237 to 239.

Reason Unknown 

BootId: 5"
Information,06/01/2023 22:31:41,Microsoft-Windows-Kernel-Power,566,(268),"The system session has transitioned from 236 to 237.

Reason SxTransition 

BootId: 5"
Information,06/01/2023 22:31:41,BTHUSB,18,None,Windows cannot store Bluetooth authentication codes (link keys) on the local adapter. Bluetooth keyboards might not work in the system BIOS during start-up.
Information,06/01/2023 22:31:40,Netwtw10,7026,None,7026 - Dump after return from D3 after cmd
Information,06/01/2023 22:31:40,Netwtw10,7025,None,7025 - Dump after return from D3 before cmd 
Information,06/01/2023 22:31:40,Microsoft-Windows-Kernel-Power,130,(33),"Firmware S3 times. SuspendStart: 150804543, SuspendEnd: 150804544"
Information,06/01/2023 22:31:40,Microsoft-Windows-Kernel-Power,131,(33),"Firmware S3 times. ResumeCount: 7, FullResume: 2438, AverageResume: 2441"
Information,06/01/2023 22:31:40,Microsoft-Windows-Kernel-General,1,(5),"The system time has changed to ‎2023‎-‎01‎-‎06T22:31:40.500000000Z from ‎2023‎-‎01‎-‎06T22:31:34.013036900Z.
Time Delta: 6486 ms

Change Reason: System time synchronized with the hardware clock.
Process: '' (PID 4).

RTC time: ‎2023‎-‎01‎-‎06T22:31:40.500000000Z
Current time zone bias: 0
RTC time is in UTC: false
System time was based on RTC time: false"
Information,06/01/2023 22:31:34,Microsoft-Windows-Kernel-Power,107,(102),The system has resumed from sleep.
Information,06/01/2023 22:31:32,Microsoft-Windows-Kernel-Power,42,(64),"The system is entering sleep.

Sleep Reason: System Idle"
Information,06/01/2023 22:31:30,Microsoft-Windows-Kernel-Power,566,(268),"The system session has transitioned from 234 to 236.

Reason SxTransition 

BootId: 5"
Information,06/01/2023 22:17:07,Microsoft-Windows-Kernel-Power,566,(268),"The system session has transitioned from 233 to 234.

Reason SessionUnlock 

BootId: 5"
Information,06/01/2023 22:16:09,e2fexpress,32,None,"The description for Event ID 32 from source e2fexpress cannot be found. Either the component that raises this event is not installed on your local computer or the installation is corrupted. You can install or repair the component on the local computer.

If the event originated on another computer, the display information had to be saved with the event.

The following information was included with the event: 

Intel(R) Ethernet Controller (3) I225-V

The message resource is present but the message was not found in the message table
"
Information,06/01/2023 22:16:07,Microsoft-Windows-Power-Troubleshooter,1,None,"The system has returned from a low power state.

Sleep Time: ‎2023‎-‎01‎-‎06T22:00:25.026845200Z
Wake Time: ‎2023‎-‎01‎-‎06T22:16:06.332230300Z

Wake Source: Device -USB Composite Device"
Warning,06/01/2023 22:16:06,e2fexpress,27,None,"The description for Event ID 27 from source e2fexpress cannot be found. Either the component that raises this event is not installed on your local computer or the installation is corrupted. You can install or repair the component on the local computer.

If the event originated on another computer, the display information had to be saved with the event.

The following information was included with the event: 

Intel(R) Ethernet Controller (3) I225-V

The message resource is present but the message was not found in the message table
"
Information,06/01/2023 22:16:06,Microsoft-Windows-Kernel-Power,566,(268),"The system session has transitioned from 231 to 233.

Reason Unknown 

BootId: 5"
Information,06/01/2023 22:16:06,Microsoft-Windows-Kernel-Power,566,(268),"The system session has transitioned from 230 to 231.

Reason SxTransition 

BootId: 5"
Information,06/01/2023 22:16:06,BTHUSB,18,None,Windows cannot store Bluetooth authentication codes (link keys) on the local adapter. Bluetooth keyboards might not work in the system BIOS during start-up.
Information,06/01/2023 22:16:05,Netwtw10,7026,None,7026 - Dump after return from D3 after cmd
Information,06/01/2023 22:16:05,Netwtw10,7025,None,7025 - Dump after return from D3 before cmd 
Information,06/01/2023 22:16:05,Microsoft-Windows-Kernel-Power,130,(33),"Firmware S3 times. SuspendStart: 149882348, SuspendEnd: 149882349"
Information,06/01/2023 22:16:05,Microsoft-Windows-Kernel-Power,131,(33),"Firmware S3 times. ResumeCount: 6, FullResume: 2438, AverageResume: 2442"
Information,06/01/2023 22:16:05,Microsoft-Windows-Kernel-General,1,(5),"The system time has changed to ‎2023‎-‎01‎-‎06T22:16:05.500000000Z from ‎2023‎-‎01‎-‎06T22:00:28.061691200Z.
Time Delta: 937438 ms

Change Reason: System time synchronized with the hardware clock.
Process: '' (PID 4).

RTC time: ‎2023‎-‎01‎-‎06T22:16:05.500000000Z
Current time zone bias: 0
RTC time is in UTC: false
System time was based on RTC time: false"
Information,06/01/2023 22:00:28,Microsoft-Windows-Kernel-Power,107,(102),The system has resumed from sleep.
Information,06/01/2023 22:00:26,Microsoft-Windows-Kernel-Power,42,(64),"The system is entering sleep.

Sleep Reason: System Idle"
Information,06/01/2023 22:00:25,Microsoft-Windows-Kernel-Power,566,(268),"The system session has transitioned from 228 to 230.

Reason SxTransition 

BootId: 5"
Information,06/01/2023 21:45:58,Microsoft-Windows-Kernel-Power,566,(268),"The system session has transitioned from 227 to 228.

Reason SessionUnlock 

BootId: 5"
Information,06/01/2023 21:45:00,e2fexpress,32,None,"The description for Event ID 32 from source e2fexpress cannot be found. Either the component that raises this event is not installed on your local computer or the installation is corrupted. You can install or repair the component on the local computer.

If the event originated on another computer, the display information had to be saved with the event.

The following information was included with the event: 

Intel(R) Ethernet Controller (3) I225-V

The message resource is present but the message was not found in the message table
"
Information,06/01/2023 21:44:58,Microsoft-Windows-Power-Troubleshooter,1,None,"The system has returned from a low power state.

Sleep Time: ‎2023‎-‎01‎-‎06T21:34:25.697632200Z
Wake Time: ‎2023‎-‎01‎-‎06T21:44:57.437363300Z

Wake Source: Device -USB Composite Device"
Warning,06/01/2023 21:44:57,e2fexpress,27,None,"The description for Event ID 27 from source e2fexpress cannot be found. Either the component that raises this event is not installed on your local computer or the installation is corrupted. You can install or repair the component on the local computer.

If the event originated on another computer, the display information had to be saved with the event.

The following information was included with the event: 

Intel(R) Ethernet Controller (3) I225-V

The message resource is present but the message was not found in the message table
"
Information,06/01/2023 21:44:57,Microsoft-Windows-Kernel-Power,566,(268),"The system session has transitioned from 225 to 227.

Reason InputHid 

BootId: 5"
Information,06/01/2023 21:44:57,Microsoft-Windows-Kernel-Power,566,(268),"The system session has transitioned from 224 to 225.

Reason SxTransition 

BootId: 5"
Information,06/01/2023 21:44:57,BTHUSB,18,None,Windows cannot store Bluetooth authentication codes (link keys) on the local adapter. Bluetooth keyboards might not work in the system BIOS during start-up.
Information,06/01/2023 21:44:56,Netwtw10,7026,None,7026 - Dump after return from D3 after cmd
Information,06/01/2023 21:44:56,Netwtw10,7025,None,7025 - Dump after return from D3 before cmd 
Information,06/01/2023 21:44:56,Microsoft-Windows-Kernel-Power,130,(33),"Firmware S3 times. SuspendStart: 148957081, SuspendEnd: 148957083"
Information,06/01/2023 21:44:56,Microsoft-Windows-Kernel-Power,131,(33),"Firmware S3 times. ResumeCount: 5, FullResume: 2439, AverageResume: 2442"
Information,06/01/2023 21:44:56,Microsoft-Windows-Kernel-General,1,(5),"The system time has changed to ‎2023‎-‎01‎-‎06T21:44:56.500000000Z from ‎2023‎-‎01‎-‎06T21:34:28.669498500Z.
Time Delta: 627830 ms

Change Reason: System time synchronized with the hardware clock.
Process: '' (PID 4).

RTC time: ‎2023‎-‎01‎-‎06T21:44:56.500000000Z
Current time zone bias: 0
RTC time is in UTC: false
System time was based on RTC time: false"
Information,06/01/2023 21:34:28,Microsoft-Windows-Kernel-Power,107,(102),The system has resumed from sleep.
Information,06/01/2023 21:34:26,Microsoft-Windows-Kernel-Power,42,(64),"The system is entering sleep.

Sleep Reason: System Idle"
Information,06/01/2023 21:34:25,Microsoft-Windows-Kernel-Power,566,(268),"The system session has transitioned from 222 to 224.

Reason SxTransition 

BootId: 5"
Information,06/01/2023 21:26:47,Microsoft-Windows-HttpService,114,HTTP Configuration Property Trace Task,"Removed URL (http://*:2869/upnp/eventing/) from URL group (0xFE00001220000006). Process Id 0x3550 Executable path \Device\HarddiskVolume3\Windows\System32\svchost.exe, User LOCAL SERVICE"
Information,06/01/2023 21:26:47,Service Control Manager,7040,None,The start type of the Background Intelligent Transfer Service service was changed from auto start to demand start.
Information,06/01/2023 21:24:19,Microsoft-Windows-HttpService,113,HTTP Configuration Property Trace Task,"Attempted to add URL (http://*:2869/upnp/eventing/) to URL group (0xFE00001220000006). Status: 0x0. Process Id 0x3550 Executable path \Device\HarddiskVolume3\Windows\System32\svchost.exe, User LOCAL SERVICE"
Information,06/01/2023 21:24:19,Microsoft-Windows-HttpService,114,HTTP Configuration Property Trace Task,"Removed URL (http://*:2869/upnp/eventing/) from URL group (0xFE0000132000000E). Process Id 0x3550 Executable path \Device\HarddiskVolume3\Windows\System32\svchost.exe, User LOCAL SERVICE"
Information,06/01/2023 21:24:15,Microsoft-Windows-HttpService,113,HTTP Configuration Property Trace Task,"Attempted to add URL (http://*:2869/upnp/eventing/) to URL group (0xFE0000132000000E). Status: 0x0. Process Id 0x3550 Executable path \Device\HarddiskVolume3\Windows\System32\svchost.exe, User LOCAL SERVICE"
Information,06/01/2023 21:24:10,Service Control Manager,7040,None,The start type of the Background Intelligent Transfer Service service was changed from demand start to auto start.
Information,06/01/2023 21:20:00,Microsoft-Windows-Kernel-Power,566,(268),"The system session has transitioned from 221 to 222.

Reason SessionUnlock 

BootId: 5"
Information,06/01/2023 21:19:02,e2fexpress,32,None,"The description for Event ID 32 from source e2fexpress cannot be found. Either the component that raises this event is not installed on your local computer or the installation is corrupted. You can install or repair the component on the local computer.

If the event originated on another computer, the display information had to be saved with the event.

The following information was included with the event: 

Intel(R) Ethernet Controller (3) I225-V

The message resource is present but the message was not found in the message table
"
Information,06/01/2023 21:19:00,Microsoft-Windows-Power-Troubleshooter,1,None,"The system has returned from a low power state.

Sleep Time: ‎2023‎-‎01‎-‎06T21:14:13.444618200Z
Wake Time: ‎2023‎-‎01‎-‎06T21:18:59.442939000Z

Wake Source: Device -USB Composite Device"
Warning,06/01/2023 21:18:59,e2fexpress,27,None,"The description for Event ID 27 from source e2fexpress cannot be found. Either the component that raises this event is not installed on your local computer or the installation is corrupted. You can install or repair the component on the local computer.

If the event originated on another computer, the display information had to be saved with the event.

The following information was included with the event: 

Intel(R) Ethernet Controller (3) I225-V

The message resource is present but the message was not found in the message table
"
Information,06/01/2023 21:18:59,Microsoft-Windows-Kernel-Power,566,(268),"The system session has transitioned from 219 to 221.

Reason Unknown 

BootId: 5"
Information,06/01/2023 21:18:59,Microsoft-Windows-Kernel-Power,566,(268),"The system session has transitioned from 218 to 219.

Reason SxTransition 

BootId: 5"
Information,06/01/2023 21:18:59,BTHUSB,18,None,Windows cannot store Bluetooth authentication codes (link keys) on the local adapter. Bluetooth keyboards might not work in the system BIOS during start-up.
Information,06/01/2023 21:18:58,Netwtw10,7026,None,7026 - Dump after return from D3 after cmd
Information,06/01/2023 21:18:58,Netwtw10,7025,None,7025 - Dump after return from D3 before cmd 
Information,06/01/2023 21:18:58,Microsoft-Windows-Kernel-Power,130,(33),"Firmware S3 times. SuspendStart: 148033225, SuspendEnd: 148033227"
Information,06/01/2023 21:18:58,Microsoft-Windows-Kernel-Power,131,(33),"Firmware S3 times. ResumeCount: 4, FullResume: 2438, AverageResume: 2443"
Information,06/01/2023 21:18:58,Microsoft-Windows-Kernel-General,1,(5),"The system time has changed to ‎2023‎-‎01‎-‎06T21:18:58.500000000Z from ‎2023‎-‎01‎-‎06T21:14:16.249955000Z.
Time Delta: 282250 ms

Change Reason: System time synchronized with the hardware clock.
Process: '' (PID 4).

RTC time: ‎2023‎-‎01‎-‎06T21:18:58.500000000Z
Current time zone bias: 0
RTC time is in UTC: false
System time was based on RTC time: false"
Information,06/01/2023 21:14:16,Microsoft-Windows-Kernel-Power,107,(102),The system has resumed from sleep.
Information,06/01/2023 21:14:14,Microsoft-Windows-Kernel-Power,42,(64),"The system is entering sleep.

Sleep Reason: System Idle"
Information,06/01/2023 21:14:13,Microsoft-Windows-Kernel-Power,566,(268),"The system session has transitioned from 216 to 218.

Reason SxTransition 

BootId: 5"
Information,06/01/2023 21:00:56,Service Control Manager,7040,None,The start type of the Background Intelligent Transfer Service service was changed from auto start to demand start.
Information,06/01/2023 20:59:48,Microsoft-Windows-Kernel-Power,566,(268),"The system session has transitioned from 215 to 216.

Reason SessionUnlock 

BootId: 5"
Information,06/01/2023 20:58:51,Service Control Manager,7040,None,The start type of the Background Intelligent Transfer Service service was changed from demand start to auto start.
Information,06/01/2023 20:58:50,e2fexpress,32,None,"The description for Event ID 32 from source e2fexpress cannot be found. Either the component that raises this event is not installed on your local computer or the installation is corrupted. You can install or repair the component on the local computer.

If the event originated on another computer, the display information had to be saved with the event.

The following information was included with the event: 

Intel(R) Ethernet Controller (3) I225-V

The message resource is present but the message was not found in the message table
"
Information,06/01/2023 20:58:48,Microsoft-Windows-Power-Troubleshooter,1,None,"The system has returned from a low power state.

Sleep Time: ‎2023‎-‎01‎-‎06T20:53:36.337566000Z
Wake Time: ‎2023‎-‎01‎-‎06T20:58:47.339414500Z

Wake Source: Device -USB Composite Device"
Warning,06/01/2023 20:58:47,e2fexpress,27,None,"The description for Event ID 27 from source e2fexpress cannot be found. Either the component that raises this event is not installed on your local computer or the installation is corrupted. You can install or repair the component on the local computer.

If the event originated on another computer, the display information had to be saved with the event.

The following information was included with the event: 

Intel(R) Ethernet Controller (3) I225-V

The message resource is present but the message was not found in the message table
"
Information,06/01/2023 20:58:47,Microsoft-Windows-Kernel-Power,566,(268),"The system session has transitioned from 213 to 215.

Reason Unknown 

BootId: 5"
Information,06/01/2023 20:58:47,Microsoft-Windows-Kernel-Power,566,(268),"The system session has transitioned from 212 to 213.

Reason SxTransition 

BootId: 5"
Information,06/01/2023 20:58:47,BTHUSB,18,None,Windows cannot store Bluetooth authentication codes (link keys) on the local adapter. Bluetooth keyboards might not work in the system BIOS during start-up.
Information,06/01/2023 20:58:46,Netwtw10,7026,None,7026 - Dump after return from D3 after cmd
Information,06/01/2023 20:58:46,Netwtw10,7025,None,7025 - Dump after return from D3 before cmd 
Information,06/01/2023 20:58:46,Microsoft-Windows-Kernel-Power,130,(33),"Firmware S3 times. SuspendStart: 147109852, SuspendEnd: 147109854"
Information,06/01/2023 20:58:46,Microsoft-Windows-Kernel-Power,131,(33),"Firmware S3 times. ResumeCount: 3, FullResume: 2438, AverageResume: 2445"
Information,06/01/2023 20:58:46,Microsoft-Windows-Kernel-General,1,(5),"The system time has changed to ‎2023‎-‎01‎-‎06T20:58:46.500000000Z from ‎2023‎-‎01‎-‎06T20:53:39.373918200Z.
Time Delta: 307126 ms

Change Reason: System time synchronized with the hardware clock.
Process: '' (PID 4).

RTC time: ‎2023‎-‎01‎-‎06T20:58:46.500000000Z
Current time zone bias: 0
RTC time is in UTC: false
System time was based on RTC time: false"
Information,06/01/2023 20:53:39,Microsoft-Windows-Kernel-Power,107,(102),The system has resumed from sleep.
Information,06/01/2023 20:53:37,Microsoft-Windows-Kernel-Power,42,(64),"The system is entering sleep.

Sleep Reason: System Idle"
Information,06/01/2023 20:53:36,Microsoft-Windows-Kernel-Power,566,(268),"The system session has transitioned from 210 to 212.

Reason SxTransition 

BootId: 5"
Error,06/01/2023 20:49:00,Microsoft-Windows-WindowsUpdateClient,20,Windows Update Agent,Installation Failure: Windows failed to install the following update with error 0x80073D02: 9WZDNCRFHVQM-MICROSOFT.WINDOWSCOMMUNICATIONSAPPS.
Information,06/01/2023 20:49:00,Microsoft-Windows-WindowsUpdateClient,43,Windows Update Agent,Installation Started: Windows has started installing the following update: 9WZDNCRFHVQM-MICROSOFT.WINDOWSCOMMUNICATIONSAPPS
Information,06/01/2023 20:49:00,Microsoft-Windows-WindowsUpdateClient,44,Windows Update Agent,Windows Update started downloading an update.
Error,06/01/2023 20:48:50,Microsoft-Windows-WindowsUpdateClient,20,Windows Update Agent,Installation Failure: Windows failed to install the following update with error 0x80073D02: 9WZDNCRFHVQM-MICROSOFT.WINDOWSCOMMUNICATIONSAPPS.
Information,06/01/2023 20:48:50,Microsoft-Windows-WindowsUpdateClient,43,Windows Update Agent,Installation Started: Windows has started installing the following update: 9WZDNCRFHVQM-MICROSOFT.WINDOWSCOMMUNICATIONSAPPS
Information,06/01/2023 20:48:50,Microsoft-Windows-WindowsUpdateClient,44,Windows Update Agent,Windows Update started downloading an update.
Information,06/01/2023 20:39:11,Microsoft-Windows-Kernel-Power,566,(268),"The system session has transitioned from 209 to 210.

Reason SessionUnlock 

BootId: 5"
Information,06/01/2023 20:38:13,e2fexpress,32,None,"The description for Event ID 32 from source e2fexpress cannot be found. Either the component that raises this event is not installed on your local computer or the installation is corrupted. You can install or repair the component on the local computer.

If the event originated on another computer, the display information had to be saved with the event.

The following information was included with the event: 

Intel(R) Ethernet Controller (3) I225-V

The message resource is present but the message was not found in the message table
"
Information,06/01/2023 20:38:11,Microsoft-Windows-Power-Troubleshooter,1,None,"The system has returned from a low power state.

Sleep Time: ‎2023‎-‎01‎-‎06T20:37:53.357478000Z
Wake Time: ‎2023‎-‎01‎-‎06T20:38:10.332374700Z

Wake Source: Device -USB Composite Device"
Warning,06/01/2023 20:38:10,e2fexpress,27,None,"The description for Event ID 27 from source e2fexpress cannot be found. Either the component that raises this event is not installed on your local computer or the installation is corrupted. You can install or repair the component on the local computer.

If the event originated on another computer, the display information had to be saved with the event.

The following information was included with the event: 

Intel(R) Ethernet Controller (3) I225-V

The message resource is present but the message was not found in the message table
"
Information,06/01/2023 20:38:10,Microsoft-Windows-Kernel-Power,566,(268),"The system session has transitioned from 207 to 209.

Reason InputHid 

BootId: 5"
Information,06/01/2023 20:38:10,Microsoft-Windows-Kernel-Power,566,(268),"The system session has transitioned from 206 to 207.

Reason SxTransition 

BootId: 5"
Information,06/01/2023 20:38:10,BTHUSB,18,None,Windows cannot store Bluetooth authentication codes (link keys) on the local adapter. Bluetooth keyboards might not work in the system BIOS during start-up.
Information,06/01/2023 20:38:09,Netwtw10,7026,None,7026 - Dump after return from D3 after cmd
Information,06/01/2023 20:38:09,Netwtw10,7025,None,7025 - Dump after return from D3 before cmd 
Information,06/01/2023 20:38:09,Microsoft-Windows-Kernel-Power,130,(33),"Firmware S3 times. SuspendStart: 146186296, SuspendEnd: 146186297"
Information,06/01/2023 20:38:09,Microsoft-Windows-Kernel-Power,131,(33),"Firmware S3 times. ResumeCount: 2, FullResume: 2439, AverageResume: 2448"
Information,06/01/2023 20:38:09,Microsoft-Windows-Kernel-General,1,(5),"The system time has changed to ‎2023‎-‎01‎-‎06T20:38:09.500000000Z from ‎2023‎-‎01‎-‎06T20:37:56.526074300Z.
Time Delta: 12973 ms

Change Reason: System time synchronized with the hardware clock.
Process: '' (PID 4).

RTC time: ‎2023‎-‎01‎-‎06T20:38:09.500000000Z
Current time zone bias: 0
RTC time is in UTC: false
System time was based on RTC time: false"
Information,06/01/2023 20:37:56,Microsoft-Windows-Kernel-Power,107,(102),The system has resumed from sleep.
Information,06/01/2023 20:37:54,Microsoft-Windows-Kernel-Power,42,(64),"The system is entering sleep.

Sleep Reason: System Idle"
Information,06/01/2023 20:37:53,Microsoft-Windows-Kernel-Power,566,(268),"The system session has transitioned from 204 to 206.

Reason SxTransition 

BootId: 5"
Information,06/01/2023 20:32:33,Service Control Manager,7040,None,The start type of the Background Intelligent Transfer Service service was changed from auto start to demand start.
Information,06/01/2023 20:23:41,Microsoft-Windows-Kernel-Power,566,(268),"The system session has transitioned from 203 to 204.

Reason SessionUnlock 

BootId: 5"
Information,06/01/2023 20:22:34,e2fexpress,32,None,"The description for Event ID 32 from source e2fexpress cannot be found. Either the component that raises this event is not installed on your local computer or the installation is corrupted. You can install or repair the component on the local computer.

If the event originated on another computer, the display information had to be saved with the event.

The following information was included with the event: 

Intel(R) Ethernet Controller (3) I225-V

The message resource is present but the message was not found in the message table
"
Information,06/01/2023 20:22:32,Microsoft-Windows-Power-Troubleshooter,1,None,"The system has returned from a low power state.

Sleep Time: ‎2023‎-‎01‎-‎06T20:02:40.331282700Z
Wake Time: ‎2023‎-‎01‎-‎06T20:22:31.378282700Z

Wake Source: Device -USB Composite Device"
Warning,06/01/2023 20:22:31,e2fexpress,27,None,"The description for Event ID 27 from source e2fexpress cannot be found. Either the component that raises this event is not installed on your local computer or the installation is corrupted. You can install or repair the component on the local computer.

If the event originated on another computer, the display information had to be saved with the event.

The following information was included with the event: 

Intel(R) Ethernet Controller (3) I225-V

The message resource is present but the message was not found in the message table
"
Information,06/01/2023 20:22:31,Microsoft-Windows-Kernel-Power,566,(268),"The system session has transitioned from 201 to 203.

Reason Unknown 

BootId: 5"
Information,06/01/2023 20:22:31,Microsoft-Windows-Kernel-Power,566,(268),"The system session has transitioned from 200 to 201.

Reason SxTransition 

BootId: 5"
Information,06/01/2023 20:22:31,BTHUSB,18,None,Windows cannot store Bluetooth authentication codes (link keys) on the local adapter. Bluetooth keyboards might not work in the system BIOS during start-up.
Information,06/01/2023 20:22:30,Netwtw10,7026,None,7026 - Dump after return from D3 after cmd
Information,06/01/2023 20:22:30,Netwtw10,7025,None,7025 - Dump after return from D3 before cmd 
Information,06/01/2023 20:22:30,Microsoft-Windows-Kernel-Power,130,(33),"Firmware S3 times. SuspendStart: 145266605, SuspendEnd: 145266689"
Information,06/01/2023 20:22:30,Microsoft-Windows-Kernel-Power,131,(33),"Firmware S3 times. ResumeCount: 1, FullResume: 2458, AverageResume: 2458"
Information,06/01/2023 20:22:30,Microsoft-Windows-Kernel-General,1,(5),"The system time has changed to ‎2023‎-‎01‎-‎06T20:22:30.500000000Z from ‎2023‎-‎01‎-‎06T20:02:45.923453700Z.
Time Delta: 1184576 ms

Change Reason: System time synchronized with the hardware clock.
Process: '' (PID 4).

RTC time: ‎2023‎-‎01‎-‎06T20:22:30.500000000Z
Current time zone bias: 0
RTC time is in UTC: false
System time was based on RTC time: false"
Information,06/01/2023 20:02:45,Microsoft-Windows-Kernel-Power,107,(102),The system has resumed from sleep.
Information,06/01/2023 20:02:43,Microsoft-Windows-Kernel-Power,42,(64),"The system is entering sleep.

Sleep Reason: System Idle"
Information,06/01/2023 20:02:41,Microsoft-Windows-Kernel-General,16,None,The access history in hive \??\C:\Users\Abdo\AppData\Local\Packages\Microsoft.LockApp_cw5n1h2txyewy\Settings\settings.dat was cleared updating 3 keys and creating 1 modified pages.
Information,06/01/2023 20:02:40,Microsoft-Windows-Kernel-Power,566,(268),"The system session has transitioned from 198 to 200.

Reason SxTransition 

BootId: 5"
