Warning,11/12/2022 20:52:18,Microsoft-Windows-Kernel-PnP,225,(223),"The application \Device\HarddiskVolume3\Windows\System32\svchost.exe with process id 3212 stopped the removal or ejection for the device PCI\VEN_8086&DEV_467F&SUBSYS_86941043&REV_00\3&11583659&0&70.
Process command line: C:\WINDOWS\system32\svchost.exe -k LocalService -p -s SstpSvc
List of affected devices:
"
Warning,11/12/2022 20:52:18,Microsoft-Windows-Kernel-PnP,225,(223),"The application \Device\HarddiskVolume3\Windows\System32\SecurityHealthService.exe with process id 3172 stopped the removal or ejection for the device PCI\VEN_8086&DEV_467F&SUBSYS_86941043&REV_00\3&11583659&0&70.
Process command line: C:\WINDOWS\system32\SecurityHealthService.exe
List of affected devices:
"
Warning,11/12/2022 20:52:18,Microsoft-Windows-Kernel-PnP,225,(223),"The application \Device\HarddiskVolume3\Windows\System32\svchost.exe with process id 3136 stopped the removal or ejection for the device PCI\VEN_8086&DEV_467F&SUBSYS_86941043&REV_00\3&11583659&0&70.
Process command line: C:\WINDOWS\system32\svchost.exe -k LocalService -p -s nsi
List of affected devices:
"
Warning,11/12/2022 20:52:18,Microsoft-Windows-Kernel-PnP,225,(223),"The application \Device\HarddiskVolume3\Windows\System32\svchost.exe with process id 3068 stopped the removal or ejection for the device PCI\VEN_8086&DEV_467F&SUBSYS_86941043&REV_00\3&11583659&0&70.
Process command line: C:\WINDOWS\system32\svchost.exe -k LocalService -p -s bthserv
List of affected devices:
"
Warning,11/12/2022 20:52:18,Microsoft-Windows-Kernel-PnP,225,(223),"The application \Device\HarddiskVolume3\Users\Abdo\AppData\Roaming\Spotify\Spotify.exe with process id 3056 stopped the removal or ejection for the device PCI\VEN_8086&DEV_467F&SUBSYS_86941043&REV_00\3&11583659&0&70.
Process command line: ""C:\Users\Abdo\AppData\Roaming\Spotify\Spotify.exe"" --autostart --minimized
List of affected devices:
"
Warning,11/12/2022 20:52:18,Microsoft-Windows-Kernel-PnP,225,(223),"The application \Device\HarddiskVolume3\Windows\System32\svchost.exe with process id 2900 stopped the removal or ejection for the device PCI\VEN_8086&DEV_467F&SUBSYS_86941043&REV_00\3&11583659&0&70.
Process command line: C:\WINDOWS\System32\svchost.exe -k wsappx -p -s ClipSVC
List of affected devices:
"
Warning,11/12/2022 20:52:18,Microsoft-Windows-Kernel-PnP,225,(223),"The application \Device\HarddiskVolume3\Windows\System32\rundll32.exe with process id 2860 stopped the removal or ejection for the device PCI\VEN_8086&DEV_467F&SUBSYS_86941043&REV_00\3&11583659&0&70.
Process command line: rundll32.exe ""c:\program files\nvidia corporation\nvstreamsrv\rxdiag.dll"" RxDiagSetRuntimeMessagePump
List of affected devices:
"
Warning,11/12/2022 20:52:18,Microsoft-Windows-Kernel-PnP,225,(223),"The application \Device\HarddiskVolume3\Windows\System32\RuntimeBroker.exe with process id 2796 stopped the removal or ejection for the device PCI\VEN_8086&DEV_467F&SUBSYS_86941043&REV_00\3&11583659&0&70.
Process command line: C:\Windows\System32\RuntimeBroker.exe -Embedding
List of affected devices:
"
Warning,11/12/2022 20:52:18,Microsoft-Windows-Kernel-PnP,225,(223),"The application \Device\HarddiskVolume3\Windows\System32\svchost.exe with process id 2756 stopped the removal or ejection for the device PCI\VEN_8086&DEV_467F&SUBSYS_86941043&REV_00\3&11583659&0&70.
Process command line: C:\WINDOWS\system32\svchost.exe -k LocalSystemNetworkRestricted -p -s hidserv
List of affected devices:
"
Warning,11/12/2022 20:52:18,Microsoft-Windows-Kernel-PnP,225,(223),"The application \Device\HarddiskVolume3\Windows\System32\conhost.exe with process id 2728 stopped the removal or ejection for the device PCI\VEN_8086&DEV_467F&SUBSYS_86941043&REV_00\3&11583659&0&70.
Process command line: \\?\C:\WINDOWS\system32\conhost.exe --headless --width 93 --height 13 --signal 0x32c --server 0x324
List of affected devices:
"
Warning,11/12/2022 20:52:18,Microsoft-Windows-Kernel-PnP,225,(223),"The application \Device\HarddiskVolume3\Windows\System32\svchost.exe with process id 2716 stopped the removal or ejection for the device PCI\VEN_8086&DEV_467F&SUBSYS_86941043&REV_00\3&11583659&0&70.
Process command line: C:\WINDOWS\system32\svchost.exe -k LocalServiceNetworkRestricted -s BTAGService
List of affected devices:
"
Warning,11/12/2022 20:52:18,Microsoft-Windows-Kernel-PnP,225,(223),"The application \Device\HarddiskVolume3\Windows\System32\svchost.exe with process id 2588 stopped the removal or ejection for the device PCI\VEN_8086&DEV_467F&SUBSYS_86941043&REV_00\3&11583659&0&70.
Process command line: C:\WINDOWS\System32\svchost.exe -k LocalServiceNetworkRestricted -p -s lmhosts
List of affected devices:
"
Warning,11/12/2022 20:52:18,Microsoft-Windows-Kernel-PnP,225,(223),"The application \Device\HarddiskVolume3\Windows\System32\NahimicService.exe with process id 2552 stopped the removal or ejection for the device PCI\VEN_8086&DEV_467F&SUBSYS_86941043&REV_00\3&11583659&0&70.
Process command line: ""C:\WINDOWS\system32\NahimicService.exe""
List of affected devices:
"
Warning,11/12/2022 20:52:18,Microsoft-Windows-Kernel-PnP,225,(223),"The application \Device\HarddiskVolume3\Windows\System32\svchost.exe with process id 2480 stopped the removal or ejection for the device PCI\VEN_8086&DEV_467F&SUBSYS_86941043&REV_00\3&11583659&0&70.
Process command line: C:\WINDOWS\System32\svchost.exe -k LocalServiceNetworkRestricted -p -s wscsvc
List of affected devices:
"
Warning,11/12/2022 20:52:18,Microsoft-Windows-Kernel-PnP,225,(223),"The application \Device\HarddiskVolume3\Windows\System32\svchost.exe with process id 2468 stopped the removal or ejection for the device PCI\VEN_8086&DEV_467F&SUBSYS_86941043&REV_00\3&11583659&0&70.
Process command line: C:\WINDOWS\System32\svchost.exe -k netsvcs
List of affected devices:
"
Warning,11/12/2022 20:52:18,Microsoft-Windows-Kernel-PnP,225,(223),"The application \Device\HarddiskVolume3\Windows\System32\svchost.exe with process id 2356 stopped the removal or ejection for the device PCI\VEN_8086&DEV_467F&SUBSYS_86941043&REV_00\3&11583659&0&70.
Process command line: C:\WINDOWS\system32\svchost.exe -k netsvcs -p -s TokenBroker
List of affected devices:
"
Warning,11/12/2022 20:52:18,Microsoft-Windows-Kernel-PnP,225,(223),"The application \Device\HarddiskVolume3\Program Files\NVIDIA Corporation\NvContainer\nvcontainer.exe with process id 2244 stopped the removal or ejection for the device PCI\VEN_8086&DEV_467F&SUBSYS_86941043&REV_00\3&11583659&0&70.
Process command line: ""C:\Program Files\NVIDIA Corporation\NvContainer\nvcontainer.exe"" -s NvContainerLocalSystem -f ""C:\ProgramData\NVIDIA\NvContainerLocalSystem.log"" -l 3 -d ""C:\Program Files\NVIDIA Corporation\NvContainer\plugins\LocalSystem"" -r -p 30000 -st ""C:\Program Files\NVIDIA Corporation\NvContainer\NvContainerTelemetryApi.dll""
List of affected devices:
"
Warning,11/12/2022 20:52:18,Microsoft-Windows-Kernel-PnP,225,(223),"The application \Device\HarddiskVolume3\Program Files\ASUS\AacMB\Aac3572MbHal_x86.exe with process id 2136 stopped the removal or ejection for the device PCI\VEN_8086&DEV_467F&SUBSYS_86941043&REV_00\3&11583659&0&70.
Process command line: ""C:\Program Files\ASUS\AacMB\Aac3572MbHal_x86.exe"" -Embedding
List of affected devices:
"
Warning,11/12/2022 20:52:18,Microsoft-Windows-Kernel-PnP,225,(223),"The application \Device\HarddiskVolume3\Program Files (x86)\ASUS\ArmouryDevice\asus_framework.exe with process id 2104 stopped the removal or ejection for the device PCI\VEN_8086&DEV_467F&SUBSYS_86941043&REV_00\3&11583659&0&70.
Process command line: ""C:\Program Files (x86)\ASUS\ArmouryDevice\asus_framework.exe"" E:\snapshot\AC_Backend_Framework\build\src\main\sdk
List of affected devices:
"
Warning,11/12/2022 20:52:18,Microsoft-Windows-Kernel-PnP,225,(223),"The application \Device\HarddiskVolume3\Windows\System32\wbem\WmiPrvSE.exe with process id 2060 stopped the removal or ejection for the device PCI\VEN_8086&DEV_467F&SUBSYS_86941043&REV_00\3&11583659&0&70.
Process command line: C:\WINDOWS\system32\wbem\wmiprvse.exe
List of affected devices:
"
Warning,11/12/2022 20:52:18,Microsoft-Windows-Kernel-PnP,225,(223),"The application \Device\HarddiskVolume3\Windows\System32\svchost.exe with process id 2056 stopped the removal or ejection for the device PCI\VEN_8086&DEV_467F&SUBSYS_86941043&REV_00\3&11583659&0&70.
Process command line: C:\WINDOWS\system32\svchost.exe -k netsvcs -p -s UsoSvc
List of affected devices:
"
Warning,11/12/2022 20:52:18,Microsoft-Windows-Kernel-PnP,225,(223),"The application \Device\HarddiskVolume3\Windows\System32\vds.exe with process id 2016 stopped the removal or ejection for the device PCI\VEN_8086&DEV_467F&SUBSYS_86941043&REV_00\3&11583659&0&70.
Process command line: C:\WINDOWS\System32\vds.exe
List of affected devices:
"
Warning,11/12/2022 20:52:18,Microsoft-Windows-Kernel-PnP,225,(223),"The application \Device\HarddiskVolume3\Windows\System32\svchost.exe with process id 2000 stopped the removal or ejection for the device PCI\VEN_8086&DEV_467F&SUBSYS_86941043&REV_00\3&11583659&0&70.
Process command line: C:\WINDOWS\system32\svchost.exe -k LocalService -p -s BthAvctpSvc
List of affected devices:
"
Warning,11/12/2022 20:52:18,Microsoft-Windows-Kernel-PnP,225,(223),"The application \Device\HarddiskVolume3\Program Files\Google\Chrome\Application\chrome.exe with process id 1960 stopped the removal or ejection for the device PCI\VEN_8086&DEV_467F&SUBSYS_86941043&REV_00\3&11583659&0&70.
Process command line: ""C:\Program Files\Google\Chrome\Application\chrome.exe"" --profile-directory=""Profile 1""
List of affected devices:
"
Warning,11/12/2022 20:52:18,Microsoft-Windows-Kernel-PnP,225,(223),"The application \Device\HarddiskVolume3\Windows\System32\svchost.exe with process id 1956 stopped the removal or ejection for the device PCI\VEN_8086&DEV_467F&SUBSYS_86941043&REV_00\3&11583659&0&70.
Process command line: C:\WINDOWS\System32\svchost.exe -k utcsvc -p
List of affected devices:
"
Warning,11/12/2022 20:52:18,Microsoft-Windows-Kernel-PnP,225,(223),"The application \Device\HarddiskVolume3\Windows\System32\audiodg.exe with process id 1900 stopped the removal or ejection for the device PCI\VEN_8086&DEV_467F&SUBSYS_86941043&REV_00\3&11583659&0&70.
Process command line: C:\WINDOWS\system32\AUDIODG.EXE 0x00000000000007DC
List of affected devices:
"
Warning,11/12/2022 20:52:18,Microsoft-Windows-Kernel-PnP,225,(223),"The application \Device\HarddiskVolume3\Users\Abdo\AppData\Local\Temp\RST7DE5.tmp\SetupRST.exe with process id 1740 stopped the removal or ejection for the device PCI\VEN_8086&DEV_467F&SUBSYS_86941043&REV_00\3&11583659&0&70.
Process command line: SetupRST.exe -s -accepteula
List of affected devices:
"
Warning,11/12/2022 20:52:18,Microsoft-Windows-Kernel-PnP,225,(223),"The application \Device\HarddiskVolume3\Windows\System32\svchost.exe with process id 1732 stopped the removal or ejection for the device PCI\VEN_8086&DEV_467F&SUBSYS_86941043&REV_00\3&11583659&0&70.
Process command line: C:\WINDOWS\system32\svchost.exe -k LocalService -p -s EventSystem
List of affected devices:
"
Warning,11/12/2022 20:52:18,Microsoft-Windows-Kernel-PnP,225,(223),"The application \Device\HarddiskVolume3\Windows\System32\svchost.exe with process id 1640 stopped the removal or ejection for the device PCI\VEN_8086&DEV_467F&SUBSYS_86941043&REV_00\3&11583659&0&70.
Process command line: C:\WINDOWS\system32\svchost.exe -k LocalService -p -s DispBrokerDesktopSvc
List of affected devices:
"
Warning,11/12/2022 20:52:18,Microsoft-Windows-Kernel-PnP,225,(223),"The application \Device\HarddiskVolume3\Windows\System32\svchost.exe with process id 1496 stopped the removal or ejection for the device PCI\VEN_8086&DEV_467F&SUBSYS_86941043&REV_00\3&11583659&0&70.
Process command line: C:\WINDOWS\system32\svchost.exe -k LocalServiceNoNetwork -p
List of affected devices:
"
Warning,11/12/2022 20:52:18,Microsoft-Windows-Kernel-PnP,225,(223),"The application \Device\HarddiskVolume3\Windows\System32\svchost.exe with process id 1464 stopped the removal or ejection for the device PCI\VEN_8086&DEV_467F&SUBSYS_86941043&REV_00\3&11583659&0&70.
Process command line: C:\WINDOWS\system32\svchost.exe -k LocalService -p -s CDPSvc
List of affected devices:
"
Warning,11/12/2022 20:52:18,Microsoft-Windows-Kernel-PnP,225,(223),"The application \Device\HarddiskVolume3\Windows\System32\dwm.exe with process id 1444 stopped the removal or ejection for the device PCI\VEN_8086&DEV_467F&SUBSYS_86941043&REV_00\3&11583659&0&70.
Process command line: ""dwm.exe""
List of affected devices:
"
Warning,11/12/2022 20:52:18,Microsoft-Windows-Kernel-PnP,225,(223),"The application \Device\HarddiskVolume3\Windows\System32\svchost.exe with process id 1380 stopped the removal or ejection for the device PCI\VEN_8086&DEV_467F&SUBSYS_86941043&REV_00\3&11583659&0&70.
Process command line: C:\WINDOWS\system32\svchost.exe -k DcomLaunch -p -s DeviceInstall
List of affected devices:
"
Warning,11/12/2022 20:52:18,Microsoft-Windows-Kernel-PnP,225,(223),"The application \Device\HarddiskVolume3\Windows\System32\svchost.exe with process id 1352 stopped the removal or ejection for the device PCI\VEN_8086&DEV_467F&SUBSYS_86941043&REV_00\3&11583659&0&70.
Process command line: C:\WINDOWS\System32\svchost.exe -k UnistackSvcGroup
List of affected devices:
"
Warning,11/12/2022 20:52:18,Microsoft-Windows-Kernel-PnP,225,(223),"The application \Device\HarddiskVolume3\Windows\System32\svchost.exe with process id 1300 stopped the removal or ejection for the device PCI\VEN_8086&DEV_467F&SUBSYS_86941043&REV_00\3&11583659&0&70.
Process command line: C:\WINDOWS\system32\svchost.exe -k DcomLaunch -p -s LSM
List of affected devices:
"
Warning,11/12/2022 20:52:18,Microsoft-Windows-Kernel-PnP,225,(223),"The application \Device\HarddiskVolume3\Windows\System32\svchost.exe with process id 1260 stopped the removal or ejection for the device PCI\VEN_8086&DEV_467F&SUBSYS_86941043&REV_00\3&11583659&0&70.
Process command line: C:\WINDOWS\system32\svchost.exe -k RPCSS -p
List of affected devices:
"
Warning,11/12/2022 20:52:18,Microsoft-Windows-Kernel-PnP,225,(223),"The application \Device\HarddiskVolume3\Windows\System32\fontdrvhost.exe with process id 1152 stopped the removal or ejection for the device PCI\VEN_8086&DEV_467F&SUBSYS_86941043&REV_00\3&11583659&0&70.
Process command line: ""fontdrvhost.exe""
List of affected devices:
"
Warning,11/12/2022 20:52:18,Microsoft-Windows-Kernel-PnP,225,(223),"The application \Device\HarddiskVolume3\Windows\System32\fontdrvhost.exe with process id 1144 stopped the removal or ejection for the device PCI\VEN_8086&DEV_467F&SUBSYS_86941043&REV_00\3&11583659&0&70.
Process command line: ""fontdrvhost.exe""
List of affected devices:
"
Warning,11/12/2022 20:52:18,Microsoft-Windows-Kernel-PnP,225,(223),"The application \Device\HarddiskVolume3\Windows\System32\svchost.exe with process id 1116 stopped the removal or ejection for the device PCI\VEN_8086&DEV_467F&SUBSYS_86941043&REV_00\3&11583659&0&70.
Process command line: C:\WINDOWS\system32\svchost.exe -k DcomLaunch -p
List of affected devices:
"
Warning,11/12/2022 20:52:18,Microsoft-Windows-Kernel-PnP,225,(223),"The application \Device\HarddiskVolume3\Windows\System32\svchost.exe with process id 1008 stopped the removal or ejection for the device PCI\VEN_8086&DEV_467F&SUBSYS_86941043&REV_00\3&11583659&0&70.
Process command line: C:\WINDOWS\system32\svchost.exe -k netsvcs -p -s Winmgmt
List of affected devices:
"
Warning,11/12/2022 20:52:18,Microsoft-Windows-Kernel-PnP,225,(223),"The application \Device\HarddiskVolume3\Windows\System32\svchost.exe with process id 992 stopped the removal or ejection for the device PCI\VEN_8086&DEV_467F&SUBSYS_86941043&REV_00\3&11583659&0&70.
Process command line: C:\WINDOWS\system32\svchost.exe -k netsvcs -p -s lfsvc
List of affected devices:
"
Warning,11/12/2022 20:52:18,Microsoft-Windows-Kernel-PnP,225,(223),"The application \Device\HarddiskVolume3\Windows\System32\csrss.exe with process id 980 stopped the removal or ejection for the device PCI\VEN_8086&DEV_467F&SUBSYS_86941043&REV_00\3&11583659&0&70.
Process command line: %SystemRoot%\system32\csrss.exe ObjectDirectory=\Windows SharedSection=1024,20480,768 Windows=On SubSystemType=Windows ServerDll=basesrv,1 ServerDll=winsrv:UserServerDllInitialization,3 ServerDll=sxssrv,4 ProfileControl=Off MaxRequestThreads=16
List of affected devices:
"
Warning,11/12/2022 20:52:18,Microsoft-Windows-Kernel-PnP,225,(223),"The application \Device\HarddiskVolume3\Windows\System32\rundll32.exe with process id 972 stopped the removal or ejection for the device PCI\VEN_8086&DEV_467F&SUBSYS_86941043&REV_00\3&11583659&0&70.
Process command line: C:\WINDOWS\system32\RunDll32.EXE ""C:\Program Files\NVIDIA Corporation\Installer2\CoreTemp.{225C5F1A-0D11-4E26-AAF3-A7BFD8CBDF86}\NVPrxy64.DLL"",Proxy {B5A87824-06CE-4CBF-A486-C764EB8473EA} false
List of affected devices:
"
Warning,11/12/2022 20:52:18,Microsoft-Windows-Kernel-PnP,225,(223),"The application \Device\HarddiskVolume3\Windows\System32\rundll32.exe with process id 968 stopped the removal or ejection for the device PCI\VEN_8086&DEV_467F&SUBSYS_86941043&REV_00\3&11583659&0&70.
Process command line: rundll32.exe ""c:\program files\nvidia corporation\nvstreamsrv\rxdiag.dll"" RxDiagSetRuntimeMessagePump
List of affected devices:
"
Warning,11/12/2022 20:52:18,Microsoft-Windows-Kernel-PnP,225,(223),"The application \Device\HarddiskVolume3\Windows\System32\wininit.exe with process id 956 stopped the removal or ejection for the device PCI\VEN_8086&DEV_467F&SUBSYS_86941043&REV_00\3&11583659&0&70.
Process command line: wininit.exe
List of affected devices:
"
Warning,11/12/2022 20:52:18,Microsoft-Windows-Kernel-PnP,225,(223),"The application \Device\HarddiskVolume3\Windows\System32\csrss.exe with process id 888 stopped the removal or ejection for the device PCI\VEN_8086&DEV_467F&SUBSYS_86941043&REV_00\3&11583659&0&70.
Process command line: %SystemRoot%\system32\csrss.exe ObjectDirectory=\Windows SharedSection=1024,20480,768 Windows=On SubSystemType=Windows ServerDll=basesrv,1 ServerDll=winsrv:UserServerDllInitialization,3 ServerDll=sxssrv,4 ProfileControl=Off MaxRequestThreads=16
List of affected devices:
"
Warning,11/12/2022 20:52:18,Microsoft-Windows-Kernel-PnP,225,(223),"The application \Device\HarddiskVolume3\Windows\System32\lsass.exe with process id 860 stopped the removal or ejection for the device PCI\VEN_8086&DEV_467F&SUBSYS_86941043&REV_00\3&11583659&0&70.
Process command line: C:\WINDOWS\system32\lsass.exe
List of affected devices:
"
Warning,11/12/2022 20:52:18,Microsoft-Windows-Kernel-PnP,225,(223),"The application \Device\HarddiskVolume3\Windows\System32\winlogon.exe with process id 752 stopped the removal or ejection for the device PCI\VEN_8086&DEV_467F&SUBSYS_86941043&REV_00\3&11583659&0&70.
Process command line: winlogon.exe
List of affected devices:
"
Warning,11/12/2022 20:52:18,Microsoft-Windows-Kernel-PnP,225,(223),"The application \Device\HarddiskVolume3\Windows\System32\services.exe with process id 748 stopped the removal or ejection for the device PCI\VEN_8086&DEV_467F&SUBSYS_86941043&REV_00\3&11583659&0&70.
Process command line: C:\WINDOWS\system32\services.exe
List of affected devices:
"
Warning,11/12/2022 20:52:18,Microsoft-Windows-Kernel-PnP,225,(223),"The application \Device\HarddiskVolume3\Windows\System32\smss.exe with process id 732 stopped the removal or ejection for the device PCI\VEN_8086&DEV_467F&SUBSYS_86941043&REV_00\3&11583659&0&70.
Process command line: \SystemRoot\System32\smss.exe
List of affected devices:
"
Warning,11/12/2022 20:52:18,Microsoft-Windows-Kernel-PnP,225,(223),"The application System with process id 4 stopped the removal or ejection for the device PCI\VEN_8086&DEV_467F&SUBSYS_86941043&REV_00\3&11583659&0&70.
Process command line: 
List of affected devices:
STORAGE\Volume\{e3390a0d-4f5e-11ed-84cf-806e6f6e6963}#0000000000100000
STORAGE\Volume\{e3390a0d-4f5e-11ed-84cf-806e6f6e6963}#0000000007500000
STORAGE\Volume\{e3390a0d-4f5e-11ed-84cf-806e6f6e6963}#000000E8BA500000
"
Error,11/12/2022 20:51:37,Microsoft-Windows-WindowsUpdateClient,20,Windows Update Agent,Installation Failure: Windows failed to install the following update with error 0x8024200B: NVIDIA - Display - 27.21.14.5751.
Information,11/12/2022 20:51:26,Service Control Manager,7040,None,The start type of the Service for NVIDIA High Definition Audio Driver service was changed from disabled to demand start.
Information,11/12/2022 20:51:22,Microsoft-Windows-UserPnp,20003,(7005),Driver Management has concluded the process to add Service NVDisplay.ContainerLocalSystem for Device Instance ID PCI\VEN_10DE&DEV_2486&SUBSYS_147A10DE&REV_A1\4&22F77229&0&0008 with the following status: 0.
Information,11/12/2022 20:51:22,Service Control Manager,7045,None,"A service was installed in the system.

Service Name:  NVIDIA Display Container LS
Service File Name:  %SystemRoot%\System32\DriverStore\FileRepository\nv_dispi.inf_amd64_f52c4b8723f8dd33\Display.NvContainer\NVDisplay.Container.exe
Service Type:  user mode service
Service Start Type:  auto start
Service Account:  LocalSystem"
Information,11/12/2022 20:51:22,Microsoft-Windows-UserPnp,20003,(7005),Driver Management has concluded the process to add Service nvlddmkm for Device Instance ID PCI\VEN_10DE&DEV_2486&SUBSYS_147A10DE&REV_A1\4&22F77229&0&0008 with the following status: 0.
Information,11/12/2022 20:51:21,Service Control Manager,7040,None,The start type of the nvlddmkm service was changed from disabled to demand start.
Error,11/12/2022 20:51:21,Service Control Manager,7031,None,The NVIDIA LocalSystem Container service terminated unexpectedly. It has done this 1 time(s). The following corrective action will be taken in 6000 milliseconds: Restart the service.
Error,11/12/2022 20:51:21,Service Control Manager,7023,None,"The NVIDIA LocalSystem Container service terminated with the following error: 
A generic command executable returned a result that indicates failure."
Information,11/12/2022 20:51:15,Microsoft-Windows-WindowsUpdateClient,43,Windows Update Agent,Installation Started: Windows has started installing the following update: NVIDIA - Display - 27.21.14.5751
Information,11/12/2022 20:49:42,Service Control Manager,7040,None,The start type of the NVIDIA Display Container LS service was changed from auto start to disabled.
Information,11/12/2022 20:49:32,Microsoft-Windows-WindowsUpdateClient,44,Windows Update Agent,Windows Update started downloading an update.
Information,11/12/2022 20:49:27,Service Control Manager,7040,None,The start type of the nvlddmkm service was changed from demand start to disabled.
Warning,11/12/2022 20:49:26,Microsoft-Windows-DistributedCOM,10016,None,"The application-specific permission settings do not grant Local Activation permission for the COM Server application with CLSID 
{2593F8B9-4EAF-457C-B68A-50F6B8EA6B54}
 and APPID 
{15C20B67-12E7-4BB6-92BB-7AFF07997402}
 to the user DESKTOP-TBPOCIG\Abdo SID (S-1-5-21-1394681546-3843053835-3284470220-1001) from address LocalHost (Using LRPC) running in the application container Unavailable SID (Unavailable). This security permission can be modified using the Component Services administrative tool."
Warning,11/12/2022 20:49:26,Microsoft-Windows-DistributedCOM,10016,None,"The application-specific permission settings do not grant Local Activation permission for the COM Server application with CLSID 
{2593F8B9-4EAF-457C-B68A-50F6B8EA6B54}
 and APPID 
{15C20B67-12E7-4BB6-92BB-7AFF07997402}
 to the user DESKTOP-TBPOCIG\Abdo SID (S-1-5-21-1394681546-3843053835-3284470220-1001) from address LocalHost (Using LRPC) running in the application container Unavailable SID (Unavailable). This security permission can be modified using the Component Services administrative tool."
Information,11/12/2022 20:49:23,Service Control Manager,7040,None,The start type of the Service for NVIDIA High Definition Audio Driver service was changed from demand start to disabled.
Information,11/12/2022 20:48:26,Microsoft-Windows-WindowsUpdateClient,43,Windows Update Agent,"Installation Started: Windows has started installing the following update: 2022-11 Cumulative Update for .NET Framework 3.5 and 4.8.1 for Windows 11, version 22H2 for x64 (KB5020622)"
Information,11/12/2022 20:48:22,Microsoft-Windows-WindowsUpdateClient,19,Windows Update Agent,Installation Successful: Windows successfully installed the following update: 2022-08 Security Update for Windows 11 22H2 for x64-based Systems (KB5012170)
Information,11/12/2022 20:48:18,Microsoft-Windows-WindowsUpdateClient,43,Windows Update Agent,Installation Started: Windows has started installing the following update: 2022-08 Security Update for Windows 11 22H2 for x64-based Systems (KB5012170)
Information,11/12/2022 20:48:17,Microsoft-Windows-WindowsUpdateClient,19,Windows Update Agent,Installation Successful: Windows successfully installed the following update: Security Intelligence Update for Microsoft Defender Antivirus - KB2267602 (Version 1.381.294.0)
Information,11/12/2022 20:48:14,Microsoft-Windows-WindowsUpdateClient,43,Windows Update Agent,Installation Started: Windows has started installing the following update: Security Intelligence Update for Microsoft Defender Antivirus - KB2267602 (Version 1.381.294.0)
Information,11/12/2022 20:48:13,Microsoft-Windows-WindowsUpdateClient,44,Windows Update Agent,Windows Update started downloading an update.
Information,11/12/2022 20:48:13,Microsoft-Windows-WindowsUpdateClient,44,Windows Update Agent,Windows Update started downloading an update.
Information,11/12/2022 20:48:13,Microsoft-Windows-WindowsUpdateClient,44,Windows Update Agent,Windows Update started downloading an update.
Information,11/12/2022 20:47:15,Microsoft-Windows-Kernel-General,16,None,The access history in hive \??\C:\Users\Abdo\AppData\Local\Packages\Microsoft.VP9VideoExtensions_8wekyb3d8bbwe\Settings\settings.dat was cleared updating 1 keys and creating 1 modified pages.
Warning,11/12/2022 20:46:47,Microsoft-Windows-DistributedCOM,10016,None,"The application-specific permission settings do not grant Local Activation permission for the COM Server application with CLSID 
{2593F8B9-4EAF-457C-B68A-50F6B8EA6B54}
 and APPID 
{15C20B67-12E7-4BB6-92BB-7AFF07997402}
 to the user DESKTOP-TBPOCIG\Abdo SID (S-1-5-21-1394681546-3843053835-3284470220-1001) from address LocalHost (Using LRPC) running in the application container Unavailable SID (Unavailable). This security permission can be modified using the Component Services administrative tool."
Warning,11/12/2022 20:46:23,Microsoft-Windows-DistributedCOM,10016,None,"The application-specific permission settings do not grant Local Activation permission for the COM Server application with CLSID 
{2593F8B9-4EAF-457C-B68A-50F6B8EA6B54}
 and APPID 
{15C20B67-12E7-4BB6-92BB-7AFF07997402}
 to the user DESKTOP-TBPOCIG\Abdo SID (S-1-5-21-1394681546-3843053835-3284470220-1001) from address LocalHost (Using LRPC) running in the application container Unavailable SID (Unavailable). This security permission can be modified using the Component Services administrative tool."
Information,11/12/2022 20:46:00,Microsoft-Windows-HttpService,114,HTTP Configuration Property Trace Task,"Removed URL (http://*:2869/upnp/eventing/) from URL group (0xFE00001020000001). Process Id 0x1988 Executable path \Device\HarddiskVolume3\Windows\System32\svchost.exe, User LOCAL SERVICE"
Information,11/12/2022 20:46:00,Service Control Manager,7040,None,The start type of the Background Intelligent Transfer Service service was changed from auto start to demand start.
Information,11/12/2022 20:44:56,Microsoft-Windows-Kernel-General,16,None,The access history in hive \??\C:\Users\Abdo\AppData\Local\Packages\Microsoft.WebpImageExtension_8wekyb3d8bbwe\Settings\settings.dat was cleared updating 1 keys and creating 1 modified pages.
Information,11/12/2022 20:44:38,Service Control Manager,7045,None,"A service was installed in the system.

Service Name:  cpuz154
Service File Name:  C:\WINDOWS\temp\cpuz154\cpuz154_x64.sys
Service Type:  kernel mode driver
Service Start Type:  demand start
Service Account:  "
Information,11/12/2022 20:44:30,Microsoft-Windows-WindowsUpdateClient,19,Windows Update Agent,Installation Successful: Windows successfully installed the following update: 9PM9DFQRDH3F-B9ECED6F.ArmouryCrate
Information,11/12/2022 20:44:29,Microsoft-Windows-WindowsUpdateClient,43,Windows Update Agent,Installation Started: Windows has started installing the following update: 9PM9DFQRDH3F-B9ECED6F.ArmouryCrate
Information,11/12/2022 20:44:29,Microsoft-Windows-WindowsUpdateClient,19,Windows Update Agent,Installation Successful: Windows successfully installed the following update: 9NBLGGH3FRZM-Microsoft.VCLibs.140.00
Information,11/12/2022 20:44:29,Microsoft-Windows-WindowsUpdateClient,43,Windows Update Agent,Installation Started: Windows has started installing the following update: 9NBLGGH3FRZM-Microsoft.VCLibs.140.00
Information,11/12/2022 20:44:29,Microsoft-Windows-WindowsUpdateClient,19,Windows Update Agent,Installation Successful: Windows successfully installed the following update: 9PK21VDD7LD9-Microsoft.NET.Native.Framework.2.1
Information,11/12/2022 20:44:29,Microsoft-Windows-WindowsUpdateClient,43,Windows Update Agent,Installation Started: Windows has started installing the following update: 9PK21VDD7LD9-Microsoft.NET.Native.Framework.2.1
Information,11/12/2022 20:44:29,Microsoft-Windows-WindowsUpdateClient,19,Windows Update Agent,Installation Successful: Windows successfully installed the following update: 9MZ8BK1XV75W-Microsoft.NET.Native.Runtime.2.1
Information,11/12/2022 20:44:28,Microsoft-Windows-WindowsUpdateClient,43,Windows Update Agent,Installation Started: Windows has started installing the following update: 9MZ8BK1XV75W-Microsoft.NET.Native.Runtime.2.1
Information,11/12/2022 20:44:25,Microsoft-Windows-WindowsUpdateClient,44,Windows Update Agent,Windows Update started downloading an update.
Information,11/12/2022 20:44:25,Microsoft-Windows-WindowsUpdateClient,44,Windows Update Agent,Windows Update started downloading an update.
Information,11/12/2022 20:44:22,Microsoft-Windows-WindowsUpdateClient,44,Windows Update Agent,Windows Update started downloading an update.
Information,11/12/2022 20:44:22,Microsoft-Windows-WindowsUpdateClient,44,Windows Update Agent,Windows Update started downloading an update.
Warning,11/12/2022 20:44:21,Microsoft-Windows-DistributedCOM,10016,None,"The application-specific permission settings do not grant Local Activation permission for the COM Server application with CLSID 
{2593F8B9-4EAF-457C-B68A-50F6B8EA6B54}
 and APPID 
{15C20B67-12E7-4BB6-92BB-7AFF07997402}
 to the user DESKTOP-TBPOCIG\Abdo SID (S-1-5-21-1394681546-3843053835-3284470220-1001) from address LocalHost (Using LRPC) running in the application container Unavailable SID (Unavailable). This security permission can be modified using the Component Services administrative tool."
Information,11/12/2022 20:44:20,Service Control Manager,7040,None,The start type of the Delivery Optimization service was changed from demand start to auto start.
Warning,11/12/2022 20:44:05,Microsoft-Windows-DistributedCOM,10016,None,"The application-specific permission settings do not grant Local Activation permission for the COM Server application with CLSID 
{2593F8B9-4EAF-457C-B68A-50F6B8EA6B54}
 and APPID 
{15C20B67-12E7-4BB6-92BB-7AFF07997402}
 to the user DESKTOP-TBPOCIG\Abdo SID (S-1-5-21-1394681546-3843053835-3284470220-1001) from address LocalHost (Using LRPC) running in the application container Unavailable SID (Unavailable). This security permission can be modified using the Component Services administrative tool."
Warning,11/12/2022 20:44:03,Microsoft-Windows-DistributedCOM,10016,None,"The application-specific permission settings do not grant Local Activation permission for the COM Server application with CLSID 
{2593F8B9-4EAF-457C-B68A-50F6B8EA6B54}
 and APPID 
{15C20B67-12E7-4BB6-92BB-7AFF07997402}
 to the user DESKTOP-TBPOCIG\Abdo SID (S-1-5-21-1394681546-3843053835-3284470220-1001) from address LocalHost (Using LRPC) running in the application container Unavailable SID (Unavailable). This security permission can be modified using the Component Services administrative tool."
Information,11/12/2022 20:43:53,Microsoft-Windows-Kernel-General,16,None,The access history in hive \??\C:\Users\Abdo\AppData\Local\Packages\Microsoft.SkypeApp_kzf8qxf38zg5c\Settings\settings.dat was cleared updating 1 keys and creating 1 modified pages.
Information,11/12/2022 20:43:50,Microsoft-Windows-Kernel-General,16,None,The access history in hive \??\C:\Users\Abdo\AppData\Local\Packages\Microsoft.ScreenSketch_8wekyb3d8bbwe\Settings\settings.dat was cleared updating 1 keys and creating 1 modified pages.
Information,11/12/2022 20:43:48,Microsoft-Windows-Kernel-General,16,None,The access history in hive \??\C:\Users\Abdo\AppData\Local\Packages\Microsoft.ZuneMusic_8wekyb3d8bbwe\Settings\settings.dat was cleared updating 21 keys and creating 2 modified pages.
Information,11/12/2022 20:42:54,Microsoft-Windows-Ntfs,98,None,Volume ?? (\Device\HarddiskVolumeShadowCopy1) is healthy.  No action is needed.
Information,11/12/2022 20:42:49,Service Control Manager,7040,None,The start type of the Windows Modules Installer service was changed from demand start to auto start.
Information,11/12/2022 20:42:23,Microsoft-Windows-HttpService,113,HTTP Configuration Property Trace Task,"Attempted to add URL (http://*:2869/upnp/eventing/) to URL group (0xFE00001020000001). Status: 0x0. Process Id 0x1988 Executable path \Device\HarddiskVolume3\Windows\System32\svchost.exe, User LOCAL SERVICE"
Information,11/12/2022 20:42:23,Microsoft-Windows-HttpService,114,HTTP Configuration Property Trace Task,"Removed URL (http://*:2869/upnp/eventing/) from URL group (0xFE00001320000001). Process Id 0x1988 Executable path \Device\HarddiskVolume3\Windows\System32\svchost.exe, User LOCAL SERVICE"
Information,11/12/2022 20:42:23,Microsoft-Windows-HttpService,113,HTTP Configuration Property Trace Task,"Attempted to add URL (http://*:2869/upnp/eventing/) to URL group (0xFE00001320000001). Status: 0x0. Process Id 0x1988 Executable path \Device\HarddiskVolume3\Windows\System32\svchost.exe, User LOCAL SERVICE"
Information,11/12/2022 20:42:21,Microsoft-Windows-Kernel-General,16,None,The access history in hive \??\C:\Users\Abdo\AppData\Local\Packages\Microsoft.MicrosoftEdge_8wekyb3d8bbwe\Settings\settings.dat was cleared updating 3 keys and creating 1 modified pages.
Information,11/12/2022 20:42:15,Microsoft-Windows-Kernel-General,16,None,The access history in hive \??\C:\Users\Abdo\AppData\Local\Packages\Microsoft.Windows.CloudExperienceHost_cw5n1h2txyewy\Settings\settings.dat was cleared updating 3 keys and creating 1 modified pages.
Information,11/12/2022 20:42:15,Microsoft-Windows-Kernel-General,16,None,The access history in hive \??\C:\Users\Abdo\AppData\Local\Packages\Microsoft.BioEnrollment_cw5n1h2txyewy\Settings\settings.dat was cleared updating 3 keys and creating 1 modified pages.
Information,11/12/2022 20:42:12,Microsoft-Windows-Kernel-General,16,None,The access history in hive \??\C:\Users\Abdo\AppData\Local\Packages\windows.immersivecontrolpanel_cw5n1h2txyewy\Settings\settings.dat was cleared updating 3 keys and creating 1 modified pages.
Information,11/12/2022 20:42:12,Microsoft-Windows-WindowsUpdateClient,19,Windows Update Agent,"Installation Successful: Windows successfully installed the following update: Windows 11, version 22H2"
Warning,11/12/2022 20:42:12,Microsoft-Windows-DistributedCOM,10016,None,"The application-specific permission settings do not grant Local Activation permission for the COM Server application with CLSID 
{6B3B8D23-FA8D-40B9-8DBD-B950333E2C52}
 and APPID 
{4839DDB7-58C2-48F5-8283-E1D1807D0D7D}
 to the user NT AUTHORITY\LOCAL SERVICE SID (S-1-5-19) from address LocalHost (Using LRPC) running in the application container Unavailable SID (Unavailable). This security permission can be modified using the Component Services administrative tool."
Warning,11/12/2022 20:42:12,Microsoft-Windows-DistributedCOM,10016,None,"The application-specific permission settings do not grant Local Activation permission for the COM Server application with CLSID 
{6B3B8D23-FA8D-40B9-8DBD-B950333E2C52}
 and APPID 
{4839DDB7-58C2-48F5-8283-E1D1807D0D7D}
 to the user NT AUTHORITY\LOCAL SERVICE SID (S-1-5-19) from address LocalHost (Using LRPC) running in the application container Unavailable SID (Unavailable). This security permission can be modified using the Component Services administrative tool."
Information,11/12/2022 20:42:11,Microsoft-Windows-GroupPolicy,1501,None,The Group Policy settings for the user were processed successfully. There were no changes detected since the last successful processing of Group Policy.
Error,11/12/2022 20:42:11,Service Control Manager,7030,None,"The Printer Extensions and Notifications service is marked as an interactive service. However, the system is configured to not allow interactive services. This service may not function properly."
Information,11/12/2022 20:42:11,Service Control Manager,7045,None,"A service was installed in the system.

Service Name:  Printer Extensions and Notifications
Service File Name:  %SystemRoot%\system32\svchost.exe -k print
Service Type:  user mode service
Service Start Type:  demand start
Service Account:  LocalSystem"
Information,11/12/2022 20:42:10,Microsoft-Windows-Winlogon,7001,(1101),User Log-on Notification for Customer Experience Improvement Program
Information,11/12/2022 20:42:10,Microsoft-Windows-GroupPolicy,1500,None,The Group Policy settings for the computer were processed successfully. There were no changes detected since the last successful processing of Group Policy.
Information,11/12/2022 20:42:10,Service Control Manager,7040,None,The start type of the Windows Modules Installer service was changed from auto start to demand start.
Information,11/12/2022 20:42:09,Microsoft-Windows-TPM-WMI,1025,None,The TPM was successfully provisioned and is now ready for use.
Information,11/12/2022 20:42:08,Microsoft-Windows-TPM-WMI,1282,None,The TBS device identifier has been generated.
Information,11/12/2022 20:42:07,Microsoft-Windows-FilterManager,6,None,"File System Filter 'WdFilter' (10.0, ‎2046‎-‎12‎-‎28T03:44:16.000000000Z) has successfully loaded and registered with Filter Manager."
Information,11/12/2022 20:41:48,Microsoft-Windows-Kernel-General,16,None,The access history in hive \??\C:\ProgramData\Microsoft\Windows\AppRepository\Packages\Microsoft.WindowsStore_22210.1401.10.0_x64__8wekyb3d8bbwe\ActivationStore.dat was cleared updating 0 keys and creating 0 modified pages.
Information,11/12/2022 20:41:46,Microsoft-Windows-Kernel-General,16,None,The access history in hive \??\C:\ProgramData\Microsoft\Windows\AppRepository\Packages\Microsoft.YourPhone_1.22092.214.0_x64__8wekyb3d8bbwe\ActivationStore.dat was cleared updating 0 keys and creating 0 modified pages.
Information,11/12/2022 20:41:44,Microsoft-Windows-Kernel-General,16,None,The access history in hive \??\C:\ProgramData\Microsoft\Windows\AppRepository\Packages\Microsoft.Windows.Photos_2022.30100.19004.0_x64__8wekyb3d8bbwe\ActivationStore.dat was cleared updating 0 keys and creating 0 modified pages.
Information,11/12/2022 20:41:42,Service Control Manager,7040,None,The start type of the Background Intelligent Transfer Service service was changed from demand start to auto start.
Information,11/12/2022 20:41:39,Microsoft-Windows-Kernel-General,16,None,The access history in hive \??\C:\ProgramData\Microsoft\Windows\AppRepository\Packages\Microsoft.XboxGamingOverlay_5.822.10271.0_x64__8wekyb3d8bbwe\ActivationStore.dat was cleared updating 0 keys and creating 0 modified pages.
Information,11/12/2022 20:41:38,Microsoft-Windows-Kernel-General,16,None,The access history in hive \??\C:\ProgramData\Microsoft\Windows\AppRepository\Packages\Microsoft.WindowsAlarms_11.2209.11.0_x64__8wekyb3d8bbwe\ActivationStore.dat was cleared updating 0 keys and creating 0 modified pages.
Information,11/12/2022 20:41:36,Microsoft-Windows-Kernel-General,16,None,The access history in hive \??\C:\ProgramData\Microsoft\Windows\AppRepository\Packages\Microsoft.ZuneVideo_10.22091.10031.0_x64__8wekyb3d8bbwe\ActivationStore.dat was cleared updating 0 keys and creating 0 modified pages.
Information,11/12/2022 20:41:34,Microsoft-Windows-Kernel-General,16,None,The access history in hive \??\C:\ProgramData\Microsoft\Windows\AppRepository\Packages\Microsoft.WindowsMaps_11.2208.6.0_x64__8wekyb3d8bbwe\ActivationStore.dat was cleared updating 0 keys and creating 0 modified pages.
Information,11/12/2022 20:41:32,Microsoft-Windows-Kernel-General,16,None,The access history in hive \??\C:\ProgramData\Microsoft\Windows\AppRepository\Packages\Microsoft.ZuneMusic_10.22031.10091.0_x64__8wekyb3d8bbwe\ActivationStore.dat was cleared updating 0 keys and creating 0 modified pages.
Information,11/12/2022 20:41:31,Microsoft-Windows-Kernel-General,16,None,The access history in hive \??\C:\ProgramData\Microsoft\Windows\AppRepository\Packages\Microsoft.DesktopAppInstaller_1.18.2691.0_x64__8wekyb3d8bbwe\ActivationStore.dat was cleared updating 0 keys and creating 0 modified pages.
Information,11/12/2022 20:41:29,Microsoft-Windows-Kernel-General,16,None,The access history in hive \??\C:\ProgramData\Microsoft\Windows\AppRepository\Packages\microsoft.windowscommunicationsapps_16005.14326.20970.0_x64__8wekyb3d8bbwe\ActivationStore.dat was cleared updating 0 keys and creating 0 modified pages.
Information,11/12/2022 20:41:26,Microsoft-Windows-Kernel-General,16,None,The access history in hive \??\C:\ProgramData\Microsoft\Windows\AppRepository\Packages\Microsoft.WindowsFeedbackHub_1.2203.761.0_x64__8wekyb3d8bbwe\ActivationStore.dat was cleared updating 0 keys and creating 0 modified pages.
Information,11/12/2022 20:41:23,Microsoft-Windows-Kernel-General,16,None,The access history in hive \??\C:\ProgramData\Microsoft\Windows\AppRepository\Packages\NVIDIACorp.NVIDIAControlPanel_8.1.963.0_x64__56jybvy8sckqj\ActivationStore.dat was cleared updating 0 keys and creating 0 modified pages.
Information,11/12/2022 20:41:23,Microsoft-Windows-Kernel-General,16,None,The access history in hive \??\C:\ProgramData\Microsoft\Windows\AppRepository\Packages\MicrosoftWindows.Client.WebExperience_421.20070.195.0_x64__cw5n1h2txyewy\ActivationStore.dat was cleared updating 0 keys and creating 0 modified pages.
Information,11/12/2022 20:41:17,Microsoft-Windows-Kernel-General,16,None,The access history in hive \??\C:\ProgramData\Microsoft\Windows\AppRepository\Packages\Microsoft.ZuneMusic_11.2202.46.0_x64__8wekyb3d8bbwe\ActivationStore.dat was cleared updating 0 keys and creating 0 modified pages.
Information,11/12/2022 20:41:15,Microsoft-Windows-Kernel-General,16,None,The access history in hive \??\C:\ProgramData\Microsoft\Windows\AppRepository\Packages\Microsoft.WindowsTerminal_1.12.10983.0_x64__8wekyb3d8bbwe\ActivationStore.dat was cleared updating 0 keys and creating 0 modified pages.
Information,11/12/2022 20:41:14,Microsoft-Windows-Kernel-General,16,None,The access history in hive \??\C:\ProgramData\Microsoft\Windows\AppRepository\Packages\Microsoft.WindowsNotepad_11.2112.32.0_x64__8wekyb3d8bbwe\ActivationStore.dat was cleared updating 0 keys and creating 0 modified pages.
Information,11/12/2022 20:41:13,Microsoft-Windows-Kernel-General,16,None,The access history in hive \??\C:\ProgramData\Microsoft\Windows\AppRepository\Packages\Microsoft.WindowsCamera_2022.2201.4.0_x64__8wekyb3d8bbwe\ActivationStore.dat was cleared updating 0 keys and creating 0 modified pages.
Information,11/12/2022 20:41:13,Microsoft-Windows-Kernel-General,16,None,The access history in hive \??\C:\ProgramData\Microsoft\Windows\AppRepository\Packages\Microsoft.UI.Xaml.2.7_7.2203.17001.0_x64__8wekyb3d8bbwe\ActivationStore.dat was cleared updating 0 keys and creating 0 modified pages.
Information,11/12/2022 20:41:12,Microsoft-Windows-Kernel-General,16,None,The access history in hive \??\C:\ProgramData\Microsoft\Windows\AppRepository\Packages\Microsoft.Todos_0.54.42772.0_x64__8wekyb3d8bbwe\ActivationStore.dat was cleared updating 0 keys and creating 0 modified pages.
Information,11/12/2022 20:41:12,Microsoft-Windows-Kernel-General,16,None,The access history in hive \??\C:\ProgramData\Microsoft\Windows\AppRepository\Packages\Microsoft.SecHealthUI_1000.22621.1.0_x64__8wekyb3d8bbwe\ActivationStore.dat was cleared updating 0 keys and creating 0 modified pages.
Information,11/12/2022 20:41:11,Microsoft-Windows-Kernel-General,16,None,The access history in hive \??\C:\ProgramData\Microsoft\Windows\AppRepository\Packages\Microsoft.ScreenSketch_11.2201.12.0_x64__8wekyb3d8bbwe\ActivationStore.dat was cleared updating 0 keys and creating 0 modified pages.
Information,11/12/2022 20:41:09,Microsoft-Windows-Kernel-General,16,None,The access history in hive \??\C:\ProgramData\Microsoft\Windows\AppRepository\Packages\Microsoft.Paint_11.2201.22.0_x64__8wekyb3d8bbwe\ActivationStore.dat was cleared updating 0 keys and creating 0 modified pages.
Information,11/12/2022 20:41:07,Microsoft-Windows-Kernel-General,16,None,The access history in hive \??\C:\ProgramData\Microsoft\Windows\AppRepository\Packages\Microsoft.GamingApp_2105.900.24.0_x64__8wekyb3d8bbwe\ActivationStore.dat was cleared updating 0 keys and creating 0 modified pages.
Information,11/12/2022 20:41:07,Microsoft-Windows-Kernel-General,16,None,The access history in hive \??\C:\ProgramData\Microsoft\Windows\AppRepository\Packages\Microsoft.BingNews_1.0.1.0_x64__8wekyb3d8bbwe\ActivationStore.dat was cleared updating 0 keys and creating 0 modified pages.
Information,11/12/2022 20:41:06,Microsoft-Windows-Kernel-General,16,None,The access history in hive \??\C:\ProgramData\Microsoft\Windows\AppRepository\Packages\Clipchamp.Clipchamp_2.2.8.0_neutral__yxz26nhyzhsrt\ActivationStore.dat was cleared updating 0 keys and creating 0 modified pages.
Information,11/12/2022 20:41:04,Microsoft-Windows-Kernel-General,16,None,The access history in hive \??\C:\ProgramData\Microsoft\Windows\AppRepository\Packages\Windows.PrintDialog_6.2.2.0_neutral_neutral_cw5n1h2txyewy\ActivationStore.dat was cleared updating 0 keys and creating 0 modified pages.
Information,11/12/2022 20:41:04,Microsoft-Windows-Kernel-General,16,None,The access history in hive \??\C:\ProgramData\Microsoft\Windows\AppRepository\Packages\windows.immersivecontrolpanel_10.0.6.1000_neutral_neutral_cw5n1h2txyewy\ActivationStore.dat was cleared updating 0 keys and creating 0 modified pages.
Information,11/12/2022 20:41:04,Microsoft-Windows-Kernel-General,16,None,The access history in hive \??\C:\ProgramData\Microsoft\Windows\AppRepository\Packages\Windows.CBSPreview_10.0.19580.1000_neutral_neutral_cw5n1h2txyewy\ActivationStore.dat was cleared updating 0 keys and creating 0 modified pages.
Information,11/12/2022 20:41:04,Microsoft-Windows-Kernel-General,16,None,The access history in hive \??\C:\ProgramData\Microsoft\Windows\AppRepository\Packages\NcsiUwpApp_1000.22621.1.0_neutral_neutral_8wekyb3d8bbwe\ActivationStore.dat was cleared updating 0 keys and creating 0 modified pages.
Information,11/12/2022 20:41:03,Microsoft-Windows-Kernel-General,16,None,The access history in hive \??\C:\ProgramData\Microsoft\Windows\AppRepository\Packages\MicrosoftWindows.Client.Core_1000.22634.1000.0_x64__cw5n1h2txyewy\ActivationStore.dat was cleared updating 0 keys and creating 0 modified pages.
Warning,11/12/2022 20:41:02,Microsoft-Windows-Kernel-Processor-Power,37,(7),The speed of processor 16 in group 0 is being limited by system firmware. The processor has been in this reduced performance state for 71 seconds since the last report.
Warning,11/12/2022 20:41:02,Microsoft-Windows-Kernel-Processor-Power,37,(7),The speed of processor 18 in group 0 is being limited by system firmware. The processor has been in this reduced performance state for 71 seconds since the last report.
Warning,11/12/2022 20:41:02,Microsoft-Windows-Kernel-Processor-Power,37,(7),The speed of processor 19 in group 0 is being limited by system firmware. The processor has been in this reduced performance state for 71 seconds since the last report.
Warning,11/12/2022 20:41:02,Microsoft-Windows-Kernel-Processor-Power,37,(7),The speed of processor 17 in group 0 is being limited by system firmware. The processor has been in this reduced performance state for 71 seconds since the last report.
Information,11/12/2022 20:41:00,Microsoft-Windows-Kernel-General,16,None,The access history in hive \??\C:\ProgramData\Microsoft\Windows\AppRepository\Packages\MicrosoftWindows.Client.CBS_1000.22636.1000.0_x64__cw5n1h2txyewy\ActivationStore.dat was cleared updating 0 keys and creating 0 modified pages.
Information,11/12/2022 20:40:59,Microsoft-Windows-Kernel-General,16,None,The access history in hive \??\C:\ProgramData\Microsoft\Windows\AppRepository\Packages\Microsoft.XboxGameCallableUI_1000.22621.1.0_neutral_neutral_cw5n1h2txyewy\ActivationStore.dat was cleared updating 0 keys and creating 0 modified pages.
Information,11/12/2022 20:40:59,Microsoft-Windows-Kernel-General,16,None,The access history in hive \??\C:\ProgramData\Microsoft\Windows\AppRepository\Packages\Microsoft.Windows.XGpuEjectDialog_10.0.22621.1_neutral_neutral_cw5n1h2txyewy\ActivationStore.dat was cleared updating 0 keys and creating 0 modified pages.
Information,11/12/2022 20:40:58,Microsoft-Windows-Kernel-General,16,None,The access history in hive \??\C:\ProgramData\Microsoft\Windows\AppRepository\Packages\Microsoft.Windows.StartMenuExperienceHost_10.0.22621.1_neutral_neutral_cw5n1h2txyewy\ActivationStore.dat was cleared updating 0 keys and creating 0 modified pages.
