Information,10/01/2023 20:56:17,Microsoft-Windows-WindowsUpdateClient,19,Windows Update Agent,Installation Successful: Windows successfully installed the following update: Security Intelligence Update for Microsoft Defender Antivirus - KB2267602 (Version 1.381.2027.0)
Information,10/01/2023 20:56:14,Microsoft-Windows-WindowsUpdateClient,43,Windows Update Agent,Installation Started: Windows has started installing the following update: Security Intelligence Update for Microsoft Defender Antivirus - KB2267602 (Version 1.381.2027.0)
Information,10/01/2023 20:56:14,Microsoft-Windows-WindowsUpdateClient,44,Windows Update Agent,Windows Update started downloading an update.
Information,10/01/2023 20:54:28,Microsoft-Windows-HttpService,114,HTTP Configuration Property Trace Task,"Removed URL (http://*:2869/upnp/eventing/) from URL group (0xFC00000020000001). Process Id 0x2DC0 Executable path \Device\HarddiskVolume3\Windows\System32\svchost.exe, User LOCAL SERVICE"
Information,10/01/2023 20:54:28,Service Control Manager,7040,None,The start type of the Background Intelligent Transfer Service service was changed from auto start to demand start.
Information,10/01/2023 20:52:04,Microsoft-Windows-HttpService,113,HTTP Configuration Property Trace Task,"Attempted to add URL (http://*:2869/upnp/eventing/) to URL group (0xFC00000020000001). Status: 0x0. Process Id 0x2DC0 Executable path \Device\HarddiskVolume3\Windows\System32\svchost.exe, User LOCAL SERVICE"
Information,10/01/2023 20:52:04,Microsoft-Windows-HttpService,114,HTTP Configuration Property Trace Task,"Removed URL (http://*:2869/upnp/eventing/) from URL group (0xFE00001320000002). Process Id 0x2DC0 Executable path \Device\HarddiskVolume3\Windows\System32\svchost.exe, User LOCAL SERVICE"
Information,10/01/2023 20:52:04,Microsoft-Windows-HttpService,113,HTTP Configuration Property Trace Task,"Attempted to add URL (http://*:2869/upnp/eventing/) to URL group (0xFE00001320000002). Status: 0x0. Process Id 0x2DC0 Executable path \Device\HarddiskVolume3\Windows\System32\svchost.exe, User LOCAL SERVICE"
Information,10/01/2023 20:51:43,Service Control Manager,7040,None,The start type of the Windows Modules Installer service was changed from auto start to demand start.
Information,10/01/2023 20:51:05,Service Control Manager,7040,None,The start type of the Background Intelligent Transfer Service service was changed from demand start to auto start.
Information,10/01/2023 20:50:41,Microsoft-Windows-HttpService,114,HTTP Configuration Property Trace Task,"Removed URL (http://*:2869/upnp/eventing/) from URL group (0xFE00001220000003). Process Id 0x2DC0 Executable path \Device\HarddiskVolume3\Windows\System32\svchost.exe, User LOCAL SERVICE"
Information,10/01/2023 20:50:41,Service Control Manager,7040,None,The start type of the Background Intelligent Transfer Service service was changed from auto start to demand start.
Information,10/01/2023 20:48:50,Microsoft-Windows-Kernel-General,16,None,The access history in hive \??\C:\WINDOWS\System32\SMI\Store\Machine\schema.dat was cleared updating 14583 keys and creating 2440 modified pages.
Information,10/01/2023 20:48:44,Service Control Manager,7040,None,The start type of the Windows Modules Installer service was changed from demand start to auto start.
Information,10/01/2023 20:48:38,Microsoft-Windows-HttpService,113,HTTP Configuration Property Trace Task,"Attempted to add URL (http://*:2869/upnp/eventing/) to URL group (0xFE00001220000003). Status: 0x0. Process Id 0x2DC0 Executable path \Device\HarddiskVolume3\Windows\System32\svchost.exe, User LOCAL SERVICE"
Information,10/01/2023 20:48:37,Microsoft-Windows-HttpService,114,HTTP Configuration Property Trace Task,"Removed URL (http://*:2869/upnp/eventing/) from URL group (0xFE00001120000004). Process Id 0x2DC0 Executable path \Device\HarddiskVolume3\Windows\System32\svchost.exe, User LOCAL SERVICE"
Information,10/01/2023 20:48:37,Microsoft-Windows-HttpService,113,HTTP Configuration Property Trace Task,"Attempted to add URL (http://*:2869/upnp/eventing/) to URL group (0xFE00001120000004). Status: 0x0. Process Id 0x2DC0 Executable path \Device\HarddiskVolume3\Windows\System32\svchost.exe, User LOCAL SERVICE"
Information,10/01/2023 20:48:37,Microsoft-Windows-HttpService,114,HTTP Configuration Property Trace Task,"Removed URL (http://*:2869/upnp/eventing/) from URL group (0xFE00001220000002). Process Id 0x2DC0 Executable path \Device\HarddiskVolume3\Windows\System32\svchost.exe, User LOCAL SERVICE"
Information,10/01/2023 20:48:29,Microsoft-Windows-HttpService,113,HTTP Configuration Property Trace Task,"Attempted to add URL (http://*:2869/upnp/eventing/) to URL group (0xFE00001220000002). Status: 0x0. Process Id 0x2DC0 Executable path \Device\HarddiskVolume3\Windows\System32\svchost.exe, User LOCAL SERVICE"
Information,10/01/2023 20:48:29,Microsoft-Windows-HttpService,114,HTTP Configuration Property Trace Task,"Removed URL (http://*:2869/upnp/eventing/) from URL group (0xFE00001220000001). Process Id 0x2DC0 Executable path \Device\HarddiskVolume3\Windows\System32\svchost.exe, User LOCAL SERVICE"
Information,10/01/2023 20:48:29,Microsoft-Windows-HttpService,113,HTTP Configuration Property Trace Task,"Attempted to add URL (http://*:2869/upnp/eventing/) to URL group (0xFE00001220000001). Status: 0x0. Process Id 0x2DC0 Executable path \Device\HarddiskVolume3\Windows\System32\svchost.exe, User LOCAL SERVICE"
Information,10/01/2023 20:48:29,Microsoft-Windows-HttpService,114,HTTP Configuration Property Trace Task,"Removed URL (http://*:2869/upnp/eventing/) from URL group (0xFC00001020000002). Process Id 0x2DC0 Executable path \Device\HarddiskVolume3\Windows\System32\svchost.exe, User LOCAL SERVICE"
Information,10/01/2023 20:48:21,Microsoft-Windows-WindowsUpdateClient,19,Windows Update Agent,Installation Successful: Windows successfully installed the following update: Security Intelligence Update for Microsoft Defender Antivirus - KB2267602 (Version 1.381.2018.0)
Information,10/01/2023 20:48:21,Microsoft-Windows-WindowsUpdateClient,44,Windows Update Agent,Windows Update started downloading an update.
Information,10/01/2023 20:48:17,Microsoft-Windows-WindowsUpdateClient,43,Windows Update Agent,Installation Started: Windows has started installing the following update: Security Intelligence Update for Microsoft Defender Antivirus - KB2267602 (Version 1.381.2018.0)
Information,10/01/2023 20:48:17,Microsoft-Windows-WindowsUpdateClient,44,Windows Update Agent,Windows Update started downloading an update.
Information,10/01/2023 20:48:17,Microsoft-Windows-WindowsUpdateClient,44,Windows Update Agent,Windows Update started downloading an update.
Information,10/01/2023 20:48:17,Microsoft-Windows-HttpService,113,HTTP Configuration Property Trace Task,"Attempted to add URL (http://*:2869/upnp/eventing/) to URL group (0xFC00001020000002). Status: 0x0. Process Id 0x2DC0 Executable path \Device\HarddiskVolume3\Windows\System32\svchost.exe, User LOCAL SERVICE"
Information,10/01/2023 20:48:17,Microsoft-Windows-HttpService,114,HTTP Configuration Property Trace Task,"Removed URL (http://*:2869/upnp/eventing/) from URL group (0xFE00000820000002). Process Id 0x2DC0 Executable path \Device\HarddiskVolume3\Windows\System32\svchost.exe, User LOCAL SERVICE"
Information,10/01/2023 20:48:17,Microsoft-Windows-HttpService,113,HTTP Configuration Property Trace Task,"Attempted to add URL (http://*:2869/upnp/eventing/) to URL group (0xFE00000820000002). Status: 0x0. Process Id 0x2DC0 Executable path \Device\HarddiskVolume3\Windows\System32\svchost.exe, User LOCAL SERVICE"
Information,10/01/2023 20:48:17,Microsoft-Windows-HttpService,114,HTTP Configuration Property Trace Task,"Removed URL (http://*:2869/upnp/eventing/) from URL group (0xFE00001120000003). Process Id 0x2DC0 Executable path \Device\HarddiskVolume3\Windows\System32\svchost.exe, User LOCAL SERVICE"
Warning,10/01/2023 20:48:14,Microsoft-Windows-DistributedCOM,10016,None,"The application-specific permission settings do not grant Local Launch permission for the COM Server application with CLSID 
Windows.SecurityCenter.WscBrokerManager
 and APPID 
Unavailable
 to the user NT AUTHORITY\SYSTEM SID (S-1-5-18) from address LocalHost (Using LRPC) running in the application container Unavailable SID (Unavailable). This security permission can be modified using the Component Services administrative tool."
Warning,10/01/2023 20:48:14,Microsoft-Windows-DistributedCOM,10016,None,"The application-specific permission settings do not grant Local Launch permission for the COM Server application with CLSID 
Windows.SecurityCenter.SecurityAppBroker
 and APPID 
Unavailable
 to the user NT AUTHORITY\SYSTEM SID (S-1-5-18) from address LocalHost (Using LRPC) running in the application container Unavailable SID (Unavailable). This security permission can be modified using the Component Services administrative tool."
Warning,10/01/2023 20:48:14,Microsoft-Windows-DistributedCOM,10016,None,"The application-specific permission settings do not grant Local Launch permission for the COM Server application with CLSID 
Windows.SecurityCenter.WscDataProtection
 and APPID 
Unavailable
 to the user NT AUTHORITY\SYSTEM SID (S-1-5-18) from address LocalHost (Using LRPC) running in the application container Unavailable SID (Unavailable). This security permission can be modified using the Component Services administrative tool."
Information,10/01/2023 20:48:13,Microsoft-Windows-HttpService,113,HTTP Configuration Property Trace Task,"Attempted to add URL (http://*:2869/upnp/eventing/) to URL group (0xFE00001120000003). Status: 0x0. Process Id 0x2DC0 Executable path \Device\HarddiskVolume3\Windows\System32\svchost.exe, User LOCAL SERVICE"
Information,10/01/2023 20:48:13,Microsoft-Windows-HttpService,114,HTTP Configuration Property Trace Task,"Removed URL (http://*:2869/upnp/eventing/) from URL group (0xFE00001120000002). Process Id 0x2DC0 Executable path \Device\HarddiskVolume3\Windows\System32\svchost.exe, User LOCAL SERVICE"
Information,10/01/2023 20:48:13,Microsoft-Windows-HttpService,113,HTTP Configuration Property Trace Task,"Attempted to add URL (http://*:2869/upnp/eventing/) to URL group (0xFE00001120000002). Status: 0x0. Process Id 0x2DC0 Executable path \Device\HarddiskVolume3\Windows\System32\svchost.exe, User LOCAL SERVICE"
Information,10/01/2023 20:48:13,Microsoft-Windows-HttpService,114,HTTP Configuration Property Trace Task,"Removed URL (http://*:2869/upnp/eventing/) from URL group (0xFE00000420000001). Process Id 0x2DC0 Executable path \Device\HarddiskVolume3\Windows\System32\svchost.exe, User LOCAL SERVICE"
Information,10/01/2023 20:48:09,Microsoft-Windows-HttpService,113,HTTP Configuration Property Trace Task,"Attempted to add URL (http://*:2869/upnp/eventing/) to URL group (0xFE00000420000001). Status: 0x0. Process Id 0x2DC0 Executable path \Device\HarddiskVolume3\Windows\System32\svchost.exe, User LOCAL SERVICE"
Information,10/01/2023 20:48:09,Microsoft-Windows-HttpService,114,HTTP Configuration Property Trace Task,"Removed URL (http://*:2869/upnp/eventing/) from URL group (0xFE00000820000001). Process Id 0x2DC0 Executable path \Device\HarddiskVolume3\Windows\System32\svchost.exe, User LOCAL SERVICE"
Information,10/01/2023 20:48:09,Microsoft-Windows-HttpService,113,HTTP Configuration Property Trace Task,"Attempted to add URL (http://*:2869/upnp/eventing/) to URL group (0xFE00000820000001). Status: 0x0. Process Id 0x2DC0 Executable path \Device\HarddiskVolume3\Windows\System32\svchost.exe, User LOCAL SERVICE"
Information,10/01/2023 20:48:09,Microsoft-Windows-HttpService,114,HTTP Configuration Property Trace Task,"Removed URL (http://*:2869/upnp/eventing/) from URL group (0xFE00001120000001). Process Id 0x2DC0 Executable path \Device\HarddiskVolume3\Windows\System32\svchost.exe, User LOCAL SERVICE"
Information,10/01/2023 20:48:01,Microsoft-Windows-HttpService,113,HTTP Configuration Property Trace Task,"Attempted to add URL (http://*:2869/upnp/eventing/) to URL group (0xFE00001120000001). Status: 0x0. Process Id 0x2DC0 Executable path \Device\HarddiskVolume3\Windows\System32\svchost.exe, User LOCAL SERVICE"
Information,10/01/2023 20:48:01,Microsoft-Windows-HttpService,114,HTTP Configuration Property Trace Task,"Removed URL (http://*:2869/upnp/eventing/) from URL group (0xFE00000620000001). Process Id 0x2DC0 Executable path \Device\HarddiskVolume3\Windows\System32\svchost.exe, User LOCAL SERVICE"
Information,10/01/2023 20:48:01,Microsoft-Windows-HttpService,113,HTTP Configuration Property Trace Task,"Attempted to add URL (http://*:2869/upnp/eventing/) to URL group (0xFE00000620000001). Status: 0x0. Process Id 0x2DC0 Executable path \Device\HarddiskVolume3\Windows\System32\svchost.exe, User LOCAL SERVICE"
Information,10/01/2023 20:48:01,Microsoft-Windows-HttpService,114,HTTP Configuration Property Trace Task,"Removed URL (http://*:2869/upnp/eventing/) from URL group (0xFE00000320000001). Process Id 0x2DC0 Executable path \Device\HarddiskVolume3\Windows\System32\svchost.exe, User LOCAL SERVICE"
Error,10/01/2023 20:47:55,Microsoft-Windows-DistributedCOM,10010,None,The server {8CFC164F-4BE5-4FDD-94E9-E2AF73ED4A19} did not register with DCOM within the required timeout.
Information,10/01/2023 20:47:37,Microsoft-Windows-HttpService,113,HTTP Configuration Property Trace Task,"Attempted to add URL (http://*:2869/upnp/eventing/) to URL group (0xFE00000320000001). Status: 0x0. Process Id 0x2DC0 Executable path \Device\HarddiskVolume3\Windows\System32\svchost.exe, User LOCAL SERVICE"
Information,10/01/2023 20:47:37,Microsoft-Windows-HttpService,114,HTTP Configuration Property Trace Task,"Removed URL (http://*:2869/upnp/eventing/) from URL group (0xFC00001020000001). Process Id 0x2DC0 Executable path \Device\HarddiskVolume3\Windows\System32\svchost.exe, User LOCAL SERVICE"
Information,10/01/2023 20:47:37,Microsoft-Windows-HttpService,113,HTTP Configuration Property Trace Task,"Attempted to add URL (http://*:2869/upnp/eventing/) to URL group (0xFC00001020000001). Status: 0x0. Process Id 0x2DC0 Executable path \Device\HarddiskVolume3\Windows\System32\svchost.exe, User LOCAL SERVICE"
Information,10/01/2023 20:47:37,Microsoft-Windows-HttpService,114,HTTP Configuration Property Trace Task,"Removed URL (http://*:2869/upnp/eventing/) from URL group (0xFE00000120000001). Process Id 0x2DC0 Executable path \Device\HarddiskVolume3\Windows\System32\svchost.exe, User LOCAL SERVICE"
Information,10/01/2023 20:47:16,Microsoft-Windows-HttpService,113,HTTP Configuration Property Trace Task,"Attempted to add URL (http://*:2869/upnp/eventing/) to URL group (0xFE00000120000001). Status: 0x0. Process Id 0x2DC0 Executable path \Device\HarddiskVolume3\Windows\System32\svchost.exe, User LOCAL SERVICE"
Information,10/01/2023 20:47:16,Microsoft-Windows-HttpService,114,HTTP Configuration Property Trace Task,"Removed URL (http://*:2869/upnp/eventing/) from URL group (0xFE00001320000001). Process Id 0x2DC0 Executable path \Device\HarddiskVolume3\Windows\System32\svchost.exe, User LOCAL SERVICE"
Information,10/01/2023 20:47:16,Microsoft-Windows-HttpService,113,HTTP Configuration Property Trace Task,"Attempted to add URL (http://*:2869/upnp/eventing/) to URL group (0xFE00001320000001). Status: 0x0. Process Id 0x2DC0 Executable path \Device\HarddiskVolume3\Windows\System32\svchost.exe, User LOCAL SERVICE"
Warning,10/01/2023 20:47:10,Microsoft-Windows-Kernel-Processor-Power,37,(7),The speed of processor 18 in group 0 is being limited by system firmware. The processor has been in this reduced performance state for 71 seconds since the last report.
Warning,10/01/2023 20:47:10,Microsoft-Windows-Kernel-Processor-Power,37,(7),The speed of processor 17 in group 0 is being limited by system firmware. The processor has been in this reduced performance state for 71 seconds since the last report.
Warning,10/01/2023 20:47:10,Microsoft-Windows-Kernel-Processor-Power,37,(7),The speed of processor 19 in group 0 is being limited by system firmware. The processor has been in this reduced performance state for 71 seconds since the last report.
Warning,10/01/2023 20:47:10,Microsoft-Windows-Kernel-Processor-Power,37,(7),The speed of processor 16 in group 0 is being limited by system firmware. The processor has been in this reduced performance state for 71 seconds since the last report.
Warning,10/01/2023 20:47:10,Microsoft-Windows-DistributedCOM,10016,None,"The application-specific permission settings do not grant Local Activation permission for the COM Server application with CLSID 
{2593F8B9-4EAF-457C-B68A-50F6B8EA6B54}
 and APPID 
{15C20B67-12E7-4BB6-92BB-7AFF07997402}
 to the user DESKTOP-TBPOCIG\Abdo SID (S-1-5-21-1394681546-3843053835-3284470220-1001) from address LocalHost (Using LRPC) running in the application container Unavailable SID (Unavailable). This security permission can be modified using the Component Services administrative tool."
Warning,10/01/2023 20:46:21,Microsoft-Windows-DistributedCOM,10016,None,"The application-specific permission settings do not grant Local Activation permission for the COM Server application with CLSID 
{2593F8B9-4EAF-457C-B68A-50F6B8EA6B54}
 and APPID 
{15C20B67-12E7-4BB6-92BB-7AFF07997402}
 to the user DESKTOP-TBPOCIG\Abdo SID (S-1-5-21-1394681546-3843053835-3284470220-1001) from address LocalHost (Using LRPC) running in the application container Unavailable SID (Unavailable). This security permission can be modified using the Component Services administrative tool."
Warning,10/01/2023 20:46:21,Microsoft-Windows-DistributedCOM,10016,None,"The application-specific permission settings do not grant Local Activation permission for the COM Server application with CLSID 
{2593F8B9-4EAF-457C-B68A-50F6B8EA6B54}
 and APPID 
{15C20B67-12E7-4BB6-92BB-7AFF07997402}
 to the user DESKTOP-TBPOCIG\Abdo SID (S-1-5-21-1394681546-3843053835-3284470220-1001) from address LocalHost (Using LRPC) running in the application container Unavailable SID (Unavailable). This security permission can be modified using the Component Services administrative tool."
Warning,10/01/2023 20:46:19,Microsoft-Windows-DistributedCOM,10016,None,"The application-specific permission settings do not grant Local Activation permission for the COM Server application with CLSID 
{2593F8B9-4EAF-457C-B68A-50F6B8EA6B54}
 and APPID 
{15C20B67-12E7-4BB6-92BB-7AFF07997402}
 to the user DESKTOP-TBPOCIG\Abdo SID (S-1-5-21-1394681546-3843053835-3284470220-1001) from address LocalHost (Using LRPC) running in the application container Unavailable SID (Unavailable). This security permission can be modified using the Component Services administrative tool."
Information,10/01/2023 20:46:14,Microsoft-Windows-TPM-WMI,1025,None,The TPM was successfully provisioned and is now ready for use.
Information,10/01/2023 20:46:14,Microsoft-Windows-TPM-WMI,1282,None,The TBS device identifier has been generated.
Information,10/01/2023 20:46:13,TPM,18,None,This event triggers the Trusted Platform Module (TPM) provisioning/status check to run.
Information,10/01/2023 20:46:13,Service Control Manager,7026,None,"The following boot-start or system-start driver(s) did not load: 
dam
WinSetupMon"
Information,10/01/2023 20:46:09,Service Control Manager,7040,None,The start type of the BITS service was changed from demand start to auto start.
Information,10/01/2023 20:46:06,Microsoft-Windows-HttpService,113,HTTP Configuration Property Trace Task,"Attempted to add URL (http://*:5357/2e3c5200-a8d4-4ef8-a115-8866ddb6e283/) to URL group (0xFE00001020000001). Status: 0x0. Process Id 0x18B8 Executable path \Device\HarddiskVolume3\Windows\System32\svchost.exe, User LOCAL SERVICE"
Information,10/01/2023 20:46:06,Microsoft-Windows-HttpService,111,HTTP Configuration Property Trace Task,"Create URL group 0xFE00001020000001. Status 0x0. Process Id 0x18B8 Executable path \Device\HarddiskVolume3\Windows\System32\svchost.exe, User LOCAL SERVICE"
Information,10/01/2023 20:46:05,Microsoft-Windows-WHEA-Logger,3,None,A hardware event has occurred. An informational record describing the condition is contained in the data section of this event.
Information,10/01/2023 20:46:05,Microsoft-Windows-HttpService,113,HTTP Configuration Property Trace Task,"Attempted to add URL (http://127.0.0.1:27339:127.0.0.1/AuraSDK/) to URL group (0xFE00000020000001). Status: 0x0. Process Id 0x1C5C Executable path \Device\HarddiskVolume3\Program Files (x86)\ASUS\GameSDK Service\GameSDK.exe, User SYSTEM"
Information,10/01/2023 20:46:05,Microsoft-Windows-HttpService,111,HTTP Configuration Property Trace Task,"Create URL group 0xFE00000020000001. Status 0x0. Process Id 0x1C5C Executable path \Device\HarddiskVolume3\Program Files (x86)\ASUS\GameSDK Service\GameSDK.exe, User SYSTEM"
Information,10/01/2023 20:46:05,Microsoft-Windows-WLAN-AutoConfig,10001,None,"WLAN Extensibility Module has successfully started.

Module Path: C:\WINDOWS\system32\IntelIHVRouter10.dll
"
Information,10/01/2023 20:46:05,Microsoft-Windows-WLAN-AutoConfig,4000,None,"WLAN AutoConfig service has successfully started.
"
Information,10/01/2023 20:46:05,RST Middleware,27,None,"Found passthru disk: SCSI Port: 0, SCSI Bus: 2, SCSI Target: 0, PCIe SSD, 1000204886016 bytes, Sabrent Rocket Q4                       "
Information,10/01/2023 20:46:05,Microsoft-Windows-HttpService,112,HTTP Setup Trace Task,"Attempted to reserve URL http://+:10243/WMPNSSv4/. Status 0x0. Process Id 0x4 Executable path , User SYSTEM"
Information,10/01/2023 20:46:05,Microsoft-Windows-HttpService,112,HTTP Setup Trace Task,"Attempted to reserve URL https://+:10245/WMPNSSv4/. Status 0x0. Process Id 0x4 Executable path , User SYSTEM"
Information,10/01/2023 20:46:05,Microsoft-Windows-HttpService,112,HTTP Setup Trace Task,"Attempted to reserve URL http://+:3387/rdp/. Status 0x0. Process Id 0x4 Executable path , User SYSTEM"
Information,10/01/2023 20:46:05,Microsoft-Windows-HttpService,112,HTTP Setup Trace Task,"Attempted to reserve URL https://+:3392/rdp/. Status 0x0. Process Id 0x4 Executable path , User SYSTEM"
Information,10/01/2023 20:46:05,Microsoft-Windows-HttpService,112,HTTP Setup Trace Task,"Attempted to reserve URL http://+:10246/MDEServer/. Status 0x0. Process Id 0x4 Executable path , User SYSTEM"
Information,10/01/2023 20:46:05,Microsoft-Windows-HttpService,112,HTTP Setup Trace Task,"Attempted to reserve URL http://*:2869/. Status 0x0. Process Id 0x4 Executable path , User SYSTEM"
Information,10/01/2023 20:46:05,Microsoft-Windows-HttpService,112,HTTP Setup Trace Task,"Attempted to reserve URL http://+:10247/apps/. Status 0x0. Process Id 0x4 Executable path , User SYSTEM"
Information,10/01/2023 20:46:05,Microsoft-Windows-HttpService,112,HTTP Setup Trace Task,"Attempted to reserve URL http://+:5985/wsman/. Status 0x0. Process Id 0x4 Executable path , User SYSTEM"
Information,10/01/2023 20:46:05,Microsoft-Windows-HttpService,112,HTTP Setup Trace Task,"Attempted to reserve URL http://+:47001/wsman/. Status 0x0. Process Id 0x4 Executable path , User SYSTEM"
Information,10/01/2023 20:46:05,Microsoft-Windows-HttpService,112,HTTP Setup Trace Task,"Attempted to reserve URL https://+:5986/wsman/. Status 0x0. Process Id 0x4 Executable path , User SYSTEM"
Information,10/01/2023 20:46:05,Microsoft-Windows-HttpService,112,HTTP Setup Trace Task,"Attempted to reserve URL https://+:443/sra_{BA195980-CD49-458b-9E23-C84EE0ADCD75}/. Status 0x0. Process Id 0x4 Executable path , User SYSTEM"
Information,10/01/2023 20:46:05,Microsoft-Windows-HttpService,112,HTTP Setup Trace Task,"Attempted to reserve URL https://*:5358/. Status 0x0. Process Id 0x4 Executable path , User SYSTEM"
Information,10/01/2023 20:46:05,Microsoft-Windows-HttpService,112,HTTP Setup Trace Task,"Attempted to reserve URL http://+:80/Temporary_Listen_Addresses/. Status 0x0. Process Id 0x4 Executable path , User SYSTEM"
Information,10/01/2023 20:46:05,Microsoft-Windows-HttpService,112,HTTP Setup Trace Task,"Attempted to reserve URL http://*:5357/. Status 0x0. Process Id 0x4 Executable path , User SYSTEM"
Warning,10/01/2023 20:46:04,Microsoft-Windows-DistributedCOM,10016,None,"The application-specific permission settings do not grant Local Activation permission for the COM Server application with CLSID 
{6B3B8D23-FA8D-40B9-8DBD-B950333E2C52}
 and APPID 
{4839DDB7-58C2-48F5-8283-E1D1807D0D7D}
 to the user NT AUTHORITY\LOCAL SERVICE SID (S-1-5-19) from address LocalHost (Using LRPC) running in the application container Unavailable SID (Unavailable). This security permission can be modified using the Component Services administrative tool."
Warning,10/01/2023 20:46:04,Microsoft-Windows-DistributedCOM,10016,None,"The application-specific permission settings do not grant Local Activation permission for the COM Server application with CLSID 
{6B3B8D23-FA8D-40B9-8DBD-B950333E2C52}
 and APPID 
{4839DDB7-58C2-48F5-8283-E1D1807D0D7D}
 to the user NT AUTHORITY\LOCAL SERVICE SID (S-1-5-19) from address LocalHost (Using LRPC) running in the application container Unavailable SID (Unavailable). This security permission can be modified using the Component Services administrative tool."
Information,10/01/2023 20:46:04,Microsoft-Windows-Winlogon,7001,(1101),User Log-on Notification for Customer Experience Improvement Program
Information,10/01/2023 20:46:03,Microsoft-Windows-DHCPv6-Client,51046,Service State Event,DHCPv6 client service is started
Information,10/01/2023 20:46:03,Microsoft-Windows-Dhcp-Client,50036,Service State Event,DHCPv4 client service is started
Information,10/01/2023 20:46:03,Microsoft-Windows-Dhcp-Client,50103,Service State Event,DHCPv4 client registered for shutdown notification
Information,10/01/2023 20:46:03,Microsoft-Windows-Dhcp-Client,50036,Service State Event,DHCPv4 client service is started
Information,10/01/2023 20:46:03,Microsoft-Windows-FilterManager,6,None,"File System Filter 'bindflt' (10.0, ‎1990‎-‎09‎-‎03T03:15:47.000000000Z) has successfully loaded and registered with Filter Manager."
Information,10/01/2023 20:46:03,Microsoft-Windows-FilterManager,6,None,"File System Filter 'storqosflt' (10.0, ‎2031‎-‎12‎-‎25T23:42:56.000000000Z) has successfully loaded and registered with Filter Manager."
Information,10/01/2023 20:46:03,Microsoft-Windows-FilterManager,6,None,"File System Filter 'CldFlt' (10.0, ‎2089‎-‎08‎-‎24T13:59:14.000000000Z) has successfully loaded and registered with Filter Manager."
Information,10/01/2023 20:46:03,Microsoft-Windows-FilterManager,1,None,"File System Filter 'CldFlt' (Version 10.0, ‎2089‎-‎08‎-‎24T13:59:14.000000000Z) unloaded successfully."
Information,10/01/2023 20:46:03,Microsoft-Windows-FilterManager,6,None,"File System Filter 'CldFlt' (10.0, ‎2089‎-‎08‎-‎24T13:59:14.000000000Z) has successfully loaded and registered with Filter Manager."
Information,10/01/2023 20:46:03,Microsoft-Windows-FilterManager,6,None,"File System Filter 'wcifs' (10.0, ‎2051‎-‎09‎-‎09T07:23:39.000000000Z) has successfully loaded and registered with Filter Manager."
Information,10/01/2023 20:46:03,Microsoft-Windows-FilterManager,6,None,"File System Filter 'luafv' (10.0, ‎1976‎-‎09‎-‎16T11:02:14.000000000Z) has successfully loaded and registered with Filter Manager."
Information,10/01/2023 20:46:03,Microsoft-Windows-FilterManager,6,None,"File System Filter 'bfs' (10.0, ‎2093‎-‎01‎-‎08T14:31:30.000000000Z) has successfully loaded and registered with Filter Manager."
Information,10/01/2023 20:46:02,Microsoft-Windows-Directory-Services-SAM,16983,None,"The security account manager is now logging periodic summary events for remote clients that call legacy password change or set RPC methods.

For more information please see https://go.microsoft.com/fwlink/?linkid=2150956.
"
Information,10/01/2023 20:46:02,Microsoft-Windows-Directory-Services-SAM,16977,None,"The domain is configured with the following minimum password length-related settings.

MinimumPasswordLength: 0

RelaxMinimumPasswordLengthLimits: 0

MinimumPasswordLengthAudit: -1

For more information see https://go.microsoft.com/fwlink/?LinkId=2097191.
"
Information,10/01/2023 20:46:02,Microsoft-Windows-Directory-Services-SAM,16962,None,"Remote calls to the SAM database are being restricted using the default security descriptor: O:SYG:SYD:(A;;RC;;;BA).
For more information please see http://go.microsoft.com/fwlink/?LinkId=787651."
Warning,10/01/2023 20:46:02,LsaSrv,6155,None,"LSA package is not signed as expected. This can cause unexpected behaviour with Credential Guard.

PackageName: msv1_0"
Warning,10/01/2023 20:46:02,LsaSrv,6155,None,"LSA package is not signed as expected. This can cause unexpected behaviour with Credential Guard.

PackageName: sfapm"
Warning,10/01/2023 20:46:02,LsaSrv,6155,None,"LSA package is not signed as expected. This can cause unexpected behaviour with Credential Guard.

PackageName: schannel"
Warning,10/01/2023 20:46:02,LsaSrv,6155,None,"LSA package is not signed as expected. This can cause unexpected behaviour with Credential Guard.

PackageName: wdigest"
Warning,10/01/2023 20:46:02,LsaSrv,6155,None,"LSA package is not signed as expected. This can cause unexpected behaviour with Credential Guard.

PackageName: cloudap"
Warning,10/01/2023 20:46:02,LsaSrv,6155,None,"LSA package is not signed as expected. This can cause unexpected behaviour with Credential Guard.

PackageName: pku2u"
Warning,10/01/2023 20:46:02,LsaSrv,6155,None,"LSA package is not signed as expected. This can cause unexpected behaviour with Credential Guard.

PackageName: tspkg"
Warning,10/01/2023 20:46:02,LsaSrv,6155,None,"LSA package is not signed as expected. This can cause unexpected behaviour with Credential Guard.

PackageName: msv1_0"
Warning,10/01/2023 20:46:02,LsaSrv,6155,None,"LSA package is not signed as expected. This can cause unexpected behaviour with Credential Guard.

PackageName: kerberos"
Warning,10/01/2023 20:46:02,LsaSrv,6155,None,"LSA package is not signed as expected. This can cause unexpected behaviour with Credential Guard.

PackageName: negoexts"
Information,10/01/2023 20:46:02,LsaSrv,6156,None,"Virtualisation Based Security for Credential Guard auto enablement status.

Hardware Requirements:	1
Domain Joined:	0
Azure AD Joined:	0"
Warning,10/01/2023 20:46:02,Microsoft-Windows-Wininit,15,None,Credential Guard and/or VBS Key Isolation are configured but the secure kernel is not running; continuing without them.
Information,10/01/2023 20:46:02,Microsoft-Windows-Wininit,14,None,"Credential Guard configuration:

Registry Configuration: 0x2
Test Configuration: 0
Auto Enablement: 1"
Information,10/01/2023 20:46:02,e2fexpress,32,None,"The description for Event ID 32 from source e2fexpress cannot be found. Either the component that raises this event is not installed on your local computer or the installation is corrupted. You can install or repair the component on the local computer.

If the event originated on another computer, the display information had to be saved with the event.

The following information was included with the event: 

Intel(R) Ethernet Controller (3) I225-V

The message resource is present but the message was not found in the message table
"
Information,10/01/2023 20:46:01,BTHUSB,18,None,Windows cannot store Bluetooth authentication codes (link keys) on the local adapter. Bluetooth keyboards might not work in the system BIOS during start-up.
Information,10/01/2023 20:46:00,Microsoft-Windows-Subsys-SMSS,17,None,A platform binary was successfully executed.
Information,10/01/2023 20:46:00,Microsoft-Windows-Kernel-General,24,(11),The time zone information was refreshed with exit reason 0. Current time zone bias is 0.
Information,10/01/2023 20:46:00,Microsoft-Windows-Ntfs,98,None,Volume \\?\Volume{ad2ec1c9-f9a9-4b39-a2e8-0e53745a5c1a} (\Device\HarddiskVolume4) is healthy.  No action is needed.
Information,10/01/2023 20:46:00,Netwtw10,7027,None,7027 - get Nic Manufacturere on init
Information,10/01/2023 20:46:00,Netwtw10,7017,None,7017 - secure boot (SB) configuration
Information,10/01/2023 20:45:59,Netwtw10,7010,None,7010 - driver enabled (miniport init)
Information,10/01/2023 20:45:59,Netwtw10,7002,None,7002 - CTDP power limit value (SPLC)
Information,10/01/2023 20:45:59,Netwtw10,7005,None,7005 - SAR value max TX power (WRDS)
Warning,10/01/2023 20:45:59,e2fexpress,27,None,"The description for Event ID 27 from source e2fexpress cannot be found. Either the component that raises this event is not installed on your local computer or the installation is corrupted. You can install or repair the component on the local computer.

If the event originated on another computer, the display information had to be saved with the event.

The following information was included with the event: 

Intel(R) Ethernet Controller (3) I225-V

The message resource is present but the message was not found in the message table
"
Information,10/01/2023 20:45:59,MEIx64,2,None,Intel(R) Management Engine Interface driver has started successfully.
Information,10/01/2023 20:45:59,Netwtw10,7036,None,The \Device\NDMP1 service entered the Intel(R) Wi-Fi 6 AX201 160MHz state.
Information,10/01/2023 20:45:59,Microsoft-Windows-Kernel-Processor-Power,55,(47),"Processor 19 in group 0 exposes the following power management capabilities:

Idle state type: ACPI Idle (C) States (3 state(s))

Performance state type: ACPI Collaborative Processor Performance Control
Nominal Frequency (MHz): 2100
Maximum performance percentage: 171
Minimum performance percentage: 47
Minimum throttle percentage: 4"
Information,10/01/2023 20:45:59,Microsoft-Windows-Kernel-Processor-Power,55,(47),"Processor 18 in group 0 exposes the following power management capabilities:

Idle state type: ACPI Idle (C) States (3 state(s))

Performance state type: ACPI Collaborative Processor Performance Control
Nominal Frequency (MHz): 2100
Maximum performance percentage: 171
Minimum performance percentage: 47
Minimum throttle percentage: 4"
Information,10/01/2023 20:45:59,Microsoft-Windows-Kernel-Processor-Power,55,(47),"Processor 17 in group 0 exposes the following power management capabilities:

Idle state type: ACPI Idle (C) States (3 state(s))

Performance state type: ACPI Collaborative Processor Performance Control
Nominal Frequency (MHz): 2100
Maximum performance percentage: 171
Minimum performance percentage: 47
Minimum throttle percentage: 4"
Information,10/01/2023 20:45:59,Microsoft-Windows-Kernel-Processor-Power,55,(47),"Processor 16 in group 0 exposes the following power management capabilities:

Idle state type: ACPI Idle (C) States (3 state(s))

Performance state type: ACPI Collaborative Processor Performance Control
Nominal Frequency (MHz): 2100
Maximum performance percentage: 171
Minimum performance percentage: 47
Minimum throttle percentage: 4"
Information,10/01/2023 20:45:59,Microsoft-Windows-Kernel-Processor-Power,55,(47),"Processor 15 in group 0 exposes the following power management capabilities:

Idle state type: ACPI Idle (C) States (3 state(s))

Performance state type: ACPI Collaborative Processor Performance Control
Nominal Frequency (MHz): 2100
Maximum performance percentage: 234
Minimum performance percentage: 50
Minimum throttle percentage: 3"
Information,10/01/2023 20:45:59,Microsoft-Windows-Kernel-Processor-Power,55,(47),"Processor 14 in group 0 exposes the following power management capabilities:

Idle state type: ACPI Idle (C) States (3 state(s))

Performance state type: ACPI Collaborative Processor Performance Control
Nominal Frequency (MHz): 2100
Maximum performance percentage: 234
Minimum performance percentage: 50
Minimum throttle percentage: 3"
Information,10/01/2023 20:45:59,Microsoft-Windows-Kernel-Processor-Power,55,(47),"Processor 13 in group 0 exposes the following power management capabilities:

Idle state type: ACPI Idle (C) States (3 state(s))

Performance state type: ACPI Collaborative Processor Performance Control
Nominal Frequency (MHz): 2100
Maximum performance percentage: 242
Minimum performance percentage: 50
Minimum throttle percentage: 3"
Information,10/01/2023 20:45:59,Microsoft-Windows-Kernel-Processor-Power,55,(47),"Processor 12 in group 0 exposes the following power management capabilities:

Idle state type: ACPI Idle (C) States (3 state(s))

Performance state type: ACPI Collaborative Processor Performance Control
Nominal Frequency (MHz): 2100
Maximum performance percentage: 242
Minimum performance percentage: 50
Minimum throttle percentage: 3"
Information,10/01/2023 20:45:59,Microsoft-Windows-Kernel-Processor-Power,55,(47),"Processor 11 in group 0 exposes the following power management capabilities:

Idle state type: ACPI Idle (C) States (3 state(s))

Performance state type: ACPI Collaborative Processor Performance Control
Nominal Frequency (MHz): 2100
Maximum performance percentage: 234
Minimum performance percentage: 50
Minimum throttle percentage: 3"
Information,10/01/2023 20:45:59,Microsoft-Windows-Kernel-Processor-Power,55,(47),"Processor 10 in group 0 exposes the following power management capabilities:

Idle state type: ACPI Idle (C) States (3 state(s))

Performance state type: ACPI Collaborative Processor Performance Control
Nominal Frequency (MHz): 2100
Maximum performance percentage: 234
Minimum performance percentage: 50
Minimum throttle percentage: 3"
Information,10/01/2023 20:45:59,Microsoft-Windows-Kernel-Processor-Power,55,(47),"Processor 9 in group 0 exposes the following power management capabilities:

Idle state type: ACPI Idle (C) States (3 state(s))

Performance state type: ACPI Collaborative Processor Performance Control
Nominal Frequency (MHz): 2100
Maximum performance percentage: 242
Minimum performance percentage: 50
Minimum throttle percentage: 3"
Information,10/01/2023 20:45:59,Microsoft-Windows-Kernel-Processor-Power,55,(47),"Processor 8 in group 0 exposes the following power management capabilities:

Idle state type: ACPI Idle (C) States (3 state(s))

Performance state type: ACPI Collaborative Processor Performance Control
Nominal Frequency (MHz): 2100
Maximum performance percentage: 242
Minimum performance percentage: 50
Minimum throttle percentage: 3"
Information,10/01/2023 20:45:59,Microsoft-Windows-Kernel-Processor-Power,55,(47),"Processor 7 in group 0 exposes the following power management capabilities:

Idle state type: ACPI Idle (C) States (3 state(s))

Performance state type: ACPI Collaborative Processor Performance Control
Nominal Frequency (MHz): 2100
Maximum performance percentage: 234
Minimum performance percentage: 50
Minimum throttle percentage: 3"
Information,10/01/2023 20:45:59,Microsoft-Windows-Kernel-Processor-Power,55,(47),"Processor 6 in group 0 exposes the following power management capabilities:

Idle state type: ACPI Idle (C) States (3 state(s))

Performance state type: ACPI Collaborative Processor Performance Control
Nominal Frequency (MHz): 2100
Maximum performance percentage: 234
Minimum performance percentage: 50
Minimum throttle percentage: 3"
Information,10/01/2023 20:45:59,Microsoft-Windows-Kernel-Processor-Power,55,(47),"Processor 5 in group 0 exposes the following power management capabilities:

Idle state type: ACPI Idle (C) States (3 state(s))

Performance state type: ACPI Collaborative Processor Performance Control
Nominal Frequency (MHz): 2100
Maximum performance percentage: 234
Minimum performance percentage: 50
Minimum throttle percentage: 3"
Information,10/01/2023 20:45:59,Microsoft-Windows-Kernel-Processor-Power,55,(47),"Processor 4 in group 0 exposes the following power management capabilities:

Idle state type: ACPI Idle (C) States (3 state(s))

Performance state type: ACPI Collaborative Processor Performance Control
Nominal Frequency (MHz): 2100
Maximum performance percentage: 234
Minimum performance percentage: 50
Minimum throttle percentage: 3"
Information,10/01/2023 20:45:59,Microsoft-Windows-Kernel-Processor-Power,55,(47),"Processor 3 in group 0 exposes the following power management capabilities:

Idle state type: ACPI Idle (C) States (3 state(s))

Performance state type: ACPI Collaborative Processor Performance Control
Nominal Frequency (MHz): 2100
Maximum performance percentage: 234
Minimum performance percentage: 50
Minimum throttle percentage: 3"
Information,10/01/2023 20:45:59,Microsoft-Windows-Kernel-Processor-Power,55,(47),"Processor 2 in group 0 exposes the following power management capabilities:

Idle state type: ACPI Idle (C) States (3 state(s))

Performance state type: ACPI Collaborative Processor Performance Control
Nominal Frequency (MHz): 2100
Maximum performance percentage: 234
Minimum performance percentage: 50
Minimum throttle percentage: 3"
Information,10/01/2023 20:45:59,Microsoft-Windows-Kernel-Processor-Power,55,(47),"Processor 1 in group 0 exposes the following power management capabilities:

Idle state type: ACPI Idle (C) States (3 state(s))

Performance state type: ACPI Collaborative Processor Performance Control
Nominal Frequency (MHz): 2100
Maximum performance percentage: 234
Minimum performance percentage: 50
Minimum throttle percentage: 3"
Information,10/01/2023 20:45:59,Microsoft-Windows-Kernel-Processor-Power,55,(47),"Processor 0 in group 0 exposes the following power management capabilities:

Idle state type: ACPI Idle (C) States (3 state(s))

Performance state type: ACPI Collaborative Processor Performance Control
Nominal Frequency (MHz): 2100
Maximum performance percentage: 234
Minimum performance percentage: 42
Minimum throttle percentage: 3"
Information,10/01/2023 20:45:58,Microsoft-Windows-Kernel-Power,172,(203),"Connectivity state in standby: Disconnected, Reason: NIC compliance"
Critical,10/01/2023 20:45:58,Microsoft-Windows-Kernel-Power,41,(63),"The system has rebooted without cleanly shutting down first. This error could be caused if the system stopped responding, crashed, or lost power unexpectedly."
Information,10/01/2023 20:45:58,Microsoft-Windows-Kernel-Power,125,(86),"ACPI thermal zone \_TZ.TZ00 has been enumerated.             
_PSV = 0K             
_TC1 = 0             
_TC2 = 0             
_TSP = 0ms             
_AC0 = 353K             
_AC1 = 328K             
_AC2 = 323K             
_AC3 = 318K             
_AC4 = 313K             
_AC5 = 0K             
_AC6 = 0K             
_AC7 = 0K             
_AC8 = 0K             
_AC9 = 0K             
_CRT = 378K             
_HOT = 0K             
minimum throttle = 0             
_CR3 = 0K"
Information,10/01/2023 20:45:58,Microsoft-Windows-FilterManager,6,None,"File System Filter 'npsvctrig' (10.0, ‎1979‎-‎12‎-‎19T16:12:41.000000000Z) has successfully loaded and registered with Filter Manager."
Information,10/01/2023 20:45:58,Microsoft-Windows-FilterManager,6,None,"File System Filter 'FileCrypt' (10.0, ‎1983‎-‎08‎-‎19T02:58:35.000000000Z) has successfully loaded and registered with Filter Manager."
Information,10/01/2023 20:45:56,Microsoft-Windows-Ntfs,98,None,Volume C: (\Device\HarddiskVolume3) is healthy.  No action is needed.
Information,10/01/2023 20:45:55,Microsoft-Windows-FilterManager,6,None,"File System Filter 'WdFilter' (10.0, ‎2046‎-‎12‎-‎28T03:44:16.000000000Z) has successfully loaded and registered with Filter Manager."
Information,10/01/2023 20:45:55,Microsoft-Windows-FilterManager,6,None,"File System Filter 'Wof' (10.0, ‎2013‎-‎07‎-‎24T01:08:12.000000000Z) has successfully loaded and registered with Filter Manager."
Information,10/01/2023 20:45:55,Microsoft-Windows-FilterManager,6,None,"File System Filter 'FileInfo' (10.0, ‎2079‎-‎02‎-‎26T22:03:00.000000000Z) has successfully loaded and registered with Filter Manager."
Information,10/01/2023 20:45:54,Microsoft-Windows-HAL,16,None,The iommu fault reporting has been initialized.
Information,10/01/2023 20:46:03,EventLog,6013,None,The system uptime is 10 seconds.
Information,10/01/2023 20:46:03,EventLog,6005,None,The Event log service was started.
Information,10/01/2023 20:46:03,EventLog,6009,None,Microsoft (R) Windows (R) 10.00. 22621  Multiprocessor Free.
Error,10/01/2023 20:46:03,EventLog,6008,None,The previous system shutdown at 22:22:54 on ‎08/‎01/‎2023 was unexpected.
Information,10/01/2023 20:45:54,Microsoft-Windows-Kernel-General,20,(6),"The leap second configuration has been updated.
Reason: Leap second data initialized from registry during boot
Leap seconds enabled: true
New leap second count: 0
Old leap second count: 0"
Information,10/01/2023 20:45:54,Microsoft-Windows-Kernel-Boot,30,(21),The firmware reported boot metrics.
Information,10/01/2023 20:45:54,Microsoft-Windows-Kernel-Boot,27,(33),The boot type was 0x0.
Information,10/01/2023 20:45:54,Microsoft-Windows-Kernel-Boot,25,(32),The boot menu policy was 0x1.
Information,10/01/2023 20:45:54,Microsoft-Windows-Kernel-Boot,238,(101),EFI time zone bias: 2047. Daylight flags: 0. Firmware time: ‎2023‎-‎01‎-‎10T20:45:52.000000000Z.
Information,10/01/2023 20:45:54,Microsoft-Windows-Kernel-Boot,20,(31),The last shutdown's success status was true. The last boot's success status was true.
Information,10/01/2023 20:45:54,Microsoft-Windows-Kernel-Boot,32,(58),The bootmgr spent 0 ms waiting for user input.
Information,10/01/2023 20:45:54,Microsoft-Windows-Kernel-Boot,18,(57),There are 0x1 boot options on this system.
Information,10/01/2023 20:45:54,Microsoft-Windows-Kernel-Boot,32,(58),The bootmgr spent 0 ms waiting for user input.
Information,10/01/2023 20:45:54,Microsoft-Windows-Kernel-Boot,18,(57),There are 0x1 boot options on this system.
Error,10/01/2023 20:45:54,Microsoft-Windows-Kernel-Boot,29,None,Windows failed fast startup with error status 0xC00000D4.
Information,10/01/2023 20:45:54,Microsoft-Windows-Kernel-Boot,153,(62),Virtualization-based security (policies: 0) is disabled.
Information,10/01/2023 20:45:54,Microsoft-Windows-Kernel-General,12,(1),The operating system started at system time ‎2023‎-‎01‎-‎10T20:45:53.500000000Z.
Information,08/01/2023 22:24:56,Microsoft-Windows-Kernel-Power,566,(268),"The system session has transitioned from 78 to 79.

Reason SessionUnlock 

BootId: 8"
Information,08/01/2023 22:23:56,Microsoft-Windows-Kernel-Power,566,(268),"The system session has transitioned from 76 to 78.

Reason InputHid 

BootId: 8"
Information,08/01/2023 22:19:22,Microsoft-Windows-Kernel-Power,566,(268),"The system session has transitioned from 75 to 76.

Reason SessionUnlock 

BootId: 8"
Information,08/01/2023 22:18:24,e2fexpress,32,None,"The description for Event ID 32 from source e2fexpress cannot be found. Either the component that raises this event is not installed on your local computer or the installation is corrupted. You can install or repair the component on the local computer.

If the event originated on another computer, the display information had to be saved with the event.

The following information was included with the event: 

Intel(R) Ethernet Controller (3) I225-V

The message resource is present but the message was not found in the message table
"
Information,08/01/2023 22:18:22,Microsoft-Windows-Power-Troubleshooter,1,None,"The system has returned from a low power state.

Sleep Time: ‎2023‎-‎01‎-‎08T22:14:26.303137900Z
Wake Time: ‎2023‎-‎01‎-‎08T22:18:21.342886200Z

Wake Source: Device -Intel(R) USB 3.20 eXtensible Host Controller - 1.20 (Microsoft)"
Warning,08/01/2023 22:18:21,e2fexpress,27,None,"The description for Event ID 27 from source e2fexpress cannot be found. Either the component that raises this event is not installed on your local computer or the installation is corrupted. You can install or repair the component on the local computer.

If the event originated on another computer, the display information had to be saved with the event.

The following information was included with the event: 

Intel(R) Ethernet Controller (3) I225-V

The message resource is present but the message was not found in the message table
"
Information,08/01/2023 22:18:21,Microsoft-Windows-Kernel-Power,566,(268),"The system session has transitioned from 73 to 75.

Reason Unknown 

BootId: 8"
Information,08/01/2023 22:18:21,Microsoft-Windows-Time-Service,158,None,The time provider 'VMICTimeProvider' has indicated that the current hardware and operating environment is not supported and has stopped. This behavior is expected for VMICTimeProvider on non-HyperV-guest environments. This may be the expected behavior for the current provider in the current operating environment as well.
Information,08/01/2023 22:18:21,Microsoft-Windows-Kernel-Power,566,(268),"The system session has transitioned from 72 to 73.

Reason SxTransition 

BootId: 8"
Information,08/01/2023 22:18:21,BTHUSB,18,None,Windows cannot store Bluetooth authentication codes (link keys) on the local adapter. Bluetooth keyboards might not work in the system BIOS during start-up.
Information,08/01/2023 22:18:20,Netwtw10,7026,None,7026 - Dump after return from D3 after cmd
Information,08/01/2023 22:18:20,Netwtw10,7025,None,7025 - Dump after return from D3 before cmd 
Information,08/01/2023 22:18:20,Microsoft-Windows-Kernel-Power,130,(33),"Firmware S3 times. SuspendStart: 16455352, SuspendEnd: 16455353"
Information,08/01/2023 22:18:20,Microsoft-Windows-Kernel-Power,131,(33),"Firmware S3 times. ResumeCount: 11, FullResume: 2438, AverageResume: 2439"
Information,08/01/2023 22:18:20,Microsoft-Windows-Kernel-General,1,(5),"The system time has changed to ‎2023‎-‎01‎-‎08T22:18:20.500000000Z from ‎2023‎-‎01‎-‎08T22:14:28.578176700Z.
Time Delta: 231921 ms

Change Reason: System time synchronized with the hardware clock.
Process: '' (PID 4).

RTC time: ‎2023‎-‎01‎-‎08T22:18:20.500000000Z
Current time zone bias: 0
RTC time is in UTC: false
System time was based on RTC time: false"
Information,08/01/2023 22:14:28,Microsoft-Windows-Kernel-Power,107,(102),The system has resumed from sleep.
Information,08/01/2023 22:14:27,Microsoft-Windows-Kernel-Power,42,(64),"The system is entering sleep.

Sleep Reason: System Idle"
Information,08/01/2023 22:14:26,Microsoft-Windows-Kernel-Power,566,(268),"The system session has transitioned from 70 to 72.

Reason SxTransition 

BootId: 8"
