Information,14/01/2023 14:11:28,Microsoft-Windows-HttpService,113,HTTP Configuration Property Trace Task,"Attempted to add URL (http://*:2869/upnp/eventing/) to URL group (0xFE00001220000002). Status: 0x0. Process Id 0x28B8 Executable path \Device\HarddiskVolume3\Windows\System32\svchost.exe, User LOCAL SERVICE"
Information,14/01/2023 14:11:28,Microsoft-Windows-HttpService,114,HTTP Configuration Property Trace Task,"Removed URL (http://*:2869/upnp/eventing/) from URL group (0xFE00001320000002). Process Id 0x28B8 Executable path \Device\HarddiskVolume3\Windows\System32\svchost.exe, User LOCAL SERVICE"
Information,14/01/2023 14:11:28,Microsoft-Windows-HttpService,113,HTTP Configuration Property Trace Task,"Attempted to add URL (http://*:2869/upnp/eventing/) to URL group (0xFE00001320000002). Status: 0x0. Process Id 0x28B8 Executable path \Device\HarddiskVolume3\Windows\System32\svchost.exe, User LOCAL SERVICE"
Information,14/01/2023 14:11:28,Microsoft-Windows-HttpService,114,HTTP Configuration Property Trace Task,"Removed URL (http://*:2869/upnp/eventing/) from URL group (0xFE00001320000001). Process Id 0x28B8 Executable path \Device\HarddiskVolume3\Windows\System32\svchost.exe, User LOCAL SERVICE"
Information,14/01/2023 14:11:12,Microsoft-Windows-HttpService,113,HTTP Configuration Property Trace Task,"Attempted to add URL (http://*:2869/upnp/eventing/) to URL group (0xFE00001320000001). Status: 0x0. Process Id 0x28B8 Executable path \Device\HarddiskVolume3\Windows\System32\svchost.exe, User LOCAL SERVICE"
Information,14/01/2023 14:11:12,Microsoft-Windows-HttpService,114,HTTP Configuration Property Trace Task,"Removed URL (http://*:2869/upnp/eventing/) from URL group (0xFE00001220000001). Process Id 0x28B8 Executable path \Device\HarddiskVolume3\Windows\System32\svchost.exe, User LOCAL SERVICE"
Information,14/01/2023 14:11:12,Microsoft-Windows-HttpService,113,HTTP Configuration Property Trace Task,"Attempted to add URL (http://*:2869/upnp/eventing/) to URL group (0xFE00001220000001). Status: 0x0. Process Id 0x28B8 Executable path \Device\HarddiskVolume3\Windows\System32\svchost.exe, User LOCAL SERVICE"
Warning,14/01/2023 14:10:39,Microsoft-Windows-DistributedCOM,10016,None,"The application-specific permission settings do not grant Local Launch permission for the COM Server application with CLSID 
Windows.SecurityCenter.WscBrokerManager
 and APPID 
Unavailable
 to the user NT AUTHORITY\SYSTEM SID (S-1-5-18) from address LocalHost (Using LRPC) running in the application container Unavailable SID (Unavailable). This security permission can be modified using the Component Services administrative tool."
Warning,14/01/2023 14:10:39,Microsoft-Windows-DistributedCOM,10016,None,"The application-specific permission settings do not grant Local Launch permission for the COM Server application with CLSID 
Windows.SecurityCenter.SecurityAppBroker
 and APPID 
Unavailable
 to the user NT AUTHORITY\SYSTEM SID (S-1-5-18) from address LocalHost (Using LRPC) running in the application container Unavailable SID (Unavailable). This security permission can be modified using the Component Services administrative tool."
Warning,14/01/2023 14:10:39,Microsoft-Windows-DistributedCOM,10016,None,"The application-specific permission settings do not grant Local Launch permission for the COM Server application with CLSID 
Windows.SecurityCenter.WscDataProtection
 and APPID 
Unavailable
 to the user NT AUTHORITY\SYSTEM SID (S-1-5-18) from address LocalHost (Using LRPC) running in the application container Unavailable SID (Unavailable). This security permission can be modified using the Component Services administrative tool."
Warning,14/01/2023 14:10:32,Microsoft-Windows-DistributedCOM,10016,None,"The application-specific permission settings do not grant Local Activation permission for the COM Server application with CLSID 
{2593F8B9-4EAF-457C-B68A-50F6B8EA6B54}
 and APPID 
{15C20B67-12E7-4BB6-92BB-7AFF07997402}
 to the user DESKTOP-TBPOCIG\Abdo SID (S-1-5-21-1394681546-3843053835-3284470220-1001) from address LocalHost (Using LRPC) running in the application container Unavailable SID (Unavailable). This security permission can be modified using the Component Services administrative tool."
Information,14/01/2023 14:09:51,Microsoft-Windows-Kernel-General,16,None,The access history in hive \??\C:\Users\Abdo\AppData\Local\Packages\B9ECED6F.ArmouryCrate_qmba6cd70vzyy\Settings\settings.dat was cleared updating 27 keys and creating 4 modified pages.
Warning,14/01/2023 14:09:39,Microsoft-Windows-DistributedCOM,10016,None,"The application-specific permission settings do not grant Local Activation permission for the COM Server application with CLSID 
{2593F8B9-4EAF-457C-B68A-50F6B8EA6B54}
 and APPID 
{15C20B67-12E7-4BB6-92BB-7AFF07997402}
 to the user DESKTOP-TBPOCIG\Abdo SID (S-1-5-21-1394681546-3843053835-3284470220-1001) from address LocalHost (Using LRPC) running in the application container Unavailable SID (Unavailable). This security permission can be modified using the Component Services administrative tool."
Warning,14/01/2023 14:09:35,Microsoft-Windows-Kernel-Processor-Power,37,(7),The speed of processor 16 in group 0 is being limited by system firmware. The processor has been in this reduced performance state for 71 seconds since the last report.
Warning,14/01/2023 14:09:35,Microsoft-Windows-Kernel-Processor-Power,37,(7),The speed of processor 18 in group 0 is being limited by system firmware. The processor has been in this reduced performance state for 71 seconds since the last report.
Warning,14/01/2023 14:09:35,Microsoft-Windows-Kernel-Processor-Power,37,(7),The speed of processor 19 in group 0 is being limited by system firmware. The processor has been in this reduced performance state for 71 seconds since the last report.
Warning,14/01/2023 14:09:35,Microsoft-Windows-Kernel-Processor-Power,37,(7),The speed of processor 17 in group 0 is being limited by system firmware. The processor has been in this reduced performance state for 71 seconds since the last report.
Information,14/01/2023 14:09:27,Microsoft-Windows-Kernel-General,16,None,The access history in hive \??\C:\ProgramData\Packages\Microsoft.WindowsTerminal_8wekyb3d8bbwe\S-1-5-21-1394681546-3843053835-3284470220-1001\SystemAppData\Helium\Cache\a1e61cb62194f46c_COM15.dat was cleared updating 1 keys and creating 1 modified pages.
Information,14/01/2023 14:09:27,Microsoft-Windows-Kernel-General,16,None,The access history in hive \??\C:\Users\Abdo\AppData\Local\Packages\Microsoft.WindowsTerminal_8wekyb3d8bbwe\SystemAppData\Helium\UserClasses.dat was cleared updating 2 keys and creating 1 modified pages.
Information,14/01/2023 14:09:27,Microsoft-Windows-Kernel-General,16,None,The access history in hive \??\C:\Users\Abdo\AppData\Local\Packages\Microsoft.WindowsTerminal_8wekyb3d8bbwe\SystemAppData\Helium\User.dat was cleared updating 1 keys and creating 1 modified pages.
Information,14/01/2023 14:09:06,Microsoft-Windows-Kernel-General,16,None,The access history in hive \??\C:\Users\Abdo\AppData\Local\Packages\Microsoft.OneDriveSync_8wekyb3d8bbwe\Settings\settings.dat was cleared updating 3 keys and creating 1 modified pages.
Information,14/01/2023 14:08:56,Microsoft-Windows-Kernel-General,16,None,The access history in hive \??\C:\Users\Abdo\AppData\Local\Packages\MicrosoftTeams_8wekyb3d8bbwe\Settings\settings.dat was cleared updating 2 keys and creating 1 modified pages.
Information,14/01/2023 14:08:56,Microsoft-Windows-Kernel-General,16,None,The access history in hive \??\C:\ProgramData\Packages\MicrosoftTeams_8wekyb3d8bbwe\S-1-5-21-1394681546-3843053835-3284470220-1001\SystemAppData\Helium\Cache\40bd3ca2fdbf90c7_COM15.dat was cleared updating 1 keys and creating 1 modified pages.
Information,14/01/2023 14:08:56,Microsoft-Windows-Kernel-General,16,None,The access history in hive \??\C:\Users\Abdo\AppData\Local\Packages\MicrosoftTeams_8wekyb3d8bbwe\SystemAppData\Helium\UserClasses.dat was cleared updating 12 keys and creating 1 modified pages.
Information,14/01/2023 14:08:56,Microsoft-Windows-Kernel-General,16,None,The access history in hive \??\C:\Users\Abdo\AppData\Local\Packages\MicrosoftTeams_8wekyb3d8bbwe\SystemAppData\Helium\User.dat was cleared updating 32 keys and creating 2 modified pages.
Warning,14/01/2023 14:08:56,Microsoft-Windows-DistributedCOM,10016,None,"The application-specific permission settings do not grant Local Activation permission for the COM Server application with CLSID 
{2593F8B9-4EAF-457C-B68A-50F6B8EA6B54}
 and APPID 
{15C20B67-12E7-4BB6-92BB-7AFF07997402}
 to the user DESKTOP-TBPOCIG\Abdo SID (S-1-5-21-1394681546-3843053835-3284470220-1001) from address LocalHost (Using LRPC) running in the application container Unavailable SID (Unavailable). This security permission can be modified using the Component Services administrative tool."
Warning,14/01/2023 14:08:55,Microsoft-Windows-DistributedCOM,10016,None,"The application-specific permission settings do not grant Local Activation permission for the COM Server application with CLSID 
{2593F8B9-4EAF-457C-B68A-50F6B8EA6B54}
 and APPID 
{15C20B67-12E7-4BB6-92BB-7AFF07997402}
 to the user DESKTOP-TBPOCIG\Abdo SID (S-1-5-21-1394681546-3843053835-3284470220-1001) from address LocalHost (Using LRPC) running in the application container Unavailable SID (Unavailable). This security permission can be modified using the Component Services administrative tool."
Warning,14/01/2023 14:08:53,Microsoft-Windows-DistributedCOM,10016,None,"The application-specific permission settings do not grant Local Activation permission for the COM Server application with CLSID 
{2593F8B9-4EAF-457C-B68A-50F6B8EA6B54}
 and APPID 
{15C20B67-12E7-4BB6-92BB-7AFF07997402}
 to the user DESKTOP-TBPOCIG\Abdo SID (S-1-5-21-1394681546-3843053835-3284470220-1001) from address LocalHost (Using LRPC) running in the application container Unavailable SID (Unavailable). This security permission can be modified using the Component Services administrative tool."
Information,14/01/2023 14:08:49,Microsoft-Windows-WindowsUpdateClient,44,Windows Update Agent,Windows Update started downloading an update.
Information,14/01/2023 14:08:46,Microsoft-Windows-Kernel-General,16,None,The access history in hive \??\C:\ProgramData\Packages\Microsoft.YourPhone_8wekyb3d8bbwe\S-1-5-21-1394681546-3843053835-3284470220-1001\SystemAppData\Helium\Cache\69d607ff58eb4e61_COM15.dat was cleared updating 1 keys and creating 1 modified pages.
Information,14/01/2023 14:08:46,Microsoft-Windows-Kernel-General,16,None,The access history in hive \??\C:\Users\Abdo\AppData\Local\Packages\Microsoft.YourPhone_8wekyb3d8bbwe\SystemAppData\Helium\UserClasses.dat was cleared updating 12 keys and creating 1 modified pages.
Information,14/01/2023 14:08:46,Microsoft-Windows-Kernel-General,16,None,The access history in hive \??\C:\Users\Abdo\AppData\Local\Packages\Microsoft.YourPhone_8wekyb3d8bbwe\SystemAppData\Helium\User.dat was cleared updating 19 keys and creating 2 modified pages.
Information,14/01/2023 14:08:46,Microsoft-Windows-Kernel-General,16,None,The access history in hive \??\C:\Users\Abdo\AppData\Local\Packages\Microsoft.YourPhone_8wekyb3d8bbwe\Settings\settings.dat was cleared updating 36 keys and creating 7 modified pages.
Information,14/01/2023 14:08:42,Service Control Manager,7040,None,The start type of the Background Intelligent Transfer Service service was changed from demand start to auto start.
Information,14/01/2023 14:08:42,Microsoft-Windows-TPM-WMI,1025,None,The TPM was successfully provisioned and is now ready for use.
Information,14/01/2023 14:08:42,Microsoft-Windows-TPM-WMI,1282,None,The TBS device identifier has been generated.
Information,14/01/2023 14:08:41,Microsoft-Windows-Kernel-General,16,None,The access history in hive \??\C:\Users\Abdo\AppData\Local\Packages\DTSInc.DTSSoundUnbound_t5j2fzbtdg37r\Settings\settings.dat was cleared updating 3 keys and creating 1 modified pages.
Information,14/01/2023 14:08:39,Microsoft-Windows-Kernel-General,16,None,The access history in hive \??\C:\Users\Abdo\AppData\Local\Packages\Microsoft.AAD.BrokerPlugin_cw5n1h2txyewy\Settings\settings.dat was cleared updating 13 keys and creating 1 modified pages.
Information,14/01/2023 14:08:39,Microsoft-Windows-Kernel-General,16,None,The access history in hive \??\C:\Users\Abdo\AppData\Local\Packages\Microsoft.Windows.StartMenuExperienceHost_cw5n1h2txyewy\Settings\settings.dat was cleared updating 7 keys and creating 1 modified pages.
Information,14/01/2023 14:08:39,Microsoft-Windows-Kernel-General,16,None,The access history in hive \??\C:\Users\Abdo\AppData\Local\Packages\MicrosoftWindows.Client.CBS_cw5n1h2txyewy\Settings\settings.dat was cleared updating 16 keys and creating 6 modified pages.
Information,14/01/2023 14:08:39,Microsoft-Windows-Kernel-General,16,None,The access history in hive \??\C:\ProgramData\Packages\MicrosoftWindows.Client.WebExperience_cw5n1h2txyewy\S-1-5-21-1394681546-3843053835-3284470220-1001\SystemAppData\Helium\Cache\32c53033becb93e7_COM15.dat was cleared updating 1 keys and creating 1 modified pages.
Information,14/01/2023 14:08:39,Microsoft-Windows-Kernel-General,16,None,The access history in hive \??\C:\Users\Abdo\AppData\Local\Packages\MicrosoftWindows.Client.WebExperience_cw5n1h2txyewy\SystemAppData\Helium\UserClasses.dat was cleared updating 12 keys and creating 1 modified pages.
Information,14/01/2023 14:08:39,Microsoft-Windows-Kernel-General,16,None,The access history in hive \??\C:\Users\Abdo\AppData\Local\Packages\MicrosoftWindows.Client.WebExperience_cw5n1h2txyewy\SystemAppData\Helium\User.dat was cleared updating 34 keys and creating 4 modified pages.
Warning,14/01/2023 14:08:38,Microsoft-Windows-DistributedCOM,10016,None,"The application-specific permission settings do not grant Local Activation permission for the COM Server application with CLSID 
{6B3B8D23-FA8D-40B9-8DBD-B950333E2C52}
 and APPID 
{4839DDB7-58C2-48F5-8283-E1D1807D0D7D}
 to the user NT AUTHORITY\LOCAL SERVICE SID (S-1-5-19) from address LocalHost (Using LRPC) running in the application container Unavailable SID (Unavailable). This security permission can be modified using the Component Services administrative tool."
Warning,14/01/2023 14:08:38,Microsoft-Windows-DistributedCOM,10016,None,"The application-specific permission settings do not grant Local Activation permission for the COM Server application with CLSID 
{6B3B8D23-FA8D-40B9-8DBD-B950333E2C52}
 and APPID 
{4839DDB7-58C2-48F5-8283-E1D1807D0D7D}
 to the user NT AUTHORITY\LOCAL SERVICE SID (S-1-5-19) from address LocalHost (Using LRPC) running in the application container Unavailable SID (Unavailable). This security permission can be modified using the Component Services administrative tool."
Information,14/01/2023 14:08:38,Microsoft-Windows-Kernel-General,16,None,The access history in hive \??\C:\Users\Abdo\AppData\Local\Microsoft\Windows\UsrClass.dat was cleared updating 10956 keys and creating 994 modified pages.
Information,14/01/2023 14:08:38,Microsoft-Windows-Kernel-General,16,None,The access history in hive \??\C:\Users\Abdo\ntuser.dat was cleared updating 2312 keys and creating 359 modified pages.
Information,14/01/2023 14:08:38,Microsoft-Windows-Winlogon,7001,(1101),User Log-on Notification for Customer Experience Improvement Program
Information,14/01/2023 14:08:38,Service Control Manager,7040,None,The start type of the Windows Modules Installer service was changed from auto start to demand start.
Information,14/01/2023 14:08:38,TPM,18,None,This event triggers the Trusted Platform Module (TPM) provisioning/status check to run.
Information,14/01/2023 14:08:38,Service Control Manager,7026,None,"The following boot-start or system-start driver(s) did not load: 
dam
WinSetupMon"
Information,14/01/2023 14:08:33,Microsoft-Windows-WindowsUpdateClient,43,Windows Update Agent,Installation Started: Windows has started installing the following update: Windows Malicious Software Removal Tool x64 - v5.109 (KB890830)
Information,14/01/2023 14:08:30,Microsoft-Windows-HttpService,113,HTTP Configuration Property Trace Task,"Attempted to add URL (http://127.0.0.1:27339:127.0.0.1/AuraSDK/) to URL group (0xFE00000420000001). Status: 0x0. Process Id 0x1374 Executable path \Device\HarddiskVolume3\Program Files (x86)\ASUS\GameSDK Service\GameSDK.exe, User SYSTEM"
Information,14/01/2023 14:08:30,Microsoft-Windows-HttpService,111,HTTP Configuration Property Trace Task,"Create URL group 0xFE00000420000001. Status 0x0. Process Id 0x1374 Executable path \Device\HarddiskVolume3\Program Files (x86)\ASUS\GameSDK Service\GameSDK.exe, User SYSTEM"
Information,14/01/2023 14:08:30,Microsoft-Windows-HttpService,113,HTTP Configuration Property Trace Task,"Attempted to add URL (http://*:5357/2e3c5200-a8d4-4ef8-a115-8866ddb6e283/) to URL group (0xFE00000C20000001). Status: 0x0. Process Id 0x11D4 Executable path \Device\HarddiskVolume3\Windows\System32\svchost.exe, User LOCAL SERVICE"
Information,14/01/2023 14:08:30,Microsoft-Windows-HttpService,111,HTTP Configuration Property Trace Task,"Create URL group 0xFE00000C20000001. Status 0x0. Process Id 0x11D4 Executable path \Device\HarddiskVolume3\Windows\System32\svchost.exe, User LOCAL SERVICE"
Information,14/01/2023 14:08:30,Microsoft-Windows-WLAN-AutoConfig,10001,None,"WLAN Extensibility Module has successfully started.

Module Path: C:\WINDOWS\system32\IntelIHVRouter10.dll
"
Information,14/01/2023 14:08:30,Microsoft-Windows-WLAN-AutoConfig,4000,None,"WLAN AutoConfig service has successfully started.
"
Information,14/01/2023 14:08:30,Microsoft-Windows-HttpService,112,HTTP Setup Trace Task,"Attempted to reserve URL http://+:10243/WMPNSSv4/. Status 0x0. Process Id 0x4 Executable path , User SYSTEM"
Information,14/01/2023 14:08:30,Microsoft-Windows-HttpService,112,HTTP Setup Trace Task,"Attempted to reserve URL https://+:10245/WMPNSSv4/. Status 0x0. Process Id 0x4 Executable path , User SYSTEM"
Information,14/01/2023 14:08:30,Microsoft-Windows-HttpService,112,HTTP Setup Trace Task,"Attempted to reserve URL http://+:3387/rdp/. Status 0x0. Process Id 0x4 Executable path , User SYSTEM"
Information,14/01/2023 14:08:30,Microsoft-Windows-HttpService,112,HTTP Setup Trace Task,"Attempted to reserve URL https://+:3392/rdp/. Status 0x0. Process Id 0x4 Executable path , User SYSTEM"
Information,14/01/2023 14:08:30,Microsoft-Windows-HttpService,112,HTTP Setup Trace Task,"Attempted to reserve URL http://+:10246/MDEServer/. Status 0x0. Process Id 0x4 Executable path , User SYSTEM"
Information,14/01/2023 14:08:30,Microsoft-Windows-HttpService,112,HTTP Setup Trace Task,"Attempted to reserve URL http://*:2869/. Status 0x0. Process Id 0x4 Executable path , User SYSTEM"
Information,14/01/2023 14:08:30,Microsoft-Windows-HttpService,112,HTTP Setup Trace Task,"Attempted to reserve URL http://+:10247/apps/. Status 0x0. Process Id 0x4 Executable path , User SYSTEM"
Information,14/01/2023 14:08:30,Microsoft-Windows-HttpService,112,HTTP Setup Trace Task,"Attempted to reserve URL http://+:5985/wsman/. Status 0x0. Process Id 0x4 Executable path , User SYSTEM"
Information,14/01/2023 14:08:30,Microsoft-Windows-HttpService,112,HTTP Setup Trace Task,"Attempted to reserve URL http://+:47001/wsman/. Status 0x0. Process Id 0x4 Executable path , User SYSTEM"
Information,14/01/2023 14:08:30,Microsoft-Windows-HttpService,112,HTTP Setup Trace Task,"Attempted to reserve URL https://+:5986/wsman/. Status 0x0. Process Id 0x4 Executable path , User SYSTEM"
Information,14/01/2023 14:08:30,Microsoft-Windows-HttpService,112,HTTP Setup Trace Task,"Attempted to reserve URL https://+:443/sra_{BA195980-CD49-458b-9E23-C84EE0ADCD75}/. Status 0x0. Process Id 0x4 Executable path , User SYSTEM"
Information,14/01/2023 14:08:30,Microsoft-Windows-HttpService,112,HTTP Setup Trace Task,"Attempted to reserve URL https://*:5358/. Status 0x0. Process Id 0x4 Executable path , User SYSTEM"
Information,14/01/2023 14:08:30,Microsoft-Windows-HttpService,112,HTTP Setup Trace Task,"Attempted to reserve URL http://+:80/Temporary_Listen_Addresses/. Status 0x0. Process Id 0x4 Executable path , User SYSTEM"
Information,14/01/2023 14:08:30,Microsoft-Windows-HttpService,112,HTTP Setup Trace Task,"Attempted to reserve URL http://*:5357/. Status 0x0. Process Id 0x4 Executable path , User SYSTEM"
Information,14/01/2023 14:08:30,RST Middleware,27,None,"Found passthru disk: SCSI Port: 0, SCSI Bus: 2, SCSI Target: 0, PCIe SSD, 1000204886016 bytes, Sabrent Rocket Q4                       "
Information,14/01/2023 14:08:29,Microsoft-Windows-Kernel-General,15,(10),Hive \??\C:\WINDOWS\System32\config\COMPONENTS was reorganized with a starting size of 39804928 bytes and an ending size of 35807232 bytes.
Information,14/01/2023 14:08:28,Microsoft-Windows-Kernel-General,16,None,The access history in hive \SystemRoot\System32\config\DRIVERS was cleared updating 1344 keys and creating 174 modified pages.
Information,14/01/2023 14:08:28,Microsoft-Windows-DHCPv6-Client,51046,Service State Event,DHCPv6 client service is started
Information,14/01/2023 14:08:28,Microsoft-Windows-Dhcp-Client,50036,Service State Event,DHCPv4 client service is started
Information,14/01/2023 14:08:28,Microsoft-Windows-Dhcp-Client,50103,Service State Event,DHCPv4 client registered for shutdown notification
Information,14/01/2023 14:08:28,Microsoft-Windows-Dhcp-Client,50036,Service State Event,DHCPv4 client service is started
Information,14/01/2023 14:08:28,Microsoft-Windows-FilterManager,6,None,"File System Filter 'bindflt' (10.0, ‎1990‎-‎09‎-‎03T03:15:47.000000000Z) has successfully loaded and registered with Filter Manager."
Information,14/01/2023 14:08:28,Microsoft-Windows-FilterManager,6,None,"File System Filter 'storqosflt' (10.0, ‎2031‎-‎12‎-‎25T23:42:56.000000000Z) has successfully loaded and registered with Filter Manager."
Information,14/01/2023 14:08:28,Microsoft-Windows-FilterManager,6,None,"File System Filter 'CldFlt' (10.0, ‎2089‎-‎08‎-‎24T13:59:14.000000000Z) has successfully loaded and registered with Filter Manager."
Information,14/01/2023 14:08:28,Microsoft-Windows-FilterManager,1,None,"File System Filter 'CldFlt' (Version 10.0, ‎2089‎-‎08‎-‎24T13:59:14.000000000Z) unloaded successfully."
Information,14/01/2023 14:08:28,Microsoft-Windows-FilterManager,6,None,"File System Filter 'CldFlt' (10.0, ‎2089‎-‎08‎-‎24T13:59:14.000000000Z) has successfully loaded and registered with Filter Manager."
Information,14/01/2023 14:08:28,Microsoft-Windows-FilterManager,6,None,"File System Filter 'wcifs' (10.0, ‎2051‎-‎09‎-‎09T07:23:39.000000000Z) has successfully loaded and registered with Filter Manager."
Information,14/01/2023 14:08:28,Microsoft-Windows-FilterManager,6,None,"File System Filter 'luafv' (10.0, ‎1976‎-‎09‎-‎16T11:02:14.000000000Z) has successfully loaded and registered with Filter Manager."
Information,14/01/2023 14:08:28,Microsoft-Windows-FilterManager,6,None,"File System Filter 'bfs' (10.0, ‎2093‎-‎01‎-‎08T14:31:30.000000000Z) has successfully loaded and registered with Filter Manager."
Information,14/01/2023 14:08:27,Microsoft-Windows-Directory-Services-SAM,16983,None,"The security account manager is now logging periodic summary events for remote clients that call legacy password change or set RPC methods.

For more information please see https://go.microsoft.com/fwlink/?linkid=2150956.
"
Information,14/01/2023 14:08:27,Microsoft-Windows-Directory-Services-SAM,16977,None,"The domain is configured with the following minimum password length-related settings.

MinimumPasswordLength: 0

RelaxMinimumPasswordLengthLimits: 0

MinimumPasswordLengthAudit: -1

For more information see https://go.microsoft.com/fwlink/?LinkId=2097191.
"
Information,14/01/2023 14:08:27,Microsoft-Windows-Directory-Services-SAM,16962,None,"Remote calls to the SAM database are being restricted using the default security descriptor: O:SYG:SYD:(A;;RC;;;BA).
For more information please see http://go.microsoft.com/fwlink/?LinkId=787651."
Warning,14/01/2023 14:08:27,LsaSrv,6155,None,"LSA package is not signed as expected. This can cause unexpected behaviour with Credential Guard.

PackageName: msv1_0"
Warning,14/01/2023 14:08:27,LsaSrv,6155,None,"LSA package is not signed as expected. This can cause unexpected behaviour with Credential Guard.

PackageName: sfapm"
Warning,14/01/2023 14:08:27,LsaSrv,6155,None,"LSA package is not signed as expected. This can cause unexpected behaviour with Credential Guard.

PackageName: schannel"
Warning,14/01/2023 14:08:27,LsaSrv,6155,None,"LSA package is not signed as expected. This can cause unexpected behaviour with Credential Guard.

PackageName: wdigest"
Warning,14/01/2023 14:08:27,LsaSrv,6155,None,"LSA package is not signed as expected. This can cause unexpected behaviour with Credential Guard.

PackageName: cloudap"
Warning,14/01/2023 14:08:27,LsaSrv,6155,None,"LSA package is not signed as expected. This can cause unexpected behaviour with Credential Guard.

PackageName: pku2u"
Warning,14/01/2023 14:08:27,LsaSrv,6155,None,"LSA package is not signed as expected. This can cause unexpected behaviour with Credential Guard.

PackageName: tspkg"
Warning,14/01/2023 14:08:27,LsaSrv,6155,None,"LSA package is not signed as expected. This can cause unexpected behaviour with Credential Guard.

PackageName: msv1_0"
Warning,14/01/2023 14:08:27,LsaSrv,6155,None,"LSA package is not signed as expected. This can cause unexpected behaviour with Credential Guard.

PackageName: kerberos"
Warning,14/01/2023 14:08:27,LsaSrv,6155,None,"LSA package is not signed as expected. This can cause unexpected behaviour with Credential Guard.

PackageName: negoexts"
Information,14/01/2023 14:08:27,LsaSrv,6156,None,"Virtualisation Based Security for Credential Guard auto enablement status.

Hardware Requirements:	1
Domain Joined:	0
Azure AD Joined:	0"
Warning,14/01/2023 14:08:27,Microsoft-Windows-Wininit,15,None,Credential Guard and/or VBS Key Isolation are configured but the secure kernel is not running; continuing without them.
Information,14/01/2023 14:08:27,Microsoft-Windows-Wininit,14,None,"Credential Guard configuration:

Registry Configuration: 0x2
Test Configuration: 0
Auto Enablement: 1"
Information,14/01/2023 14:08:27,e2fexpress,32,None,"The description for Event ID 32 from source e2fexpress cannot be found. Either the component that raises this event is not installed on your local computer or the installation is corrupted. You can install or repair the component on the local computer.

If the event originated on another computer, the display information had to be saved with the event.

The following information was included with the event: 

Intel(R) Ethernet Controller (3) I225-V

The message resource is present but the message was not found in the message table
"
Information,14/01/2023 14:08:26,BTHUSB,18,None,Windows cannot store Bluetooth authentication codes (link keys) on the local adapter. Bluetooth keyboards might not work in the system BIOS during start-up.
Information,14/01/2023 14:08:25,Microsoft-Windows-Subsys-SMSS,17,None,A platform binary was successfully executed.
Information,14/01/2023 14:08:25,Microsoft-Windows-Kernel-General,16,None,The access history in hive \Device\HarddiskVolume1\EFI\Microsoft\Boot\BCD was cleared updating 64 keys and creating 8 modified pages.
Information,14/01/2023 14:08:25,Microsoft-Windows-Kernel-General,24,(11),The time zone information was refreshed with exit reason 0. Current time zone bias is 0.
Information,14/01/2023 14:08:25,Microsoft-Windows-Kernel-General,16,None,The access history in hive \Device\HarddiskVolume1\EFI\Microsoft\Boot\BCD was cleared updating 64 keys and creating 8 modified pages.
Information,14/01/2023 14:08:25,Microsoft-Windows-Kernel-General,16,None,The access history in hive \Device\HarddiskVolume1\EFI\Microsoft\Boot\BCD was cleared updating 64 keys and creating 8 modified pages.
Information,14/01/2023 14:08:25,Microsoft-Windows-Kernel-General,16,None,The access history in hive \Device\HarddiskVolume1\EFI\Microsoft\Boot\BCD was cleared updating 64 keys and creating 8 modified pages.
Information,14/01/2023 14:08:25,Microsoft-Windows-Ntfs,98,None,Volume \\?\Volume{ad2ec1c9-f9a9-4b39-a2e8-0e53745a5c1a} (\Device\HarddiskVolume4) is healthy.  No action is needed.
Information,14/01/2023 14:08:25,Netwtw10,7027,None,7027 - get Nic Manufacturere on init
Information,14/01/2023 14:08:25,Netwtw10,7017,None,7017 - secure boot (SB) configuration
Information,14/01/2023 14:08:24,Netwtw10,7010,None,7010 - driver enabled (miniport init)
Information,14/01/2023 14:08:24,Netwtw10,7002,None,7002 - CTDP power limit value (SPLC)
Information,14/01/2023 14:08:24,Netwtw10,7005,None,7005 - SAR value max TX power (WRDS)
Warning,14/01/2023 14:08:24,e2fexpress,27,None,"The description for Event ID 27 from source e2fexpress cannot be found. Either the component that raises this event is not installed on your local computer or the installation is corrupted. You can install or repair the component on the local computer.

If the event originated on another computer, the display information had to be saved with the event.

The following information was included with the event: 

Intel(R) Ethernet Controller (3) I225-V

The message resource is present but the message was not found in the message table
"
Information,14/01/2023 14:08:24,MEIx64,2,None,Intel(R) Management Engine Interface driver has started successfully.
Information,14/01/2023 14:08:24,Netwtw10,7036,None,The \Device\NDMP1 service entered the Intel(R) Wi-Fi 6 AX201 160MHz state.
Information,14/01/2023 14:08:24,Microsoft-Windows-Kernel-Processor-Power,55,(47),"Processor 19 in group 0 exposes the following power management capabilities:

Idle state type: ACPI Idle (C) States (3 state(s))

Performance state type: ACPI Collaborative Processor Performance Control
Nominal Frequency (MHz): 2100
Maximum performance percentage: 171
Minimum performance percentage: 47
Minimum throttle percentage: 4"
Information,14/01/2023 14:08:24,Microsoft-Windows-Kernel-Processor-Power,55,(47),"Processor 18 in group 0 exposes the following power management capabilities:

Idle state type: ACPI Idle (C) States (3 state(s))

Performance state type: ACPI Collaborative Processor Performance Control
Nominal Frequency (MHz): 2100
Maximum performance percentage: 171
Minimum performance percentage: 47
Minimum throttle percentage: 4"
Information,14/01/2023 14:08:24,Microsoft-Windows-Kernel-Processor-Power,55,(47),"Processor 17 in group 0 exposes the following power management capabilities:

Idle state type: ACPI Idle (C) States (3 state(s))

Performance state type: ACPI Collaborative Processor Performance Control
Nominal Frequency (MHz): 2100
Maximum performance percentage: 171
Minimum performance percentage: 47
Minimum throttle percentage: 4"
Information,14/01/2023 14:08:24,Microsoft-Windows-Kernel-Processor-Power,55,(47),"Processor 16 in group 0 exposes the following power management capabilities:

Idle state type: ACPI Idle (C) States (3 state(s))

Performance state type: ACPI Collaborative Processor Performance Control
Nominal Frequency (MHz): 2100
Maximum performance percentage: 171
Minimum performance percentage: 47
Minimum throttle percentage: 4"
Information,14/01/2023 14:08:24,Microsoft-Windows-Kernel-Processor-Power,55,(47),"Processor 15 in group 0 exposes the following power management capabilities:

Idle state type: ACPI Idle (C) States (3 state(s))

Performance state type: ACPI Collaborative Processor Performance Control
Nominal Frequency (MHz): 2100
Maximum performance percentage: 234
Minimum performance percentage: 50
Minimum throttle percentage: 3"
Information,14/01/2023 14:08:24,Microsoft-Windows-Kernel-Processor-Power,55,(47),"Processor 14 in group 0 exposes the following power management capabilities:

Idle state type: ACPI Idle (C) States (3 state(s))

Performance state type: ACPI Collaborative Processor Performance Control
Nominal Frequency (MHz): 2100
Maximum performance percentage: 234
Minimum performance percentage: 50
Minimum throttle percentage: 3"
Information,14/01/2023 14:08:24,Microsoft-Windows-Kernel-Processor-Power,55,(47),"Processor 13 in group 0 exposes the following power management capabilities:

Idle state type: ACPI Idle (C) States (3 state(s))

Performance state type: ACPI Collaborative Processor Performance Control
Nominal Frequency (MHz): 2100
Maximum performance percentage: 242
Minimum performance percentage: 50
Minimum throttle percentage: 3"
Information,14/01/2023 14:08:24,Microsoft-Windows-Kernel-Processor-Power,55,(47),"Processor 12 in group 0 exposes the following power management capabilities:

Idle state type: ACPI Idle (C) States (3 state(s))

Performance state type: ACPI Collaborative Processor Performance Control
Nominal Frequency (MHz): 2100
Maximum performance percentage: 242
Minimum performance percentage: 50
Minimum throttle percentage: 3"
Information,14/01/2023 14:08:24,Microsoft-Windows-Kernel-Processor-Power,55,(47),"Processor 11 in group 0 exposes the following power management capabilities:

Idle state type: ACPI Idle (C) States (3 state(s))

Performance state type: ACPI Collaborative Processor Performance Control
Nominal Frequency (MHz): 2100
Maximum performance percentage: 234
Minimum performance percentage: 50
Minimum throttle percentage: 3"
Information,14/01/2023 14:08:24,Microsoft-Windows-Kernel-Processor-Power,55,(47),"Processor 10 in group 0 exposes the following power management capabilities:

Idle state type: ACPI Idle (C) States (3 state(s))

Performance state type: ACPI Collaborative Processor Performance Control
Nominal Frequency (MHz): 2100
Maximum performance percentage: 234
Minimum performance percentage: 50
Minimum throttle percentage: 3"
Information,14/01/2023 14:08:24,Microsoft-Windows-Kernel-Processor-Power,55,(47),"Processor 9 in group 0 exposes the following power management capabilities:

Idle state type: ACPI Idle (C) States (3 state(s))

Performance state type: ACPI Collaborative Processor Performance Control
Nominal Frequency (MHz): 2100
Maximum performance percentage: 242
Minimum performance percentage: 50
Minimum throttle percentage: 3"
Information,14/01/2023 14:08:24,Microsoft-Windows-Kernel-Processor-Power,55,(47),"Processor 8 in group 0 exposes the following power management capabilities:

Idle state type: ACPI Idle (C) States (3 state(s))

Performance state type: ACPI Collaborative Processor Performance Control
Nominal Frequency (MHz): 2100
Maximum performance percentage: 242
Minimum performance percentage: 50
Minimum throttle percentage: 3"
Information,14/01/2023 14:08:24,Microsoft-Windows-Kernel-Processor-Power,55,(47),"Processor 7 in group 0 exposes the following power management capabilities:

Idle state type: ACPI Idle (C) States (3 state(s))

Performance state type: ACPI Collaborative Processor Performance Control
Nominal Frequency (MHz): 2100
Maximum performance percentage: 234
Minimum performance percentage: 50
Minimum throttle percentage: 3"
Information,14/01/2023 14:08:24,Microsoft-Windows-Kernel-Processor-Power,55,(47),"Processor 6 in group 0 exposes the following power management capabilities:

Idle state type: ACPI Idle (C) States (3 state(s))

Performance state type: ACPI Collaborative Processor Performance Control
Nominal Frequency (MHz): 2100
Maximum performance percentage: 234
Minimum performance percentage: 50
Minimum throttle percentage: 3"
Information,14/01/2023 14:08:24,Microsoft-Windows-Kernel-Processor-Power,55,(47),"Processor 5 in group 0 exposes the following power management capabilities:

Idle state type: ACPI Idle (C) States (3 state(s))

Performance state type: ACPI Collaborative Processor Performance Control
Nominal Frequency (MHz): 2100
Maximum performance percentage: 234
Minimum performance percentage: 50
Minimum throttle percentage: 3"
Information,14/01/2023 14:08:24,Microsoft-Windows-Kernel-Processor-Power,55,(47),"Processor 4 in group 0 exposes the following power management capabilities:

Idle state type: ACPI Idle (C) States (3 state(s))

Performance state type: ACPI Collaborative Processor Performance Control
Nominal Frequency (MHz): 2100
Maximum performance percentage: 234
Minimum performance percentage: 50
Minimum throttle percentage: 3"
Information,14/01/2023 14:08:24,Microsoft-Windows-Kernel-Processor-Power,55,(47),"Processor 3 in group 0 exposes the following power management capabilities:

Idle state type: ACPI Idle (C) States (3 state(s))

Performance state type: ACPI Collaborative Processor Performance Control
Nominal Frequency (MHz): 2100
Maximum performance percentage: 234
Minimum performance percentage: 50
Minimum throttle percentage: 3"
Information,14/01/2023 14:08:24,Microsoft-Windows-Kernel-Processor-Power,55,(47),"Processor 2 in group 0 exposes the following power management capabilities:

Idle state type: ACPI Idle (C) States (3 state(s))

Performance state type: ACPI Collaborative Processor Performance Control
Nominal Frequency (MHz): 2100
Maximum performance percentage: 234
Minimum performance percentage: 50
Minimum throttle percentage: 3"
Information,14/01/2023 14:08:24,Microsoft-Windows-Kernel-Processor-Power,55,(47),"Processor 1 in group 0 exposes the following power management capabilities:

Idle state type: ACPI Idle (C) States (3 state(s))

Performance state type: ACPI Collaborative Processor Performance Control
Nominal Frequency (MHz): 2100
Maximum performance percentage: 234
Minimum performance percentage: 50
Minimum throttle percentage: 3"
Information,14/01/2023 14:08:24,Microsoft-Windows-Kernel-Processor-Power,55,(47),"Processor 0 in group 0 exposes the following power management capabilities:

Idle state type: ACPI Idle (C) States (3 state(s))

Performance state type: ACPI Collaborative Processor Performance Control
Nominal Frequency (MHz): 2100
Maximum performance percentage: 234
Minimum performance percentage: 50
Minimum throttle percentage: 3"
Information,14/01/2023 14:08:23,Microsoft-Windows-Kernel-Power,172,(203),"Connectivity state in standby: Disconnected, Reason: NIC compliance"
Information,14/01/2023 14:08:23,Microsoft-Windows-Kernel-General,16,None,The access history in hive \Device\HarddiskVolume1\EFI\Microsoft\Boot\BCD was cleared updating 64 keys and creating 8 modified pages.
Critical,14/01/2023 14:08:23,Microsoft-Windows-Kernel-Power,41,(63),"The system has rebooted without cleanly shutting down first. This error could be caused if the system stopped responding, crashed, or lost power unexpectedly."
Information,14/01/2023 14:08:23,Microsoft-Windows-Kernel-Power,125,(86),"ACPI thermal zone \_TZ.TZ00 has been enumerated.             
_PSV = 0K             
_TC1 = 0             
_TC2 = 0             
_TSP = 0ms             
_AC0 = 353K             
_AC1 = 328K             
_AC2 = 323K             
_AC3 = 318K             
_AC4 = 313K             
_AC5 = 0K             
_AC6 = 0K             
_AC7 = 0K             
_AC8 = 0K             
_AC9 = 0K             
_CRT = 378K             
_HOT = 0K             
minimum throttle = 0             
_CR3 = 0K"
Information,14/01/2023 14:08:23,Microsoft-Windows-FilterManager,6,None,"File System Filter 'npsvctrig' (10.0, ‎1979‎-‎12‎-‎19T16:12:41.000000000Z) has successfully loaded and registered with Filter Manager."
Information,14/01/2023 14:08:23,Microsoft-Windows-FilterManager,6,None,"File System Filter 'FileCrypt' (10.0, ‎1983‎-‎08‎-‎19T02:58:35.000000000Z) has successfully loaded and registered with Filter Manager."
Information,14/01/2023 14:08:21,Microsoft-Windows-Ntfs,98,None,Volume C: (\Device\HarddiskVolume3) is healthy.  No action is needed.
Information,14/01/2023 14:08:20,Microsoft-Windows-FilterManager,6,None,"File System Filter 'WdFilter' (10.0, ‎2046‎-‎12‎-‎28T03:44:16.000000000Z) has successfully loaded and registered with Filter Manager."
Information,14/01/2023 14:08:20,Microsoft-Windows-FilterManager,6,None,"File System Filter 'Wof' (10.0, ‎2013‎-‎07‎-‎24T01:08:12.000000000Z) has successfully loaded and registered with Filter Manager."
Information,14/01/2023 14:08:20,Microsoft-Windows-FilterManager,6,None,"File System Filter 'FileInfo' (10.0, ‎2079‎-‎02‎-‎26T22:03:00.000000000Z) has successfully loaded and registered with Filter Manager."
Information,14/01/2023 14:08:28,EventLog,6013,None,The system uptime is 9 seconds.
Information,14/01/2023 14:08:28,EventLog,6005,None,The Event log service was started.
Information,14/01/2023 14:08:28,EventLog,6009,None,Microsoft (R) Windows (R) 10.00. 22621  Multiprocessor Free.
Error,14/01/2023 14:08:28,EventLog,6008,None,The previous system shutdown at 20:46:03 on ‎10/‎01/‎2023 was unexpected.
Information,14/01/2023 14:08:19,Microsoft-Windows-HAL,16,None,The iommu fault reporting has been initialized.
Information,14/01/2023 14:08:19,Microsoft-Windows-Kernel-General,20,(6),"The leap second configuration has been updated.
Reason: Leap second data initialized from registry during boot
Leap seconds enabled: true
New leap second count: 0
Old leap second count: 0"
Information,14/01/2023 14:08:19,Microsoft-Windows-Kernel-Boot,30,(21),The firmware reported boot metrics.
Information,14/01/2023 14:08:19,Microsoft-Windows-Kernel-Boot,27,(33),The boot type was 0x0.
Information,14/01/2023 14:08:19,Microsoft-Windows-Kernel-Boot,25,(32),The boot menu policy was 0x1.
Information,14/01/2023 14:08:19,Microsoft-Windows-Kernel-Boot,238,(101),EFI time zone bias: 2047. Daylight flags: 0. Firmware time: ‎2023‎-‎01‎-‎14T14:08:17.000000000Z.
Information,14/01/2023 14:08:19,Microsoft-Windows-Kernel-Boot,20,(31),The last shutdown's success status was true. The last boot's success status was true.
Information,14/01/2023 14:08:19,Microsoft-Windows-Kernel-Boot,32,(58),The bootmgr spent 0 ms waiting for user input.
Information,14/01/2023 14:08:19,Microsoft-Windows-Kernel-Boot,18,(57),There are 0x1 boot options on this system.
Information,14/01/2023 14:08:19,Microsoft-Windows-Kernel-Boot,32,(58),The bootmgr spent 0 ms waiting for user input.
Information,14/01/2023 14:08:19,Microsoft-Windows-Kernel-Boot,18,(57),There are 0x1 boot options on this system.
Error,14/01/2023 14:08:19,Microsoft-Windows-Kernel-Boot,29,None,Windows failed fast startup with error status 0xC00000D4.
Information,14/01/2023 14:08:19,Microsoft-Windows-Kernel-Boot,153,(62),Virtualization-based security (policies: 0) is disabled.
Information,14/01/2023 14:08:19,Microsoft-Windows-Kernel-General,12,(1),The operating system started at system time ‎2023‎-‎01‎-‎14T14:08:18.500000000Z.
Information,10/01/2023 21:27:20,Microsoft-Windows-Ntfs,98,None,Volume ?? (\Device\HarddiskVolumeShadowCopy2) is healthy.  No action is needed.
Information,10/01/2023 21:27:19,Microsoft-Windows-Kernel-Power,566,(268),"The system session has transitioned from 7 to 9.

Reason InputAccelerometer 

BootId: 9"
Information,10/01/2023 21:27:16,Microsoft-Windows-WindowsUpdateClient,19,Windows Update Agent,Installation Successful: Windows successfully installed the following update: 9WZDNCRFJ364-MICROSOFT.SKYPEAPP
Information,10/01/2023 21:27:15,Microsoft-Windows-Kernel-General,16,None,The access history in hive \??\C:\Users\Abdo\AppData\Local\Packages\Microsoft.SkypeApp_kzf8qxf38zg5c\Settings\settings.dat was cleared updating 1 keys and creating 1 modified pages.
Information,10/01/2023 21:27:15,Microsoft-Windows-WindowsUpdateClient,43,Windows Update Agent,Installation Started: Windows has started installing the following update: 9WZDNCRFJ364-MICROSOFT.SKYPEAPP
Information,10/01/2023 21:27:14,Microsoft-Windows-Kernel-General,16,None,The access history in hive \??\C:\ProgramData\Microsoft\Windows\AppRepository\Packages\Microsoft.SkypeApp_15.92.3401.0_x86__kzf8qxf38zg5c\ActivationStore.dat was cleared updating 0 keys and creating 0 modified pages.
Information,10/01/2023 21:27:13,Service Control Manager,7040,None,The start type of the Windows Modules Installer service was changed from demand start to auto start.
Information,10/01/2023 21:27:04,Microsoft-Windows-Kernel-Power,566,(268),"The system session has transitioned from 6 to 7.

Reason SessionUnlock 

BootId: 9"
Information,10/01/2023 21:27:01,Microsoft-Windows-WindowsUpdateClient,43,Windows Update Agent,Installation Started: Windows has started installing the following update: 2023-01 Cumulative Update for Windows 11 Version 22H2 for x64-based Systems (KB5022303)
Information,10/01/2023 21:27:01,Microsoft-Windows-WindowsUpdateClient,44,Windows Update Agent,Windows Update started downloading an update.
Information,10/01/2023 21:26:17,Microsoft-Windows-Time-Service,158,None,The time provider 'VMICTimeProvider' has indicated that the current hardware and operating environment is not supported and has stopped. This behavior is expected for VMICTimeProvider on non-HyperV-guest environments. This may be the expected behavior for the current provider in the current operating environment as well.
Information,10/01/2023 21:26:04,e2fexpress,32,None,"The description for Event ID 32 from source e2fexpress cannot be found. Either the component that raises this event is not installed on your local computer or the installation is corrupted. You can install or repair the component on the local computer.

If the event originated on another computer, the display information had to be saved with the event.

The following information was included with the event: 

Intel(R) Ethernet Controller (3) I225-V

The message resource is present but the message was not found in the message table
"
Information,10/01/2023 21:26:02,Microsoft-Windows-Power-Troubleshooter,1,None,"The system has returned from a low power state.

Sleep Time: ‎2023‎-‎01‎-‎10T21:23:17.555535000Z
Wake Time: ‎2023‎-‎01‎-‎10T21:26:01.374493000Z

Wake Source: Device -USB Composite Device"
Warning,10/01/2023 21:26:01,e2fexpress,27,None,"The description for Event ID 27 from source e2fexpress cannot be found. Either the component that raises this event is not installed on your local computer or the installation is corrupted. You can install or repair the component on the local computer.

If the event originated on another computer, the display information had to be saved with the event.

The following information was included with the event: 

Intel(R) Ethernet Controller (3) I225-V

The message resource is present but the message was not found in the message table
"
Information,10/01/2023 21:26:01,Microsoft-Windows-Kernel-Power,566,(268),"The system session has transitioned from 4 to 6.

Reason Unknown 

BootId: 9"
Information,10/01/2023 21:26:01,Microsoft-Windows-Kernel-Power,566,(268),"The system session has transitioned from 3 to 4.

Reason SxTransition 

BootId: 9"
Information,10/01/2023 21:26:01,BTHUSB,18,None,Windows cannot store Bluetooth authentication codes (link keys) on the local adapter. Bluetooth keyboards might not work in the system BIOS during start-up.
Information,10/01/2023 21:26:00,Netwtw10,7026,None,7026 - Dump after return from D3 after cmd
Information,10/01/2023 21:26:00,Netwtw10,7025,None,7025 - Dump after return from D3 before cmd 
Information,10/01/2023 21:26:00,Microsoft-Windows-Kernel-Power,130,(33),"Firmware S3 times. SuspendStart: 2248880, SuspendEnd: 2248963"
Information,10/01/2023 21:26:00,Microsoft-Windows-Kernel-Power,131,(33),"Firmware S3 times. ResumeCount: 1, FullResume: 2444, AverageResume: 2444"
Information,10/01/2023 21:26:00,Microsoft-Windows-Kernel-General,1,(5),"The system time has changed to ‎2023‎-‎01‎-‎10T21:26:00.500000000Z from ‎2023‎-‎01‎-‎10T21:23:21.092599600Z.
Time Delta: 159407 ms

Change Reason: System time synchronized with the hardware clock.
Process: '' (PID 4).

RTC time: ‎2023‎-‎01‎-‎10T21:26:00.500000000Z
Current time zone bias: 0
RTC time is in UTC: false
System time was based on RTC time: false"
Information,10/01/2023 21:23:21,Microsoft-Windows-Kernel-Power,107,(102),The system has resumed from sleep.
Information,10/01/2023 21:23:19,Microsoft-Windows-Kernel-Power,42,(64),"The system is entering sleep.

Sleep Reason: System Idle"
Information,10/01/2023 21:23:17,Microsoft-Windows-Kernel-Power,566,(268),"The system session has transitioned from 1 to 3.

Reason SxTransition 

BootId: 9"
Information,10/01/2023 21:23:17,Microsoft-Windows-Kernel-Power,566,(268),"The system session has transitioned from 0 to 1.

Reason SessionUnlock 

BootId: 9"
Information,10/01/2023 21:22:08,Service Control Manager,7040,None,The start type of the Background Intelligent Transfer Service service was changed from auto start to demand start.
Information,10/01/2023 21:20:04,Service Control Manager,7040,None,The start type of the Background Intelligent Transfer Service service was changed from demand start to auto start.
Information,10/01/2023 21:19:52,Service Control Manager,7045,None,"A service was installed in the system.

Service Name:  MpKsl36d30580
Service File Name:  C:\ProgramData\Microsoft\Windows Defender\Definition Updates\{503D5656-B583-47A8-9554-0DB35EEF0DEA}\MpKslDrv.sys
Service Type:  kernel mode driver
Service Start Type:  demand start
Service Account:  "
Information,10/01/2023 21:19:44,Microsoft-Windows-Time-Service,37,None,"The time provider NtpClient is currently receiving valid time data from time.windows.com,0x9 (ntp.m|0x9|0.0.0.0:123->51.145.123.29:123)."
Information,10/01/2023 21:19:44,Microsoft-Windows-Time-Service,158,None,The time provider 'VMICTimeProvider' has indicated that the current hardware and operating environment is not supported and has stopped. This behavior is expected for VMICTimeProvider on non-HyperV-guest environments. This may be the expected behavior for the current provider in the current operating environment as well.
Information,10/01/2023 21:18:27,Microsoft-Windows-Kernel-General,16,None,The access history in hive \??\C:\ProgramData\Microsoft\Provisioning\Microsoft-Desktop-Provisioning-Sequence.dat was cleared updating 0 keys and creating 0 modified pages.
