Warning,11/12/2022 20:52:21,Microsoft-Windows-Kernel-PnP,225,(223),"The application \Device\HarddiskVolume3\Windows\System32\svchost.exe with process id 3520 stopped the removal or ejection for the device PCI\VEN_8086&DEV_467F&SUBSYS_86941043&REV_00\3&11583659&0&70.
Process command line: C:\WINDOWS\system32\svchost.exe -k NetworkService -p
List of affected devices:
"
Warning,11/12/2022 20:52:21,Microsoft-Windows-Kernel-PnP,225,(223),"The application \Device\HarddiskVolume3\Windows\System32\svchost.exe with process id 3376 stopped the removal or ejection for the device PCI\VEN_8086&DEV_467F&SUBSYS_86941043&REV_00\3&11583659&0&70.
Process command line: C:\WINDOWS\system32\svchost.exe -k netsvcs -p -s UserManager
List of affected devices:
"
Warning,11/12/2022 20:52:21,Microsoft-Windows-Kernel-PnP,225,(223),"The application \Device\HarddiskVolume3\Windows\System32\taskhostw.exe with process id 3276 stopped the removal or ejection for the device PCI\VEN_8086&DEV_467F&SUBSYS_86941043&REV_00\3&11583659&0&70.
Process command line: taskhostw.exe $(Arg0)
List of affected devices:
"
Warning,11/12/2022 20:52:21,Microsoft-Windows-Kernel-PnP,225,(223),"The application \Device\HarddiskVolume3\Windows\System32\svchost.exe with process id 3260 stopped the removal or ejection for the device PCI\VEN_8086&DEV_467F&SUBSYS_86941043&REV_00\3&11583659&0&70.
Process command line: C:\WINDOWS\system32\svchost.exe -k LocalServiceNetworkRestricted -p -s TimeBrokerSvc
List of affected devices:
"
Warning,11/12/2022 20:52:21,Microsoft-Windows-Kernel-PnP,225,(223),"The application \Device\HarddiskVolume3\Windows\System32\svchost.exe with process id 3252 stopped the removal or ejection for the device PCI\VEN_8086&DEV_467F&SUBSYS_86941043&REV_00\3&11583659&0&70.
Process command line: C:\WINDOWS\system32\svchost.exe -k UserProfileService -p -s ProfSvc
List of affected devices:
"
Warning,11/12/2022 20:52:21,Microsoft-Windows-Kernel-PnP,225,(223),"The application \Device\HarddiskVolume3\Windows\System32\svchost.exe with process id 3224 stopped the removal or ejection for the device PCI\VEN_8086&DEV_467F&SUBSYS_86941043&REV_00\3&11583659&0&70.
Process command line: C:\WINDOWS\System32\svchost.exe -k netprofm -p -s netprofm
List of affected devices:
"
Warning,11/12/2022 20:52:21,Microsoft-Windows-Kernel-PnP,225,(223),"The application \Device\HarddiskVolume3\Windows\System32\svchost.exe with process id 3212 stopped the removal or ejection for the device PCI\VEN_8086&DEV_467F&SUBSYS_86941043&REV_00\3&11583659&0&70.
Process command line: C:\WINDOWS\system32\svchost.exe -k LocalService -p -s SstpSvc
List of affected devices:
"
Warning,11/12/2022 20:52:21,Microsoft-Windows-Kernel-PnP,225,(223),"The application \Device\HarddiskVolume3\Windows\System32\SecurityHealthService.exe with process id 3172 stopped the removal or ejection for the device PCI\VEN_8086&DEV_467F&SUBSYS_86941043&REV_00\3&11583659&0&70.
Process command line: C:\WINDOWS\system32\SecurityHealthService.exe
List of affected devices:
"
Warning,11/12/2022 20:52:21,Microsoft-Windows-Kernel-PnP,225,(223),"The application \Device\HarddiskVolume3\Windows\System32\svchost.exe with process id 3136 stopped the removal or ejection for the device PCI\VEN_8086&DEV_467F&SUBSYS_86941043&REV_00\3&11583659&0&70.
Process command line: C:\WINDOWS\system32\svchost.exe -k LocalService -p -s nsi
List of affected devices:
"
Warning,11/12/2022 20:52:21,Microsoft-Windows-Kernel-PnP,225,(223),"The application \Device\HarddiskVolume3\Windows\System32\svchost.exe with process id 3068 stopped the removal or ejection for the device PCI\VEN_8086&DEV_467F&SUBSYS_86941043&REV_00\3&11583659&0&70.
Process command line: C:\WINDOWS\system32\svchost.exe -k LocalService -p -s bthserv
List of affected devices:
"
Warning,11/12/2022 20:52:21,Microsoft-Windows-Kernel-PnP,225,(223),"The application \Device\HarddiskVolume3\Users\Abdo\AppData\Roaming\Spotify\Spotify.exe with process id 3056 stopped the removal or ejection for the device PCI\VEN_8086&DEV_467F&SUBSYS_86941043&REV_00\3&11583659&0&70.
Process command line: ""C:\Users\Abdo\AppData\Roaming\Spotify\Spotify.exe"" --autostart --minimized
List of affected devices:
"
Warning,11/12/2022 20:52:21,Microsoft-Windows-Kernel-PnP,225,(223),"The application \Device\HarddiskVolume3\Windows\System32\svchost.exe with process id 2900 stopped the removal or ejection for the device PCI\VEN_8086&DEV_467F&SUBSYS_86941043&REV_00\3&11583659&0&70.
Process command line: C:\WINDOWS\System32\svchost.exe -k wsappx -p -s ClipSVC
List of affected devices:
"
Warning,11/12/2022 20:52:21,Microsoft-Windows-Kernel-PnP,225,(223),"The application \Device\HarddiskVolume3\Windows\System32\rundll32.exe with process id 2860 stopped the removal or ejection for the device PCI\VEN_8086&DEV_467F&SUBSYS_86941043&REV_00\3&11583659&0&70.
Process command line: rundll32.exe ""c:\program files\nvidia corporation\nvstreamsrv\rxdiag.dll"" RxDiagSetRuntimeMessagePump
List of affected devices:
"
Warning,11/12/2022 20:52:21,Microsoft-Windows-Kernel-PnP,225,(223),"The application \Device\HarddiskVolume3\Windows\System32\RuntimeBroker.exe with process id 2796 stopped the removal or ejection for the device PCI\VEN_8086&DEV_467F&SUBSYS_86941043&REV_00\3&11583659&0&70.
Process command line: C:\Windows\System32\RuntimeBroker.exe -Embedding
List of affected devices:
"
Warning,11/12/2022 20:52:21,Microsoft-Windows-Kernel-PnP,225,(223),"The application \Device\HarddiskVolume3\Windows\System32\svchost.exe with process id 2756 stopped the removal or ejection for the device PCI\VEN_8086&DEV_467F&SUBSYS_86941043&REV_00\3&11583659&0&70.
Process command line: C:\WINDOWS\system32\svchost.exe -k LocalSystemNetworkRestricted -p -s hidserv
List of affected devices:
"
Warning,11/12/2022 20:52:21,Microsoft-Windows-Kernel-PnP,225,(223),"The application \Device\HarddiskVolume3\Windows\System32\conhost.exe with process id 2728 stopped the removal or ejection for the device PCI\VEN_8086&DEV_467F&SUBSYS_86941043&REV_00\3&11583659&0&70.
Process command line: \\?\C:\WINDOWS\system32\conhost.exe --headless --width 93 --height 13 --signal 0x32c --server 0x324
List of affected devices:
"
Warning,11/12/2022 20:52:21,Microsoft-Windows-Kernel-PnP,225,(223),"The application \Device\HarddiskVolume3\Windows\System32\svchost.exe with process id 2716 stopped the removal or ejection for the device PCI\VEN_8086&DEV_467F&SUBSYS_86941043&REV_00\3&11583659&0&70.
Process command line: C:\WINDOWS\system32\svchost.exe -k LocalServiceNetworkRestricted -s BTAGService
List of affected devices:
"
Warning,11/12/2022 20:52:21,Microsoft-Windows-Kernel-PnP,225,(223),"The application \Device\HarddiskVolume3\Windows\System32\svchost.exe with process id 2588 stopped the removal or ejection for the device PCI\VEN_8086&DEV_467F&SUBSYS_86941043&REV_00\3&11583659&0&70.
Process command line: C:\WINDOWS\System32\svchost.exe -k LocalServiceNetworkRestricted -p -s lmhosts
List of affected devices:
"
Warning,11/12/2022 20:52:21,Microsoft-Windows-Kernel-PnP,225,(223),"The application \Device\HarddiskVolume3\Windows\System32\NahimicService.exe with process id 2552 stopped the removal or ejection for the device PCI\VEN_8086&DEV_467F&SUBSYS_86941043&REV_00\3&11583659&0&70.
Process command line: ""C:\WINDOWS\system32\NahimicService.exe""
List of affected devices:
"
Warning,11/12/2022 20:52:21,Microsoft-Windows-Kernel-PnP,225,(223),"The application \Device\HarddiskVolume3\Windows\System32\svchost.exe with process id 2480 stopped the removal or ejection for the device PCI\VEN_8086&DEV_467F&SUBSYS_86941043&REV_00\3&11583659&0&70.
Process command line: C:\WINDOWS\System32\svchost.exe -k LocalServiceNetworkRestricted -p -s wscsvc
List of affected devices:
"
Warning,11/12/2022 20:52:21,Microsoft-Windows-Kernel-PnP,225,(223),"The application \Device\HarddiskVolume3\Windows\System32\svchost.exe with process id 2468 stopped the removal or ejection for the device PCI\VEN_8086&DEV_467F&SUBSYS_86941043&REV_00\3&11583659&0&70.
Process command line: C:\WINDOWS\System32\svchost.exe -k netsvcs
List of affected devices:
"
Warning,11/12/2022 20:52:21,Microsoft-Windows-Kernel-PnP,225,(223),"The application \Device\HarddiskVolume3\Windows\System32\svchost.exe with process id 2356 stopped the removal or ejection for the device PCI\VEN_8086&DEV_467F&SUBSYS_86941043&REV_00\3&11583659&0&70.
Process command line: C:\WINDOWS\system32\svchost.exe -k netsvcs -p -s TokenBroker
List of affected devices:
"
Warning,11/12/2022 20:52:21,Microsoft-Windows-Kernel-PnP,225,(223),"The application \Device\HarddiskVolume3\Program Files\NVIDIA Corporation\NvContainer\nvcontainer.exe with process id 2244 stopped the removal or ejection for the device PCI\VEN_8086&DEV_467F&SUBSYS_86941043&REV_00\3&11583659&0&70.
Process command line: ""C:\Program Files\NVIDIA Corporation\NvContainer\nvcontainer.exe"" -s NvContainerLocalSystem -f ""C:\ProgramData\NVIDIA\NvContainerLocalSystem.log"" -l 3 -d ""C:\Program Files\NVIDIA Corporation\NvContainer\plugins\LocalSystem"" -r -p 30000 -st ""C:\Program Files\NVIDIA Corporation\NvContainer\NvContainerTelemetryApi.dll""
List of affected devices:
"
Warning,11/12/2022 20:52:21,Microsoft-Windows-Kernel-PnP,225,(223),"The application \Device\HarddiskVolume3\Program Files\ASUS\AacMB\Aac3572MbHal_x86.exe with process id 2136 stopped the removal or ejection for the device PCI\VEN_8086&DEV_467F&SUBSYS_86941043&REV_00\3&11583659&0&70.
Process command line: ""C:\Program Files\ASUS\AacMB\Aac3572MbHal_x86.exe"" -Embedding
List of affected devices:
"
Warning,11/12/2022 20:52:21,Microsoft-Windows-Kernel-PnP,225,(223),"The application \Device\HarddiskVolume3\Program Files (x86)\ASUS\ArmouryDevice\asus_framework.exe with process id 2104 stopped the removal or ejection for the device PCI\VEN_8086&DEV_467F&SUBSYS_86941043&REV_00\3&11583659&0&70.
Process command line: ""C:\Program Files (x86)\ASUS\ArmouryDevice\asus_framework.exe"" E:\snapshot\AC_Backend_Framework\build\src\main\sdk
List of affected devices:
"
Warning,11/12/2022 20:52:21,Microsoft-Windows-Kernel-PnP,225,(223),"The application \Device\HarddiskVolume3\Windows\System32\wbem\WmiPrvSE.exe with process id 2060 stopped the removal or ejection for the device PCI\VEN_8086&DEV_467F&SUBSYS_86941043&REV_00\3&11583659&0&70.
Process command line: C:\WINDOWS\system32\wbem\wmiprvse.exe
List of affected devices:
"
Warning,11/12/2022 20:52:21,Microsoft-Windows-Kernel-PnP,225,(223),"The application \Device\HarddiskVolume3\Windows\System32\svchost.exe with process id 2056 stopped the removal or ejection for the device PCI\VEN_8086&DEV_467F&SUBSYS_86941043&REV_00\3&11583659&0&70.
Process command line: C:\WINDOWS\system32\svchost.exe -k netsvcs -p -s UsoSvc
List of affected devices:
"
Warning,11/12/2022 20:52:21,Microsoft-Windows-Kernel-PnP,225,(223),"The application \Device\HarddiskVolume3\Windows\System32\vds.exe with process id 2016 stopped the removal or ejection for the device PCI\VEN_8086&DEV_467F&SUBSYS_86941043&REV_00\3&11583659&0&70.
Process command line: C:\WINDOWS\System32\vds.exe
List of affected devices:
"
Warning,11/12/2022 20:52:21,Microsoft-Windows-Kernel-PnP,225,(223),"The application \Device\HarddiskVolume3\Windows\System32\svchost.exe with process id 2000 stopped the removal or ejection for the device PCI\VEN_8086&DEV_467F&SUBSYS_86941043&REV_00\3&11583659&0&70.
Process command line: C:\WINDOWS\system32\svchost.exe -k LocalService -p -s BthAvctpSvc
List of affected devices:
"
Warning,11/12/2022 20:52:21,Microsoft-Windows-Kernel-PnP,225,(223),"The application \Device\HarddiskVolume3\Program Files\Google\Chrome\Application\chrome.exe with process id 1960 stopped the removal or ejection for the device PCI\VEN_8086&DEV_467F&SUBSYS_86941043&REV_00\3&11583659&0&70.
Process command line: ""C:\Program Files\Google\Chrome\Application\chrome.exe"" --profile-directory=""Profile 1""
List of affected devices:
"
Warning,11/12/2022 20:52:21,Microsoft-Windows-Kernel-PnP,225,(223),"The application \Device\HarddiskVolume3\Windows\System32\svchost.exe with process id 1956 stopped the removal or ejection for the device PCI\VEN_8086&DEV_467F&SUBSYS_86941043&REV_00\3&11583659&0&70.
Process command line: C:\WINDOWS\System32\svchost.exe -k utcsvc -p
List of affected devices:
"
Warning,11/12/2022 20:52:21,Microsoft-Windows-Kernel-PnP,225,(223),"The application \Device\HarddiskVolume3\Windows\System32\audiodg.exe with process id 1900 stopped the removal or ejection for the device PCI\VEN_8086&DEV_467F&SUBSYS_86941043&REV_00\3&11583659&0&70.
Process command line: C:\WINDOWS\system32\AUDIODG.EXE 0x00000000000007DC
List of affected devices:
"
Warning,11/12/2022 20:52:21,Microsoft-Windows-Kernel-PnP,225,(223),"The application \Device\HarddiskVolume3\Users\Abdo\AppData\Local\Temp\RST7DE5.tmp\SetupRST.exe with process id 1740 stopped the removal or ejection for the device PCI\VEN_8086&DEV_467F&SUBSYS_86941043&REV_00\3&11583659&0&70.
Process command line: SetupRST.exe -s -accepteula
List of affected devices:
"
Warning,11/12/2022 20:52:21,Microsoft-Windows-Kernel-PnP,225,(223),"The application \Device\HarddiskVolume3\Windows\System32\svchost.exe with process id 1732 stopped the removal or ejection for the device PCI\VEN_8086&DEV_467F&SUBSYS_86941043&REV_00\3&11583659&0&70.
Process command line: C:\WINDOWS\system32\svchost.exe -k LocalService -p -s EventSystem
List of affected devices:
"
Warning,11/12/2022 20:52:21,Microsoft-Windows-Kernel-PnP,225,(223),"The application \Device\HarddiskVolume3\Windows\System32\svchost.exe with process id 1640 stopped the removal or ejection for the device PCI\VEN_8086&DEV_467F&SUBSYS_86941043&REV_00\3&11583659&0&70.
Process command line: C:\WINDOWS\system32\svchost.exe -k LocalService -p -s DispBrokerDesktopSvc
List of affected devices:
"
Warning,11/12/2022 20:52:21,Microsoft-Windows-Kernel-PnP,225,(223),"The application \Device\HarddiskVolume3\Windows\System32\svchost.exe with process id 1496 stopped the removal or ejection for the device PCI\VEN_8086&DEV_467F&SUBSYS_86941043&REV_00\3&11583659&0&70.
Process command line: C:\WINDOWS\system32\svchost.exe -k LocalServiceNoNetwork -p
List of affected devices:
"
Warning,11/12/2022 20:52:21,Microsoft-Windows-Kernel-PnP,225,(223),"The application \Device\HarddiskVolume3\Windows\System32\svchost.exe with process id 1464 stopped the removal or ejection for the device PCI\VEN_8086&DEV_467F&SUBSYS_86941043&REV_00\3&11583659&0&70.
Process command line: C:\WINDOWS\system32\svchost.exe -k LocalService -p -s CDPSvc
List of affected devices:
"
Warning,11/12/2022 20:52:21,Microsoft-Windows-Kernel-PnP,225,(223),"The application \Device\HarddiskVolume3\Windows\System32\dwm.exe with process id 1444 stopped the removal or ejection for the device PCI\VEN_8086&DEV_467F&SUBSYS_86941043&REV_00\3&11583659&0&70.
Process command line: ""dwm.exe""
List of affected devices:
"
Warning,11/12/2022 20:52:21,Microsoft-Windows-Kernel-PnP,225,(223),"The application \Device\HarddiskVolume3\Windows\System32\svchost.exe with process id 1380 stopped the removal or ejection for the device PCI\VEN_8086&DEV_467F&SUBSYS_86941043&REV_00\3&11583659&0&70.
Process command line: C:\WINDOWS\system32\svchost.exe -k DcomLaunch -p -s DeviceInstall
List of affected devices:
"
Warning,11/12/2022 20:52:21,Microsoft-Windows-Kernel-PnP,225,(223),"The application \Device\HarddiskVolume3\Windows\System32\svchost.exe with process id 1352 stopped the removal or ejection for the device PCI\VEN_8086&DEV_467F&SUBSYS_86941043&REV_00\3&11583659&0&70.
Process command line: C:\WINDOWS\System32\svchost.exe -k UnistackSvcGroup
List of affected devices:
"
Warning,11/12/2022 20:52:21,Microsoft-Windows-Kernel-PnP,225,(223),"The application \Device\HarddiskVolume3\Windows\System32\svchost.exe with process id 1300 stopped the removal or ejection for the device PCI\VEN_8086&DEV_467F&SUBSYS_86941043&REV_00\3&11583659&0&70.
Process command line: C:\WINDOWS\system32\svchost.exe -k DcomLaunch -p -s LSM
List of affected devices:
"
Warning,11/12/2022 20:52:21,Microsoft-Windows-Kernel-PnP,225,(223),"The application \Device\HarddiskVolume3\Windows\System32\svchost.exe with process id 1260 stopped the removal or ejection for the device PCI\VEN_8086&DEV_467F&SUBSYS_86941043&REV_00\3&11583659&0&70.
Process command line: C:\WINDOWS\system32\svchost.exe -k RPCSS -p
List of affected devices:
"
Warning,11/12/2022 20:52:21,Microsoft-Windows-Kernel-PnP,225,(223),"The application \Device\HarddiskVolume3\Windows\System32\fontdrvhost.exe with process id 1152 stopped the removal or ejection for the device PCI\VEN_8086&DEV_467F&SUBSYS_86941043&REV_00\3&11583659&0&70.
Process command line: ""fontdrvhost.exe""
List of affected devices:
"
Warning,11/12/2022 20:52:21,Microsoft-Windows-Kernel-PnP,225,(223),"The application \Device\HarddiskVolume3\Windows\System32\fontdrvhost.exe with process id 1144 stopped the removal or ejection for the device PCI\VEN_8086&DEV_467F&SUBSYS_86941043&REV_00\3&11583659&0&70.
Process command line: ""fontdrvhost.exe""
List of affected devices:
"
Warning,11/12/2022 20:52:21,Microsoft-Windows-Kernel-PnP,225,(223),"The application \Device\HarddiskVolume3\Windows\System32\svchost.exe with process id 1116 stopped the removal or ejection for the device PCI\VEN_8086&DEV_467F&SUBSYS_86941043&REV_00\3&11583659&0&70.
Process command line: C:\WINDOWS\system32\svchost.exe -k DcomLaunch -p
List of affected devices:
"
Warning,11/12/2022 20:52:21,Microsoft-Windows-Kernel-PnP,225,(223),"The application \Device\HarddiskVolume3\Windows\System32\svchost.exe with process id 1008 stopped the removal or ejection for the device PCI\VEN_8086&DEV_467F&SUBSYS_86941043&REV_00\3&11583659&0&70.
Process command line: C:\WINDOWS\system32\svchost.exe -k netsvcs -p -s Winmgmt
List of affected devices:
"
Warning,11/12/2022 20:52:21,Microsoft-Windows-Kernel-PnP,225,(223),"The application \Device\HarddiskVolume3\Windows\System32\svchost.exe with process id 992 stopped the removal or ejection for the device PCI\VEN_8086&DEV_467F&SUBSYS_86941043&REV_00\3&11583659&0&70.
Process command line: C:\WINDOWS\system32\svchost.exe -k netsvcs -p -s lfsvc
List of affected devices:
"
Warning,11/12/2022 20:52:21,Microsoft-Windows-Kernel-PnP,225,(223),"The application \Device\HarddiskVolume3\Windows\System32\csrss.exe with process id 980 stopped the removal or ejection for the device PCI\VEN_8086&DEV_467F&SUBSYS_86941043&REV_00\3&11583659&0&70.
Process command line: %SystemRoot%\system32\csrss.exe ObjectDirectory=\Windows SharedSection=1024,20480,768 Windows=On SubSystemType=Windows ServerDll=basesrv,1 ServerDll=winsrv:UserServerDllInitialization,3 ServerDll=sxssrv,4 ProfileControl=Off MaxRequestThreads=16
List of affected devices:
"
Warning,11/12/2022 20:52:21,Microsoft-Windows-Kernel-PnP,225,(223),"The application \Device\HarddiskVolume3\Windows\System32\rundll32.exe with process id 972 stopped the removal or ejection for the device PCI\VEN_8086&DEV_467F&SUBSYS_86941043&REV_00\3&11583659&0&70.
Process command line: C:\WINDOWS\system32\RunDll32.EXE ""C:\Program Files\NVIDIA Corporation\Installer2\CoreTemp.{225C5F1A-0D11-4E26-AAF3-A7BFD8CBDF86}\NVPrxy64.DLL"",Proxy {B5A87824-06CE-4CBF-A486-C764EB8473EA} false
List of affected devices:
"
Warning,11/12/2022 20:52:21,Microsoft-Windows-Kernel-PnP,225,(223),"The application \Device\HarddiskVolume3\Windows\System32\rundll32.exe with process id 968 stopped the removal or ejection for the device PCI\VEN_8086&DEV_467F&SUBSYS_86941043&REV_00\3&11583659&0&70.
Process command line: rundll32.exe ""c:\program files\nvidia corporation\nvstreamsrv\rxdiag.dll"" RxDiagSetRuntimeMessagePump
List of affected devices:
"
Warning,11/12/2022 20:52:21,Microsoft-Windows-Kernel-PnP,225,(223),"The application \Device\HarddiskVolume3\Windows\System32\wininit.exe with process id 956 stopped the removal or ejection for the device PCI\VEN_8086&DEV_467F&SUBSYS_86941043&REV_00\3&11583659&0&70.
Process command line: wininit.exe
List of affected devices:
"
Warning,11/12/2022 20:52:21,Microsoft-Windows-Kernel-PnP,225,(223),"The application \Device\HarddiskVolume3\Windows\System32\csrss.exe with process id 888 stopped the removal or ejection for the device PCI\VEN_8086&DEV_467F&SUBSYS_86941043&REV_00\3&11583659&0&70.
Process command line: %SystemRoot%\system32\csrss.exe ObjectDirectory=\Windows SharedSection=1024,20480,768 Windows=On SubSystemType=Windows ServerDll=basesrv,1 ServerDll=winsrv:UserServerDllInitialization,3 ServerDll=sxssrv,4 ProfileControl=Off MaxRequestThreads=16
List of affected devices:
"
Warning,11/12/2022 20:52:21,Microsoft-Windows-Kernel-PnP,225,(223),"The application \Device\HarddiskVolume3\Windows\System32\lsass.exe with process id 860 stopped the removal or ejection for the device PCI\VEN_8086&DEV_467F&SUBSYS_86941043&REV_00\3&11583659&0&70.
Process command line: C:\WINDOWS\system32\lsass.exe
List of affected devices:
"
Warning,11/12/2022 20:52:21,Microsoft-Windows-Kernel-PnP,225,(223),"The application \Device\HarddiskVolume3\Windows\System32\winlogon.exe with process id 752 stopped the removal or ejection for the device PCI\VEN_8086&DEV_467F&SUBSYS_86941043&REV_00\3&11583659&0&70.
Process command line: winlogon.exe
List of affected devices:
"
Warning,11/12/2022 20:52:21,Microsoft-Windows-Kernel-PnP,225,(223),"The application \Device\HarddiskVolume3\Windows\System32\services.exe with process id 748 stopped the removal or ejection for the device PCI\VEN_8086&DEV_467F&SUBSYS_86941043&REV_00\3&11583659&0&70.
Process command line: C:\WINDOWS\system32\services.exe
List of affected devices:
"
Warning,11/12/2022 20:52:21,Microsoft-Windows-Kernel-PnP,225,(223),"The application \Device\HarddiskVolume3\Windows\System32\smss.exe with process id 732 stopped the removal or ejection for the device PCI\VEN_8086&DEV_467F&SUBSYS_86941043&REV_00\3&11583659&0&70.
Process command line: \SystemRoot\System32\smss.exe
List of affected devices:
"
Warning,11/12/2022 20:52:21,Microsoft-Windows-Kernel-PnP,225,(223),"The application System with process id 4 stopped the removal or ejection for the device PCI\VEN_8086&DEV_467F&SUBSYS_86941043&REV_00\3&11583659&0&70.
Process command line: 
List of affected devices:
STORAGE\Volume\{e3390a0d-4f5e-11ed-84cf-806e6f6e6963}#0000000000100000
STORAGE\Volume\{e3390a0d-4f5e-11ed-84cf-806e6f6e6963}#0000000007500000
STORAGE\Volume\{e3390a0d-4f5e-11ed-84cf-806e6f6e6963}#000000E8BA500000
"
Warning,11/12/2022 20:52:18,Microsoft-Windows-Kernel-PnP,225,(223),"The application \Device\HarddiskVolume3\Windows\System32\DriverStore\FileRepository\nv_dispi.inf_amd64_f52c4b8723f8dd33\Display.NvContainer\NVDisplay.Container.exe with process id 23500 stopped the removal or ejection for the device PCI\VEN_8086&DEV_467F&SUBSYS_86941043&REV_00\3&11583659&0&70.
Process command line: ""C:\WINDOWS\System32\DriverStore\FileRepository\nv_dispi.inf_amd64_f52c4b8723f8dd33\Display.NvContainer\NVDisplay.Container.exe"" -f %ProgramData%\NVIDIA\DisplaySessionContainer%d.log -d C:\WINDOWS\System32\DriverStore\FileRepository\nv_dispi.inf_amd64_f52c4b8723f8dd33\Display.NvContainer\plugins\Session -r -l 3 -p 30000 -cfg NVDisplay.ContainerLocalSystem\Session -c
List of affected devices:
"
Warning,11/12/2022 20:52:18,Microsoft-Windows-Kernel-PnP,225,(223),"The application \Device\HarddiskVolume3\Users\Abdo\AppData\Local\Programs\Microsoft VS Code\Code.exe with process id 23420 stopped the removal or ejection for the device PCI\VEN_8086&DEV_467F&SUBSYS_86941043&REV_00\3&11583659&0&70.
Process command line: ""C:\Users\Abdo\AppData\Local\Programs\Microsoft VS Code\Code.exe"" 
List of affected devices:
"
Warning,11/12/2022 20:52:18,Microsoft-Windows-Kernel-PnP,225,(223),"The application \Device\HarddiskVolume3\Program Files\Google\Chrome\Application\chrome.exe with process id 22980 stopped the removal or ejection for the device PCI\VEN_8086&DEV_467F&SUBSYS_86941043&REV_00\3&11583659&0&70.
Process command line: ""C:\Program Files\Google\Chrome\Application\chrome.exe"" --type=renderer --lang=en-GB --device-scale-factor=1 --num-raster-threads=4 --enable-main-frame-before-activation --renderer-client-id=16 --time-ticks-at-unix-epoch=-1670791181978875 --launch-time-ticks=582417791 --mojo-platform-channel-handle=5780 --field-trial-handle=1892,i,1819214950899268311,10826902901645651641,131072 /prefetch:1
List of affected devices:
"
Warning,11/12/2022 20:52:18,Microsoft-Windows-Kernel-PnP,225,(223),"The application \Device\HarddiskVolume3\Windows\SystemApps\ShellExperienceHost_cw5n1h2txyewy\ShellExperienceHost.exe with process id 22880 stopped the removal or ejection for the device PCI\VEN_8086&DEV_467F&SUBSYS_86941043&REV_00\3&11583659&0&70.
Process command line: ""C:\Windows\SystemApps\ShellExperienceHost_cw5n1h2txyewy\ShellExperienceHost.exe"" -ServerName:App.AppXtk181tbxbce2qsex02s8tw7hfxa9xb3t.mca
List of affected devices:
"
Warning,11/12/2022 20:52:18,Microsoft-Windows-Kernel-PnP,225,(223),"The application \Device\HarddiskVolume3\Windows\System32\svchost.exe with process id 22864 stopped the removal or ejection for the device PCI\VEN_8086&DEV_467F&SUBSYS_86941043&REV_00\3&11583659&0&70.
Process command line: C:\WINDOWS\system32\svchost.exe -k DevicesFlow -s DevicesFlowUserSvc
List of affected devices:
"
Warning,11/12/2022 20:52:18,Microsoft-Windows-Kernel-PnP,225,(223),"The application \Device\HarddiskVolume3\Program Files\NVIDIA Corporation\NvContainer\nvcontainer.exe with process id 22812 stopped the removal or ejection for the device PCI\VEN_8086&DEV_467F&SUBSYS_86941043&REV_00\3&11583659&0&70.
Process command line: ""C:\Program Files\NVIDIA Corporation\NvContainer\nvcontainer.exe"" -f ""C:\ProgramData\NVIDIA\NvContainerUser%dSPUser.log"" -d ""C:\Program Files\NVIDIA Corporation\NvContainer\plugins\SPUser"" -r -l 3 -p 30000 -st ""C:\Program Files\NVIDIA Corporation\NvContainer\NvContainerTelemetryApi.dll"" -c
List of affected devices:
"
Warning,11/12/2022 20:52:18,Microsoft-Windows-Kernel-PnP,225,(223),"The application \Device\HarddiskVolume3\Windows\System32\RuntimeBroker.exe with process id 22752 stopped the removal or ejection for the device PCI\VEN_8086&DEV_467F&SUBSYS_86941043&REV_00\3&11583659&0&70.
Process command line: C:\Windows\System32\RuntimeBroker.exe -Embedding
List of affected devices:
"
Warning,11/12/2022 20:52:18,Microsoft-Windows-Kernel-PnP,225,(223),"The application \Device\HarddiskVolume3\Windows\System32\wbem\WmiPrvSE.exe with process id 22552 stopped the removal or ejection for the device PCI\VEN_8086&DEV_467F&SUBSYS_86941043&REV_00\3&11583659&0&70.
Process command line: C:\WINDOWS\system32\wbem\wmiprvse.exe
List of affected devices:
"
Warning,11/12/2022 20:52:18,Microsoft-Windows-Kernel-PnP,225,(223),"The application \Device\HarddiskVolume3\Windows\SystemApps\MicrosoftWindows.Client.CBS_cw5n1h2txyewy\MiniSearchHost.exe with process id 22356 stopped the removal or ejection for the device PCI\VEN_8086&DEV_467F&SUBSYS_86941043&REV_00\3&11583659&0&70.
Process command line: ""C:\Windows\SystemApps\MicrosoftWindows.Client.CBS_cw5n1h2txyewy\MiniSearchHost.exe"" -ServerName:MiniSearchUI.AppXj3y73at8fy1htwztzxs68sxx1v7cksp7.mca
List of affected devices:
"
Warning,11/12/2022 20:52:18,Microsoft-Windows-Kernel-PnP,225,(223),"The application \Device\HarddiskVolume3\Windows\System32\svchost.exe with process id 22312 stopped the removal or ejection for the device PCI\VEN_8086&DEV_467F&SUBSYS_86941043&REV_00\3&11583659&0&70.
Process command line: C:\WINDOWS\system32\svchost.exe -k LocalSystemNetworkRestricted -p -s DisplayEnhancementService
List of affected devices:
"
Warning,11/12/2022 20:52:18,Microsoft-Windows-Kernel-PnP,225,(223),"The application \Device\HarddiskVolume3\Program Files\WindowsApps\B9ECED6F.ArmouryCrate_5.3.4.0_x64__qmba6cd70vzyy\ArmouryCrate.exe with process id 22184 stopped the removal or ejection for the device PCI\VEN_8086&DEV_467F&SUBSYS_86941043&REV_00\3&11583659&0&70.
Process command line: ""C:\Program Files\WindowsApps\B9ECED6F.ArmouryCrate_5.3.4.0_x64__qmba6cd70vzyy\ArmouryCrate.exe"" -ServerName:App.AppXvfb40rz8a1t4j47e2hx7482r6kww4nw1.mca
List of affected devices:
"
Warning,11/12/2022 20:52:18,Microsoft-Windows-Kernel-PnP,225,(223),"The application \Device\HarddiskVolume3\Windows\System32\svchost.exe with process id 22048 stopped the removal or ejection for the device PCI\VEN_8086&DEV_467F&SUBSYS_86941043&REV_00\3&11583659&0&70.
Process command line: C:\WINDOWS\System32\svchost.exe -k smphost
List of affected devices:
"
Warning,11/12/2022 20:52:18,Microsoft-Windows-Kernel-PnP,225,(223),"The application \Device\HarddiskVolume3\Program Files (x86)\ASUS\ArmouryDevice\dll\ArmourySocketServer\ArmouryWebBrowser.exe with process id 21920 stopped the removal or ejection for the device PCI\VEN_8086&DEV_467F&SUBSYS_86941043&REV_00\3&11583659&0&70.
Process command line: 2dfe216d-3481-4684-ad4d-2566bd7cfe4f
List of affected devices:
"
Warning,11/12/2022 20:52:18,Microsoft-Windows-Kernel-PnP,225,(223),"The application \Device\HarddiskVolume3\Users\Abdo\AppData\Local\Programs\Microsoft VS Code\Code.exe with process id 21836 stopped the removal or ejection for the device PCI\VEN_8086&DEV_467F&SUBSYS_86941043&REV_00\3&11583659&0&70.
Process command line: ""C:\Users\Abdo\AppData\Local\Programs\Microsoft VS Code\Code.exe"" --type=gpu-process --user-data-dir=""C:\Users\Abdo\AppData\Roaming\Code"" --gpu-preferences=UAAAAAAAAADgAAAYAAAAAAAAAAAAAAAAAABgAAAAAAAwAAAAAAAAAAAAAAAAAAAAAAAAAAAAAAAAAAAAAAAAAEgAAAAAAAAASAAAAAAAAAAYAAAAAgAAABAAAAAAAAAAGAAAAAAAAAAQAAAAAAAAAAAAAAAOAAAAEAAAAAAAAAABAAAADgAAAAgAAAAAAAAACAAAAAAAAAA= --mojo-platform-channel-handle=1624 --field-trial-handle=1656,i,4823239250553449489,2757557819133277046,131072 --enable-features=AutoDisableAccessibility --disable-features=CalculateNativeWinOcclusion,SpareRendererForSitePerProcess,WinRetrieveSuggestionsOnlyOnDemand /prefetch:2
List of affected devices:
"
Warning,11/12/2022 20:52:18,Microsoft-Windows-Kernel-PnP,225,(223),"The application \Device\HarddiskVolume3\Users\Abdo\AppData\Local\Programs\Microsoft VS Code\Code.exe with process id 21512 stopped the removal or ejection for the device PCI\VEN_8086&DEV_467F&SUBSYS_86941043&REV_00\3&11583659&0&70.
Process command line: ""C:\Users\Abdo\AppData\Local\Programs\Microsoft VS Code\Code.exe"" --ms-enable-electron-run-as-node ""c:\Users\Abdo\AppData\Local\Programs\Microsoft VS Code\resources\app\extensions\html-language-features\server\dist\node\htmlServerMain"" --node-ipc --clientProcessId=12712
List of affected devices:
"
Warning,11/12/2022 20:52:18,Microsoft-Windows-Kernel-PnP,225,(223),"The application \Device\HarddiskVolume3\Users\Abdo\Desktop\Manzili\env\Scripts\python.exe with process id 21440 stopped the removal or ejection for the device PCI\VEN_8086&DEV_467F&SUBSYS_86941043&REV_00\3&11583659&0&70.
Process command line: c:\Users\Abdo\Desktop\Manzili\env\Scripts\python.exe c:\Users\Abdo\.vscode\extensions\ms-python.isort-2022.8.0\bundled\tool\server.py
List of affected devices:
"
Warning,11/12/2022 20:52:18,Microsoft-Windows-Kernel-PnP,225,(223),"The application \Device\HarddiskVolume3\Users\Abdo\AppData\Local\Packages\B9ECED6F.ArmouryCrate_qmba6cd70vzyy\LocalState\GridUpdateFile\ASUSGCDriverUpdateClient.exe with process id 21412 stopped the removal or ejection for the device PCI\VEN_8086&DEV_467F&SUBSYS_86941043&REV_00\3&11583659&0&70.
Process command line: ""C:\Users\Abdo\AppData\Local\Packages\B9ECED6F.ArmouryCrate_qmba6cd70vzyy\LocalState\GridUpdateFile\ASUSGCDriverUpdateClient.exe"" asusgcdriverupdateclient:
List of affected devices:
"
Warning,11/12/2022 20:52:18,Microsoft-Windows-Kernel-PnP,225,(223),"The application \Device\HarddiskVolume3\Program Files (x86)\Steam\steam.exe with process id 21380 stopped the removal or ejection for the device PCI\VEN_8086&DEV_467F&SUBSYS_86941043&REV_00\3&11583659&0&70.
Process command line: ""C:\Program Files (x86)\Steam\steam.exe"" -silent
List of affected devices:
"
Warning,11/12/2022 20:52:18,Microsoft-Windows-Kernel-PnP,225,(223),"The application \Device\HarddiskVolume3\Program Files (x86)\Steam\bin\cef\cef.win7x64\steamwebhelper.exe with process id 21344 stopped the removal or ejection for the device PCI\VEN_8086&DEV_467F&SUBSYS_86941043&REV_00\3&11583659&0&70.
Process command line: ""C:\Program Files (x86)\Steam\bin\cef\cef.win7x64\steamwebhelper.exe"" --type=crashpad-handler /prefetch:7 --max-uploads=5 --max-db-size=20 --max-db-age=5 --monitor-self-annotation=ptype=crashpad-handler ""--database=C:\Program Files (x86)\Steam\dumps"" ""--metrics-dir=C:\Users\Abdo\AppData\Local\CEF\User Data"" --url=https://crash.steampowered.com/submit --annotation=platform=win64 --annotation=product=cefwebhelper --annotation=version=1669935987 --initial-client-data=0x3bc,0x3c0,0x3c4,0x398,0x3c8,0x7ff8a1e4f070,0x7ff8a1e4f080,0x7ff8a1e4f090
List of affected devices:
"
Warning,11/12/2022 20:52:18,Microsoft-Windows-Kernel-PnP,225,(223),"The application \Device\HarddiskVolume3\Windows\System32\Taskmgr.exe with process id 21328 stopped the removal or ejection for the device PCI\VEN_8086&DEV_467F&SUBSYS_86941043&REV_00\3&11583659&0&70.
Process command line: ""C:\WINDOWS\System32\Taskmgr.exe"" /3
List of affected devices:
"
Warning,11/12/2022 20:52:18,Microsoft-Windows-Kernel-PnP,225,(223),"The application \Device\HarddiskVolume3\Program Files\Google\Chrome\Application\chrome.exe with process id 21236 stopped the removal or ejection for the device PCI\VEN_8086&DEV_467F&SUBSYS_86941043&REV_00\3&11583659&0&70.
Process command line: ""C:\Program Files\Google\Chrome\Application\chrome.exe"" --type=renderer --extension-process --lang=en-GB --device-scale-factor=1 --num-raster-threads=4 --enable-main-frame-before-activation --renderer-client-id=5 --time-ticks-at-unix-epoch=-1670791181978875 --launch-time-ticks=581265518 --mojo-platform-channel-handle=4032 --field-trial-handle=1892,i,1819214950899268311,10826902901645651641,131072 /prefetch:1
List of affected devices:
"
Warning,11/12/2022 20:52:18,Microsoft-Windows-Kernel-PnP,225,(223),"The application \Device\HarddiskVolume3\Program Files (x86)\Steam\bin\cef\cef.win7x64\steamwebhelper.exe with process id 21164 stopped the removal or ejection for the device PCI\VEN_8086&DEV_467F&SUBSYS_86941043&REV_00\3&11583659&0&70.
Process command line: ""C:\Program Files (x86)\Steam\bin\cef\cef.win7x64\steamwebhelper.exe"" ""-lang=en_US"" ""-cachedir=C:\Users\Abdo\AppData\Local\Steam\htmlcache"" ""-steampid=21380"" ""-buildid=1669935987"" ""-steamid=0"" ""-logdir=C:\Program Files (x86)\Steam\logs"" ""-composer-mode=0"" ""-steamuniverse=Public"" ""-realm=Global"" ""-clientui=C:\Program Files (x86)\Steam\clientui"" --enable-media-stream --enable-smooth-scrolling --enable-direct-write ""--log-file=C:\Program Files (x86)\Steam\logs\cef_log.txt"" --disable-quick-menu --disable-features=SameSiteByDefaultCookies --enable-blink-features=ResizeObserver,Worklet,AudioWorklet --disable-blink-features=Badging
List of affected devices:
"
Warning,11/12/2022 20:52:18,Microsoft-Windows-Kernel-PnP,225,(223),"The application \Device\HarddiskVolume3\Program Files (x86)\Common Files\Steam\steamservice.exe with process id 20936 stopped the removal or ejection for the device PCI\VEN_8086&DEV_467F&SUBSYS_86941043&REV_00\3&11583659&0&70.
Process command line: ""C:\Program Files (x86)\Common Files\Steam\steamservice.exe"" /RunAsService
List of affected devices:
"
Warning,11/12/2022 20:52:18,Microsoft-Windows-Kernel-PnP,225,(223),"The application \Device\HarddiskVolume3\Windows\UUS\amd64\MoUsoCoreWorker.exe with process id 20932 stopped the removal or ejection for the device PCI\VEN_8086&DEV_467F&SUBSYS_86941043&REV_00\3&11583659&0&70.
Process command line: C:\WINDOWS\uus\AMD64\MoUsoCoreWorker.exe
List of affected devices:
"
Warning,11/12/2022 20:52:18,Microsoft-Windows-Kernel-PnP,225,(223),"The application \Device\HarddiskVolume3\Users\Abdo\AppData\Local\Discord\app-1.0.9008\Discord.exe with process id 20844 stopped the removal or ejection for the device PCI\VEN_8086&DEV_467F&SUBSYS_86941043&REV_00\3&11583659&0&70.
Process command line: ""C:\Users\Abdo\AppData\Local\Discord\app-1.0.9008\Discord.exe"" --type=utility --utility-sub-type=audio.mojom.AudioService --field-trial-handle=1624,8631233233689049490,13425662470868929798,131072 --disable-features=CookiesWithoutSameSiteMustBeSecure,HardwareMediaKeyHandling,MediaSessionService,SameSiteByDefaultCookies,SpareRendererForSitePerProcess,WinRetrieveSuggestionsOnlyOnDemand --lang=en-GB --service-sandbox-type=audio --mojo-platform-channel-handle=3572 /prefetch:8
List of affected devices:
"
Warning,11/12/2022 20:52:18,Microsoft-Windows-Kernel-PnP,225,(223),"The application \Device\HarddiskVolume3\Program Files (x86)\Epic Games\Launcher\Engine\Binaries\Win64\EpicWebHelper.exe with process id 20636 stopped the removal or ejection for the device PCI\VEN_8086&DEV_467F&SUBSYS_86941043&REV_00\3&11583659&0&70.
Process command line: ""C:/Program Files (x86)/Epic Games/Launcher/Engine/Binaries/Win64/EpicWebHelper.exe"" --type=utility --utility-sub-type=network.mojom.NetworkService --field-trial-handle=2396,2681765673968160050,18335510432676112040,131072 --disable-features=CalculateNativeWinOcclusion --lang=en-US --service-sandbox-type=none --no-sandbox --locales-dir-path=""C:/Program Files (x86)/Epic Games/Launcher/Engine/Binaries/ThirdParty/CEF3/Win64/Resources/locales"" --log-file=C:/Users/Abdo/AppData/Local/EpicGamesLauncher/Saved/Logs/cef3.log --log-severity=warning --resources-dir-path=""C:/Program Files (x86)/Epic Games/Launcher/Engine/Binaries/ThirdParty/CEF3/Win64/Resources"" --user-agent-product=""EpicGamesLauncher/14.4.0-23415133+++Portal+Release-Live UnrealEngine/4.23.0-23415133+++Portal+Release-Live Chrome/90.0.4430.212"" --lang=en --log-file=C:/Users/Abdo/AppData/Local/EpicGamesLauncher/Saved/Logs/cef3.log --mojo-platform-channel-handle=3716 /prefetch:8
List of affected devices:
"
Warning,11/12/2022 20:52:18,Microsoft-Windows-Kernel-PnP,225,(223),"The application \Device\HarddiskVolume3\Windows\System32\conhost.exe with process id 20368 stopped the removal or ejection for the device PCI\VEN_8086&DEV_467F&SUBSYS_86941043&REV_00\3&11583659&0&70.
Process command line: \??\C:\WINDOWS\system32\conhost.exe 0x4
List of affected devices:
"
Warning,11/12/2022 20:52:18,Microsoft-Windows-Kernel-PnP,225,(223),"The application \Device\HarddiskVolume3\Windows\System32\svchost.exe with process id 20344 stopped the removal or ejection for the device PCI\VEN_8086&DEV_467F&SUBSYS_86941043&REV_00\3&11583659&0&70.
Process command line: C:\WINDOWS\system32\svchost.exe -k LocalServiceNetworkRestricted -p -s icssvc
List of affected devices:
"
Warning,11/12/2022 20:52:18,Microsoft-Windows-Kernel-PnP,225,(223),"The application \Device\HarddiskVolume3\Program Files\Send Anywhere\Send Anywhere.exe with process id 20220 stopped the removal or ejection for the device PCI\VEN_8086&DEV_467F&SUBSYS_86941043&REV_00\3&11583659&0&70.
Process command line: ""C:\Program Files\Send Anywhere\Send Anywhere.exe"" --type=utility --field-trial-handle=1852,17490116303313100634,16085474597241970481,131072 --enable-features=WebComponentsV0Enabled --disable-features=SpareRendererForSitePerProcess --lang=en-GB --service-sandbox-type=network --mojo-platform-channel-handle=2316 /prefetch:8
List of affected devices:
"
Warning,11/12/2022 20:52:18,Microsoft-Windows-Kernel-PnP,225,(223),"The application \Device\HarddiskVolume3\Program Files\Send Anywhere\Send Anywhere.exe with process id 20088 stopped the removal or ejection for the device PCI\VEN_8086&DEV_467F&SUBSYS_86941043&REV_00\3&11583659&0&70.
Process command line: ""C:\Program Files\Send Anywhere\Send Anywhere.exe"" --type=gpu-process --field-trial-handle=1852,17490116303313100634,16085474597241970481,131072 --enable-features=WebComponentsV0Enabled --disable-features=SpareRendererForSitePerProcess --gpu-preferences=KAAAAAAAAADgAAAwAAAAAAAAYAAAAAAAEAAAAAAAAAAAAAAAAAAAACgAAAAEAAAAIAAAAAAAAAAoAAAAAAAAADAAAAAAAAAAOAAAAAAAAAAQAAAAAAAAAAAAAAAFAAAAEAAAAAAAAAAAAAAABgAAABAAAAAAAAAAAQAAAAUAAAAQAAAAAAAAAAEAAAAGAAAA --use-gl=swiftshader-webgl --mojo-platform-channel-handle=1856 --ignored="" --type=renderer "" /prefetch:2
List of affected devices:
"
Warning,11/12/2022 20:52:18,Microsoft-Windows-Kernel-PnP,225,(223),"The application \Device\HarddiskVolume3\Windows\UUS\amd64\MoNotificationUx.exe with process id 19900 stopped the removal or ejection for the device PCI\VEN_8086&DEV_467F&SUBSYS_86941043&REV_00\3&11583659&0&70.
Process command line: C:\WINDOWS\uus\AMD64\MoNotificationUx.exe /NotificationType Reboot_Engaged /FormFactor Passive /Timeout 0
List of affected devices:
"
Warning,11/12/2022 20:52:18,Microsoft-Windows-Kernel-PnP,225,(223),"The application \Device\HarddiskVolume3\Program Files\Send Anywhere\Send Anywhere.exe with process id 19296 stopped the removal or ejection for the device PCI\VEN_8086&DEV_467F&SUBSYS_86941043&REV_00\3&11583659&0&70.
Process command line: ""C:\Program Files\Send Anywhere\Send Anywhere.exe"" --type=renderer --field-trial-handle=1852,17490116303313100634,16085474597241970481,131072 --enable-features=WebComponentsV0Enabled --disable-features=SpareRendererForSitePerProcess --disable-gpu-compositing --lang=en-GB --app-path=""C:\Program Files\Send Anywhere\resources\app.asar"" --node-integration --webview-tag --no-sandbox --no-zygote --enable-remote-module --background-color=#fff --enable-websql --device-scale-factor=1 --num-raster-threads=4 --enable-main-frame-before-activation --renderer-client-id=5 --no-v8-untrusted-code-mitigations --mojo-platform-channel-handle=2504 /prefetch:1
List of affected devices:
"
Warning,11/12/2022 20:52:18,Microsoft-Windows-Kernel-PnP,225,(223),"The application \Device\HarddiskVolume3\Program Files\Send Anywhere\Send Anywhere.exe with process id 19192 stopped the removal or ejection for the device PCI\VEN_8086&DEV_467F&SUBSYS_86941043&REV_00\3&11583659&0&70.
Process command line: ""C:\Program Files\Send Anywhere\Send Anywhere.exe"" --no-rate-limit --no-upload-gzip --type=crash-handler ""--crashes-directory=C:\Users\Abdo\AppData\Local\Temp\Send Anywhere Crashes"" ""--database=C:\Users\Abdo\AppData\Local\Temp\Send Anywhere Crashes"" ""--metrics-dir=C:\Users\Abdo\AppData\Local\Temp\Send Anywhere Crashes"" --url=http://breakpad.send-anywhere.com:1127/post --initial-client-data=0xa28,0xa2c,0xa30,0x9c0,0xa34,0x7ff614a69298,0x7ff614a692a8,0x7ff614a692b8
List of affected devices:
"
Warning,11/12/2022 20:52:18,Microsoft-Windows-Kernel-PnP,225,(223),"The application \Device\HarddiskVolume3\Program Files (x86)\Epic Games\Launcher\Engine\Binaries\Win64\EpicWebHelper.exe with process id 19168 stopped the removal or ejection for the device PCI\VEN_8086&DEV_467F&SUBSYS_86941043&REV_00\3&11583659&0&70.
Process command line: ""C:/Program Files (x86)/Epic Games/Launcher/Engine/Binaries/Win64/EpicWebHelper.exe"" --type=gpu-process --field-trial-handle=2396,2681765673968160050,18335510432676112040,131072 --disable-features=CalculateNativeWinOcclusion --no-sandbox --locales-dir-path=""C:/Program Files (x86)/Epic Games/Launcher/Engine/Binaries/ThirdParty/CEF3/Win64/Resources/locales"" --log-file=C:/Users/Abdo/AppData/Local/EpicGamesLauncher/Saved/Logs/cef3.log --log-severity=warning --resources-dir-path=""C:/Program Files (x86)/Epic Games/Launcher/Engine/Binaries/ThirdParty/CEF3/Win64/Resources"" --user-agent-product=""EpicGamesLauncher/14.4.0-23415133+++Portal+Release-Live UnrealEngine/4.23.0-23415133+++Portal+Release-Live Chrome/90.0.4430.212"" --lang=en --gpu-preferences=SAAAAAAAAADgACAwAAAAAAAAAAAAAAAAAABgAAAAAAAoAAAAAAAAAAAAAAAAAAAAAAAAAAAAAAB4AAAAAAAAAHgAAAAAAAAAKAAAAAQAAAAgAAAAAAAAACgAAAAAAAAAMAAAAAAAAAA4AAAAAAAAABAAAAAAAAAAAAAAAAUAAAAQAAAAAAAAAAAAAAAGAAAAEAAAAAAAAAABAAAABQAAABAAAAAAAAAAAQAAAAYAAAAIAAAAAAAAAAgAAAAAAAAA --log-file=C:/Users/Abdo/AppData/Local/EpicGamesLauncher/Saved/Logs/cef3.log --mojo-platform-channel-handle=2480 /prefetch:2
List of affected devices:
"
Warning,11/12/2022 20:52:18,Microsoft-Windows-Kernel-PnP,225,(223),"The application \Device\HarddiskVolume3\Windows\System32\RuntimeBroker.exe with process id 19052 stopped the removal or ejection for the device PCI\VEN_8086&DEV_467F&SUBSYS_86941043&REV_00\3&11583659&0&70.
Process command line: C:\Windows\System32\RuntimeBroker.exe -Embedding
List of affected devices:
"
Warning,11/12/2022 20:52:18,Microsoft-Windows-Kernel-PnP,225,(223),"The application \Device\HarddiskVolume3\Windows\System32\svchost.exe with process id 18916 stopped the removal or ejection for the device PCI\VEN_8086&DEV_467F&SUBSYS_86941043&REV_00\3&11583659&0&70.
Process command line: C:\WINDOWS\System32\svchost.exe -k netsvcs -p -s NetSetupSvc
List of affected devices:
"
Warning,11/12/2022 20:52:18,Microsoft-Windows-Kernel-PnP,225,(223),"The application \Device\HarddiskVolume3\Program Files (x86)\Microsoft\Edge\Application\msedge.exe with process id 18756 stopped the removal or ejection for the device PCI\VEN_8086&DEV_467F&SUBSYS_86941043&REV_00\3&11583659&0&70.
Process command line: ""C:\Program Files (x86)\Microsoft\Edge\Application\msedge.exe"" --type=utility --utility-sub-type=storage.mojom.StorageService --lang=en-GB --service-sandbox-type=service --mojo-platform-channel-handle=2560 --field-trial-handle=2128,i,11415063378587630566,2673934203677735626,131072 /prefetch:8
List of affected devices:
"
Warning,11/12/2022 20:52:18,Microsoft-Windows-Kernel-PnP,225,(223),"The application \Device\HarddiskVolume3\Program Files (x86)\Microsoft\Edge\Application\msedge.exe with process id 18688 stopped the removal or ejection for the device PCI\VEN_8086&DEV_467F&SUBSYS_86941043&REV_00\3&11583659&0&70.
Process command line: ""C:\Program Files (x86)\Microsoft\Edge\Application\msedge.exe"" --type=utility --utility-sub-type=network.mojom.NetworkService --lang=en-GB --service-sandbox-type=none --mojo-platform-channel-handle=2200 --field-trial-handle=2128,i,11415063378587630566,2673934203677735626,131072 /prefetch:3
List of affected devices:
"
Warning,11/12/2022 20:52:18,Microsoft-Windows-Kernel-PnP,225,(223),"The application \Device\HarddiskVolume3\Windows\System32\ApplicationFrameHost.exe with process id 18668 stopped the removal or ejection for the device PCI\VEN_8086&DEV_467F&SUBSYS_86941043&REV_00\3&11583659&0&70.
Process command line: C:\WINDOWS\system32\ApplicationFrameHost.exe -Embedding
List of affected devices:
"
Warning,11/12/2022 20:52:18,Microsoft-Windows-Kernel-PnP,225,(223),"The application \Device\HarddiskVolume3\Program Files (x86)\Microsoft\Edge\Application\msedge.exe with process id 18656 stopped the removal or ejection for the device PCI\VEN_8086&DEV_467F&SUBSYS_86941043&REV_00\3&11583659&0&70.
Process command line: ""C:\Program Files (x86)\Microsoft\Edge\Application\msedge.exe"" --type=gpu-process --gpu-preferences=UAAAAAAAAADgAAAYAAAAAAAAAAAAAAAAAABgAAAAAAAwAAAAAAAAAAAAAAAQAAAAAAAAAAAAAAAAAAAAAAAAAEgAAAAAAAAASAAAAAAAAAAYAAAAAgAAABAAAAAAAAAAGAAAAAAAAAAQAAAAAAAAAAAAAAAOAAAAEAAAAAAAAAABAAAADgAAAAgAAAAAAAAACAAAAAAAAAA= --mojo-platform-channel-handle=1980 --field-trial-handle=2128,i,11415063378587630566,2673934203677735626,131072 /prefetch:2
List of affected devices:
"
Warning,11/12/2022 20:52:18,Microsoft-Windows-Kernel-PnP,225,(223),"The application \Device\HarddiskVolume3\Program Files\WindowsApps\RealtekSemiconductorCorp.RealtekAudioControl_1.30.258.0_x64__dt26b99r8h8gj\RtkUWP.exe with process id 18580 stopped the removal or ejection for the device PCI\VEN_8086&DEV_467F&SUBSYS_86941043&REV_00\3&11583659&0&70.
Process command line: ""C:\Program Files\WindowsApps\RealtekSemiconductorCorp.RealtekAudioControl_1.30.258.0_x64__dt26b99r8h8gj\RtkUWP.exe"" -ServerName:App.AppX2vzv616czv2j97f46vn25b5ksjvhr8z1.mca
List of affected devices:
"
Warning,11/12/2022 20:52:18,Microsoft-Windows-Kernel-PnP,225,(223),"The application \Device\HarddiskVolume3\Windows\System32\svchost.exe with process id 18252 stopped the removal or ejection for the device PCI\VEN_8086&DEV_467F&SUBSYS_86941043&REV_00\3&11583659&0&70.
Process command line: C:\WINDOWS\system32\svchost.exe -k LocalService -p -s NPSMSvc
List of affected devices:
"
Warning,11/12/2022 20:52:18,Microsoft-Windows-Kernel-PnP,225,(223),"The application \Device\HarddiskVolume3\Program Files (x86)\Microsoft\Edge\Application\msedge.exe with process id 18244 stopped the removal or ejection for the device PCI\VEN_8086&DEV_467F&SUBSYS_86941043&REV_00\3&11583659&0&70.
Process command line: ""C:\Program Files (x86)\Microsoft\Edge\Application\msedge.exe"" --type=crashpad-handler ""--user-data-dir=C:\Users\Abdo\AppData\Local\Microsoft\Edge\User Data"" /prefetch:7 --monitor-self-annotation=ptype=crashpad-handler ""--database=C:\Users\Abdo\AppData\Local\Microsoft\Edge\User Data\Crashpad"" --annotation=IsOfficialBuild=1 --annotation=channel= --annotation=chromium-version=108.0.5359.99 ""--annotation=exe=C:\Program Files (x86)\Microsoft\Edge\Application\msedge.exe"" --annotation=plat=Win64 ""--annotation=prod=Microsoft Edge"" --annotation=ver=108.0.1462.46 --initial-client-data=0x120,0x124,0x128,0xfc,0x130,0x7ff8ec20f2e8,0x7ff8ec20f2f8,0x7ff8ec20f308
List of affected devices:
"
Warning,11/12/2022 20:52:18,Microsoft-Windows-Kernel-PnP,225,(223),"The application \Device\HarddiskVolume3\Program Files (x86)\Microsoft\Edge\Application\msedge.exe with process id 18216 stopped the removal or ejection for the device PCI\VEN_8086&DEV_467F&SUBSYS_86941043&REV_00\3&11583659&0&70.
Process command line: ""C:\Program Files (x86)\Microsoft\Edge\Application\msedge.exe"" --no-startup-window --win-session-start /prefetch:5
List of affected devices:
"
