Information,15/01/2023 10:14:06,Microsoft-Windows-HttpService,112,HTTP Setup Trace Task,"Attempted to reserve URL http://*:5357/. Status 0x0. Process Id 0x4 Executable path , User SYSTEM"
Information,15/01/2023 10:14:06,Microsoft-Windows-DHCPv6-Client,51046,Service State Event,DHCPv6 client service is started
Information,15/01/2023 10:14:06,Microsoft-Windows-Dhcp-Client,50036,Service State Event,DHCPv4 client service is started
Information,15/01/2023 10:14:06,Microsoft-Windows-Dhcp-Client,50103,Service State Event,DHCPv4 client registered for shutdown notification
Information,15/01/2023 10:14:06,Microsoft-Windows-Dhcp-Client,50036,Service State Event,DHCPv4 client service is started
Information,15/01/2023 10:14:06,Microsoft-Windows-FilterManager,6,None,"File System Filter 'bindflt' (10.0, ‎2010‎-‎05‎-‎16T19:24:57.000000000Z) has successfully loaded and registered with Filter Manager."
Information,15/01/2023 10:14:06,Microsoft-Windows-FilterManager,6,None,"File System Filter 'storqosflt' (10.0, ‎2031‎-‎12‎-‎25T23:42:56.000000000Z) has successfully loaded and registered with Filter Manager."
Information,15/01/2023 10:14:06,Microsoft-Windows-FilterManager,6,None,"File System Filter 'CldFlt' (10.0, ‎2038‎-‎06‎-‎09T07:54:19.000000000Z) has successfully loaded and registered with Filter Manager."
Information,15/01/2023 10:14:06,Microsoft-Windows-FilterManager,1,None,"File System Filter 'CldFlt' (Version 10.0, ‎2038‎-‎06‎-‎09T07:54:19.000000000Z) unloaded successfully."
Information,15/01/2023 10:14:06,Microsoft-Windows-FilterManager,6,None,"File System Filter 'CldFlt' (10.0, ‎2038‎-‎06‎-‎09T07:54:19.000000000Z) has successfully loaded and registered with Filter Manager."
Information,15/01/2023 10:14:06,Microsoft-Windows-FilterManager,6,None,"File System Filter 'wcifs' (10.0, ‎2051‎-‎09‎-‎09T07:23:39.000000000Z) has successfully loaded and registered with Filter Manager."
Information,15/01/2023 10:14:06,Microsoft-Windows-FilterManager,6,None,"File System Filter 'luafv' (10.0, ‎1976‎-‎09‎-‎16T11:02:14.000000000Z) has successfully loaded and registered with Filter Manager."
Information,15/01/2023 10:14:06,Microsoft-Windows-FilterManager,6,None,"File System Filter 'bfs' (10.0, ‎2093‎-‎01‎-‎08T14:31:30.000000000Z) has successfully loaded and registered with Filter Manager."
Information,15/01/2023 10:14:05,Microsoft-Windows-Directory-Services-SAM,16983,None,"The security account manager is now logging periodic summary events for remote clients that call legacy password change or set RPC methods.

For more information please see https://go.microsoft.com/fwlink/?linkid=2150956.
"
Information,15/01/2023 10:14:05,Microsoft-Windows-Directory-Services-SAM,16977,None,"The domain is configured with the following minimum password length-related settings.

MinimumPasswordLength: 0

RelaxMinimumPasswordLengthLimits: 0

MinimumPasswordLengthAudit: -1

For more information see https://go.microsoft.com/fwlink/?LinkId=2097191.
"
Information,15/01/2023 10:14:05,Microsoft-Windows-Directory-Services-SAM,16962,None,"Remote calls to the SAM database are being restricted using the default security descriptor: O:SYG:SYD:(A;;RC;;;BA).
For more information please see http://go.microsoft.com/fwlink/?LinkId=787651."
Warning,15/01/2023 10:14:05,LsaSrv,6155,None,"LSA package is not signed as expected. This can cause unexpected behaviour with Credential Guard.

PackageName: msv1_0"
Warning,15/01/2023 10:14:05,LsaSrv,6155,None,"LSA package is not signed as expected. This can cause unexpected behaviour with Credential Guard.

PackageName: sfapm"
Warning,15/01/2023 10:14:05,LsaSrv,6155,None,"LSA package is not signed as expected. This can cause unexpected behaviour with Credential Guard.

PackageName: schannel"
Warning,15/01/2023 10:14:05,LsaSrv,6155,None,"LSA package is not signed as expected. This can cause unexpected behaviour with Credential Guard.

PackageName: wdigest"
Warning,15/01/2023 10:14:05,LsaSrv,6155,None,"LSA package is not signed as expected. This can cause unexpected behaviour with Credential Guard.

PackageName: cloudap"
Warning,15/01/2023 10:14:05,LsaSrv,6155,None,"LSA package is not signed as expected. This can cause unexpected behaviour with Credential Guard.

PackageName: pku2u"
Warning,15/01/2023 10:14:05,LsaSrv,6155,None,"LSA package is not signed as expected. This can cause unexpected behaviour with Credential Guard.

PackageName: tspkg"
Warning,15/01/2023 10:14:05,LsaSrv,6155,None,"LSA package is not signed as expected. This can cause unexpected behaviour with Credential Guard.

PackageName: msv1_0"
Warning,15/01/2023 10:14:05,LsaSrv,6155,None,"LSA package is not signed as expected. This can cause unexpected behaviour with Credential Guard.

PackageName: kerberos"
Warning,15/01/2023 10:14:05,LsaSrv,6155,None,"LSA package is not signed as expected. This can cause unexpected behaviour with Credential Guard.

PackageName: negoexts"
Information,15/01/2023 10:14:05,LsaSrv,6156,None,"Virtualisation Based Security for Credential Guard auto enablement status.

Hardware Requirements:	1
Domain Joined:	0
Azure AD Joined:	0"
Warning,15/01/2023 10:14:05,Microsoft-Windows-Wininit,15,None,Credential Guard and/or VBS Key Isolation are configured but the secure kernel is not running; continuing without them.
Information,15/01/2023 10:14:05,Microsoft-Windows-Wininit,14,None,"Credential Guard configuration:

Registry Configuration: 0x2
Test Configuration: 0
Auto Enablement: 1"
Information,15/01/2023 10:14:04,e2fexpress,32,None,"The description for Event ID 32 from source e2fexpress cannot be found. Either the component that raises this event is not installed on your local computer or the installation is corrupted. You can install or repair the component on the local computer.

If the event originated on another computer, the display information had to be saved with the event.

The following information was included with the event: 

Intel(R) Ethernet Controller (3) I225-V

The message resource is present but the message was not found in the message table
"
Information,15/01/2023 10:14:03,Microsoft-Windows-Subsys-SMSS,17,None,A platform binary was successfully executed.
Information,15/01/2023 10:14:03,Microsoft-Windows-Kernel-General,24,(11),The time zone information was refreshed with exit reason 0. Current time zone bias is 0.
Information,15/01/2023 10:14:03,Microsoft-Windows-Ntfs,98,None,Volume \\?\Volume{ad2ec1c9-f9a9-4b39-a2e8-0e53745a5c1a} (\Device\HarddiskVolume4) is healthy.  No action is needed.
Information,15/01/2023 10:14:03,BTHUSB,18,None,Windows cannot store Bluetooth authentication codes (link keys) on the local adapter. Bluetooth keyboards might not work in the system BIOS during start-up.
Information,15/01/2023 10:14:01,Netwtw10,7017,None,7017 - secure boot (SB) configuration
Warning,15/01/2023 10:14:01,e2fexpress,27,None,"The description for Event ID 27 from source e2fexpress cannot be found. Either the component that raises this event is not installed on your local computer or the installation is corrupted. You can install or repair the component on the local computer.

If the event originated on another computer, the display information had to be saved with the event.

The following information was included with the event: 

Intel(R) Ethernet Controller (3) I225-V

The message resource is present but the message was not found in the message table
"
Information,15/01/2023 10:14:01,Netwtw10,7010,None,7010 - driver enabled (miniport init)
Information,15/01/2023 10:14:01,Netwtw10,7002,None,7002 - CTDP power limit value (SPLC)
Information,15/01/2023 10:14:01,Netwtw10,7005,None,7005 - SAR value max TX power (WRDS)
Information,15/01/2023 10:14:01,MEIx64,2,None,Intel(R) Management Engine Interface driver has started successfully.
Information,15/01/2023 10:14:01,Netwtw10,7027,None,7027 - get Nic Manufacturere on init
Information,15/01/2023 10:14:01,Netwtw10,7036,None,The \Device\NDMP1 service entered the Intel(R) Wi-Fi 6 AX201 160MHz state.
Information,15/01/2023 10:14:01,Microsoft-Windows-Kernel-Processor-Power,55,(47),"Processor 19 in group 0 exposes the following power management capabilities:

Idle state type: ACPI Idle (C) States (3 state(s))

Performance state type: ACPI Collaborative Processor Performance Control
Nominal Frequency (MHz): 2100
Maximum performance percentage: 171
Minimum performance percentage: 47
Minimum throttle percentage: 4"
Information,15/01/2023 10:14:01,Microsoft-Windows-Kernel-Processor-Power,55,(47),"Processor 18 in group 0 exposes the following power management capabilities:

Idle state type: ACPI Idle (C) States (3 state(s))

Performance state type: ACPI Collaborative Processor Performance Control
Nominal Frequency (MHz): 2100
Maximum performance percentage: 171
Minimum performance percentage: 47
Minimum throttle percentage: 4"
Information,15/01/2023 10:14:01,Microsoft-Windows-Kernel-Processor-Power,55,(47),"Processor 17 in group 0 exposes the following power management capabilities:

Idle state type: ACPI Idle (C) States (3 state(s))

Performance state type: ACPI Collaborative Processor Performance Control
Nominal Frequency (MHz): 2100
Maximum performance percentage: 171
Minimum performance percentage: 47
Minimum throttle percentage: 4"
Information,15/01/2023 10:14:01,Microsoft-Windows-Kernel-Processor-Power,55,(47),"Processor 16 in group 0 exposes the following power management capabilities:

Idle state type: ACPI Idle (C) States (3 state(s))

Performance state type: ACPI Collaborative Processor Performance Control
Nominal Frequency (MHz): 2100
Maximum performance percentage: 171
Minimum performance percentage: 47
Minimum throttle percentage: 4"
Information,15/01/2023 10:14:01,Microsoft-Windows-Kernel-Processor-Power,55,(47),"Processor 15 in group 0 exposes the following power management capabilities:

Idle state type: ACPI Idle (C) States (3 state(s))

Performance state type: ACPI Collaborative Processor Performance Control
Nominal Frequency (MHz): 2100
Maximum performance percentage: 234
Minimum performance percentage: 50
Minimum throttle percentage: 3"
Information,15/01/2023 10:14:01,Microsoft-Windows-Kernel-Processor-Power,55,(47),"Processor 14 in group 0 exposes the following power management capabilities:

Idle state type: ACPI Idle (C) States (3 state(s))

Performance state type: ACPI Collaborative Processor Performance Control
Nominal Frequency (MHz): 2100
Maximum performance percentage: 234
Minimum performance percentage: 50
Minimum throttle percentage: 3"
Information,15/01/2023 10:14:01,Microsoft-Windows-Kernel-Processor-Power,55,(47),"Processor 13 in group 0 exposes the following power management capabilities:

Idle state type: ACPI Idle (C) States (3 state(s))

Performance state type: ACPI Collaborative Processor Performance Control
Nominal Frequency (MHz): 2100
Maximum performance percentage: 242
Minimum performance percentage: 50
Minimum throttle percentage: 3"
Information,15/01/2023 10:14:01,Microsoft-Windows-Kernel-Processor-Power,55,(47),"Processor 12 in group 0 exposes the following power management capabilities:

Idle state type: ACPI Idle (C) States (3 state(s))

Performance state type: ACPI Collaborative Processor Performance Control
Nominal Frequency (MHz): 2100
Maximum performance percentage: 242
Minimum performance percentage: 50
Minimum throttle percentage: 3"
Information,15/01/2023 10:14:01,Microsoft-Windows-Kernel-Processor-Power,55,(47),"Processor 11 in group 0 exposes the following power management capabilities:

Idle state type: ACPI Idle (C) States (3 state(s))

Performance state type: ACPI Collaborative Processor Performance Control
Nominal Frequency (MHz): 2100
Maximum performance percentage: 234
Minimum performance percentage: 50
Minimum throttle percentage: 3"
Information,15/01/2023 10:14:01,Microsoft-Windows-Kernel-Processor-Power,55,(47),"Processor 10 in group 0 exposes the following power management capabilities:

Idle state type: ACPI Idle (C) States (3 state(s))

Performance state type: ACPI Collaborative Processor Performance Control
Nominal Frequency (MHz): 2100
Maximum performance percentage: 234
Minimum performance percentage: 50
Minimum throttle percentage: 3"
Information,15/01/2023 10:14:01,Microsoft-Windows-Kernel-Processor-Power,55,(47),"Processor 9 in group 0 exposes the following power management capabilities:

Idle state type: ACPI Idle (C) States (3 state(s))

Performance state type: ACPI Collaborative Processor Performance Control
Nominal Frequency (MHz): 2100
Maximum performance percentage: 242
Minimum performance percentage: 50
Minimum throttle percentage: 3"
Information,15/01/2023 10:14:01,Microsoft-Windows-Kernel-Processor-Power,55,(47),"Processor 8 in group 0 exposes the following power management capabilities:

Idle state type: ACPI Idle (C) States (3 state(s))

Performance state type: ACPI Collaborative Processor Performance Control
Nominal Frequency (MHz): 2100
Maximum performance percentage: 242
Minimum performance percentage: 50
Minimum throttle percentage: 3"
Information,15/01/2023 10:14:01,Microsoft-Windows-Kernel-Processor-Power,55,(47),"Processor 7 in group 0 exposes the following power management capabilities:

Idle state type: ACPI Idle (C) States (3 state(s))

Performance state type: ACPI Collaborative Processor Performance Control
Nominal Frequency (MHz): 2100
Maximum performance percentage: 234
Minimum performance percentage: 50
Minimum throttle percentage: 3"
Information,15/01/2023 10:14:01,Microsoft-Windows-Kernel-Processor-Power,55,(47),"Processor 6 in group 0 exposes the following power management capabilities:

Idle state type: ACPI Idle (C) States (3 state(s))

Performance state type: ACPI Collaborative Processor Performance Control
Nominal Frequency (MHz): 2100
Maximum performance percentage: 234
Minimum performance percentage: 50
Minimum throttle percentage: 3"
Information,15/01/2023 10:14:01,Microsoft-Windows-Kernel-Processor-Power,55,(47),"Processor 5 in group 0 exposes the following power management capabilities:

Idle state type: ACPI Idle (C) States (3 state(s))

Performance state type: ACPI Collaborative Processor Performance Control
Nominal Frequency (MHz): 2100
Maximum performance percentage: 234
Minimum performance percentage: 50
Minimum throttle percentage: 3"
Information,15/01/2023 10:14:01,Microsoft-Windows-Kernel-Processor-Power,55,(47),"Processor 4 in group 0 exposes the following power management capabilities:

Idle state type: ACPI Idle (C) States (3 state(s))

Performance state type: ACPI Collaborative Processor Performance Control
Nominal Frequency (MHz): 2100
Maximum performance percentage: 234
Minimum performance percentage: 50
Minimum throttle percentage: 3"
Information,15/01/2023 10:14:01,Microsoft-Windows-Kernel-Processor-Power,55,(47),"Processor 3 in group 0 exposes the following power management capabilities:

Idle state type: ACPI Idle (C) States (3 state(s))

Performance state type: ACPI Collaborative Processor Performance Control
Nominal Frequency (MHz): 2100
Maximum performance percentage: 234
Minimum performance percentage: 50
Minimum throttle percentage: 3"
Information,15/01/2023 10:14:01,Microsoft-Windows-Kernel-Processor-Power,55,(47),"Processor 2 in group 0 exposes the following power management capabilities:

Idle state type: ACPI Idle (C) States (3 state(s))

Performance state type: ACPI Collaborative Processor Performance Control
Nominal Frequency (MHz): 2100
Maximum performance percentage: 234
Minimum performance percentage: 50
Minimum throttle percentage: 3"
Information,15/01/2023 10:14:01,Microsoft-Windows-Kernel-Processor-Power,55,(47),"Processor 1 in group 0 exposes the following power management capabilities:

Idle state type: ACPI Idle (C) States (3 state(s))

Performance state type: ACPI Collaborative Processor Performance Control
Nominal Frequency (MHz): 2100
Maximum performance percentage: 234
Minimum performance percentage: 50
Minimum throttle percentage: 3"
Information,15/01/2023 10:14:01,Microsoft-Windows-Kernel-Processor-Power,55,(47),"Processor 0 in group 0 exposes the following power management capabilities:

Idle state type: ACPI Idle (C) States (3 state(s))

Performance state type: ACPI Collaborative Processor Performance Control
Nominal Frequency (MHz): 2100
Maximum performance percentage: 234
Minimum performance percentage: 42
Minimum throttle percentage: 3"
Information,15/01/2023 10:14:00,Microsoft-Windows-Kernel-Power,172,(203),"Connectivity state in standby: Disconnected, Reason: NIC compliance"
Information,15/01/2023 10:14:00,Microsoft-Windows-Kernel-Power,125,(86),"ACPI thermal zone \_TZ.TZ00 has been enumerated.             
_PSV = 0K             
_TC1 = 0             
_TC2 = 0             
_TSP = 0ms             
_AC0 = 353K             
_AC1 = 328K             
_AC2 = 323K             
_AC3 = 318K             
_AC4 = 313K             
_AC5 = 0K             
_AC6 = 0K             
_AC7 = 0K             
_AC8 = 0K             
_AC9 = 0K             
_CRT = 378K             
_HOT = 0K             
minimum throttle = 0             
_CR3 = 0K"
Information,15/01/2023 10:14:00,Microsoft-Windows-FilterManager,6,None,"File System Filter 'npsvctrig' (10.0, ‎1979‎-‎12‎-‎19T16:12:41.000000000Z) has successfully loaded and registered with Filter Manager."
Information,15/01/2023 10:14:00,Microsoft-Windows-FilterManager,6,None,"File System Filter 'FileCrypt' (10.0, ‎1983‎-‎08‎-‎19T02:58:35.000000000Z) has successfully loaded and registered with Filter Manager."
Information,15/01/2023 10:13:58,Microsoft-Windows-Ntfs,98,None,Volume C: (\Device\HarddiskVolume3) is healthy.  No action is needed.
Information,15/01/2023 10:13:58,Microsoft-Windows-FilterManager,6,None,"File System Filter 'WdFilter' (10.0, ‎2046‎-‎12‎-‎28T03:44:16.000000000Z) has successfully loaded and registered with Filter Manager."
Information,15/01/2023 10:13:58,Microsoft-Windows-FilterManager,6,None,"File System Filter 'Wof' (10.0, ‎2101‎-‎04‎-‎08T15:19:37.000000000Z) has successfully loaded and registered with Filter Manager."
Information,15/01/2023 10:13:58,Microsoft-Windows-FilterManager,6,None,"File System Filter 'FileInfo' (10.0, ‎2079‎-‎02‎-‎26T22:03:00.000000000Z) has successfully loaded and registered with Filter Manager."
Information,15/01/2023 10:13:57,Microsoft-Windows-HAL,16,None,The iommu fault reporting has been initialized.
Information,15/01/2023 10:13:57,Microsoft-Windows-Kernel-General,20,(6),"The leap second configuration has been updated.
Reason: Leap second data initialized from registry during boot
Leap seconds enabled: true
New leap second count: 0
Old leap second count: 0"
Information,15/01/2023 10:13:57,Microsoft-Windows-Kernel-Boot,30,(21),The firmware reported boot metrics.
Information,15/01/2023 10:13:57,Microsoft-Windows-Kernel-Boot,27,(33),The boot type was 0x0.
Information,15/01/2023 10:13:57,Microsoft-Windows-Kernel-Boot,25,(32),The boot menu policy was 0x1.
Information,15/01/2023 10:13:57,Microsoft-Windows-Kernel-Boot,238,(101),EFI time zone bias: 2047. Daylight flags: 0. Firmware time: ‎2023‎-‎01‎-‎15T10:13:55.000000000Z.
Information,15/01/2023 10:13:57,Microsoft-Windows-Kernel-Boot,20,(31),The last shutdown's success status was true. The last boot's success status was true.
Information,15/01/2023 10:13:57,Microsoft-Windows-Kernel-Boot,32,(58),The bootmgr spent 0 ms waiting for user input.
Information,15/01/2023 10:13:57,Microsoft-Windows-Kernel-Boot,18,(57),There are 0x1 boot options on this system.
Information,15/01/2023 10:13:57,Microsoft-Windows-Kernel-Boot,153,(62),Virtualization-based security (policies: 0) is disabled.
Information,15/01/2023 10:13:57,Microsoft-Windows-Kernel-General,12,(1),The operating system started at system time ‎2023‎-‎01‎-‎15T10:13:56.500000000Z.
Information,14/01/2023 23:11:10,Microsoft-Windows-Kernel-General,13,(2),The operating system is shutting down at system time ‎2023‎-‎01‎-‎14T23:11:10.367579600Z.
Information,14/01/2023 23:11:10,Microsoft-Windows-Kernel-Power,577,(280),The system has prepared for a system initiated reboot from Active.
Information,14/01/2023 23:11:09,Microsoft-Windows-Kernel-Power,109,(103),"The kernel power manager has initiated a shutdown transition.

Action: Power Action Shutdown 
Event Code: 0x0 
Reason: Kernel API"
Information,14/01/2023 23:11:05,Microsoft-Windows-HttpService,117,HTTP Configuration Property Trace Task,"Delete URL group 0xFE00000C20000001. Status 0x0. Process Id 0xDB4 Executable path \Device\HarddiskVolume3\Windows\System32\svchost.exe, User LOCAL SERVICE"
Information,14/01/2023 23:11:05,Microsoft-Windows-HttpService,114,HTTP Configuration Property Trace Task,"Removed URL (http://*:5357/2e3c5200-a8d4-4ef8-a115-8866ddb6e283/) from URL group (0xFE00000C20000001). Process Id 0xDB4 Executable path \Device\HarddiskVolume3\Windows\System32\svchost.exe, User LOCAL SERVICE"
Information,14/01/2023 23:11:04,Microsoft-Windows-WLAN-AutoConfig,4001,None,"WLAN AutoConfig service has successfully stopped.
"
Warning,14/01/2023 23:11:04,Microsoft-Windows-WLAN-AutoConfig,10002,None,"WLAN Extensibility Module has stopped.

Module Path: C:\WINDOWS\system32\IntelIHVRouter10.dll
"
Information,14/01/2023 23:11:04,Microsoft-Windows-Dhcp-Client,50037,Service State Event,DHCPv4 client service is stopped. ShutDown Flag value is 1
Information,14/01/2023 23:11:04,Microsoft-Windows-DHCPv6-Client,51057,Service State Event,DHCPv6 client service stop is almost done.DHCP Context Ref count is 1
Information,15/01/2023 10:14:06,EventLog,6013,None,The system uptime is 9 seconds.
Information,15/01/2023 10:14:06,EventLog,6005,None,The Event log service was started.
Information,15/01/2023 10:14:06,EventLog,6009,None,Microsoft (R) Windows (R) 10.00. 22621  Multiprocessor Free.
Information,14/01/2023 23:11:04,Microsoft-Windows-Dhcp-Client,50106,Service State Event,DHCPv4 is waiting on DHCPv6 service to stop
Information,14/01/2023 23:11:04,Microsoft-Windows-DHCPv6-Client,51047,Service State Event,DHCPv6 client service is stopped. ShutDown Flag value is 1
Information,14/01/2023 23:11:04,Microsoft-Windows-Dhcp-Client,50105,Service State Event,DHCPv4 client ProcessDHCPRequestForever received TERMINATE_EVENT
Information,14/01/2023 23:11:04,Microsoft-Windows-Dhcp-Client,50104,Service State Event,DHCPv4 client received shutdown notification
Information,14/01/2023 23:11:04,EventLog,6006,None,The Event log service was stopped.
Information,14/01/2023 23:11:03,Microsoft-Windows-WindowsUpdateClient,19,Windows Update Agent,Installation Successful: Windows successfully installed the following update: 2023-01 Cumulative Update for Windows 11 Version 22H2 for x64-based Systems (KB5022303)
Information,14/01/2023 23:11:03,User32,1074,None,"The process C:\WINDOWS\system32\winlogon.exe (DESKTOP-TBPOCIG) has initiated the shutdown of computer DESKTOP-TBPOCIG on behalf of user NT AUTHORITY\SYSTEM for the following reason: No title for this reason could be found
 Reason Code: 0x500ff
 Shut-down Type: shutdown
 Comment: "
Information,14/01/2023 23:11:03,Service Control Manager,7040,None,The start type of the Windows Modules Installer service was changed from auto start to demand start.
Information,14/01/2023 23:10:57,Microsoft-Windows-TPM-WMI,1025,None,The TPM was successfully provisioned and is now ready for use.
Information,14/01/2023 23:10:57,Microsoft-Windows-TPM-WMI,1282,None,The TBS device identifier has been generated.
Information,14/01/2023 23:10:56,TPM,18,None,This event triggers the Trusted Platform Module (TPM) provisioning/status check to run.
Information,14/01/2023 23:10:52,Microsoft-Windows-Kernel-General,16,None,The access history in hive \??\C:\ProgramData\Microsoft\Windows\AppRepository\Packages\Microsoft.MicrosoftEdge_44.22621.1105.0_neutral__8wekyb3d8bbwe\ActivationStore.dat was cleared updating 0 keys and creating 0 modified pages.
Information,14/01/2023 23:10:50,Microsoft-Windows-Kernel-General,16,None,The access history in hive \??\C:\Users\Default\NTUSER.DAT was cleared updating 32 keys and creating 5 modified pages.
Information,14/01/2023 23:10:49,Microsoft-Windows-Kernel-General,16,None,The access history in hive \??\C:\WINDOWS\AppCompat\Programs\Amcache.hve was cleared updating 3330 keys and creating 1359 modified pages.
Information,14/01/2023 23:10:49,Service Control Manager,7026,None,"The following boot-start or system-start driver(s) did not load: 
dam
WinSetupMon"
Information,14/01/2023 23:10:49,Microsoft-Windows-HttpService,113,HTTP Configuration Property Trace Task,"Attempted to add URL (http://127.0.0.1:27339:127.0.0.1/AuraSDK/) to URL group (0xFE00000420000001). Status: 0x0. Process Id 0x1358 Executable path \Device\HarddiskVolume3\Program Files (x86)\ASUS\GameSDK Service\GameSDK.exe, User SYSTEM"
Information,14/01/2023 23:10:49,Microsoft-Windows-HttpService,111,HTTP Configuration Property Trace Task,"Create URL group 0xFE00000420000001. Status 0x0. Process Id 0x1358 Executable path \Device\HarddiskVolume3\Program Files (x86)\ASUS\GameSDK Service\GameSDK.exe, User SYSTEM"
Information,14/01/2023 23:10:49,Microsoft-Windows-WLAN-AutoConfig,10001,None,"WLAN Extensibility Module has successfully started.

Module Path: C:\WINDOWS\system32\IntelIHVRouter10.dll
"
Information,14/01/2023 23:10:48,Microsoft-Windows-WLAN-AutoConfig,4000,None,"WLAN AutoConfig service has successfully started.
"
Information,14/01/2023 23:10:48,Microsoft-Windows-HttpService,113,HTTP Configuration Property Trace Task,"Attempted to add URL (http://*:5357/2e3c5200-a8d4-4ef8-a115-8866ddb6e283/) to URL group (0xFE00000C20000001). Status: 0x0. Process Id 0xDB4 Executable path \Device\HarddiskVolume3\Windows\System32\svchost.exe, User LOCAL SERVICE"
Information,14/01/2023 23:10:48,Microsoft-Windows-HttpService,111,HTTP Configuration Property Trace Task,"Create URL group 0xFE00000C20000001. Status 0x0. Process Id 0xDB4 Executable path \Device\HarddiskVolume3\Windows\System32\svchost.exe, User LOCAL SERVICE"
Information,14/01/2023 23:10:48,Microsoft-Windows-HttpService,112,HTTP Setup Trace Task,"Attempted to reserve URL http://+:10243/WMPNSSv4/. Status 0x0. Process Id 0x4 Executable path , User SYSTEM"
Information,14/01/2023 23:10:48,Microsoft-Windows-HttpService,112,HTTP Setup Trace Task,"Attempted to reserve URL https://+:10245/WMPNSSv4/. Status 0x0. Process Id 0x4 Executable path , User SYSTEM"
Information,14/01/2023 23:10:48,Microsoft-Windows-HttpService,112,HTTP Setup Trace Task,"Attempted to reserve URL http://+:3387/rdp/. Status 0x0. Process Id 0x4 Executable path , User SYSTEM"
Information,14/01/2023 23:10:48,Microsoft-Windows-HttpService,112,HTTP Setup Trace Task,"Attempted to reserve URL https://+:3392/rdp/. Status 0x0. Process Id 0x4 Executable path , User SYSTEM"
Information,14/01/2023 23:10:48,Microsoft-Windows-HttpService,112,HTTP Setup Trace Task,"Attempted to reserve URL http://+:10246/MDEServer/. Status 0x0. Process Id 0x4 Executable path , User SYSTEM"
Information,14/01/2023 23:10:48,Microsoft-Windows-HttpService,112,HTTP Setup Trace Task,"Attempted to reserve URL http://*:2869/. Status 0x0. Process Id 0x4 Executable path , User SYSTEM"
Information,14/01/2023 23:10:48,Microsoft-Windows-HttpService,112,HTTP Setup Trace Task,"Attempted to reserve URL http://+:10247/apps/. Status 0x0. Process Id 0x4 Executable path , User SYSTEM"
Information,14/01/2023 23:10:48,Microsoft-Windows-HttpService,112,HTTP Setup Trace Task,"Attempted to reserve URL http://+:5985/wsman/. Status 0x0. Process Id 0x4 Executable path , User SYSTEM"
Information,14/01/2023 23:10:48,Microsoft-Windows-HttpService,112,HTTP Setup Trace Task,"Attempted to reserve URL http://+:47001/wsman/. Status 0x0. Process Id 0x4 Executable path , User SYSTEM"
Information,14/01/2023 23:10:48,Microsoft-Windows-HttpService,112,HTTP Setup Trace Task,"Attempted to reserve URL https://+:5986/wsman/. Status 0x0. Process Id 0x4 Executable path , User SYSTEM"
Information,14/01/2023 23:10:48,Microsoft-Windows-HttpService,112,HTTP Setup Trace Task,"Attempted to reserve URL https://+:443/sra_{BA195980-CD49-458b-9E23-C84EE0ADCD75}/. Status 0x0. Process Id 0x4 Executable path , User SYSTEM"
Information,14/01/2023 23:10:48,Microsoft-Windows-HttpService,112,HTTP Setup Trace Task,"Attempted to reserve URL https://*:5358/. Status 0x0. Process Id 0x4 Executable path , User SYSTEM"
Information,14/01/2023 23:10:48,Microsoft-Windows-HttpService,112,HTTP Setup Trace Task,"Attempted to reserve URL http://+:80/Temporary_Listen_Addresses/. Status 0x0. Process Id 0x4 Executable path , User SYSTEM"
Information,14/01/2023 23:10:48,Microsoft-Windows-HttpService,112,HTTP Setup Trace Task,"Attempted to reserve URL http://*:5357/. Status 0x0. Process Id 0x4 Executable path , User SYSTEM"
Information,14/01/2023 23:10:49,RST Middleware,27,None,"Found passthru disk: SCSI Port: 0, SCSI Bus: 2, SCSI Target: 0, PCIe SSD, 1000204886016 bytes, Sabrent Rocket Q4                       "
Information,14/01/2023 23:10:47,Microsoft-Windows-FilterManager,6,None,"File System Filter 'bindflt' (10.0, ‎2010‎-‎05‎-‎16T19:24:57.000000000Z) has successfully loaded and registered with Filter Manager."
Information,14/01/2023 23:10:47,Microsoft-Windows-DHCPv6-Client,51046,Service State Event,DHCPv6 client service is started
Information,14/01/2023 23:10:47,Microsoft-Windows-Dhcp-Client,50036,Service State Event,DHCPv4 client service is started
Information,14/01/2023 23:10:47,Microsoft-Windows-Dhcp-Client,50103,Service State Event,DHCPv4 client registered for shutdown notification
Information,14/01/2023 23:10:47,Microsoft-Windows-Dhcp-Client,50036,Service State Event,DHCPv4 client service is started
Information,14/01/2023 23:10:47,Microsoft-Windows-FilterManager,6,None,"File System Filter 'storqosflt' (10.0, ‎2031‎-‎12‎-‎25T23:42:56.000000000Z) has successfully loaded and registered with Filter Manager."
Information,14/01/2023 23:10:47,Microsoft-Windows-FilterManager,6,None,"File System Filter 'CldFlt' (10.0, ‎2038‎-‎06‎-‎09T07:54:19.000000000Z) has successfully loaded and registered with Filter Manager."
Information,14/01/2023 23:10:47,Microsoft-Windows-FilterManager,1,None,"File System Filter 'CldFlt' (Version 10.0, ‎2038‎-‎06‎-‎09T07:54:19.000000000Z) unloaded successfully."
Information,14/01/2023 23:10:47,Microsoft-Windows-FilterManager,6,None,"File System Filter 'CldFlt' (10.0, ‎2038‎-‎06‎-‎09T07:54:19.000000000Z) has successfully loaded and registered with Filter Manager."
Information,14/01/2023 23:10:47,Microsoft-Windows-Kernel-General,16,None,The access history in hive \SystemRoot\System32\Config\bbimigrate\BBI was cleared updating 1 keys and creating 1 modified pages.
Information,14/01/2023 23:10:47,Microsoft-Windows-FilterManager,6,None,"File System Filter 'luafv' (10.0, ‎1976‎-‎09‎-‎16T11:02:14.000000000Z) has successfully loaded and registered with Filter Manager."
Information,14/01/2023 23:10:47,Microsoft-Windows-FilterManager,6,None,"File System Filter 'wcifs' (10.0, ‎2051‎-‎09‎-‎09T07:23:39.000000000Z) has successfully loaded and registered with Filter Manager."
Information,14/01/2023 23:10:47,Microsoft-Windows-FilterManager,6,None,"File System Filter 'bfs' (10.0, ‎2093‎-‎01‎-‎08T14:31:30.000000000Z) has successfully loaded and registered with Filter Manager."
Information,14/01/2023 23:10:47,Microsoft-Windows-Kernel-General,16,None,The access history in hive \??\C:\WINDOWS\ServiceProfiles\LocalService\NTUSER.DAT was cleared updating 149 keys and creating 18 modified pages.
Information,14/01/2023 23:10:47,Microsoft-Windows-Kernel-General,16,None,The access history in hive \SystemRoot\System32\Config\BBI was cleared updating 327 keys and creating 76 modified pages.
Information,14/01/2023 23:10:47,Microsoft-Windows-Kernel-General,16,None,The access history in hive \??\C:\WINDOWS\ServiceProfiles\NetworkService\NTUSER.DAT was cleared updating 181 keys and creating 20 modified pages.
Information,14/01/2023 23:10:47,Microsoft-Windows-Directory-Services-SAM,16983,None,"The security account manager is now logging periodic summary events for remote clients that call legacy password change or set RPC methods.

For more information please see https://go.microsoft.com/fwlink/?linkid=2150956.
"
Information,14/01/2023 23:10:47,Microsoft-Windows-Directory-Services-SAM,16977,None,"The domain is configured with the following minimum password length-related settings.

MinimumPasswordLength: 0

RelaxMinimumPasswordLengthLimits: 0

MinimumPasswordLengthAudit: -1

For more information see https://go.microsoft.com/fwlink/?LinkId=2097191.
"
Information,14/01/2023 23:10:47,Microsoft-Windows-Kernel-General,16,None,The access history in hive \SystemRoot\System32\Config\SAM was cleared updating 53 keys and creating 6 modified pages.
Information,14/01/2023 23:10:47,Microsoft-Windows-Directory-Services-SAM,16962,None,"Remote calls to the SAM database are being restricted using the default security descriptor: O:SYG:SYD:(A;;RC;;;BA).
For more information please see http://go.microsoft.com/fwlink/?LinkId=787651."
Warning,14/01/2023 23:10:47,LsaSrv,6155,None,"LSA package is not signed as expected. This can cause unexpected behaviour with Credential Guard.

PackageName: msv1_0"
Warning,14/01/2023 23:10:47,LsaSrv,6155,None,"LSA package is not signed as expected. This can cause unexpected behaviour with Credential Guard.

PackageName: sfapm"
Warning,14/01/2023 23:10:47,LsaSrv,6155,None,"LSA package is not signed as expected. This can cause unexpected behaviour with Credential Guard.

PackageName: schannel"
Warning,14/01/2023 23:10:47,LsaSrv,6155,None,"LSA package is not signed as expected. This can cause unexpected behaviour with Credential Guard.

PackageName: wdigest"
Warning,14/01/2023 23:10:47,LsaSrv,6155,None,"LSA package is not signed as expected. This can cause unexpected behaviour with Credential Guard.

PackageName: cloudap"
Warning,14/01/2023 23:10:47,LsaSrv,6155,None,"LSA package is not signed as expected. This can cause unexpected behaviour with Credential Guard.

PackageName: pku2u"
Warning,14/01/2023 23:10:47,LsaSrv,6155,None,"LSA package is not signed as expected. This can cause unexpected behaviour with Credential Guard.

PackageName: tspkg"
Warning,14/01/2023 23:10:47,LsaSrv,6155,None,"LSA package is not signed as expected. This can cause unexpected behaviour with Credential Guard.

PackageName: msv1_0"
Warning,14/01/2023 23:10:47,LsaSrv,6155,None,"LSA package is not signed as expected. This can cause unexpected behaviour with Credential Guard.

PackageName: kerberos"
Warning,14/01/2023 23:10:47,LsaSrv,6155,None,"LSA package is not signed as expected. This can cause unexpected behaviour with Credential Guard.

PackageName: negoexts"
Information,14/01/2023 23:10:47,Microsoft-Windows-Kernel-General,16,None,The access history in hive \SystemRoot\System32\Config\SECURITY was cleared updating 71 keys and creating 4 modified pages.
Information,14/01/2023 23:10:47,LsaSrv,6156,None,"Virtualisation Based Security for Credential Guard auto enablement status.

Hardware Requirements:	1
Domain Joined:	0
Azure AD Joined:	0"
Warning,14/01/2023 23:10:47,Microsoft-Windows-Wininit,15,None,Credential Guard and/or VBS Key Isolation are configured but the secure kernel is not running; continuing without them.
Information,14/01/2023 23:10:47,Microsoft-Windows-Wininit,14,None,"Credential Guard configuration:

Registry Configuration: 0x2
Test Configuration: 0
Auto Enablement: 1"
Information,14/01/2023 23:10:45,Microsoft-Windows-Kernel-General,16,None,The access history in hive \SystemRoot\System32\Config\DEFAULT was cleared updating 645 keys and creating 84 modified pages.
Information,14/01/2023 23:10:45,Microsoft-Windows-Subsys-SMSS,17,None,A platform binary was successfully executed.
Information,14/01/2023 23:10:44,Microsoft-Windows-Kernel-General,24,(11),The time zone information was refreshed with exit reason 0. Current time zone bias is 0.
Information,14/01/2023 23:10:44,Microsoft-Windows-Kernel-General,15,(10),Hive \SystemRoot\System32\Config\SOFTWARE was reorganized with a starting size of 115273728 bytes and an ending size of 115220480 bytes.
Information,14/01/2023 23:10:43,Microsoft-Windows-Ntfs,98,None,Volume \\?\Volume{ad2ec1c9-f9a9-4b39-a2e8-0e53745a5c1a} (\Device\HarddiskVolume4) is healthy.  No action is needed.
Information,14/01/2023 23:10:35,e2fexpress,32,None,"The description for Event ID 32 from source e2fexpress cannot be found. Either the component that raises this event is not installed on your local computer or the installation is corrupted. You can install or repair the component on the local computer.

If the event originated on another computer, the display information had to be saved with the event.

The following information was included with the event: 

Intel(R) Ethernet Controller (3) I225-V

The message resource is present but the message was not found in the message table
"
Information,14/01/2023 23:10:32,BTHUSB,18,None,Windows cannot store Bluetooth authentication codes (link keys) on the local adapter. Bluetooth keyboards might not work in the system BIOS during start-up.
Information,14/01/2023 23:10:30,Netwtw10,7017,None,7017 - secure boot (SB) configuration
Warning,14/01/2023 23:10:30,e2fexpress,27,None,"The description for Event ID 27 from source e2fexpress cannot be found. Either the component that raises this event is not installed on your local computer or the installation is corrupted. You can install or repair the component on the local computer.

If the event originated on another computer, the display information had to be saved with the event.

The following information was included with the event: 

Intel(R) Ethernet Controller (3) I225-V

The message resource is present but the message was not found in the message table
"
Information,14/01/2023 23:10:30,Netwtw10,7010,None,7010 - driver enabled (miniport init)
Information,14/01/2023 23:10:30,Netwtw10,7002,None,7002 - CTDP power limit value (SPLC)
Information,14/01/2023 23:10:30,Netwtw10,7005,None,7005 - SAR value max TX power (WRDS)
Information,14/01/2023 23:10:30,MEIx64,2,None,Intel(R) Management Engine Interface driver has started successfully.
Information,14/01/2023 23:10:30,Netwtw10,7027,None,7027 - get Nic Manufacturere on init
Information,14/01/2023 23:10:30,Netwtw10,7036,None,The \Device\NDMP1 service entered the Intel(R) Wi-Fi 6 AX201 160MHz state.
Information,14/01/2023 23:10:30,Microsoft-Windows-Kernel-Processor-Power,55,(47),"Processor 19 in group 0 exposes the following power management capabilities:

Idle state type: ACPI Idle (C) States (3 state(s))

Performance state type: ACPI Collaborative Processor Performance Control
Nominal Frequency (MHz): 2100
Maximum performance percentage: 171
Minimum performance percentage: 47
Minimum throttle percentage: 4"
Information,14/01/2023 23:10:30,Microsoft-Windows-Kernel-Processor-Power,55,(47),"Processor 18 in group 0 exposes the following power management capabilities:

Idle state type: ACPI Idle (C) States (3 state(s))

Performance state type: ACPI Collaborative Processor Performance Control
Nominal Frequency (MHz): 2100
Maximum performance percentage: 171
Minimum performance percentage: 47
Minimum throttle percentage: 4"
Information,14/01/2023 23:10:30,Microsoft-Windows-Kernel-Processor-Power,55,(47),"Processor 17 in group 0 exposes the following power management capabilities:

Idle state type: ACPI Idle (C) States (3 state(s))

Performance state type: ACPI Collaborative Processor Performance Control
Nominal Frequency (MHz): 2100
Maximum performance percentage: 171
Minimum performance percentage: 47
Minimum throttle percentage: 4"
Information,14/01/2023 23:10:30,Microsoft-Windows-Kernel-Processor-Power,55,(47),"Processor 16 in group 0 exposes the following power management capabilities:

Idle state type: ACPI Idle (C) States (3 state(s))

Performance state type: ACPI Collaborative Processor Performance Control
Nominal Frequency (MHz): 2100
Maximum performance percentage: 171
Minimum performance percentage: 47
Minimum throttle percentage: 4"
Information,14/01/2023 23:10:30,Microsoft-Windows-Kernel-Processor-Power,55,(47),"Processor 15 in group 0 exposes the following power management capabilities:

Idle state type: ACPI Idle (C) States (3 state(s))

Performance state type: ACPI Collaborative Processor Performance Control
Nominal Frequency (MHz): 2100
Maximum performance percentage: 234
Minimum performance percentage: 50
Minimum throttle percentage: 3"
Information,14/01/2023 23:10:30,Microsoft-Windows-Kernel-Processor-Power,55,(47),"Processor 14 in group 0 exposes the following power management capabilities:

Idle state type: ACPI Idle (C) States (3 state(s))

Performance state type: ACPI Collaborative Processor Performance Control
Nominal Frequency (MHz): 2100
Maximum performance percentage: 234
Minimum performance percentage: 50
Minimum throttle percentage: 3"
Information,14/01/2023 23:10:30,Microsoft-Windows-Kernel-Processor-Power,55,(47),"Processor 13 in group 0 exposes the following power management capabilities:

Idle state type: ACPI Idle (C) States (3 state(s))

Performance state type: ACPI Collaborative Processor Performance Control
Nominal Frequency (MHz): 2100
Maximum performance percentage: 242
Minimum performance percentage: 50
Minimum throttle percentage: 3"
Information,14/01/2023 23:10:30,Microsoft-Windows-Kernel-Processor-Power,55,(47),"Processor 12 in group 0 exposes the following power management capabilities:

Idle state type: ACPI Idle (C) States (3 state(s))

Performance state type: ACPI Collaborative Processor Performance Control
Nominal Frequency (MHz): 2100
Maximum performance percentage: 242
Minimum performance percentage: 50
Minimum throttle percentage: 3"
Information,14/01/2023 23:10:30,Microsoft-Windows-Kernel-Processor-Power,55,(47),"Processor 11 in group 0 exposes the following power management capabilities:

Idle state type: ACPI Idle (C) States (3 state(s))

Performance state type: ACPI Collaborative Processor Performance Control
Nominal Frequency (MHz): 2100
Maximum performance percentage: 234
Minimum performance percentage: 50
Minimum throttle percentage: 3"
Information,14/01/2023 23:10:30,Microsoft-Windows-Kernel-Processor-Power,55,(47),"Processor 10 in group 0 exposes the following power management capabilities:

Idle state type: ACPI Idle (C) States (3 state(s))

Performance state type: ACPI Collaborative Processor Performance Control
Nominal Frequency (MHz): 2100
Maximum performance percentage: 234
Minimum performance percentage: 50
Minimum throttle percentage: 3"
Information,14/01/2023 23:10:30,Microsoft-Windows-Kernel-Processor-Power,55,(47),"Processor 9 in group 0 exposes the following power management capabilities:

Idle state type: ACPI Idle (C) States (3 state(s))

Performance state type: ACPI Collaborative Processor Performance Control
Nominal Frequency (MHz): 2100
Maximum performance percentage: 242
Minimum performance percentage: 50
Minimum throttle percentage: 3"
Information,14/01/2023 23:10:30,Microsoft-Windows-Kernel-Processor-Power,55,(47),"Processor 8 in group 0 exposes the following power management capabilities:

Idle state type: ACPI Idle (C) States (3 state(s))

Performance state type: ACPI Collaborative Processor Performance Control
Nominal Frequency (MHz): 2100
Maximum performance percentage: 242
Minimum performance percentage: 50
Minimum throttle percentage: 3"
Information,14/01/2023 23:10:30,Microsoft-Windows-Kernel-Processor-Power,55,(47),"Processor 7 in group 0 exposes the following power management capabilities:

Idle state type: ACPI Idle (C) States (3 state(s))

Performance state type: ACPI Collaborative Processor Performance Control
Nominal Frequency (MHz): 2100
Maximum performance percentage: 234
Minimum performance percentage: 50
Minimum throttle percentage: 3"
Information,14/01/2023 23:10:30,Microsoft-Windows-Kernel-Processor-Power,55,(47),"Processor 6 in group 0 exposes the following power management capabilities:

Idle state type: ACPI Idle (C) States (3 state(s))

Performance state type: ACPI Collaborative Processor Performance Control
Nominal Frequency (MHz): 2100
Maximum performance percentage: 234
Minimum performance percentage: 50
Minimum throttle percentage: 3"
Information,14/01/2023 23:10:30,Microsoft-Windows-Kernel-Processor-Power,55,(47),"Processor 5 in group 0 exposes the following power management capabilities:

Idle state type: ACPI Idle (C) States (3 state(s))

Performance state type: ACPI Collaborative Processor Performance Control
Nominal Frequency (MHz): 2100
Maximum performance percentage: 234
Minimum performance percentage: 50
Minimum throttle percentage: 3"
Information,14/01/2023 23:10:30,Microsoft-Windows-Kernel-Processor-Power,55,(47),"Processor 4 in group 0 exposes the following power management capabilities:

Idle state type: ACPI Idle (C) States (3 state(s))

Performance state type: ACPI Collaborative Processor Performance Control
Nominal Frequency (MHz): 2100
Maximum performance percentage: 234
Minimum performance percentage: 50
Minimum throttle percentage: 3"
Information,14/01/2023 23:10:30,Microsoft-Windows-Kernel-Processor-Power,55,(47),"Processor 3 in group 0 exposes the following power management capabilities:

Idle state type: ACPI Idle (C) States (3 state(s))

Performance state type: ACPI Collaborative Processor Performance Control
Nominal Frequency (MHz): 2100
Maximum performance percentage: 234
Minimum performance percentage: 50
Minimum throttle percentage: 3"
Information,14/01/2023 23:10:30,Microsoft-Windows-Kernel-Processor-Power,55,(47),"Processor 2 in group 0 exposes the following power management capabilities:

Idle state type: ACPI Idle (C) States (3 state(s))

Performance state type: ACPI Collaborative Processor Performance Control
Nominal Frequency (MHz): 2100
Maximum performance percentage: 234
Minimum performance percentage: 50
Minimum throttle percentage: 3"
Information,14/01/2023 23:10:30,Microsoft-Windows-Kernel-Processor-Power,55,(47),"Processor 1 in group 0 exposes the following power management capabilities:

Idle state type: ACPI Idle (C) States (3 state(s))

Performance state type: ACPI Collaborative Processor Performance Control
Nominal Frequency (MHz): 2100
Maximum performance percentage: 234
Minimum performance percentage: 50
Minimum throttle percentage: 3"
Information,14/01/2023 23:10:30,Microsoft-Windows-Kernel-Processor-Power,55,(47),"Processor 0 in group 0 exposes the following power management capabilities:

Idle state type: ACPI Idle (C) States (3 state(s))

Performance state type: ACPI Collaborative Processor Performance Control
Nominal Frequency (MHz): 2100
Maximum performance percentage: 234
Minimum performance percentage: 42
Minimum throttle percentage: 3"
Information,14/01/2023 23:10:29,Microsoft-Windows-Kernel-Power,172,(203),"Connectivity state in standby: Disconnected, Reason: NIC compliance"
Information,14/01/2023 23:10:29,Microsoft-Windows-Kernel-Power,125,(86),"ACPI thermal zone \_TZ.TZ00 has been enumerated.             
_PSV = 0K             
_TC1 = 0             
_TC2 = 0             
_TSP = 0ms             
_AC0 = 353K             
_AC1 = 328K             
_AC2 = 323K             
_AC3 = 318K             
_AC4 = 313K             
_AC5 = 0K             
_AC6 = 0K             
_AC7 = 0K             
_AC8 = 0K             
_AC9 = 0K             
_CRT = 378K             
_HOT = 0K             
minimum throttle = 0             
_CR3 = 0K"
Information,14/01/2023 23:10:29,Microsoft-Windows-FilterManager,6,None,"File System Filter 'npsvctrig' (10.0, ‎1979‎-‎12‎-‎19T16:12:41.000000000Z) has successfully loaded and registered with Filter Manager."
Information,14/01/2023 23:10:29,Microsoft-Windows-FilterManager,6,None,"File System Filter 'FileCrypt' (10.0, ‎1983‎-‎08‎-‎19T02:58:35.000000000Z) has successfully loaded and registered with Filter Manager."
Information,14/01/2023 23:10:27,Microsoft-Windows-Ntfs,98,None,Volume C: (\Device\HarddiskVolume3) is healthy.  No action is needed.
Information,14/01/2023 23:10:27,Microsoft-Windows-FilterManager,6,None,"File System Filter 'WdFilter' (10.0, ‎2046‎-‎12‎-‎28T03:44:16.000000000Z) has successfully loaded and registered with Filter Manager."
Information,14/01/2023 23:10:27,Microsoft-Windows-FilterManager,6,None,"File System Filter 'Wof' (10.0, ‎2101‎-‎04‎-‎08T15:19:37.000000000Z) has successfully loaded and registered with Filter Manager."
Information,14/01/2023 23:10:27,Microsoft-Windows-FilterManager,6,None,"File System Filter 'FileInfo' (10.0, ‎2079‎-‎02‎-‎26T22:03:00.000000000Z) has successfully loaded and registered with Filter Manager."
Information,14/01/2023 23:10:26,Microsoft-Windows-HAL,16,None,The iommu fault reporting has been initialized.
Information,14/01/2023 23:10:26,Microsoft-Windows-Kernel-General,20,(6),"The leap second configuration has been updated.
Reason: Leap second data initialized from registry during boot
Leap seconds enabled: true
New leap second count: 0
Old leap second count: 0"
Information,14/01/2023 23:10:26,Microsoft-Windows-Kernel-Boot,30,(21),The firmware reported boot metrics.
Information,14/01/2023 23:10:26,Microsoft-Windows-Kernel-Boot,27,(33),The boot type was 0x0.
Information,14/01/2023 23:10:26,Microsoft-Windows-Kernel-Boot,25,(32),The boot menu policy was 0x1.
Information,14/01/2023 23:10:26,Microsoft-Windows-Kernel-Boot,238,(101),EFI time zone bias: 2047. Daylight flags: 0. Firmware time: ‎2023‎-‎01‎-‎14T23:10:25.000000000Z.
Information,14/01/2023 23:10:26,Microsoft-Windows-Kernel-Boot,20,(31),The last shutdown's success status was true. The last boot's success status was true.
Information,14/01/2023 23:10:26,Microsoft-Windows-Kernel-Boot,32,(58),The bootmgr spent 0 ms waiting for user input.
Information,14/01/2023 23:10:26,Microsoft-Windows-Kernel-Boot,18,(57),There are 0x1 boot options on this system.
Information,14/01/2023 23:10:26,Microsoft-Windows-Kernel-Boot,153,(62),Virtualization-based security (policies: 0) is disabled.
Information,14/01/2023 23:10:26,Microsoft-Windows-Kernel-General,12,(1),The operating system started at system time ‎2023‎-‎01‎-‎14T23:10:25.500000000Z.
