Warning,11/12/2022 20:52:21,Microsoft-Windows-Kernel-PnP,225,(223),"The application \Device\HarddiskVolume3\Windows\System32\svchost.exe with process id 9436 stopped the removal or ejection for the device PCI\VEN_8086&DEV_467F&SUBSYS_86941043&REV_00\3&11583659&0&70.
Process command line: C:\WINDOWS\system32\svchost.exe -k netsvcs -p -s Appinfo
List of affected devices:
"
Warning,11/12/2022 20:52:21,Microsoft-Windows-Kernel-PnP,225,(223),"The application \Device\HarddiskVolume3\Users\Abdo\AppData\Local\Packages\B9ECED6F.ArmouryCrate_qmba6cd70vzyy\LocalState\SupportTemp\Intel Rapid Storage Technology Driver software\Install\SetupRST.exe with process id 9408 stopped the removal or ejection for the device PCI\VEN_8086&DEV_467F&SUBSYS_86941043&REV_00\3&11583659&0&70.
Process command line: ""C:\Users\Abdo\AppData\Local\Packages\B9ECED6F.ArmouryCrate_qmba6cd70vzyy\LocalState\SupportTemp\Intel Rapid Storage Technology Driver software\Install\SetupRST.exe"" -s -accepteula
List of affected devices:
"
Warning,11/12/2022 20:52:21,Microsoft-Windows-Kernel-PnP,225,(223),"The application \Device\HarddiskVolume3\Program Files (x86)\Steam\bin\cef\cef.win7x64\steamwebhelper.exe with process id 9288 stopped the removal or ejection for the device PCI\VEN_8086&DEV_467F&SUBSYS_86941043&REV_00\3&11583659&0&70.
Process command line: ""C:\Program Files (x86)\Steam\bin\cef\cef.win7x64\steamwebhelper.exe"" --type=renderer --log-file=""C:\Program Files (x86)\Steam\logs\cef_log.txt"" --field-trial-handle=1740,11461449682708422276,7122622608747715128,131072 --enable-features=CastMediaRouteProvider --disable-features=SameSiteByDefaultCookies --enable-blink-features=ResizeObserver,Worklet,AudioWorklet --disable-blink-features=Badging --lang=en-GB --log-file=""C:\Program Files (x86)\Steam\logs\cef_log.txt"" --product-version=""Valve Steam Client"" --buildid=1669935987 --steamid=0 --device-scale-factor=1 --num-raster-threads=4 --enable-main-frame-before-activation --renderer-client-id=7 --mojo-platform-channel-handle=3248 /prefetch:1
List of affected devices:
"
Warning,11/12/2022 20:52:21,Microsoft-Windows-Kernel-PnP,225,(223),"The application \Device\HarddiskVolume3\Windows\System32\svchost.exe with process id 9276 stopped the removal or ejection for the device PCI\VEN_8086&DEV_467F&SUBSYS_86941043&REV_00\3&11583659&0&70.
Process command line: C:\WINDOWS\System32\svchost.exe -k NetworkService -p
List of affected devices:
"
Warning,11/12/2022 20:52:21,Microsoft-Windows-Kernel-PnP,225,(223),"The application \Device\HarddiskVolume3\Windows\System32\svchost.exe with process id 9052 stopped the removal or ejection for the device PCI\VEN_8086&DEV_467F&SUBSYS_86941043&REV_00\3&11583659&0&70.
Process command line: C:\WINDOWS\system32\svchost.exe -k UnistackSvcGroup -s WpnUserService
List of affected devices:
"
Warning,11/12/2022 20:52:21,Microsoft-Windows-Kernel-PnP,225,(223),"The application \Device\HarddiskVolume3\Windows\System32\svchost.exe with process id 9012 stopped the removal or ejection for the device PCI\VEN_8086&DEV_467F&SUBSYS_86941043&REV_00\3&11583659&0&70.
Process command line: C:\WINDOWS\system32\svchost.exe -k LocalSystemNetworkRestricted -p -s webthreatdefusersvc
List of affected devices:
"
Warning,11/12/2022 20:52:21,Microsoft-Windows-Kernel-PnP,225,(223),"The application \Device\HarddiskVolume3\Windows\System32\svchost.exe with process id 8972 stopped the removal or ejection for the device PCI\VEN_8086&DEV_467F&SUBSYS_86941043&REV_00\3&11583659&0&70.
Process command line: C:\WINDOWS\system32\svchost.exe -k UnistackSvcGroup -s CDPUserSvc
List of affected devices:
"
Warning,11/12/2022 20:52:21,Microsoft-Windows-Kernel-PnP,225,(223),"The application \Device\HarddiskVolume3\Windows\System32\svchost.exe with process id 8948 stopped the removal or ejection for the device PCI\VEN_8086&DEV_467F&SUBSYS_86941043&REV_00\3&11583659&0&70.
Process command line: C:\WINDOWS\system32\svchost.exe -k BthAppGroup -p -s BluetoothUserService
List of affected devices:
"
Warning,11/12/2022 20:52:21,Microsoft-Windows-Kernel-PnP,225,(223),"The application \Device\HarddiskVolume3\Windows\System32\sihost.exe with process id 8892 stopped the removal or ejection for the device PCI\VEN_8086&DEV_467F&SUBSYS_86941043&REV_00\3&11583659&0&70.
Process command line: sihost.exe
List of affected devices:
"
Warning,11/12/2022 20:52:21,Microsoft-Windows-Kernel-PnP,225,(223),"The application \Device\HarddiskVolume3\Program Files (x86)\NVIDIA Corporation\NvNode\NVIDIA Web Helper.exe with process id 8848 stopped the removal or ejection for the device PCI\VEN_8086&DEV_467F&SUBSYS_86941043&REV_00\3&11583659&0&70.
Process command line: ""C:\Program Files (x86)\NVIDIA Corporation\NvNode\NVIDIA Web Helper.exe"" index.js
List of affected devices:
"
Warning,11/12/2022 20:52:21,Microsoft-Windows-Kernel-PnP,225,(223),"The application \Device\HarddiskVolume3\Windows\System32\conhost.exe with process id 8768 stopped the removal or ejection for the device PCI\VEN_8086&DEV_467F&SUBSYS_86941043&REV_00\3&11583659&0&70.
Process command line: \??\C:\WINDOWS\system32\conhost.exe 0x4
List of affected devices:
"
Warning,11/12/2022 20:52:21,Microsoft-Windows-Kernel-PnP,225,(223),"The application \Device\HarddiskVolume3\Windows\System32\WindowsPowerShell\v1.0\powershell.exe with process id 8744 stopped the removal or ejection for the device PCI\VEN_8086&DEV_467F&SUBSYS_86941043&REV_00\3&11583659&0&70.
Process command line: C:\WINDOWS\System32\WindowsPowerShell\v1.0\powershell.exe -ExecutionPolicy Bypass
List of affected devices:
"
Warning,11/12/2022 20:52:21,Microsoft-Windows-Kernel-PnP,225,(223),"The application \Device\HarddiskVolume3\Program Files\ASUS\ARMOURY CRATE Lite Service\ArmouryCrate.UserSessionHelper.exe with process id 8724 stopped the removal or ejection for the device PCI\VEN_8086&DEV_467F&SUBSYS_86941043&REV_00\3&11583659&0&70.
Process command line: ""C:\Program Files\ASUS\ARMOURY CRATE Lite Service\ArmouryCrate.UserSessionHelper.exe"" 0000000000000A60
List of affected devices:
"
Warning,11/12/2022 20:52:21,Microsoft-Windows-Kernel-PnP,225,(223),"The application \Device\HarddiskVolume3\Program Files (x86)\Google\Update\1.3.36.152\GoogleCrashHandler64.exe with process id 8700 stopped the removal or ejection for the device PCI\VEN_8086&DEV_467F&SUBSYS_86941043&REV_00\3&11583659&0&70.
Process command line: ""C:\Program Files (x86)\Google\Update\1.3.36.152\GoogleCrashHandler64.exe""
List of affected devices:
"
Warning,11/12/2022 20:52:21,Microsoft-Windows-Kernel-PnP,225,(223),"The application \Device\HarddiskVolume3\Windows\System32\conhost.exe with process id 8592 stopped the removal or ejection for the device PCI\VEN_8086&DEV_467F&SUBSYS_86941043&REV_00\3&11583659&0&70.
Process command line: \??\C:\WINDOWS\system32\conhost.exe 0x4
List of affected devices:
"
Warning,11/12/2022 20:52:21,Microsoft-Windows-Kernel-PnP,225,(223),"The application \Device\HarddiskVolume3\Program Files (x86)\Epic Games\Launcher\Portal\Binaries\Win64\EpicGamesLauncher.exe with process id 8388 stopped the removal or ejection for the device PCI\VEN_8086&DEV_467F&SUBSYS_86941043&REV_00\3&11583659&0&70.
Process command line: ""C:\Program Files (x86)\Epic Games\Launcher\Portal\Binaries\Win64\EpicGamesLauncher.exe"" -silent
List of affected devices:
"
Warning,11/12/2022 20:52:21,Microsoft-Windows-Kernel-PnP,225,(223),"The application \Device\HarddiskVolume3\Windows\System32\svchost.exe with process id 8368 stopped the removal or ejection for the device PCI\VEN_8086&DEV_467F&SUBSYS_86941043&REV_00\3&11583659&0&70.
Process command line: C:\WINDOWS\system32\svchost.exe -k WebThreatDefense -p -s webthreatdefsvc
List of affected devices:
"
Warning,11/12/2022 20:52:21,Microsoft-Windows-Kernel-PnP,225,(223),"The application \Device\HarddiskVolume3\Users\Abdo\AppData\Local\Discord\app-1.0.9008\Discord.exe with process id 8348 stopped the removal or ejection for the device PCI\VEN_8086&DEV_467F&SUBSYS_86941043&REV_00\3&11583659&0&70.
Process command line: ""C:\Users\Abdo\AppData\Local\Discord\app-1.0.9008\Discord.exe"" --type=gpu-process --field-trial-handle=1624,8631233233689049490,13425662470868929798,131072 --disable-features=CookiesWithoutSameSiteMustBeSecure,HardwareMediaKeyHandling,MediaSessionService,SameSiteByDefaultCookies,SpareRendererForSitePerProcess,WinRetrieveSuggestionsOnlyOnDemand --gpu-preferences=SAAAAAAAAADgAAAwAAAAAAAAAAAAAAAAAABgAAAAAAAoAAAAAAAAAAAAAAAAAAAAAAAAAAAAAAB4AAAAAAAAAHgAAAAAAAAAKAAAAAQAAAAgAAAAAAAAACgAAAAAAAAAMAAAAAAAAAA4AAAAAAAAABAAAAAAAAAAAAAAAAUAAAAQAAAAAAAAAAAAAAAGAAAAEAAAAAAAAAABAAAABQAAABAAAAAAAAAAAQAAAAYAAAAIAAAAAAAAAAgAAAAAAAAA --mojo-platform-channel-handle=1796 /prefetch:2
List of affected devices:
"
Warning,11/12/2022 20:52:21,Microsoft-Windows-Kernel-PnP,225,(223),"The application \Device\HarddiskVolume3\Program Files (x86)\Google\Update\1.3.36.152\GoogleCrashHandler.exe with process id 8328 stopped the removal or ejection for the device PCI\VEN_8086&DEV_467F&SUBSYS_86941043&REV_00\3&11583659&0&70.
Process command line: ""C:\Program Files (x86)\Google\Update\1.3.36.152\GoogleCrashHandler.exe""
List of affected devices:
"
Warning,11/12/2022 20:52:21,Microsoft-Windows-Kernel-PnP,225,(223),"The application \Device\HarddiskVolume3\Windows\System32\svchost.exe with process id 8224 stopped the removal or ejection for the device PCI\VEN_8086&DEV_467F&SUBSYS_86941043&REV_00\3&11583659&0&70.
Process command line: C:\WINDOWS\System32\svchost.exe -k LocalServiceNetworkRestricted -s RmSvc
List of affected devices:
"
Warning,11/12/2022 20:52:21,Microsoft-Windows-Kernel-PnP,225,(223),"The application \Device\HarddiskVolume3\Windows\servicing\TrustedInstaller.exe with process id 8204 stopped the removal or ejection for the device PCI\VEN_8086&DEV_467F&SUBSYS_86941043&REV_00\3&11583659&0&70.
Process command line: C:\WINDOWS\servicing\TrustedInstaller.exe
List of affected devices:
"
Warning,11/12/2022 20:52:21,Microsoft-Windows-Kernel-PnP,225,(223),"The application \Device\HarddiskVolume3\ProgramData\Microsoft\Windows Defender\Platform\4.18.2211.5-0\MsMpEng.exe with process id 8168 stopped the removal or ejection for the device PCI\VEN_8086&DEV_467F&SUBSYS_86941043&REV_00\3&11583659&0&70.
Process command line: ""C:\ProgramData\Microsoft\Windows Defender\Platform\4.18.2211.5-0\MsMpEng.exe""
List of affected devices:
"
Warning,11/12/2022 20:52:21,Microsoft-Windows-Kernel-PnP,225,(223),"The application \Device\HarddiskVolume3\Program Files\ASUS\KINGSTON_Aac_DRAM\AacKingstonDramHal_x86.exe with process id 8156 stopped the removal or ejection for the device PCI\VEN_8086&DEV_467F&SUBSYS_86941043&REV_00\3&11583659&0&70.
Process command line: ""C:\Program Files\ASUS\KINGSTON_Aac_DRAM\AacKingstonDramHal_x86.exe"" -Embedding
List of affected devices:
"
Warning,11/12/2022 20:52:21,Microsoft-Windows-Kernel-PnP,225,(223),"The application \Device\HarddiskVolume3\ProgramData\Microsoft\Windows Defender\Platform\4.18.2211.5-0\NisSrv.exe with process id 8108 stopped the removal or ejection for the device PCI\VEN_8086&DEV_467F&SUBSYS_86941043&REV_00\3&11583659&0&70.
Process command line: ""C:\ProgramData\Microsoft\Windows Defender\Platform\4.18.2211.5-0\NisSrv.exe""
List of affected devices:
"
Warning,11/12/2022 20:52:21,Microsoft-Windows-Kernel-PnP,225,(223),"The application \Device\HarddiskVolume3\Program Files\ASUS\AacExtCard\extensionCardHal_x86.exe with process id 8096 stopped the removal or ejection for the device PCI\VEN_8086&DEV_467F&SUBSYS_86941043&REV_00\3&11583659&0&70.
Process command line: ""C:\Program Files\ASUS\AacExtCard\extensionCardHal_x86.exe"" -Embedding
List of affected devices:
"
Warning,11/12/2022 20:52:21,Microsoft-Windows-Kernel-PnP,225,(223),"The application \Device\HarddiskVolume3\Windows\System32\svchost.exe with process id 8064 stopped the removal or ejection for the device PCI\VEN_8086&DEV_467F&SUBSYS_86941043&REV_00\3&11583659&0&70.
Process command line: C:\WINDOWS\system32\svchost.exe -k netsvcs -p -s WpnService
List of affected devices:
"
Warning,11/12/2022 20:52:21,Microsoft-Windows-Kernel-PnP,225,(223),"The application \Device\HarddiskVolume3\Users\Abdo\AppData\Local\Discord\app-1.0.9008\Discord.exe with process id 7896 stopped the removal or ejection for the device PCI\VEN_8086&DEV_467F&SUBSYS_86941043&REV_00\3&11583659&0&70.
Process command line: ""C:\Users\Abdo\AppData\Local\Discord\app-1.0.9008\Discord.exe"" 
List of affected devices:
"
Warning,11/12/2022 20:52:21,Microsoft-Windows-Kernel-PnP,225,(223),"The application \Device\HarddiskVolume3\Program Files\ASUS\KINGSTON_Aac_DRAM\AacKingstonDramHal_x64.exe with process id 7880 stopped the removal or ejection for the device PCI\VEN_8086&DEV_467F&SUBSYS_86941043&REV_00\3&11583659&0&70.
Process command line: ""C:\Program Files\ASUS\KINGSTON_Aac_DRAM\AacKingstonDramHal_x64.exe"" -Embedding
List of affected devices:
"
Warning,11/12/2022 20:52:21,Microsoft-Windows-Kernel-PnP,225,(223),"The application \Device\HarddiskVolume3\Windows\System32\svchost.exe with process id 7820 stopped the removal or ejection for the device PCI\VEN_8086&DEV_467F&SUBSYS_86941043&REV_00\3&11583659&0&70.
Process command line: C:\WINDOWS\System32\svchost.exe -k AppReadiness -p -s AppReadiness
List of affected devices:
"
Warning,11/12/2022 20:52:21,Microsoft-Windows-Kernel-PnP,225,(223),"The application \Device\HarddiskVolume3\Windows\System32\svchost.exe with process id 7656 stopped the removal or ejection for the device PCI\VEN_8086&DEV_467F&SUBSYS_86941043&REV_00\3&11583659&0&70.
Process command line: C:\WINDOWS\system32\svchost.exe -k osprivacy -p -s camsvc
List of affected devices:
"
Warning,11/12/2022 20:52:21,Microsoft-Windows-Kernel-PnP,225,(223),"The application \Device\HarddiskVolume3\Program Files (x86)\Steam\bin\cef\cef.win7x64\steamwebhelper.exe with process id 7636 stopped the removal or ejection for the device PCI\VEN_8086&DEV_467F&SUBSYS_86941043&REV_00\3&11583659&0&70.
Process command line: ""C:\Program Files (x86)\Steam\bin\cef\cef.win7x64\steamwebhelper.exe"" --type=utility --utility-sub-type=network.mojom.NetworkService --field-trial-handle=1740,11461449682708422276,7122622608747715128,131072 --enable-features=CastMediaRouteProvider --disable-features=SameSiteByDefaultCookies --lang=en-GB --service-sandbox-type=network --log-file=""C:\Program Files (x86)\Steam\logs\cef_log.txt"" --product-version=""Valve Steam Client"" --lang=en-GB --buildid=1669935987 --steamid=0 --log-file=""C:\Program Files (x86)\Steam\logs\cef_log.txt"" --mojo-platform-channel-handle=2236 /prefetch:8
List of affected devices:
"
Warning,11/12/2022 20:52:21,Microsoft-Windows-Kernel-PnP,225,(223),"The application \Device\HarddiskVolume3\Windows\System32\RuntimeBroker.exe with process id 7524 stopped the removal or ejection for the device PCI\VEN_8086&DEV_467F&SUBSYS_86941043&REV_00\3&11583659&0&70.
Process command line: C:\Windows\System32\RuntimeBroker.exe -Embedding
List of affected devices:
"
Warning,11/12/2022 20:52:21,Microsoft-Windows-Kernel-PnP,225,(223),"The application \Device\HarddiskVolume3\Program Files (x86)\Steam\bin\cef\cef.win7x64\steamwebhelper.exe with process id 7496 stopped the removal or ejection for the device PCI\VEN_8086&DEV_467F&SUBSYS_86941043&REV_00\3&11583659&0&70.
Process command line: ""C:\Program Files (x86)\Steam\bin\cef\cef.win7x64\steamwebhelper.exe"" --type=gpu-process --field-trial-handle=1740,11461449682708422276,7122622608747715128,131072 --enable-features=CastMediaRouteProvider --disable-features=SameSiteByDefaultCookies --log-file=""C:\Program Files (x86)\Steam\logs\cef_log.txt"" --product-version=""Valve Steam Client"" --lang=en-GB --buildid=1669935987 --steamid=0 --gpu-preferences=MAAAAAAAAADgAAAwAAAAAAAAAAAAAAAAAABgAAAAAAAQAAAAAAAAAAAAAAAAAAAAKAAAAAQAAAAgAAAAAAAAACgAAAAAAAAAMAAAAAAAAAA4AAAAAAAAABAAAAAAAAAAAAAAAAUAAAAQAAAAAAAAAAAAAAAGAAAAEAAAAAAAAAABAAAABQAAABAAAAAAAAAAAQAAAAYAAAA= --log-file=""C:\Program Files (x86)\Steam\logs\cef_log.txt"" --mojo-platform-channel-handle=1920 /prefetch:2
List of affected devices:
"
Warning,11/12/2022 20:52:21,Microsoft-Windows-Kernel-PnP,225,(223),"The application \Device\HarddiskVolume3\Windows\System32\SearchIndexer.exe with process id 7088 stopped the removal or ejection for the device PCI\VEN_8086&DEV_467F&SUBSYS_86941043&REV_00\3&11583659&0&70.
Process command line: C:\WINDOWS\system32\SearchIndexer.exe /Embedding
List of affected devices:
"
Warning,11/12/2022 20:52:21,Microsoft-Windows-Kernel-PnP,225,(223),"The application \Device\HarddiskVolume3\Windows\System32\svchost.exe with process id 7076 stopped the removal or ejection for the device PCI\VEN_8086&DEV_467F&SUBSYS_86941043&REV_00\3&11583659&0&70.
Process command line: C:\WINDOWS\System32\svchost.exe -k LocalSystemNetworkRestricted -p -s StorSvc
List of affected devices:
"
Warning,11/12/2022 20:52:21,Microsoft-Windows-Kernel-PnP,225,(223),"The application \Device\HarddiskVolume3\Windows\System32\svchost.exe with process id 6980 stopped the removal or ejection for the device PCI\VEN_8086&DEV_467F&SUBSYS_86941043&REV_00\3&11583659&0&70.
Process command line: C:\WINDOWS\system32\svchost.exe -k wsappx -p -s AppXSvc
List of affected devices:
"
Warning,11/12/2022 20:52:21,Microsoft-Windows-Kernel-PnP,225,(223),"The application \Device\HarddiskVolume3\Windows\System32\msdtc.exe with process id 6940 stopped the removal or ejection for the device PCI\VEN_8086&DEV_467F&SUBSYS_86941043&REV_00\3&11583659&0&70.
Process command line: C:\WINDOWS\System32\msdtc.exe
List of affected devices:
"
Warning,11/12/2022 20:52:21,Microsoft-Windows-Kernel-PnP,225,(223),"The application \Device\HarddiskVolume3\Windows\System32\svchost.exe with process id 6776 stopped the removal or ejection for the device PCI\VEN_8086&DEV_467F&SUBSYS_86941043&REV_00\3&11583659&0&70.
Process command line: C:\WINDOWS\system32\svchost.exe -k LocalSystemNetworkRestricted -p -s PcaSvc
List of affected devices:
"
Warning,11/12/2022 20:52:21,Microsoft-Windows-Kernel-PnP,225,(223),"The application \Device\HarddiskVolume3\Windows\System32\conhost.exe with process id 6768 stopped the removal or ejection for the device PCI\VEN_8086&DEV_467F&SUBSYS_86941043&REV_00\3&11583659&0&70.
Process command line: \??\C:\WINDOWS\system32\conhost.exe 0x4
List of affected devices:
"
Warning,11/12/2022 20:52:21,Microsoft-Windows-Kernel-PnP,225,(223),"The application \Device\HarddiskVolume3\Program Files\Microsoft OneDrive\OneDrive.exe with process id 6576 stopped the removal or ejection for the device PCI\VEN_8086&DEV_467F&SUBSYS_86941043&REV_00\3&11583659&0&70.
Process command line: ""C:\Program Files\Microsoft OneDrive\OneDrive.exe"" /background
List of affected devices:
"
Warning,11/12/2022 20:52:21,Microsoft-Windows-Kernel-PnP,225,(223),"The application \Device\HarddiskVolume3\Windows\System32\svchost.exe with process id 6536 stopped the removal or ejection for the device PCI\VEN_8086&DEV_467F&SUBSYS_86941043&REV_00\3&11583659&0&70.
Process command line: C:\WINDOWS\system32\svchost.exe -k LocalServiceAndNoImpersonation -p -s SSDPSRV
List of affected devices:
"
Warning,11/12/2022 20:52:21,Microsoft-Windows-Kernel-PnP,225,(223),"The application \Device\HarddiskVolume3\Windows\System32\svchost.exe with process id 6516 stopped the removal or ejection for the device PCI\VEN_8086&DEV_467F&SUBSYS_86941043&REV_00\3&11583659&0&70.
Process command line: C:\WINDOWS\system32\svchost.exe -k netsvcs -p -s LanmanServer
List of affected devices:
"
Warning,11/12/2022 20:52:21,Microsoft-Windows-Kernel-PnP,225,(223),"The application \Device\HarddiskVolume3\Windows\System32\backgroundTaskHost.exe with process id 6464 stopped the removal or ejection for the device PCI\VEN_8086&DEV_467F&SUBSYS_86941043&REV_00\3&11583659&0&70.
Process command line: ""C:\Windows\system32\backgroundTaskHost.exe"" -ServerName:App.AppXc206n2x0eevm6mcaqje6aze5tcyc9qt6.mca
List of affected devices:
"
Warning,11/12/2022 20:52:21,Microsoft-Windows-Kernel-PnP,225,(223),"The application \Device\HarddiskVolume3\Program Files\WindowsApps\Microsoft.YourPhone_1.22092.214.0_x64__8wekyb3d8bbwe\PhoneExperienceHost.exe with process id 6432 stopped the removal or ejection for the device PCI\VEN_8086&DEV_467F&SUBSYS_86941043&REV_00\3&11583659&0&70.
Process command line: ""C:\Program Files\WindowsApps\Microsoft.YourPhone_1.22092.214.0_x64__8wekyb3d8bbwe\PhoneExperienceHost.exe"" -ComServer:Background -Embedding
List of affected devices:
"
Warning,11/12/2022 20:52:21,Microsoft-Windows-Kernel-PnP,225,(223),"The application \Device\HarddiskVolume3\Program Files\ASUS\ASUS_Aac_DRAM\Aac3572DramHal_x86.exe with process id 6340 stopped the removal or ejection for the device PCI\VEN_8086&DEV_467F&SUBSYS_86941043&REV_00\3&11583659&0&70.
Process command line: ""C:\Program Files\ASUS\ASUS_Aac_DRAM\Aac3572DramHal_x86.exe"" -Embedding
List of affected devices:
"
Warning,11/12/2022 20:52:21,Microsoft-Windows-Kernel-PnP,225,(223),"The application \Device\HarddiskVolume3\Windows\System32\svchost.exe with process id 6104 stopped the removal or ejection for the device PCI\VEN_8086&DEV_467F&SUBSYS_86941043&REV_00\3&11583659&0&70.
Process command line: C:\WINDOWS\System32\svchost.exe -k LocalSystemNetworkRestricted -p -s WdiSystemHost
List of affected devices:
"
Warning,11/12/2022 20:52:21,Microsoft-Windows-Kernel-PnP,225,(223),"The application \Device\HarddiskVolume3\Windows\System32\SecurityHealthSystray.exe with process id 6092 stopped the removal or ejection for the device PCI\VEN_8086&DEV_467F&SUBSYS_86941043&REV_00\3&11583659&0&70.
Process command line: ""C:\Windows\System32\SecurityHealthSystray.exe"" 
List of affected devices:
"
Warning,11/12/2022 20:52:21,Microsoft-Windows-Kernel-PnP,225,(223),"The application \Device\HarddiskVolume3\Users\Abdo\AppData\Roaming\Spotify\Spotify.exe with process id 5980 stopped the removal or ejection for the device PCI\VEN_8086&DEV_467F&SUBSYS_86941043&REV_00\3&11583659&0&70.
Process command line: ""C:\Users\Abdo\AppData\Roaming\Spotify\Spotify.exe"" --type=gpu-process --disable-d3d11 --log-severity=disable --user-agent-product=""Chrome/106.0.5249.119 Spotify/1.2.0.1165"" --lang=en --user-data-dir=""C:\Users\Abdo\AppData\Local\Spotify\User Data"" --gpu-preferences=UAAAAAAAAADgAAAYAAAAAAAAAAAAAAAAAABgAAAAAAAwAAAAAAAAAAAAAAAQAAAAAAAAAAAAAAAAAAAAAAAAAEgAAAAAAAAASAAAAAAAAAAYAAAAAgAAABAAAAAAAAAAGAAAAAAAAAAQAAAAAAAAAAAAAAAOAAAAEAAAAAAAAAABAAAADgAAAAgAAAAAAAAACAAAAAAAAAA= --log-file=""C:\Users\Abdo\AppData\Roaming\Spotify\debug.log"" --mojo-platform-channel-handle=1872 --field-trial-handle=1844,i,2905064138444673309,17549695099947377480,131072 --disable-features=BackForwardCache,CalculateNativeWinOcclusion,WinUseBrowserSpellChecker /prefetch:2
List of affected devices:
"
Warning,11/12/2022 20:52:21,Microsoft-Windows-Kernel-PnP,225,(223),"The application \Device\HarddiskVolume3\Windows\System32\svchost.exe with process id 5740 stopped the removal or ejection for the device PCI\VEN_8086&DEV_467F&SUBSYS_86941043&REV_00\3&11583659&0&70.
Process command line: C:\WINDOWS\system32\svchost.exe -k netsvcs -p -s Schedule
List of affected devices:
"
Warning,11/12/2022 20:52:21,Microsoft-Windows-Kernel-PnP,225,(223),"The application \Device\HarddiskVolume3\Program Files (x86)\ASUS\ArmouryDevice\asus_framework.exe with process id 5600 stopped the removal or ejection for the device PCI\VEN_8086&DEV_467F&SUBSYS_86941043&REV_00\3&11583659&0&70.
Process command line: ""C:\Program Files (x86)\ASUS\ArmouryDevice\asus_framework.exe"" E:\snapshot\AC_Backend_Framework\build\src\main\sdk
List of affected devices:
"
Warning,11/12/2022 20:52:21,Microsoft-Windows-Kernel-PnP,225,(223),"The application \Device\HarddiskVolume3\Users\Abdo\AppData\Local\Programs\Microsoft VS Code\Code.exe with process id 5532 stopped the removal or ejection for the device PCI\VEN_8086&DEV_467F&SUBSYS_86941043&REV_00\3&11583659&0&70.
Process command line: ""C:\Users\Abdo\AppData\Local\Programs\Microsoft VS Code\Code.exe"" --type=renderer --user-data-dir=""C:\Users\Abdo\AppData\Roaming\Code"" --standard-schemes=vscode-webview,vscode-file --secure-schemes=vscode-webview,vscode-file --bypasscsp-schemes --cors-schemes=vscode-webview,vscode-file --fetch-schemes=vscode-webview,vscode-file --service-worker-schemes=vscode-webview --streaming-schemes --app-user-model-id=Microsoft.VisualStudioCode --app-path=""C:\Users\Abdo\AppData\Local\Programs\Microsoft VS Code\resources\app"" --no-sandbox --no-zygote --enable-blink-features=HighlightAPI,WebAppWindowControlsOverlay --lang=en-US --device-scale-factor=1 --num-raster-threads=4 --enable-main-frame-before-activation --renderer-client-id=4 --launch-time-ticks=425608993 --mojo-platform-channel-handle=2616 --field-trial-handle=1656,i,4823239250553449489,2757557819133277046,131072 --enable-features=AutoDisableAccessibility --disable-features=CalculateNativeWinOcclusion,SpareRendererForSitePerProcess,WinRetrieveSuggestionsOnlyOnDemand --vscode-window-config=vscode:4244c267-4fcc-436a-a902-9446ecab8989 /prefetch:1
List of affected devices:
"
Warning,11/12/2022 20:52:21,Microsoft-Windows-Kernel-PnP,225,(223),"The application \Device\HarddiskVolume3\Windows\System32\DriverStore\FileRepository\dal.inf_amd64_b5484efd38adbe8d\jhi_service.exe with process id 5452 stopped the removal or ejection for the device PCI\VEN_8086&DEV_467F&SUBSYS_86941043&REV_00\3&11583659&0&70.
Process command line: C:\WINDOWS\System32\DriverStore\FileRepository\dal.inf_amd64_b5484efd38adbe8d\jhi_service.exe
List of affected devices:
"
Warning,11/12/2022 20:52:21,Microsoft-Windows-Kernel-PnP,225,(223),"The application \Device\HarddiskVolume3\Windows\System32\svchost.exe with process id 5440 stopped the removal or ejection for the device PCI\VEN_8086&DEV_467F&SUBSYS_86941043&REV_00\3&11583659&0&70.
Process command line: C:\WINDOWS\System32\svchost.exe -k NetworkService -p -s LanmanWorkstation
List of affected devices:
"
Warning,11/12/2022 20:52:21,Microsoft-Windows-Kernel-PnP,225,(223),"The application \Device\HarddiskVolume3\Program Files (x86)\Steam\bin\cef\cef.win7x64\steamwebhelper.exe with process id 5312 stopped the removal or ejection for the device PCI\VEN_8086&DEV_467F&SUBSYS_86941043&REV_00\3&11583659&0&70.
Process command line: ""C:\Program Files (x86)\Steam\bin\cef\cef.win7x64\steamwebhelper.exe"" --type=renderer --log-file=""C:\Program Files (x86)\Steam\logs\cef_log.txt"" --field-trial-handle=1740,11461449682708422276,7122622608747715128,131072 --enable-features=CastMediaRouteProvider --disable-features=SameSiteByDefaultCookies --enable-blink-features=ResizeObserver,Worklet,AudioWorklet --disable-blink-features=Badging --lang=en-GB --log-file=""C:\Program Files (x86)\Steam\logs\cef_log.txt"" --product-version=""Valve Steam Client"" --buildid=1669935987 --steamid=0 --device-scale-factor=1 --num-raster-threads=4 --enable-main-frame-before-activation --renderer-client-id=4 --mojo-platform-channel-handle=2512 /prefetch:1
List of affected devices:
"
Warning,11/12/2022 20:52:21,Microsoft-Windows-Kernel-PnP,225,(223),"The application \Device\HarddiskVolume3\Program Files (x86)\ASUS\ArmouryDevice\dll\ArmourySocketServer\ArmouryWebBrowser.exe with process id 5200 stopped the removal or ejection for the device PCI\VEN_8086&DEV_467F&SUBSYS_86941043&REV_00\3&11583659&0&70.
Process command line: E7C8DA76-C9B9-4297-8681-DD878330AFE7
List of affected devices:
"
Warning,11/12/2022 20:52:21,Microsoft-Windows-Kernel-PnP,225,(223),"The application \Device\HarddiskVolume3\Program Files\Common Files\microsoft shared\ClickToRun\OfficeClickToRun.exe with process id 5180 stopped the removal or ejection for the device PCI\VEN_8086&DEV_467F&SUBSYS_86941043&REV_00\3&11583659&0&70.
Process command line: ""C:\Program Files\Common Files\Microsoft Shared\ClickToRun\OfficeClickToRun.exe"" /service
List of affected devices:
"
Warning,11/12/2022 20:52:21,Microsoft-Windows-Kernel-PnP,225,(223),"The application \Device\HarddiskVolume3\Program Files (x86)\LightingService\LightingService.exe with process id 5144 stopped the removal or ejection for the device PCI\VEN_8086&DEV_467F&SUBSYS_86941043&REV_00\3&11583659&0&70.
Process command line: ""C:\Program Files (x86)\LightingService\LightingService.exe""
List of affected devices:
"
Warning,11/12/2022 20:52:21,Microsoft-Windows-Kernel-PnP,225,(223),"The application \Device\HarddiskVolume3\Windows\System32\DriverStore\FileRepository\realtekservice.inf_amd64_7f98f584c61c8c61\RtkAudUService64.exe with process id 5104 stopped the removal or ejection for the device PCI\VEN_8086&DEV_467F&SUBSYS_86941043&REV_00\3&11583659&0&70.
Process command line: ""C:\WINDOWS\System32\DriverStore\FileRepository\realtekservice.inf_amd64_7f98f584c61c8c61\RtkAudUService64.exe""
List of affected devices:
"
Warning,11/12/2022 20:52:21,Microsoft-Windows-Kernel-PnP,225,(223),"The application \Device\HarddiskVolume3\Windows\System32\svchost.exe with process id 5056 stopped the removal or ejection for the device PCI\VEN_8086&DEV_467F&SUBSYS_86941043&REV_00\3&11583659&0&70.
Process command line: C:\WINDOWS\System32\svchost.exe -k LocalSystemNetworkRestricted -p -s TrkWks
List of affected devices:
"
Warning,11/12/2022 20:52:21,Microsoft-Windows-Kernel-PnP,225,(223),"The application \Device\HarddiskVolume3\Windows\System32\svchost.exe with process id 5048 stopped the removal or ejection for the device PCI\VEN_8086&DEV_467F&SUBSYS_86941043&REV_00\3&11583659&0&70.
Process command line: C:\WINDOWS\System32\svchost.exe -k NetSvcs -p -s iphlpsvc
List of affected devices:
"
Warning,11/12/2022 20:52:21,Microsoft-Windows-Kernel-PnP,225,(223),"The application \Device\HarddiskVolume3\Program Files\ASUS\ARMOURY CRATE Lite Service\ArmouryCrate.Service.exe with process id 5040 stopped the removal or ejection for the device PCI\VEN_8086&DEV_467F&SUBSYS_86941043&REV_00\3&11583659&0&70.
Process command line: ""C:\Program Files\ASUS\ARMOURY CRATE Lite Service\ArmouryCrate.Service.exe""
List of affected devices:
"
Warning,11/12/2022 20:52:21,Microsoft-Windows-Kernel-PnP,225,(223),"The application \Device\HarddiskVolume3\Windows\System32\wbem\unsecapp.exe with process id 5028 stopped the removal or ejection for the device PCI\VEN_8086&DEV_467F&SUBSYS_86941043&REV_00\3&11583659&0&70.
Process command line: C:\WINDOWS\system32\wbem\unsecapp.exe -Embedding
List of affected devices:
"
Warning,11/12/2022 20:52:21,Microsoft-Windows-Kernel-PnP,225,(223),"The application \Device\HarddiskVolume3\Windows\System32\svchost.exe with process id 5012 stopped the removal or ejection for the device PCI\VEN_8086&DEV_467F&SUBSYS_86941043&REV_00\3&11583659&0&70.
Process command line: C:\WINDOWS\system32\svchost.exe -k NetworkService -p
List of affected devices:
"
Warning,11/12/2022 20:52:21,Microsoft-Windows-Kernel-PnP,225,(223),"The application \Device\HarddiskVolume3\Windows\System32\svchost.exe with process id 5004 stopped the removal or ejection for the device PCI\VEN_8086&DEV_467F&SUBSYS_86941043&REV_00\3&11583659&0&70.
Process command line: C:\WINDOWS\System32\svchost.exe -k LocalServiceNoNetwork -p -s DPS
List of affected devices:
"
Warning,11/12/2022 20:52:21,Microsoft-Windows-Kernel-PnP,225,(223),"The application \Device\HarddiskVolume3\Windows\System32\AsusUpdateCheck.exe with process id 4996 stopped the removal or ejection for the device PCI\VEN_8086&DEV_467F&SUBSYS_86941043&REV_00\3&11583659&0&70.
Process command line: C:\WINDOWS\System32\AsusUpdateCheck.exe
List of affected devices:
"
Warning,11/12/2022 20:52:21,Microsoft-Windows-Kernel-PnP,225,(223),"The application \Device\HarddiskVolume3\Program Files\Google\Chrome\Application\chrome.exe with process id 4924 stopped the removal or ejection for the device PCI\VEN_8086&DEV_467F&SUBSYS_86941043&REV_00\3&11583659&0&70.
Process command line: ""C:\Program Files\Google\Chrome\Application\chrome.exe"" --type=renderer --lang=en-GB --device-scale-factor=1 --num-raster-threads=4 --enable-main-frame-before-activation --renderer-client-id=15 --time-ticks-at-unix-epoch=-1670791181978875 --launch-time-ticks=582049743 --mojo-platform-channel-handle=5816 --field-trial-handle=1892,i,1819214950899268311,10826902901645651641,131072 /prefetch:1
List of affected devices:
"
Warning,11/12/2022 20:52:21,Microsoft-Windows-Kernel-PnP,225,(223),"The application \Device\HarddiskVolume3\Windows\System32\svchost.exe with process id 4836 stopped the removal or ejection for the device PCI\VEN_8086&DEV_467F&SUBSYS_86941043&REV_00\3&11583659&0&70.
Process command line: C:\WINDOWS\System32\svchost.exe -k LocalSystemNetworkRestricted -p -s NcbService
List of affected devices:
"
Warning,11/12/2022 20:52:21,Microsoft-Windows-Kernel-PnP,225,(223),"The application \Device\HarddiskVolume3\Windows\System32\svchost.exe with process id 4768 stopped the removal or ejection for the device PCI\VEN_8086&DEV_467F&SUBSYS_86941043&REV_00\3&11583659&0&70.
Process command line: C:\WINDOWS\system32\svchost.exe -k LocalServiceNoNetworkFirewall -p
List of affected devices:
"
Warning,11/12/2022 20:52:21,Microsoft-Windows-Kernel-PnP,225,(223),"The application \Device\HarddiskVolume3\Program Files (x86)\Microsoft\EdgeWebView\Application\108.0.1462.46\msedgewebview2.exe with process id 4728 stopped the removal or ejection for the device PCI\VEN_8086&DEV_467F&SUBSYS_86941043&REV_00\3&11583659&0&70.
Process command line: ""C:\Program Files (x86)\Microsoft\EdgeWebView\Application\108.0.1462.46\msedgewebview2.exe"" --type=utility --utility-sub-type=network.mojom.NetworkService --lang=en-GB --service-sandbox-type=none --noerrdialogs --user-data-dir=""C:\Users\Abdo\AppData\Local\Packages\MicrosoftWindows.Client.WebExperience_cw5n1h2txyewy\LocalState\EBWebView"" --webview-exe-name=Widgets.exe --webview-exe-version=421.20070.165.0 --embedded-browser-webview=1 --embedded-browser-webview-dpi-awareness=2 --mojo-platform-channel-handle=2152 --field-trial-handle=2012,i,16480082884513940116,17280403259207541677,131072 /prefetch:3
List of affected devices:
"
Warning,11/12/2022 20:52:21,Microsoft-Windows-Kernel-PnP,225,(223),"The application \Device\HarddiskVolume3\Windows\System32\spoolsv.exe with process id 4700 stopped the removal or ejection for the device PCI\VEN_8086&DEV_467F&SUBSYS_86941043&REV_00\3&11583659&0&70.
Process command line: C:\WINDOWS\System32\spoolsv.exe
List of affected devices:
"
Warning,11/12/2022 20:52:21,Microsoft-Windows-Kernel-PnP,225,(223),"The application \Device\HarddiskVolume3\Windows\System32\svchost.exe with process id 4652 stopped the removal or ejection for the device PCI\VEN_8086&DEV_467F&SUBSYS_86941043&REV_00\3&11583659&0&70.
Process command line: C:\WINDOWS\System32\svchost.exe -k netsvcs -p -s ShellHWDetection
List of affected devices:
"
Warning,11/12/2022 20:52:21,Microsoft-Windows-Kernel-PnP,225,(223),"The application \Device\HarddiskVolume3\Windows\System32\svchost.exe with process id 4612 stopped the removal or ejection for the device PCI\VEN_8086&DEV_467F&SUBSYS_86941043&REV_00\3&11583659&0&70.
Process command line: C:\WINDOWS\System32\svchost.exe -k LocalServiceNetworkRestricted -p
List of affected devices:
"
Warning,11/12/2022 20:52:21,Microsoft-Windows-Kernel-PnP,225,(223),"The application \Device\HarddiskVolume3\Windows\System32\svchost.exe with process id 4604 stopped the removal or ejection for the device PCI\VEN_8086&DEV_467F&SUBSYS_86941043&REV_00\3&11583659&0&70.
Process command line: C:\WINDOWS\system32\svchost.exe -k LocalServiceNetworkRestricted -p
List of affected devices:
"
Warning,11/12/2022 20:52:21,Microsoft-Windows-Kernel-PnP,225,(223),"The application \Device\HarddiskVolume3\Windows\System32\dasHost.exe with process id 4588 stopped the removal or ejection for the device PCI\VEN_8086&DEV_467F&SUBSYS_86941043&REV_00\3&11583659&0&70.
Process command line: dashost.exe {cd3e46d5-affb-447b-9d1befb4fc1799eb}
List of affected devices:
"
Warning,11/12/2022 20:52:21,Microsoft-Windows-Kernel-PnP,225,(223),"The application \Device\HarddiskVolume3\Windows\System32\svchost.exe with process id 4560 stopped the removal or ejection for the device PCI\VEN_8086&DEV_467F&SUBSYS_86941043&REV_00\3&11583659&0&70.
Process command line: C:\WINDOWS\System32\svchost.exe -k LocalSystemNetworkRestricted -p -s TextInputManagementService
List of affected devices:
"
Warning,11/12/2022 20:52:21,Microsoft-Windows-Kernel-PnP,225,(223),"The application \Device\HarddiskVolume3\Windows\System32\svchost.exe with process id 4516 stopped the removal or ejection for the device PCI\VEN_8086&DEV_467F&SUBSYS_86941043&REV_00\3&11583659&0&70.
Process command line: C:\WINDOWS\system32\svchost.exe -k LocalServiceAndNoImpersonation -p -s FDResPub
List of affected devices:
"
Warning,11/12/2022 20:52:21,Microsoft-Windows-Kernel-PnP,225,(223),"The application \Device\HarddiskVolume3\Windows\System32\DriverStore\FileRepository\iastorvd.inf_amd64_4644c24027cfb2ed\RstMwService.exe with process id 4500 stopped the removal or ejection for the device PCI\VEN_8086&DEV_467F&SUBSYS_86941043&REV_00\3&11583659&0&70.
Process command line: C:\WINDOWS\System32\DriverStore\FileRepository\iastorvd.inf_amd64_4644c24027cfb2ed\RstMwService.exe
List of affected devices:
"
Warning,11/12/2022 20:52:21,Microsoft-Windows-Kernel-PnP,225,(223),"The application \Device\HarddiskVolume3\Windows\System32\svchost.exe with process id 4480 stopped the removal or ejection for the device PCI\VEN_8086&DEV_467F&SUBSYS_86941043&REV_00\3&11583659&0&70.
Process command line: C:\WINDOWS\system32\svchost.exe -k LocalService -p -s fdPHost
List of affected devices:
"
Warning,11/12/2022 20:52:21,Microsoft-Windows-Kernel-PnP,225,(223),"The application \Device\HarddiskVolume3\Windows\System32\svchost.exe with process id 4424 stopped the removal or ejection for the device PCI\VEN_8086&DEV_467F&SUBSYS_86941043&REV_00\3&11583659&0&70.
Process command line: C:\WINDOWS\System32\svchost.exe -k LocalServiceNoNetwork -p -s NcdAutoSetup
List of affected devices:
"
Warning,11/12/2022 20:52:21,Microsoft-Windows-Kernel-PnP,225,(223),"The application \Device\HarddiskVolume3\Program Files (x86)\Microsoft\EdgeWebView\Application\108.0.1462.46\msedgewebview2.exe with process id 4348 stopped the removal or ejection for the device PCI\VEN_8086&DEV_467F&SUBSYS_86941043&REV_00\3&11583659&0&70.
Process command line: ""C:\Program Files (x86)\Microsoft\EdgeWebView\Application\108.0.1462.46\msedgewebview2.exe"" --type=gpu-process --noerrdialogs --user-data-dir=""C:\Users\Abdo\AppData\Local\Packages\MicrosoftWindows.Client.WebExperience_cw5n1h2txyewy\LocalState\EBWebView"" --webview-exe-name=Widgets.exe --webview-exe-version=421.20070.165.0 --embedded-browser-webview=1 --embedded-browser-webview-dpi-awareness=2 --gpu-preferences=UAAAAAAAAADgAAAYAAAAAAAAAAAAAAAAAABgAAAAAAAwAAAAAAAAAAAAAAAQAAAAAAAAAAAAAAAAAAAAAAAAAEgAAAAAAAAASAAAAAAAAAAYAAAAAgAAABAAAAAAAAAAGAAAAAAAAAAQAAAAAAAAAAAAAAAOAAAAEAAAAAAAAAABAAAADgAAAAgAAAAAAAAACAAAAAAAAAA= --mojo-platform-channel-handle=1876 --field-trial-handle=2012,i,16480082884513940116,17280403259207541677,131072 /prefetch:2
List of affected devices:
"
Warning,11/12/2022 20:52:21,Microsoft-Windows-Kernel-PnP,225,(223),"The application \Device\HarddiskVolume3\Windows\System32\svchost.exe with process id 4328 stopped the removal or ejection for the device PCI\VEN_8086&DEV_467F&SUBSYS_86941043&REV_00\3&11583659&0&70.
Process command line: C:\WINDOWS\system32\svchost.exe -k appmodel -p -s StateRepository
List of affected devices:
"
Warning,11/12/2022 20:52:21,Microsoft-Windows-Kernel-PnP,225,(223),"The application \Device\HarddiskVolume3\Program Files (x86)\Microsoft\EdgeWebView\Application\108.0.1462.46\msedgewebview2.exe with process id 4252 stopped the removal or ejection for the device PCI\VEN_8086&DEV_467F&SUBSYS_86941043&REV_00\3&11583659&0&70.
Process command line: ""C:\Program Files (x86)\Microsoft\EdgeWebView\Application\108.0.1462.46\msedgewebview2.exe"" --type=renderer --noerrdialogs --user-data-dir=""C:\Users\Abdo\AppData\Local\Packages\MicrosoftWindows.Client.WebExperience_cw5n1h2txyewy\LocalState\EBWebView"" --webview-exe-name=Widgets.exe --webview-exe-version=421.20070.165.0 --embedded-browser-webview=1 --embedded-browser-webview-dpi-awareness=2 --first-renderer-process --lang=en-GB --js-flags=""--harmony-weak-refs-with-cleanup-some --expose-gc"" --device-scale-factor=1 --num-raster-threads=4 --enable-main-frame-before-activation --renderer-client-id=5 --time-ticks-at-unix-epoch=-1670791181979099 --launch-time-ticks=328759401 --mojo-platform-channel-handle=3108 --field-trial-handle=2012,i,16480082884513940116,17280403259207541677,131072 /prefetch:1
List of affected devices:
"
Warning,11/12/2022 20:52:21,Microsoft-Windows-Kernel-PnP,225,(223),"The application \Device\HarddiskVolume3\Program Files (x86)\ASUS\AXSP\4.02.17\atkexComSvc.exe with process id 4240 stopped the removal or ejection for the device PCI\VEN_8086&DEV_467F&SUBSYS_86941043&REV_00\3&11583659&0&70.
Process command line: ""C:\Program Files (x86)\ASUS\AXSP\4.02.17\atkexComSvc.exe""
List of affected devices:
"
Warning,11/12/2022 20:52:21,Microsoft-Windows-Kernel-PnP,225,(223),"The application \Device\HarddiskVolume3\Windows\System32\wbem\WmiPrvSE.exe with process id 4228 stopped the removal or ejection for the device PCI\VEN_8086&DEV_467F&SUBSYS_86941043&REV_00\3&11583659&0&70.
Process command line: C:\WINDOWS\system32\wbem\wmiprvse.exe
List of affected devices:
"
Warning,11/12/2022 20:52:21,Microsoft-Windows-Kernel-PnP,225,(223),"The application \Device\HarddiskVolume3\Windows\System32\svchost.exe with process id 4216 stopped the removal or ejection for the device PCI\VEN_8086&DEV_467F&SUBSYS_86941043&REV_00\3&11583659&0&70.
Process command line: C:\WINDOWS\System32\svchost.exe -k LocalServiceNetworkRestricted -p
List of affected devices:
"
Warning,11/12/2022 20:52:21,Microsoft-Windows-Kernel-PnP,225,(223),"The application \Device\HarddiskVolume3\Windows\System32\DriverStore\FileRepository\mewmiprov.inf_amd64_cad1db73e8c782a6\WMIRegistrationService.exe with process id 4172 stopped the removal or ejection for the device PCI\VEN_8086&DEV_467F&SUBSYS_86941043&REV_00\3&11583659&0&70.
Process command line: C:\WINDOWS\System32\DriverStore\FileRepository\mewmiprov.inf_amd64_cad1db73e8c782a6\WMIRegistrationService.exe
List of affected devices:
"
Warning,11/12/2022 20:52:21,Microsoft-Windows-Kernel-PnP,225,(223),"The application \Device\HarddiskVolume3\Program Files (x86)\ASUS\GameSDK Service\GameSDK.exe with process id 4132 stopped the removal or ejection for the device PCI\VEN_8086&DEV_467F&SUBSYS_86941043&REV_00\3&11583659&0&70.
Process command line: ""C:\Program Files (x86)\ASUS\GameSDK Service\GameSDK.exe""
List of affected devices:
"
Warning,11/12/2022 20:52:21,Microsoft-Windows-Kernel-PnP,225,(223),"The application \Device\HarddiskVolume3\Program Files\Python310\python.exe with process id 4116 stopped the removal or ejection for the device PCI\VEN_8086&DEV_467F&SUBSYS_86941043&REV_00\3&11583659&0&70.
Process command line: ""C:\Program Files\Python310\python.exe"" c:\Users\Abdo\.vscode\extensions\ms-python.isort-2022.8.0\bundled\tool\server.py
List of affected devices:
"
Warning,11/12/2022 20:52:21,Microsoft-Windows-Kernel-PnP,225,(223),"The application \Device\HarddiskVolume3\Windows\System32\svchost.exe with process id 4112 stopped the removal or ejection for the device PCI\VEN_8086&DEV_467F&SUBSYS_86941043&REV_00\3&11583659&0&70.
Process command line: C:\WINDOWS\system32\svchost.exe -k netsvcs -p -s wuauserv
List of affected devices:
"
Warning,11/12/2022 20:52:21,Microsoft-Windows-Kernel-PnP,225,(223),"The application \Device\HarddiskVolume3\Windows\System32\svchost.exe with process id 4080 stopped the removal or ejection for the device PCI\VEN_8086&DEV_467F&SUBSYS_86941043&REV_00\3&11583659&0&70.
Process command line: C:\WINDOWS\system32\svchost.exe -k LocalSystemNetworkRestricted -p -s SysMain
List of affected devices:
"
Warning,11/12/2022 20:52:21,Microsoft-Windows-Kernel-PnP,225,(223),"The application \Device\HarddiskVolume3\Windows\System32\svchost.exe with process id 4072 stopped the removal or ejection for the device PCI\VEN_8086&DEV_467F&SUBSYS_86941043&REV_00\3&11583659&0&70.
Process command line: C:\WINDOWS\system32\svchost.exe -k netsvcs -p -s SENS
List of affected devices:
"
Warning,11/12/2022 20:52:21,Microsoft-Windows-Kernel-PnP,225,(223),"The application \Device\HarddiskVolume3\Windows\System32\svchost.exe with process id 4064 stopped the removal or ejection for the device PCI\VEN_8086&DEV_467F&SUBSYS_86941043&REV_00\3&11583659&0&70.
Process command line: C:\WINDOWS\System32\svchost.exe -k netsvcs -p -s Themes
List of affected devices:
"
Warning,11/12/2022 20:52:21,Microsoft-Windows-Kernel-PnP,225,(223),"The application \Device\HarddiskVolume3\Users\Abdo\AppData\Local\Programs\Microsoft VS Code\Code.exe with process id 3992 stopped the removal or ejection for the device PCI\VEN_8086&DEV_467F&SUBSYS_86941043&REV_00\3&11583659&0&70.
Process command line: ""C:\Users\Abdo\AppData\Local\Programs\Microsoft VS Code\Code.exe"" --ms-enable-electron-run-as-node ""c:\Users\Abdo\AppData\Local\Programs\Microsoft VS Code\resources\app\out\bootstrap-fork"" --type=fileWatcher
List of affected devices:
"
Warning,11/12/2022 20:52:21,Microsoft-Windows-Kernel-PnP,225,(223),"The application \Device\HarddiskVolume3\Windows\System32\svchost.exe with process id 3912 stopped the removal or ejection for the device PCI\VEN_8086&DEV_467F&SUBSYS_86941043&REV_00\3&11583659&0&70.
Process command line: C:\WINDOWS\system32\svchost.exe -k LocalService -p -s FontCache
List of affected devices:
"
Warning,11/12/2022 20:52:21,Microsoft-Windows-Kernel-PnP,225,(223),"The application \Device\HarddiskVolume3\Program Files\NVIDIA Corporation\NVIDIA GeForce Experience\NVIDIA Share.exe with process id 3908 stopped the removal or ejection for the device PCI\VEN_8086&DEV_467F&SUBSYS_86941043&REV_00\3&11583659&0&70.
Process command line: ""C:\Program Files\NVIDIA Corporation\NVIDIA GeForce Experience\NVIDIA Share.exe""
List of affected devices:
"
Warning,11/12/2022 20:52:21,Microsoft-Windows-Kernel-PnP,225,(223),"The application \Device\HarddiskVolume3\Windows\System32\svchost.exe with process id 3888 stopped the removal or ejection for the device PCI\VEN_8086&DEV_467F&SUBSYS_86941043&REV_00\3&11583659&0&70.
Process command line: C:\WINDOWS\System32\svchost.exe -k LocalSystemNetworkRestricted -p -s AudioEndpointBuilder
List of affected devices:
"
Warning,11/12/2022 20:52:21,Microsoft-Windows-Kernel-PnP,225,(223),"The application \Device\HarddiskVolume3\Windows\System32\svchost.exe with process id 3872 stopped the removal or ejection for the device PCI\VEN_8086&DEV_467F&SUBSYS_86941043&REV_00\3&11583659&0&70.
Process command line: C:\WINDOWS\system32\svchost.exe -k LocalServiceNetworkRestricted -p -s WinHttpAutoProxySvc
List of affected devices:
"
Warning,11/12/2022 20:52:21,Microsoft-Windows-Kernel-PnP,225,(223),"The application \Device\HarddiskVolume3\Program Files (x86)\ASUS\ROG Live Service\ROGLiveService.exe with process id 3860 stopped the removal or ejection for the device PCI\VEN_8086&DEV_467F&SUBSYS_86941043&REV_00\3&11583659&0&70.
Process command line: ""C:\Program Files (x86)\ASUS\ROG Live Service\ROGLiveService.exe""
List of affected devices:
"
Warning,11/12/2022 20:52:21,Microsoft-Windows-Kernel-PnP,225,(223),"The application \Device\HarddiskVolume3\Program Files (x86)\ASUS\AsusCertService\AsusCertService.exe with process id 3776 stopped the removal or ejection for the device PCI\VEN_8086&DEV_467F&SUBSYS_86941043&REV_00\3&11583659&0&70.
Process command line: ""C:\Program Files (x86)\ASUS\AsusCertService\AsusCertService.exe""
List of affected devices:
"
Warning,11/12/2022 20:52:21,Microsoft-Windows-Kernel-PnP,225,(223),"The application \Device\HarddiskVolume3\Windows\System32\svchost.exe with process id 3756 stopped the removal or ejection for the device PCI\VEN_8086&DEV_467F&SUBSYS_86941043&REV_00\3&11583659&0&70.
Process command line: C:\WINDOWS\System32\svchost.exe -k LocalServiceNetworkRestricted -p -s EventLog
List of affected devices:
"
Warning,11/12/2022 20:52:21,Microsoft-Windows-Kernel-PnP,225,(223),"The application \Device\HarddiskVolume3\Windows\System32\svchost.exe with process id 3716 stopped the removal or ejection for the device PCI\VEN_8086&DEV_467F&SUBSYS_86941043&REV_00\3&11583659&0&70.
Process command line: C:\WINDOWS\system32\svchost.exe -k LocalServiceNetworkRestricted -p -s Dhcp
List of affected devices:
"
Warning,11/12/2022 20:52:21,Microsoft-Windows-Kernel-PnP,225,(223),"The application \Device\HarddiskVolume3\Windows\System32\AggregatorHost.exe with process id 3696 stopped the removal or ejection for the device PCI\VEN_8086&DEV_467F&SUBSYS_86941043&REV_00\3&11583659&0&70.
Process command line: AggregatorHost.exe
List of affected devices:
"
Warning,11/12/2022 20:52:21,Microsoft-Windows-Kernel-PnP,225,(223),"The application \Device\HarddiskVolume3\Windows\System32\svchost.exe with process id 3664 stopped the removal or ejection for the device PCI\VEN_8086&DEV_467F&SUBSYS_86941043&REV_00\3&11583659&0&70.
Process command line: C:\WINDOWS\system32\svchost.exe -k LocalSystemNetworkRestricted -p -s DeviceAssociationService
List of affected devices:
"
Warning,11/12/2022 20:52:21,Microsoft-Windows-Kernel-PnP,225,(223),"The application \Device\HarddiskVolume3\Windows\System32\svchost.exe with process id 3656 stopped the removal or ejection for the device PCI\VEN_8086&DEV_467F&SUBSYS_86941043&REV_00\3&11583659&0&70.
Process command line: C:\WINDOWS\system32\svchost.exe -k LocalService -p -s PhoneSvc
List of affected devices:
"
Warning,11/12/2022 20:52:21,Microsoft-Windows-Kernel-PnP,225,(223),"The application \Device\HarddiskVolume3\Program Files (x86)\ASUS\AsusFanControlService\2.03.08\AsusFanControlService.exe with process id 3624 stopped the removal or ejection for the device PCI\VEN_8086&DEV_467F&SUBSYS_86941043&REV_00\3&11583659&0&70.
Process command line: ""C:\Program Files (x86)\ASUS\AsusFanControlService\2.03.08\AsusFanControlService.exe""
List of affected devices:
"
