Information,18/12/2022 10:13:55,e2fexpress,32,None,"The description for Event ID 32 from source e2fexpress cannot be found. Either the component that raises this event is not installed on your local computer or the installation is corrupted. You can install or repair the component on the local computer.

If the event originated on another computer, the display information had to be saved with the event.

The following information was included with the event: 

Intel(R) Ethernet Controller (3) I225-V

The message resource is present but the message was not found in the message table
"
Information,18/12/2022 10:13:54,Microsoft-Windows-Power-Troubleshooter,1,None,"The system has returned from a low power state.

Sleep Time: ‎2022‎-‎12‎-‎17T22:20:57.351865800Z
Wake Time: ‎2022‎-‎12‎-‎18T10:13:53.616631700Z

Wake Source: Unknown"
Warning,18/12/2022 10:13:54,Microsoft-Windows-DistributedCOM,10016,None,"The application-specific permission settings do not grant Local Activation permission for the COM Server application with CLSID 
{6B3B8D23-FA8D-40B9-8DBD-B950333E2C52}
 and APPID 
{4839DDB7-58C2-48F5-8283-E1D1807D0D7D}
 to the user NT AUTHORITY\LOCAL SERVICE SID (S-1-5-19) from address LocalHost (Using LRPC) running in the application container Unavailable SID (Unavailable). This security permission can be modified using the Component Services administrative tool."
Warning,18/12/2022 10:13:54,Microsoft-Windows-DistributedCOM,10016,None,"The application-specific permission settings do not grant Local Activation permission for the COM Server application with CLSID 
{6B3B8D23-FA8D-40B9-8DBD-B950333E2C52}
 and APPID 
{4839DDB7-58C2-48F5-8283-E1D1807D0D7D}
 to the user NT AUTHORITY\LOCAL SERVICE SID (S-1-5-19) from address LocalHost (Using LRPC) running in the application container Unavailable SID (Unavailable). This security permission can be modified using the Component Services administrative tool."
Information,18/12/2022 10:13:53,Microsoft-Windows-Winlogon,7001,(1101),User Log-on Notification for Customer Experience Improvement Program
Warning,18/12/2022 10:13:53,e2fexpress,27,None,"The description for Event ID 27 from source e2fexpress cannot be found. Either the component that raises this event is not installed on your local computer or the installation is corrupted. You can install or repair the component on the local computer.

If the event originated on another computer, the display information had to be saved with the event.

The following information was included with the event: 

Intel(R) Ethernet Controller (3) I225-V

The message resource is present but the message was not found in the message table
"
Information,18/12/2022 10:13:53,BTHUSB,18,None,Windows cannot store Bluetooth authentication codes (link keys) on the local adapter. Bluetooth keyboards might not work in the system BIOS during start-up.
Information,18/12/2022 10:13:53,Microsoft-Windows-Kernel-Power,566,(268),"The system session has transitioned from 85 to 87.

Reason Unknown 

BootId: 5"
Warning,18/12/2022 10:13:53,Microsoft-Windows-Time-Service,134,None,"NtpClient was unable to set a manual peer to use as a time source because of DNS resolution error on 'time.windows.com,0x9'. NtpClient will try again in 15 minutes and double the reattempt interval thereafter. The error was: No such host is known. (0x80072AF9)"
Information,18/12/2022 10:13:53,Microsoft-Windows-Kernel-Power,566,(268),"The system session has transitioned from 84 to 85.

Reason SxTransition 

BootId: 5"
Information,18/12/2022 10:13:53,Microsoft-Windows-Kernel-Boot,32,(58),The bootmgr spent 0 ms waiting for user input.
Information,18/12/2022 10:13:53,Microsoft-Windows-Kernel-Boot,18,(57),There are 0x1 boot options on this system.
Information,18/12/2022 10:13:53,Microsoft-Windows-Kernel-Boot,30,(21),The firmware reported boot metrics.
Warning,18/12/2022 10:13:52,e2fexpress,27,None,"The description for Event ID 27 from source e2fexpress cannot be found. Either the component that raises this event is not installed on your local computer or the installation is corrupted. You can install or repair the component on the local computer.

If the event originated on another computer, the display information had to be saved with the event.

The following information was included with the event: 

Intel(R) Ethernet Controller (3) I225-V

The message resource is present but the message was not found in the message table
"
Information,18/12/2022 10:13:52,Netwtw10,7026,None,7026 - Dump after return from D3 after cmd
Information,18/12/2022 10:13:52,Netwtw10,7025,None,7025 - Dump after return from D3 before cmd 
Information,18/12/2022 10:13:52,Microsoft-Windows-Kernel-General,1,(5),"The system time has changed to ‎2022‎-‎12‎-‎18T10:13:52.500000000Z from ‎2022‎-‎12‎-‎17T22:20:59.883454100Z.
Time Delta: 42772616 ms

Change Reason: System time synchronized with the hardware clock.
Process: '' (PID 4).

RTC time: ‎2022‎-‎12‎-‎18T10:13:52.500000000Z
Current time zone bias: 0
RTC time is in UTC: false
System time was based on RTC time: false"
Information,17/12/2022 22:20:59,Microsoft-Windows-Kernel-Power,107,(102),The system has resumed from sleep.
Information,17/12/2022 22:20:58,Microsoft-Windows-Kernel-Power,42,(64),"The system is entering sleep.

Sleep Reason: Application API"
Information,17/12/2022 22:20:57,Microsoft-Windows-Kernel-Power,566,(268),"The system session has transitioned from 83 to 84.

Reason InputHid 

BootId: 5"
Information,17/12/2022 22:20:57,Microsoft-Windows-Kernel-Power,187,(243),User-mode process attempted to change the system state by calling SetSuspendState or SetSystemPowerState APIs.
Information,17/12/2022 22:20:57,Microsoft-Windows-Winlogon,7002,(1102),User Log-off Notification for Customer Experience Improvement Program
Information,17/12/2022 22:06:45,Microsoft-Windows-WindowsUpdateClient,19,Windows Update Agent,Installation Successful: Windows successfully installed the following update: Security Intelligence Update for Microsoft Defender Antivirus - KB2267602 (Version 1.381.615.0)
Information,17/12/2022 22:06:41,Microsoft-Windows-WindowsUpdateClient,43,Windows Update Agent,Installation Started: Windows has started installing the following update: Security Intelligence Update for Microsoft Defender Antivirus - KB2267602 (Version 1.381.615.0)
Information,17/12/2022 22:06:41,Microsoft-Windows-WindowsUpdateClient,44,Windows Update Agent,Windows Update started downloading an update.
Information,17/12/2022 21:42:00,Microsoft-Windows-Time-Service,158,None,The time provider 'VMICTimeProvider' has indicated that the current hardware and operating environment is not supported and has stopped. This behavior is expected for VMICTimeProvider on non-HyperV-guest environments. This may be the expected behavior for the current provider in the current operating environment as well.
Information,17/12/2022 21:24:56,Microsoft-Windows-Time-Service,158,None,The time provider 'VMICTimeProvider' has indicated that the current hardware and operating environment is not supported and has stopped. This behavior is expected for VMICTimeProvider on non-HyperV-guest environments. This may be the expected behavior for the current provider in the current operating environment as well.
Information,17/12/2022 21:07:52,Microsoft-Windows-Time-Service,158,None,The time provider 'VMICTimeProvider' has indicated that the current hardware and operating environment is not supported and has stopped. This behavior is expected for VMICTimeProvider on non-HyperV-guest environments. This may be the expected behavior for the current provider in the current operating environment as well.
Warning,17/12/2022 20:57:29,Microsoft-Windows-DistributedCOM,10016,None,"The application-specific permission settings do not grant Local Activation permission for the COM Server application with CLSID 
{2593F8B9-4EAF-457C-B68A-50F6B8EA6B54}
 and APPID 
{15C20B67-12E7-4BB6-92BB-7AFF07997402}
 to the user DESKTOP-TBPOCIG\Abdo SID (S-1-5-21-1394681546-3843053835-3284470220-1001) from address LocalHost (Using LRPC) running in the application container Unavailable SID (Unavailable). This security permission can be modified using the Component Services administrative tool."
Information,17/12/2022 20:56:46,Microsoft-Windows-Kernel-Power,566,(268),"The system session has transitioned from 81 to 83.

Reason InputHid 

BootId: 5"
Information,17/12/2022 20:54:17,Microsoft-Windows-Kernel-Power,566,(268),"The system session has transitioned from 80 to 81.

Reason SessionUnlock 

BootId: 5"
Information,17/12/2022 20:53:16,Microsoft-Windows-Kernel-Power,566,(268),"The system session has transitioned from 78 to 80.

Reason InputHid 

BootId: 5"
Information,17/12/2022 20:51:33,Microsoft-Windows-Kernel-Power,566,(268),"The system session has transitioned from 77 to 78.

Reason SessionUnlock 

BootId: 5"
Information,17/12/2022 20:50:48,Microsoft-Windows-Time-Service,158,None,The time provider 'VMICTimeProvider' has indicated that the current hardware and operating environment is not supported and has stopped. This behavior is expected for VMICTimeProvider on non-HyperV-guest environments. This may be the expected behavior for the current provider in the current operating environment as well.
Information,17/12/2022 20:50:35,e2fexpress,32,None,"The description for Event ID 32 from source e2fexpress cannot be found. Either the component that raises this event is not installed on your local computer or the installation is corrupted. You can install or repair the component on the local computer.

If the event originated on another computer, the display information had to be saved with the event.

The following information was included with the event: 

Intel(R) Ethernet Controller (3) I225-V

The message resource is present but the message was not found in the message table
"
Information,17/12/2022 20:50:33,Microsoft-Windows-Power-Troubleshooter,1,None,"The system has returned from a low power state.

Sleep Time: ‎2022‎-‎12‎-‎17T20:49:57.578464600Z
Wake Time: ‎2022‎-‎12‎-‎17T20:50:32.358139800Z

Wake Source: Device -Intel(R) USB 3.20 eXtensible Host Controller - 1.20 (Microsoft)"
Warning,17/12/2022 20:50:32,e2fexpress,27,None,"The description for Event ID 27 from source e2fexpress cannot be found. Either the component that raises this event is not installed on your local computer or the installation is corrupted. You can install or repair the component on the local computer.

If the event originated on another computer, the display information had to be saved with the event.

The following information was included with the event: 

Intel(R) Ethernet Controller (3) I225-V

The message resource is present but the message was not found in the message table
"
Information,17/12/2022 20:50:32,Microsoft-Windows-Kernel-Power,566,(268),"The system session has transitioned from 75 to 77.

Reason Unknown 

BootId: 5"
Information,17/12/2022 20:50:32,Microsoft-Windows-Kernel-Power,566,(268),"The system session has transitioned from 74 to 75.

Reason SxTransition 

BootId: 5"
Information,17/12/2022 20:50:32,BTHUSB,18,None,Windows cannot store Bluetooth authentication codes (link keys) on the local adapter. Bluetooth keyboards might not work in the system BIOS during start-up.
Information,17/12/2022 20:50:31,Netwtw10,7026,None,7026 - Dump after return from D3 after cmd
Information,17/12/2022 20:50:31,Netwtw10,7025,None,7025 - Dump after return from D3 before cmd 
Information,17/12/2022 20:50:31,Microsoft-Windows-Kernel-Power,130,(33),"Firmware S3 times. SuspendStart: 55567294, SuspendEnd: 55567295"
Information,17/12/2022 20:50:31,Microsoft-Windows-Kernel-Power,131,(33),"Firmware S3 times. ResumeCount: 12, FullResume: 2438, AverageResume: 2440"
Information,17/12/2022 20:50:31,Microsoft-Windows-Kernel-General,1,(5),"The system time has changed to ‎2022‎-‎12‎-‎17T20:50:31.500000000Z from ‎2022‎-‎12‎-‎17T20:50:00.227177100Z.
Time Delta: 31272 ms

Change Reason: System time synchronized with the hardware clock.
Process: '' (PID 4).

RTC time: ‎2022‎-‎12‎-‎17T20:50:31.500000000Z
Current time zone bias: 0
RTC time is in UTC: false
System time was based on RTC time: false"
Information,17/12/2022 20:50:00,Microsoft-Windows-Kernel-Power,107,(102),The system has resumed from sleep.
Information,17/12/2022 20:49:58,Microsoft-Windows-Kernel-Power,42,(64),"The system is entering sleep.

Sleep Reason: System Idle"
Information,17/12/2022 20:49:57,Microsoft-Windows-Kernel-Power,566,(268),"The system session has transitioned from 72 to 74.

Reason SxTransition 

BootId: 5"
Information,17/12/2022 20:44:34,Microsoft-Windows-Time-Service,37,None,"The time provider NtpClient is currently receiving valid time data from time.windows.com,0x9 (ntp.m|0x9|0.0.0.0:123->51.145.123.29:123)."
Information,17/12/2022 20:44:34,Microsoft-Windows-Time-Service,158,None,The time provider 'VMICTimeProvider' has indicated that the current hardware and operating environment is not supported and has stopped. This behavior is expected for VMICTimeProvider on non-HyperV-guest environments. This may be the expected behavior for the current provider in the current operating environment as well.
Information,17/12/2022 20:35:38,Microsoft-Windows-Kernel-Power,566,(268),"The system session has transitioned from 71 to 72.

Reason SessionUnlock 

BootId: 5"
Information,17/12/2022 20:34:43,Microsoft-Windows-Kernel-General,16,None,The access history in hive \??\C:\Users\Abdo\AppData\Local\Packages\B9ECED6F.ArmouryCrate_qmba6cd70vzyy\Settings\settings.dat was cleared updating 27 keys and creating 4 modified pages.
Warning,17/12/2022 20:34:41,Microsoft-Windows-DNS-Client,1014,(1014),Name resolution for the name test.steampowered.com timed out after none of the configured DNS servers responded. Client PID 17160.
Information,17/12/2022 20:34:38,e2fexpress,32,None,"The description for Event ID 32 from source e2fexpress cannot be found. Either the component that raises this event is not installed on your local computer or the installation is corrupted. You can install or repair the component on the local computer.

If the event originated on another computer, the display information had to be saved with the event.

The following information was included with the event: 

Intel(R) Ethernet Controller (3) I225-V

The message resource is present but the message was not found in the message table
"
Information,17/12/2022 20:34:33,Microsoft-Windows-Power-Troubleshooter,1,None,"The system has returned from a low power state.

Sleep Time: ‎2022‎-‎12‎-‎17T20:29:55.580183300Z
Wake Time: ‎2022‎-‎12‎-‎17T20:34:32.393028300Z

Wake Source: Device -USB Composite Device"
Warning,17/12/2022 20:34:32,e2fexpress,27,None,"The description for Event ID 27 from source e2fexpress cannot be found. Either the component that raises this event is not installed on your local computer or the installation is corrupted. You can install or repair the component on the local computer.

If the event originated on another computer, the display information had to be saved with the event.

The following information was included with the event: 

Intel(R) Ethernet Controller (3) I225-V

The message resource is present but the message was not found in the message table
"
Information,17/12/2022 20:34:32,Microsoft-Windows-Kernel-Power,566,(268),"The system session has transitioned from 69 to 71.

Reason Unknown 

BootId: 5"
Information,17/12/2022 20:34:32,Microsoft-Windows-Kernel-Power,566,(268),"The system session has transitioned from 68 to 69.

Reason SxTransition 

BootId: 5"
Information,17/12/2022 20:34:32,BTHUSB,18,None,Windows cannot store Bluetooth authentication codes (link keys) on the local adapter. Bluetooth keyboards might not work in the system BIOS during start-up.
Information,17/12/2022 20:34:31,Netwtw10,7026,None,7026 - Dump after return from D3 after cmd
Information,17/12/2022 20:34:31,Netwtw10,7025,None,7025 - Dump after return from D3 before cmd 
Information,17/12/2022 20:34:31,Microsoft-Windows-Kernel-Power,130,(33),"Firmware S3 times. SuspendStart: 54644735, SuspendEnd: 54644737"
Information,17/12/2022 20:34:31,Microsoft-Windows-Kernel-Power,131,(33),"Firmware S3 times. ResumeCount: 11, FullResume: 2438, AverageResume: 2440"
Information,17/12/2022 20:34:31,Microsoft-Windows-Kernel-General,1,(5),"The system time has changed to ‎2022‎-‎12‎-‎17T20:34:31.500000000Z from ‎2022‎-‎12‎-‎17T20:29:59.478549800Z.
Time Delta: 272021 ms

Change Reason: System time synchronized with the hardware clock.
Process: '' (PID 4).

RTC time: ‎2022‎-‎12‎-‎17T20:34:31.500000000Z
Current time zone bias: 0
RTC time is in UTC: false
System time was based on RTC time: false"
Information,17/12/2022 20:29:59,Microsoft-Windows-Kernel-Power,107,(102),The system has resumed from sleep.
Information,17/12/2022 20:29:57,Microsoft-Windows-Kernel-Power,42,(64),"The system is entering sleep.

Sleep Reason: System Idle"
Information,17/12/2022 20:29:55,Microsoft-Windows-Kernel-Power,566,(268),"The system session has transitioned from 66 to 68.

Reason SxTransition 

BootId: 5"
Information,17/12/2022 20:22:42,Service Control Manager,7040,None,The start type of the Background Intelligent Transfer Service service was changed from auto start to demand start.
Information,17/12/2022 20:20:37,Service Control Manager,7040,None,The start type of the Background Intelligent Transfer Service service was changed from demand start to auto start.
Information,17/12/2022 20:19:37,Microsoft-Windows-Kernel-Power,566,(268),"The system session has transitioned from 65 to 66.

Reason SessionUnlock 

BootId: 5"
Information,17/12/2022 20:05:01,Service Control Manager,7040,None,The start type of the Background Intelligent Transfer Service service was changed from auto start to demand start.
Information,17/12/2022 20:02:56,Service Control Manager,7040,None,The start type of the Background Intelligent Transfer Service service was changed from demand start to auto start.
Information,17/12/2022 19:48:36,Service Control Manager,7040,None,The start type of the Background Intelligent Transfer Service service was changed from auto start to demand start.
Information,17/12/2022 19:46:31,Service Control Manager,7040,None,The start type of the Background Intelligent Transfer Service service was changed from demand start to auto start.
Information,17/12/2022 18:51:10,Microsoft-Windows-Kernel-General,1,(5),"The system time has changed to ‎2022‎-‎12‎-‎17T18:51:10.172805900Z from ‎2022‎-‎12‎-‎17T18:51:10.172151000Z.
Time Delta: 0 ms

Change Reason: An application or system component changed the time.
Process: '\Device\HarddiskVolume3\Windows\System32\svchost.exe' (PID 16548).

RTC time: ‎2022‎-‎12‎-‎17T18:51:10.172805900Z
Current time zone bias: 0
RTC time is in UTC: false
System time was based on RTC time: false"
Information,17/12/2022 18:51:10,Microsoft-Windows-Kernel-General,24,(11),The time zone information was refreshed with exit reason 0. Current time zone bias is 0.
Information,17/12/2022 18:51:10,Microsoft-Windows-Time-Service,35,None,"The time service is now synchronizing the system time with the time source time.windows.com,0x9 (ntp.m|0x9|0.0.0.0:123->51.145.123.29:123) with reference id 494637363. Current local stratum number is 4."
Information,17/12/2022 18:51:10,Microsoft-Windows-Time-Service,37,None,"The time provider NtpClient is currently receiving valid time data from time.windows.com,0x9 (ntp.m|0x9|0.0.0.0:123->51.145.123.29:123)."
Warning,17/12/2022 18:11:27,Microsoft-Windows-DistributedCOM,10016,None,"The application-specific permission settings do not grant Local Activation permission for the COM Server application with CLSID 
{2593F8B9-4EAF-457C-B68A-50F6B8EA6B54}
 and APPID 
{15C20B67-12E7-4BB6-92BB-7AFF07997402}
 to the user DESKTOP-TBPOCIG\Abdo SID (S-1-5-21-1394681546-3843053835-3284470220-1001) from address LocalHost (Using LRPC) running in the application container Unavailable SID (Unavailable). This security permission can be modified using the Component Services administrative tool."
Warning,17/12/2022 17:19:50,Microsoft-Windows-DistributedCOM,10016,None,"The application-specific permission settings do not grant Local Activation permission for the COM Server application with CLSID 
{2593F8B9-4EAF-457C-B68A-50F6B8EA6B54}
 and APPID 
{15C20B67-12E7-4BB6-92BB-7AFF07997402}
 to the user DESKTOP-TBPOCIG\Abdo SID (S-1-5-21-1394681546-3843053835-3284470220-1001) from address LocalHost (Using LRPC) running in the application container Unavailable SID (Unavailable). This security permission can be modified using the Component Services administrative tool."
Information,17/12/2022 17:19:47,Microsoft-Windows-Kernel-General,16,None,The access history in hive \??\C:\Users\Abdo\AppData\Local\Packages\Microsoft.XboxIdentityProvider_8wekyb3d8bbwe\Settings\settings.dat was cleared updating 2 keys and creating 1 modified pages.
Information,17/12/2022 17:19:47,Microsoft-Windows-Kernel-General,16,None,The access history in hive \??\C:\Users\Abdo\AppData\Local\Packages\Microsoft.XboxGamingOverlay_8wekyb3d8bbwe\Settings\settings.dat was cleared updating 3 keys and creating 1 modified pages.
Information,17/12/2022 15:17:32,e2fexpress,32,None,"The description for Event ID 32 from source e2fexpress cannot be found. Either the component that raises this event is not installed on your local computer or the installation is corrupted. You can install or repair the component on the local computer.

If the event originated on another computer, the display information had to be saved with the event.

The following information was included with the event: 

Intel(R) Ethernet Controller (3) I225-V

The message resource is present but the message was not found in the message table
"
Information,17/12/2022 15:17:30,Microsoft-Windows-Power-Troubleshooter,1,None,"The system has returned from a low power state.

Sleep Time: ‎2022‎-‎12‎-‎17T14:56:50.685465400Z
Wake Time: ‎2022‎-‎12‎-‎17T15:17:29.355962600Z

Wake Source: Device -USB Composite Device"
Warning,17/12/2022 15:17:29,e2fexpress,27,None,"The description for Event ID 27 from source e2fexpress cannot be found. Either the component that raises this event is not installed on your local computer or the installation is corrupted. You can install or repair the component on the local computer.

If the event originated on another computer, the display information had to be saved with the event.

The following information was included with the event: 

Intel(R) Ethernet Controller (3) I225-V

The message resource is present but the message was not found in the message table
"
Information,17/12/2022 15:17:29,Microsoft-Windows-Kernel-Power,566,(268),"The system session has transitioned from 63 to 65.

Reason Unknown 

BootId: 5"
Information,17/12/2022 15:17:29,Microsoft-Windows-Kernel-Power,566,(268),"The system session has transitioned from 62 to 63.

Reason SxTransition 

BootId: 5"
Information,17/12/2022 15:17:29,BTHUSB,18,None,Windows cannot store Bluetooth authentication codes (link keys) on the local adapter. Bluetooth keyboards might not work in the system BIOS during start-up.
Information,17/12/2022 15:17:28,Netwtw10,7026,None,7026 - Dump after return from D3 after cmd
Information,17/12/2022 15:17:28,Netwtw10,7025,None,7025 - Dump after return from D3 before cmd 
Information,17/12/2022 15:17:28,Microsoft-Windows-Kernel-Power,130,(33),"Firmware S3 times. SuspendStart: 36020006, SuspendEnd: 36020007"
Information,17/12/2022 15:17:28,Microsoft-Windows-Kernel-Power,131,(33),"Firmware S3 times. ResumeCount: 10, FullResume: 2438, AverageResume: 2440"
Information,17/12/2022 15:17:28,Microsoft-Windows-Kernel-General,1,(5),"The system time has changed to ‎2022‎-‎12‎-‎17T15:17:28.500000000Z from ‎2022‎-‎12‎-‎17T14:56:53.617406000Z.
Time Delta: 1234882 ms

Change Reason: System time synchronized with the hardware clock.
Process: '' (PID 4).

RTC time: ‎2022‎-‎12‎-‎17T15:17:28.500000000Z
Current time zone bias: 0
RTC time is in UTC: false
System time was based on RTC time: false"
Information,17/12/2022 14:56:53,Microsoft-Windows-Kernel-Power,107,(102),The system has resumed from sleep.
Information,17/12/2022 14:56:52,Microsoft-Windows-Kernel-Power,42,(64),"The system is entering sleep.

Sleep Reason: System Idle"
Information,17/12/2022 14:56:50,Microsoft-Windows-Kernel-Power,566,(268),"The system session has transitioned from 60 to 62.

Reason SxTransition 

BootId: 5"
Information,17/12/2022 14:42:25,Microsoft-Windows-Kernel-Power,566,(268),"The system session has transitioned from 59 to 60.

Reason SessionUnlock 

BootId: 5"
Information,17/12/2022 14:41:27,e2fexpress,32,None,"The description for Event ID 32 from source e2fexpress cannot be found. Either the component that raises this event is not installed on your local computer or the installation is corrupted. You can install or repair the component on the local computer.

If the event originated on another computer, the display information had to be saved with the event.

The following information was included with the event: 

Intel(R) Ethernet Controller (3) I225-V

The message resource is present but the message was not found in the message table
"
Information,17/12/2022 14:41:25,Microsoft-Windows-Power-Troubleshooter,1,None,"The system has returned from a low power state.

Sleep Time: ‎2022‎-‎12‎-‎17T14:36:40.620838500Z
Wake Time: ‎2022‎-‎12‎-‎17T14:41:24.364893300Z

Wake Source: Device -Intel(R) USB 3.20 eXtensible Host Controller - 1.20 (Microsoft)"
Warning,17/12/2022 14:41:24,e2fexpress,27,None,"The description for Event ID 27 from source e2fexpress cannot be found. Either the component that raises this event is not installed on your local computer or the installation is corrupted. You can install or repair the component on the local computer.

If the event originated on another computer, the display information had to be saved with the event.

The following information was included with the event: 

Intel(R) Ethernet Controller (3) I225-V

The message resource is present but the message was not found in the message table
"
Information,17/12/2022 14:41:24,Microsoft-Windows-Kernel-Power,566,(268),"The system session has transitioned from 57 to 59.

Reason Unknown 

BootId: 5"
Information,17/12/2022 14:41:24,Microsoft-Windows-Kernel-Power,566,(268),"The system session has transitioned from 56 to 57.

Reason SxTransition 

BootId: 5"
Information,17/12/2022 14:41:24,BTHUSB,18,None,Windows cannot store Bluetooth authentication codes (link keys) on the local adapter. Bluetooth keyboards might not work in the system BIOS during start-up.
Information,17/12/2022 14:41:23,Netwtw10,7026,None,7026 - Dump after return from D3 after cmd
Information,17/12/2022 14:41:23,Netwtw10,7025,None,7025 - Dump after return from D3 before cmd 
Information,17/12/2022 14:41:23,Microsoft-Windows-Kernel-Power,130,(33),"Firmware S3 times. SuspendStart: 35096103, SuspendEnd: 35096105"
Information,17/12/2022 14:41:23,Microsoft-Windows-Kernel-Power,131,(33),"Firmware S3 times. ResumeCount: 9, FullResume: 2438, AverageResume: 2440"
Information,17/12/2022 14:41:23,Microsoft-Windows-Kernel-General,1,(5),"The system time has changed to ‎2022‎-‎12‎-‎17T14:41:23.500000000Z from ‎2022‎-‎12‎-‎17T14:36:43.456411800Z.
Time Delta: 280043 ms

Change Reason: System time synchronized with the hardware clock.
Process: '' (PID 4).

RTC time: ‎2022‎-‎12‎-‎17T14:41:23.500000000Z
Current time zone bias: 0
RTC time is in UTC: false
System time was based on RTC time: false"
Information,17/12/2022 14:36:43,Microsoft-Windows-Kernel-Power,107,(102),The system has resumed from sleep.
Information,17/12/2022 14:36:42,Microsoft-Windows-Kernel-Power,42,(64),"The system is entering sleep.

Sleep Reason: System Idle"
Information,17/12/2022 14:36:40,Microsoft-Windows-Kernel-Power,566,(268),"The system session has transitioned from 54 to 56.

Reason SxTransition 

BootId: 5"
Information,17/12/2022 14:22:15,Microsoft-Windows-Kernel-Power,566,(268),"The system session has transitioned from 53 to 54.

Reason SessionUnlock 

BootId: 5"
Information,17/12/2022 14:21:18,e2fexpress,32,None,"The description for Event ID 32 from source e2fexpress cannot be found. Either the component that raises this event is not installed on your local computer or the installation is corrupted. You can install or repair the component on the local computer.

If the event originated on another computer, the display information had to be saved with the event.

The following information was included with the event: 

Intel(R) Ethernet Controller (3) I225-V

The message resource is present but the message was not found in the message table
"
Information,17/12/2022 14:21:15,Microsoft-Windows-Power-Troubleshooter,1,None,"The system has returned from a low power state.

Sleep Time: ‎2022‎-‎12‎-‎17T14:16:55.709199800Z
Wake Time: ‎2022‎-‎12‎-‎17T14:21:14.406335600Z

Wake Source: Device -Intel(R) USB 3.20 eXtensible Host Controller - 1.20 (Microsoft)"
Warning,17/12/2022 14:21:14,e2fexpress,27,None,"The description for Event ID 27 from source e2fexpress cannot be found. Either the component that raises this event is not installed on your local computer or the installation is corrupted. You can install or repair the component on the local computer.

If the event originated on another computer, the display information had to be saved with the event.

The following information was included with the event: 

Intel(R) Ethernet Controller (3) I225-V

The message resource is present but the message was not found in the message table
"
Information,17/12/2022 14:21:14,Microsoft-Windows-Kernel-Power,566,(268),"The system session has transitioned from 51 to 53.

Reason Unknown 

BootId: 5"
Information,17/12/2022 14:21:14,Microsoft-Windows-Kernel-Power,566,(268),"The system session has transitioned from 50 to 51.

Reason SxTransition 

BootId: 5"
Information,17/12/2022 14:21:14,BTHUSB,18,None,Windows cannot store Bluetooth authentication codes (link keys) on the local adapter. Bluetooth keyboards might not work in the system BIOS during start-up.
Information,17/12/2022 14:21:13,Netwtw10,7026,None,7026 - Dump after return from D3 after cmd
Information,17/12/2022 14:21:13,Netwtw10,7025,None,7025 - Dump after return from D3 before cmd 
Information,17/12/2022 14:21:13,Microsoft-Windows-Kernel-Power,130,(33),"Firmware S3 times. SuspendStart: 34172257, SuspendEnd: 34172258"
Information,17/12/2022 14:21:13,Microsoft-Windows-Kernel-Power,131,(33),"Firmware S3 times. ResumeCount: 8, FullResume: 2450, AverageResume: 2440"
Information,17/12/2022 14:21:13,Microsoft-Windows-Kernel-General,1,(5),"The system time has changed to ‎2022‎-‎12‎-‎17T14:21:13.500000000Z from ‎2022‎-‎12‎-‎17T14:16:58.572650100Z.
Time Delta: 254927 ms

Change Reason: System time synchronized with the hardware clock.
Process: '' (PID 4).

RTC time: ‎2022‎-‎12‎-‎17T14:21:13.500000000Z
Current time zone bias: 0
RTC time is in UTC: false
System time was based on RTC time: false"
Information,17/12/2022 14:16:58,Microsoft-Windows-Kernel-Power,107,(102),The system has resumed from sleep.
Information,17/12/2022 14:16:57,Microsoft-Windows-Kernel-Power,42,(64),"The system is entering sleep.

Sleep Reason: System Idle"
Information,17/12/2022 14:16:55,Microsoft-Windows-Kernel-Power,566,(268),"The system session has transitioned from 48 to 50.

Reason SxTransition 

BootId: 5"
Information,17/12/2022 14:02:30,Microsoft-Windows-Kernel-Power,566,(268),"The system session has transitioned from 47 to 48.

Reason SessionUnlock 

BootId: 5"
Information,17/12/2022 14:01:32,e2fexpress,32,None,"The description for Event ID 32 from source e2fexpress cannot be found. Either the component that raises this event is not installed on your local computer or the installation is corrupted. You can install or repair the component on the local computer.

If the event originated on another computer, the display information had to be saved with the event.

The following information was included with the event: 

Intel(R) Ethernet Controller (3) I225-V

The message resource is present but the message was not found in the message table
"
Information,17/12/2022 14:01:30,Microsoft-Windows-Power-Troubleshooter,1,None,"The system has returned from a low power state.

Sleep Time: ‎2022‎-‎12‎-‎17T13:55:49.578307800Z
Wake Time: ‎2022‎-‎12‎-‎17T14:01:29.364921100Z

Wake Source: Device -USB Composite Device"
Warning,17/12/2022 14:01:29,e2fexpress,27,None,"The description for Event ID 27 from source e2fexpress cannot be found. Either the component that raises this event is not installed on your local computer or the installation is corrupted. You can install or repair the component on the local computer.

If the event originated on another computer, the display information had to be saved with the event.

The following information was included with the event: 

Intel(R) Ethernet Controller (3) I225-V

The message resource is present but the message was not found in the message table
"
Information,17/12/2022 14:01:29,Microsoft-Windows-Kernel-Power,566,(268),"The system session has transitioned from 45 to 47.

Reason Unknown 

BootId: 5"
Information,17/12/2022 14:01:29,Microsoft-Windows-Kernel-Power,566,(268),"The system session has transitioned from 44 to 45.

Reason SxTransition 

BootId: 5"
Information,17/12/2022 14:01:29,BTHUSB,18,None,Windows cannot store Bluetooth authentication codes (link keys) on the local adapter. Bluetooth keyboards might not work in the system BIOS during start-up.
Information,17/12/2022 14:01:28,Netwtw10,7026,None,7026 - Dump after return from D3 after cmd
Information,17/12/2022 14:01:28,Netwtw10,7025,None,7025 - Dump after return from D3 before cmd 
Information,17/12/2022 14:01:28,Microsoft-Windows-Kernel-Power,130,(33),"Firmware S3 times. SuspendStart: 33248358, SuspendEnd: 33248359"
Information,17/12/2022 14:01:28,Microsoft-Windows-Kernel-Power,131,(33),"Firmware S3 times. ResumeCount: 7, FullResume: 2438, AverageResume: 2439"
Information,17/12/2022 14:01:28,Microsoft-Windows-Kernel-General,1,(5),"The system time has changed to ‎2022‎-‎12‎-‎17T14:01:28.500000000Z from ‎2022‎-‎12‎-‎17T13:55:52.368448700Z.
Time Delta: 336131 ms

Change Reason: System time synchronized with the hardware clock.
Process: '' (PID 4).

RTC time: ‎2022‎-‎12‎-‎17T14:01:28.500000000Z
Current time zone bias: 0
RTC time is in UTC: false
System time was based on RTC time: false"
Information,17/12/2022 13:55:52,Microsoft-Windows-Kernel-Power,107,(102),The system has resumed from sleep.
Information,17/12/2022 13:55:51,Microsoft-Windows-Kernel-Power,42,(64),"The system is entering sleep.

Sleep Reason: System Idle"
Information,17/12/2022 13:55:49,Microsoft-Windows-Kernel-Power,566,(268),"The system session has transitioned from 42 to 44.

Reason SxTransition 

BootId: 5"
Information,17/12/2022 13:41:24,Microsoft-Windows-Kernel-Power,566,(268),"The system session has transitioned from 41 to 42.

Reason SessionUnlock 

BootId: 5"
Warning,17/12/2022 13:40:32,Microsoft-Windows-DNS-Client,1014,(1014),Name resolution for the name test.steampowered.com timed out after none of the configured DNS servers responded. Client PID 17160.
Information,17/12/2022 13:40:29,e2fexpress,32,None,"The description for Event ID 32 from source e2fexpress cannot be found. Either the component that raises this event is not installed on your local computer or the installation is corrupted. You can install or repair the component on the local computer.

If the event originated on another computer, the display information had to be saved with the event.

The following information was included with the event: 

Intel(R) Ethernet Controller (3) I225-V

The message resource is present but the message was not found in the message table
"
Information,17/12/2022 13:40:24,Microsoft-Windows-Power-Troubleshooter,1,None,"The system has returned from a low power state.

Sleep Time: ‎2022‎-‎12‎-‎17T13:35:43.645401000Z
Wake Time: ‎2022‎-‎12‎-‎17T13:40:23.442471800Z

Wake Source: Device -USB Composite Device"
Warning,17/12/2022 13:40:23,e2fexpress,27,None,"The description for Event ID 27 from source e2fexpress cannot be found. Either the component that raises this event is not installed on your local computer or the installation is corrupted. You can install or repair the component on the local computer.

If the event originated on another computer, the display information had to be saved with the event.

The following information was included with the event: 

Intel(R) Ethernet Controller (3) I225-V

The message resource is present but the message was not found in the message table
"
Information,17/12/2022 13:40:23,Microsoft-Windows-Kernel-Power,566,(268),"The system session has transitioned from 39 to 41.

Reason Unknown 

BootId: 5"
Information,17/12/2022 13:40:23,Microsoft-Windows-Kernel-Power,566,(268),"The system session has transitioned from 38 to 39.

Reason SxTransition 

BootId: 5"
Information,17/12/2022 13:40:23,BTHUSB,18,None,Windows cannot store Bluetooth authentication codes (link keys) on the local adapter. Bluetooth keyboards might not work in the system BIOS during start-up.
Information,17/12/2022 13:40:22,Netwtw10,7026,None,7026 - Dump after return from D3 after cmd
Information,17/12/2022 13:40:22,Netwtw10,7025,None,7025 - Dump after return from D3 before cmd 
Information,17/12/2022 13:40:22,Microsoft-Windows-Kernel-Power,130,(33),"Firmware S3 times. SuspendStart: 32324684, SuspendEnd: 32324686"
Information,17/12/2022 13:40:22,Microsoft-Windows-Kernel-Power,131,(33),"Firmware S3 times. ResumeCount: 6, FullResume: 2438, AverageResume: 2439"
Information,17/12/2022 13:40:22,Microsoft-Windows-Kernel-General,1,(5),"The system time has changed to ‎2022‎-‎12‎-‎17T13:40:22.500000000Z from ‎2022‎-‎12‎-‎17T13:35:46.566540000Z.
Time Delta: 275933 ms

Change Reason: System time synchronized with the hardware clock.
Process: '' (PID 4).

RTC time: ‎2022‎-‎12‎-‎17T13:40:22.500000000Z
Current time zone bias: 0
RTC time is in UTC: false
System time was based on RTC time: false"
Information,17/12/2022 13:35:46,Microsoft-Windows-Kernel-Power,107,(102),The system has resumed from sleep.
Information,17/12/2022 13:35:45,Microsoft-Windows-Kernel-Power,42,(64),"The system is entering sleep.

Sleep Reason: System Idle"
Information,17/12/2022 13:35:43,Microsoft-Windows-Kernel-Power,566,(268),"The system session has transitioned from 36 to 38.

Reason SxTransition 

BootId: 5"
Information,17/12/2022 13:21:18,Microsoft-Windows-Kernel-Power,566,(268),"The system session has transitioned from 35 to 36.

Reason SessionUnlock 

BootId: 5"
Information,17/12/2022 13:20:20,e2fexpress,32,None,"The description for Event ID 32 from source e2fexpress cannot be found. Either the component that raises this event is not installed on your local computer or the installation is corrupted. You can install or repair the component on the local computer.

If the event originated on another computer, the display information had to be saved with the event.

The following information was included with the event: 

Intel(R) Ethernet Controller (3) I225-V

The message resource is present but the message was not found in the message table
"
Information,17/12/2022 13:20:18,Microsoft-Windows-Power-Troubleshooter,1,None,"The system has returned from a low power state.

Sleep Time: ‎2022‎-‎12‎-‎17T12:38:19.640747700Z
Wake Time: ‎2022‎-‎12‎-‎17T13:20:17.364635500Z

Wake Source: Device -USB Composite Device"
Warning,17/12/2022 13:20:17,e2fexpress,27,None,"The description for Event ID 27 from source e2fexpress cannot be found. Either the component that raises this event is not installed on your local computer or the installation is corrupted. You can install or repair the component on the local computer.

If the event originated on another computer, the display information had to be saved with the event.

The following information was included with the event: 

Intel(R) Ethernet Controller (3) I225-V

The message resource is present but the message was not found in the message table
"
Information,17/12/2022 13:20:17,Microsoft-Windows-Kernel-Power,566,(268),"The system session has transitioned from 33 to 35.

Reason Unknown 

BootId: 5"
Information,17/12/2022 13:20:17,Microsoft-Windows-Kernel-Power,566,(268),"The system session has transitioned from 32 to 33.

Reason SxTransition 

BootId: 5"
Information,17/12/2022 13:20:17,BTHUSB,18,None,Windows cannot store Bluetooth authentication codes (link keys) on the local adapter. Bluetooth keyboards might not work in the system BIOS during start-up.
Information,17/12/2022 13:20:16,Netwtw10,7026,None,7026 - Dump after return from D3 after cmd
Information,17/12/2022 13:20:16,Netwtw10,7025,None,7025 - Dump after return from D3 before cmd 
Information,17/12/2022 13:20:16,Microsoft-Windows-Kernel-Power,130,(33),"Firmware S3 times. SuspendStart: 31400791, SuspendEnd: 31400793"
Information,17/12/2022 13:20:16,Microsoft-Windows-Kernel-Power,131,(33),"Firmware S3 times. ResumeCount: 5, FullResume: 2438, AverageResume: 2439"
Information,17/12/2022 13:20:16,Microsoft-Windows-Kernel-General,1,(5),"The system time has changed to ‎2022‎-‎12‎-‎17T13:20:16.500000000Z from ‎2022‎-‎12‎-‎17T12:38:22.496494500Z.
Time Delta: 2514003 ms

Change Reason: System time synchronized with the hardware clock.
Process: '' (PID 4).

RTC time: ‎2022‎-‎12‎-‎17T13:20:16.500000000Z
Current time zone bias: 0
RTC time is in UTC: false
System time was based on RTC time: false"
Information,17/12/2022 12:38:22,Microsoft-Windows-Kernel-Power,107,(102),The system has resumed from sleep.
Information,17/12/2022 12:38:21,Microsoft-Windows-Kernel-Power,42,(64),"The system is entering sleep.

Sleep Reason: System Idle"
Information,17/12/2022 12:38:19,Microsoft-Windows-Kernel-Power,566,(268),"The system session has transitioned from 30 to 32.

Reason SxTransition 

BootId: 5"
Information,17/12/2022 12:23:54,Microsoft-Windows-Kernel-Power,566,(268),"The system session has transitioned from 29 to 30.

Reason SessionUnlock 

BootId: 5"
Information,17/12/2022 12:22:57,e2fexpress,32,None,"The description for Event ID 32 from source e2fexpress cannot be found. Either the component that raises this event is not installed on your local computer or the installation is corrupted. You can install or repair the component on the local computer.

If the event originated on another computer, the display information had to be saved with the event.

The following information was included with the event: 

Intel(R) Ethernet Controller (3) I225-V

The message resource is present but the message was not found in the message table
"
Information,17/12/2022 12:22:54,Microsoft-Windows-Power-Troubleshooter,1,None,"The system has returned from a low power state.

Sleep Time: ‎2022‎-‎12‎-‎17T12:19:19.299732200Z
Wake Time: ‎2022‎-‎12‎-‎17T12:22:53.363562500Z

Wake Source: Device -Intel(R) USB 3.20 eXtensible Host Controller - 1.20 (Microsoft)"
Warning,17/12/2022 12:22:53,e2fexpress,27,None,"The description for Event ID 27 from source e2fexpress cannot be found. Either the component that raises this event is not installed on your local computer or the installation is corrupted. You can install or repair the component on the local computer.

If the event originated on another computer, the display information had to be saved with the event.

The following information was included with the event: 

Intel(R) Ethernet Controller (3) I225-V

The message resource is present but the message was not found in the message table
"
Information,17/12/2022 12:22:53,Microsoft-Windows-Kernel-Power,566,(268),"The system session has transitioned from 27 to 29.

Reason Unknown 

BootId: 5"
Information,17/12/2022 12:22:53,Microsoft-Windows-Kernel-Power,566,(268),"The system session has transitioned from 26 to 27.

Reason SxTransition 

BootId: 5"
Information,17/12/2022 12:22:53,BTHUSB,18,None,Windows cannot store Bluetooth authentication codes (link keys) on the local adapter. Bluetooth keyboards might not work in the system BIOS during start-up.
Information,17/12/2022 12:22:52,Netwtw10,7026,None,7026 - Dump after return from D3 after cmd
Information,17/12/2022 12:22:52,Netwtw10,7025,None,7025 - Dump after return from D3 before cmd 
Information,17/12/2022 12:22:52,Microsoft-Windows-Kernel-Power,130,(33),"Firmware S3 times. SuspendStart: 30476994, SuspendEnd: 30476996"
Information,17/12/2022 12:22:52,Microsoft-Windows-Kernel-Power,131,(33),"Firmware S3 times. ResumeCount: 4, FullResume: 2439, AverageResume: 2439"
Information,17/12/2022 12:22:52,Microsoft-Windows-Kernel-General,1,(5),"The system time has changed to ‎2022‎-‎12‎-‎17T12:22:52.500000000Z from ‎2022‎-‎12‎-‎17T12:19:22.150157900Z.
Time Delta: 210349 ms

Change Reason: System time synchronized with the hardware clock.
Process: '' (PID 4).

RTC time: ‎2022‎-‎12‎-‎17T12:22:52.500000000Z
Current time zone bias: 0
RTC time is in UTC: false
System time was based on RTC time: false"
Information,17/12/2022 12:19:22,Microsoft-Windows-Kernel-Power,107,(102),The system has resumed from sleep.
Information,17/12/2022 12:19:20,Microsoft-Windows-Kernel-Power,42,(64),"The system is entering sleep.

Sleep Reason: System Idle"
Information,17/12/2022 12:19:19,Microsoft-Windows-Kernel-Power,566,(268),"The system session has transitioned from 24 to 26.

Reason SxTransition 

BootId: 5"
Information,17/12/2022 12:04:54,Microsoft-Windows-Kernel-Power,566,(268),"The system session has transitioned from 23 to 24.

Reason SessionUnlock 

BootId: 5"
Information,17/12/2022 12:03:57,e2fexpress,32,None,"The description for Event ID 32 from source e2fexpress cannot be found. Either the component that raises this event is not installed on your local computer or the installation is corrupted. You can install or repair the component on the local computer.

If the event originated on another computer, the display information had to be saved with the event.

The following information was included with the event: 

Intel(R) Ethernet Controller (3) I225-V

The message resource is present but the message was not found in the message table
"
Information,17/12/2022 12:03:54,Microsoft-Windows-Power-Troubleshooter,1,None,"The system has returned from a low power state.

Sleep Time: ‎2022‎-‎12‎-‎17T12:02:41.731463900Z
Wake Time: ‎2022‎-‎12‎-‎17T12:03:53.350250100Z

Wake Source: Device -USB Composite Device"
Warning,17/12/2022 12:03:53,e2fexpress,27,None,"The description for Event ID 27 from source e2fexpress cannot be found. Either the component that raises this event is not installed on your local computer or the installation is corrupted. You can install or repair the component on the local computer.

If the event originated on another computer, the display information had to be saved with the event.

The following information was included with the event: 

Intel(R) Ethernet Controller (3) I225-V

The message resource is present but the message was not found in the message table
"
Information,17/12/2022 12:03:53,Microsoft-Windows-Kernel-Power,566,(268),"The system session has transitioned from 21 to 23.

Reason Unknown 

BootId: 5"
Information,17/12/2022 12:03:53,Microsoft-Windows-Kernel-Power,566,(268),"The system session has transitioned from 20 to 21.

Reason SxTransition 

BootId: 5"
Information,17/12/2022 12:03:53,BTHUSB,18,None,Windows cannot store Bluetooth authentication codes (link keys) on the local adapter. Bluetooth keyboards might not work in the system BIOS during start-up.
Information,17/12/2022 12:03:52,Netwtw10,7026,None,7026 - Dump after return from D3 after cmd
Information,17/12/2022 12:03:52,Netwtw10,7025,None,7025 - Dump after return from D3 before cmd 
Information,17/12/2022 12:03:52,Microsoft-Windows-Kernel-Power,130,(33),"Firmware S3 times. SuspendStart: 29553511, SuspendEnd: 29553513"
Information,17/12/2022 12:03:52,Microsoft-Windows-Kernel-Power,131,(33),"Firmware S3 times. ResumeCount: 3, FullResume: 2438, AverageResume: 2440"
Information,17/12/2022 12:03:52,Microsoft-Windows-Kernel-General,1,(5),"The system time has changed to ‎2022‎-‎12‎-‎17T12:03:52.500000000Z from ‎2022‎-‎12‎-‎17T12:02:44.940389700Z.
Time Delta: 67559 ms

Change Reason: System time synchronized with the hardware clock.
Process: '' (PID 4).

RTC time: ‎2022‎-‎12‎-‎17T12:03:52.500000000Z
Current time zone bias: 0
RTC time is in UTC: false
System time was based on RTC time: false"
Information,17/12/2022 12:02:44,Microsoft-Windows-Kernel-Power,107,(102),The system has resumed from sleep.
Information,17/12/2022 12:02:43,Microsoft-Windows-Kernel-Power,42,(64),"The system is entering sleep.

Sleep Reason: System Idle"
Information,17/12/2022 12:02:41,Microsoft-Windows-Kernel-Power,566,(268),"The system session has transitioned from 18 to 20.

Reason SxTransition 

BootId: 5"
Information,17/12/2022 12:00:00,EventLog,6013,None,The system uptime is 62311 seconds.
Information,17/12/2022 11:49:08,Microsoft-Windows-Kernel-Power,566,(268),"The system session has transitioned from 17 to 18.

Reason SessionUnlock 

BootId: 5"
Information,17/12/2022 11:46:16,Microsoft-Windows-Kernel-Power,566,(268),"The system session has transitioned from 15 to 17.

Reason InputHid 

BootId: 5"
Information,17/12/2022 11:45:24,Microsoft-Windows-Kernel-Power,566,(268),"The system session has transitioned from 14 to 15.

Reason SessionUnlock 

BootId: 5"
Information,17/12/2022 11:44:26,e2fexpress,32,None,"The description for Event ID 32 from source e2fexpress cannot be found. Either the component that raises this event is not installed on your local computer or the installation is corrupted. You can install or repair the component on the local computer.

If the event originated on another computer, the display information had to be saved with the event.

The following information was included with the event: 

Intel(R) Ethernet Controller (3) I225-V

The message resource is present but the message was not found in the message table
"
