Information,11/12/2022 20:40:58,Microsoft-Windows-Kernel-General,16,None,The access history in hive \??\C:\ProgramData\Microsoft\Windows\AppRepository\Packages\Microsoft.Windows.ShellExperienceHost_10.0.22621.755_neutral_neutral_cw5n1h2txyewy\ActivationStore.dat was cleared updating 0 keys and creating 0 modified pages.
Information,11/12/2022 20:40:58,Microsoft-Windows-Kernel-General,16,None,The access history in hive \??\C:\ProgramData\Microsoft\Windows\AppRepository\Packages\Microsoft.Windows.PrintQueueActionCenter_1.0.1.0_neutral_neutral_cw5n1h2txyewy\ActivationStore.dat was cleared updating 0 keys and creating 0 modified pages.
Information,11/12/2022 20:40:57,Microsoft-Windows-Kernel-General,16,None,The access history in hive \??\C:\ProgramData\Microsoft\Windows\AppRepository\Packages\Microsoft.Windows.PinningConfirmationDialog_1000.22621.1.0_neutral__cw5n1h2txyewy\ActivationStore.dat was cleared updating 0 keys and creating 0 modified pages.
Information,11/12/2022 20:40:57,Microsoft-Windows-Kernel-General,16,None,The access history in hive \??\C:\ProgramData\Microsoft\Windows\AppRepository\Packages\Microsoft.Windows.PeopleExperienceHost_10.0.22621.1_neutral_neutral_cw5n1h2txyewy\ActivationStore.dat was cleared updating 0 keys and creating 0 modified pages.
Information,11/12/2022 20:40:57,Microsoft-Windows-Kernel-General,16,None,The access history in hive \??\C:\ProgramData\Microsoft\Windows\AppRepository\Packages\Microsoft.Windows.ParentalControls_1000.22621.1.0_neutral_neutral_cw5n1h2txyewy\ActivationStore.dat was cleared updating 0 keys and creating 0 modified pages.
Information,11/12/2022 20:40:57,Microsoft-Windows-Kernel-General,16,None,The access history in hive \??\C:\ProgramData\Microsoft\Windows\AppRepository\Packages\Microsoft.Windows.OOBENetworkConnectionFlow_10.0.21302.1000_neutral__cw5n1h2txyewy\ActivationStore.dat was cleared updating 0 keys and creating 0 modified pages.
Information,11/12/2022 20:40:56,Microsoft-Windows-Kernel-General,16,None,The access history in hive \??\C:\ProgramData\Microsoft\Windows\AppRepository\Packages\Microsoft.Windows.OOBENetworkCaptivePortal_10.0.21302.1000_neutral__cw5n1h2txyewy\ActivationStore.dat was cleared updating 0 keys and creating 0 modified pages.
Information,11/12/2022 20:40:56,Microsoft-Windows-Kernel-General,16,None,The access history in hive \??\C:\ProgramData\Microsoft\Windows\AppRepository\Packages\Microsoft.Windows.NarratorQuickStart_10.0.22621.1_neutral_neutral_8wekyb3d8bbwe\ActivationStore.dat was cleared updating 0 keys and creating 0 modified pages.
Information,11/12/2022 20:40:56,Microsoft-Windows-Kernel-General,16,None,The access history in hive \??\C:\ProgramData\Microsoft\Windows\AppRepository\Packages\Microsoft.Windows.ContentDeliveryManager_10.0.22621.1_neutral_neutral_cw5n1h2txyewy\ActivationStore.dat was cleared updating 0 keys and creating 0 modified pages.
Information,11/12/2022 20:40:55,Microsoft-Windows-Kernel-General,16,None,The access history in hive \??\C:\ProgramData\Microsoft\Windows\AppRepository\Packages\Microsoft.Windows.CloudExperienceHost_10.0.22621.1_neutral_neutral_cw5n1h2txyewy\ActivationStore.dat was cleared updating 0 keys and creating 0 modified pages.
Information,11/12/2022 20:40:55,Microsoft-Windows-Kernel-General,16,None,The access history in hive \??\C:\ProgramData\Microsoft\Windows\AppRepository\Packages\Microsoft.Windows.CapturePicker_10.0.19580.1000_neutral__cw5n1h2txyewy\ActivationStore.dat was cleared updating 0 keys and creating 0 modified pages.
Information,11/12/2022 20:40:55,Microsoft-Windows-Kernel-General,16,None,The access history in hive \??\C:\ProgramData\Microsoft\Windows\AppRepository\Packages\Microsoft.Windows.CallingShellApp_1000.22621.1.0_neutral_neutral_cw5n1h2txyewy\ActivationStore.dat was cleared updating 0 keys and creating 0 modified pages.
Information,11/12/2022 20:40:55,Microsoft-Windows-Kernel-General,16,None,The access history in hive \??\C:\ProgramData\Microsoft\Windows\AppRepository\Packages\Microsoft.Windows.Apprep.ChxApp_1000.22621.1.0_neutral_neutral_cw5n1h2txyewy\ActivationStore.dat was cleared updating 0 keys and creating 0 modified pages.
Information,11/12/2022 20:40:54,Microsoft-Windows-Kernel-General,16,None,The access history in hive \??\C:\ProgramData\Microsoft\Windows\AppRepository\Packages\Microsoft.Win32WebViewHost_10.0.22621.1_neutral_neutral_cw5n1h2txyewy\ActivationStore.dat was cleared updating 0 keys and creating 0 modified pages.
Information,11/12/2022 20:40:54,Microsoft-Windows-Kernel-General,16,None,The access history in hive \??\C:\ProgramData\Microsoft\Windows\AppRepository\Packages\Microsoft.UI.Xaml.CBS_8.2207.29001.0_x64__8wekyb3d8bbwe\ActivationStore.dat was cleared updating 0 keys and creating 0 modified pages.
Information,11/12/2022 20:40:54,Microsoft-Windows-Kernel-General,16,None,The access history in hive \??\C:\ProgramData\Microsoft\Windows\AppRepository\Packages\Microsoft.MicrosoftEdge_44.22621.819.0_neutral__8wekyb3d8bbwe\ActivationStore.dat was cleared updating 0 keys and creating 0 modified pages.
Information,11/12/2022 20:40:53,Microsoft-Windows-Kernel-General,16,None,The access history in hive \??\C:\ProgramData\Microsoft\Windows\AppRepository\Packages\Microsoft.LockApp_10.0.22621.1_neutral__cw5n1h2txyewy\ActivationStore.dat was cleared updating 0 keys and creating 0 modified pages.
Information,11/12/2022 20:40:53,Microsoft-Windows-Kernel-General,16,None,The access history in hive \??\C:\ProgramData\Microsoft\Windows\AppRepository\Packages\Microsoft.ECApp_10.0.22621.1_neutral__8wekyb3d8bbwe\ActivationStore.dat was cleared updating 0 keys and creating 0 modified pages.
Information,11/12/2022 20:40:53,Microsoft-Windows-Kernel-General,16,None,The access history in hive \??\C:\ProgramData\Microsoft\Windows\AppRepository\Packages\Microsoft.CredDialogHost_10.0.19595.1001_neutral__cw5n1h2txyewy\ActivationStore.dat was cleared updating 0 keys and creating 0 modified pages.
Information,11/12/2022 20:40:52,Microsoft-Windows-Kernel-General,16,None,The access history in hive \??\C:\ProgramData\Microsoft\Windows\AppRepository\Packages\Microsoft.BioEnrollment_10.0.19587.1000_neutral__cw5n1h2txyewy\ActivationStore.dat was cleared updating 0 keys and creating 0 modified pages.
Information,11/12/2022 20:40:52,Microsoft-Windows-Kernel-General,16,None,The access history in hive \??\C:\ProgramData\Microsoft\Windows\AppRepository\Packages\Microsoft.AsyncTextService_10.0.22621.1_neutral__8wekyb3d8bbwe\ActivationStore.dat was cleared updating 0 keys and creating 0 modified pages.
Information,11/12/2022 20:40:52,Microsoft-Windows-Kernel-General,16,None,The access history in hive \??\C:\ProgramData\Microsoft\Windows\AppRepository\Packages\Microsoft.AccountsControl_10.0.22621.1_neutral__cw5n1h2txyewy\ActivationStore.dat was cleared updating 0 keys and creating 0 modified pages.
Information,11/12/2022 20:40:52,Microsoft-Windows-Kernel-General,16,None,The access history in hive \??\C:\ProgramData\Microsoft\Windows\AppRepository\Packages\Microsoft.AAD.BrokerPlugin_1000.19580.1000.0_neutral_neutral_cw5n1h2txyewy\ActivationStore.dat was cleared updating 0 keys and creating 0 modified pages.
Information,11/12/2022 20:40:52,Microsoft-Windows-Kernel-General,16,None,The access history in hive \??\C:\ProgramData\Microsoft\Windows\AppRepository\Packages\F46D4000-FD22-4DB4-AC8E-4E1DDDE828FE_10.0.22621.1_neutral_neutral_cw5n1h2txyewy\ActivationStore.dat was cleared updating 0 keys and creating 0 modified pages.
Information,11/12/2022 20:40:52,Microsoft-Windows-Kernel-General,16,None,The access history in hive \??\C:\ProgramData\Microsoft\Windows\AppRepository\Packages\E2A4F912-2574-4A75-9BB0-0D023378592B_10.0.19640.1000_neutral_neutral_cw5n1h2txyewy\ActivationStore.dat was cleared updating 0 keys and creating 0 modified pages.
Information,11/12/2022 20:40:52,Microsoft-Windows-Kernel-General,16,None,The access history in hive \??\C:\ProgramData\Microsoft\Windows\AppRepository\Packages\c5e2524a-ea46-4f67-841f-6a9465d9d515_10.0.22621.1_neutral_neutral_cw5n1h2txyewy\ActivationStore.dat was cleared updating 0 keys and creating 0 modified pages.
Information,11/12/2022 20:40:51,Microsoft-Windows-Kernel-General,16,None,The access history in hive \??\C:\ProgramData\Microsoft\Windows\AppRepository\Packages\1527c705-839a-4832-9118-54d4Bd6a0c89_10.0.19640.1000_neutral_neutral_cw5n1h2txyewy\ActivationStore.dat was cleared updating 0 keys and creating 0 modified pages.
Information,11/12/2022 20:40:49,Service Control Manager,7040,None,The start type of the Remote Access IP ARP Driver service was changed from demand start to auto start.
Information,11/12/2022 20:40:49,Service Control Manager,7040,None,The start type of the Distributed Transaction Coordinator service was changed from auto start to demand start.
Information,11/12/2022 20:40:46,Service Control Manager,7040,None,The start type of the Distributed Transaction Coordinator service was changed from demand start to auto start.
Information,11/12/2022 20:40:34,Service Control Manager,7040,None,The start type of the Distributed Transaction Coordinator service was changed from auto start to demand start.
Information,11/12/2022 20:40:34,Service Control Manager,7040,None,The start type of the Distributed Transaction Coordinator service was changed from demand start to auto start.
Information,11/12/2022 20:40:28,Service Control Manager,7045,None,"A service was installed in the system.

Service Name:  Bluetooth Device (Personal Area Network)
Service File Name:  \SystemRoot\System32\drivers\bthpan.sys
Service Type:  kernel mode driver
Service Start Type:  demand start
Service Account:  "
Information,11/12/2022 20:40:28,Service Control Manager,7045,None,"A service was installed in the system.

Service Name:  Microsoft Bluetooth Hands-Free Audio driver
Service File Name:  \SystemRoot\System32\drivers\BthHfAud.sys
Service Type:  kernel mode driver
Service Start Type:  demand start
Service Account:  "
Information,11/12/2022 20:40:28,Service Control Manager,7045,None,"A service was installed in the system.

Service Name:  Service for NVIDIA High Definition Audio Driver
Service File Name:  \SystemRoot\system32\drivers\nvhda64v.sys
Service Type:  kernel mode driver
Service Start Type:  demand start
Service Account:  "
Information,11/12/2022 20:40:27,Service Control Manager,7045,None,"A service was installed in the system.

Service Name:  USB Video Device (WDM)
Service File Name:  \SystemRoot\System32\Drivers\usbvideo.sys
Service Type:  kernel mode driver
Service Start Type:  demand start
Service Account:  "
Error,11/12/2022 20:40:27,Service Control Manager,7031,None,The NVIDIA LocalSystem Container service terminated unexpectedly. It has done this 1 time(s). The following corrective action will be taken in 6000 milliseconds: Restart the service.
Error,11/12/2022 20:40:27,Service Control Manager,7023,None,"The NVIDIA LocalSystem Container service terminated with the following error: 
A generic command executable returned a result that indicates failure."
Information,11/12/2022 20:40:27,Microsoft-Windows-UserPnp,20003,(7005),Driver Management has concluded the process to add Service NVDisplay.ContainerLocalSystem for Device Instance ID PCI\VEN_10DE&DEV_2486&SUBSYS_147A10DE&REV_A1\4&22F77229&0&0008 with the following status: 0.
Information,11/12/2022 20:40:27,Service Control Manager,7045,None,"A service was installed in the system.

Service Name:  NVIDIA Display Container LS
Service File Name:  %SystemRoot%\System32\DriverStore\FileRepository\nv_dispi.inf_amd64_bd530e4cbd42e0a3\Display.NvContainer\NVDisplay.Container.exe
Service Type:  user mode service
Service Start Type:  auto start
Service Account:  LocalSystem"
Information,11/12/2022 20:40:27,Microsoft-Windows-UserPnp,20003,(7005),Driver Management has concluded the process to add Service nvlddmkm for Device Instance ID PCI\VEN_10DE&DEV_2486&SUBSYS_147A10DE&REV_A1\4&22F77229&0&0008 with the following status: 0.
Information,11/12/2022 20:40:27,Service Control Manager,7045,None,"A service was installed in the system.

Service Name:  nvlddmkm
Service File Name:  \SystemRoot\System32\DriverStore\FileRepository\nv_dispi.inf_amd64_bd530e4cbd42e0a3\nvlddmkm.sys
Service Type:  kernel mode driver
Service Start Type:  demand start
Service Account:  "
Information,11/12/2022 20:40:19,Microsoft-Windows-UserPnp,20003,(7005),Driver Management has concluded the process to add Service NahimicService for Device Instance ID SWD\DRIVERENUM\{1B98EF90-CA0E-11E7-8F1A-0800200C9A66}#AVOLUTE_NH3APO&7&2C125E59&0 with the following status: 0.
Information,11/12/2022 20:40:19,Service Control Manager,7045,None,"A service was installed in the system.

Service Name:  Nahimic service
Service File Name:  ""%SystemRoot%\system32\NahimicService.exe""
Service Type:  user mode service
Service Start Type:  auto start
Service Account:  LocalSystem"
Information,11/12/2022 20:40:18,Service Control Manager,7040,None,The start type of the Program Compatibility Assistant Service service was changed from demand start to auto start.
Information,11/12/2022 20:40:12,TPM,18,None,This event triggers the Trusted Platform Module (TPM) provisioning/status check to run.
Information,11/12/2022 20:40:12,Service Control Manager,7026,None,"The following boot-start or system-start driver(s) did not load: 
dam"
Information,11/12/2022 20:40:12,Microsoft-Windows-HttpService,113,HTTP Configuration Property Trace Task,"Attempted to add URL (http://127.0.0.1:27339:127.0.0.1/AuraSDK/) to URL group (0xFC00000220000001). Status: 0x0. Process Id 0x1024 Executable path \Device\HarddiskVolume3\Program Files (x86)\ASUS\GameSDK Service\GameSDK.exe, User SYSTEM"
Information,11/12/2022 20:40:12,Microsoft-Windows-HttpService,111,HTTP Configuration Property Trace Task,"Create URL group 0xFC00000220000001. Status 0x0. Process Id 0x1024 Executable path \Device\HarddiskVolume3\Program Files (x86)\ASUS\GameSDK Service\GameSDK.exe, User SYSTEM"
Information,11/12/2022 20:40:12,Microsoft-Windows-HttpService,113,HTTP Configuration Property Trace Task,"Attempted to add URL (http://*:5357/2e3c5200-a8d4-4ef8-a115-8866ddb6e283/) to URL group (0xFE00000220000001). Status: 0x0. Process Id 0x11A4 Executable path \Device\HarddiskVolume3\Windows\System32\svchost.exe, User LOCAL SERVICE"
Information,11/12/2022 20:40:12,Microsoft-Windows-HttpService,111,HTTP Configuration Property Trace Task,"Create URL group 0xFE00000220000001. Status 0x0. Process Id 0x11A4 Executable path \Device\HarddiskVolume3\Windows\System32\svchost.exe, User LOCAL SERVICE"
Information,11/12/2022 20:40:12,RST Middleware,27,None,"Found passthru disk: SCSI Port: 0, SCSI Bus: 2, SCSI Target: 0, PCIe SSD, 1000204886016 bytes, Sabrent Rocket Q4                       "
Information,11/12/2022 20:40:12,Microsoft-Windows-HttpService,112,HTTP Setup Trace Task,"Attempted to reserve URL http://+:10243/WMPNSSv4/. Status 0x0. Process Id 0x4 Executable path , User SYSTEM"
Information,11/12/2022 20:40:12,Microsoft-Windows-HttpService,112,HTTP Setup Trace Task,"Attempted to reserve URL https://+:10245/WMPNSSv4/. Status 0x0. Process Id 0x4 Executable path , User SYSTEM"
Information,11/12/2022 20:40:12,Microsoft-Windows-HttpService,112,HTTP Setup Trace Task,"Attempted to reserve URL http://+:3387/rdp/. Status 0x0. Process Id 0x4 Executable path , User SYSTEM"
Information,11/12/2022 20:40:12,Microsoft-Windows-HttpService,112,HTTP Setup Trace Task,"Attempted to reserve URL https://+:3392/rdp/. Status 0x0. Process Id 0x4 Executable path , User SYSTEM"
Information,11/12/2022 20:40:12,Microsoft-Windows-HttpService,112,HTTP Setup Trace Task,"Attempted to reserve URL http://+:10246/MDEServer/. Status 0x0. Process Id 0x4 Executable path , User SYSTEM"
Information,11/12/2022 20:40:12,Microsoft-Windows-HttpService,112,HTTP Setup Trace Task,"Attempted to reserve URL http://*:2869/. Status 0x0. Process Id 0x4 Executable path , User SYSTEM"
Information,11/12/2022 20:40:12,Microsoft-Windows-HttpService,112,HTTP Setup Trace Task,"Attempted to reserve URL http://+:10247/apps/. Status 0x0. Process Id 0x4 Executable path , User SYSTEM"
Information,11/12/2022 20:40:12,Microsoft-Windows-HttpService,112,HTTP Setup Trace Task,"Attempted to reserve URL http://+:5985/wsman/. Status 0x0. Process Id 0x4 Executable path , User SYSTEM"
Information,11/12/2022 20:40:12,Microsoft-Windows-HttpService,112,HTTP Setup Trace Task,"Attempted to reserve URL http://+:47001/wsman/. Status 0x0. Process Id 0x4 Executable path , User SYSTEM"
Information,11/12/2022 20:40:12,Microsoft-Windows-HttpService,112,HTTP Setup Trace Task,"Attempted to reserve URL https://+:5986/wsman/. Status 0x0. Process Id 0x4 Executable path , User SYSTEM"
Information,11/12/2022 20:40:12,Microsoft-Windows-HttpService,112,HTTP Setup Trace Task,"Attempted to reserve URL https://+:443/sra_{BA195980-CD49-458b-9E23-C84EE0ADCD75}/. Status 0x0. Process Id 0x4 Executable path , User SYSTEM"
Information,11/12/2022 20:40:12,Microsoft-Windows-HttpService,112,HTTP Setup Trace Task,"Attempted to reserve URL https://*:5358/. Status 0x0. Process Id 0x4 Executable path , User SYSTEM"
Information,11/12/2022 20:40:12,Microsoft-Windows-HttpService,112,HTTP Setup Trace Task,"Attempted to reserve URL http://+:80/Temporary_Listen_Addresses/. Status 0x0. Process Id 0x4 Executable path , User SYSTEM"
Information,11/12/2022 20:40:12,Microsoft-Windows-HttpService,112,HTTP Setup Trace Task,"Attempted to reserve URL http://*:5357/. Status 0x0. Process Id 0x4 Executable path , User SYSTEM"
Information,11/12/2022 20:40:11,Microsoft-Windows-DHCPv6-Client,51046,Service State Event,DHCPv6 client service is started
Information,11/12/2022 20:40:11,Microsoft-Windows-Dhcp-Client,50036,Service State Event,DHCPv4 client service is started
Information,11/12/2022 20:40:11,Microsoft-Windows-Dhcp-Client,50103,Service State Event,DHCPv4 client registered for shutdown notification
Information,11/12/2022 20:40:11,Microsoft-Windows-Dhcp-Client,50036,Service State Event,DHCPv4 client service is started
Information,11/12/2022 20:40:11,Microsoft-Windows-FilterManager,6,None,"File System Filter 'bindflt' (10.0, ‎1990‎-‎09‎-‎03T03:15:47.000000000Z) has successfully loaded and registered with Filter Manager."
Information,11/12/2022 20:40:11,Microsoft-Windows-FilterManager,6,None,"File System Filter 'storqosflt' (10.0, ‎2104‎-‎09‎-‎10T17:24:01.000000000Z) has successfully loaded and registered with Filter Manager."
Information,11/12/2022 20:40:11,Microsoft-Windows-FilterManager,6,None,"File System Filter 'CldFlt' (10.0, ‎1973‎-‎05‎-‎02T19:05:59.000000000Z) has successfully loaded and registered with Filter Manager."
Information,11/12/2022 20:40:11,Microsoft-Windows-FilterManager,1,None,"File System Filter 'CldFlt' (Version 10.0, ‎1973‎-‎05‎-‎02T19:05:59.000000000Z) unloaded successfully."
Information,11/12/2022 20:40:11,Microsoft-Windows-FilterManager,6,None,"File System Filter 'CldFlt' (10.0, ‎1973‎-‎05‎-‎02T19:05:59.000000000Z) has successfully loaded and registered with Filter Manager."
Information,11/12/2022 20:40:11,Microsoft-Windows-FilterManager,6,None,"File System Filter 'wcifs' (10.0, ‎2051‎-‎09‎-‎09T07:23:39.000000000Z) has successfully loaded and registered with Filter Manager."
Information,11/12/2022 20:40:11,Microsoft-Windows-FilterManager,6,None,"File System Filter 'luafv' (10.0, ‎1976‎-‎09‎-‎16T11:02:14.000000000Z) has successfully loaded and registered with Filter Manager."
Information,11/12/2022 20:40:11,Microsoft-Windows-FilterManager,6,None,"File System Filter 'bfs' (10.0, ‎2093‎-‎01‎-‎08T14:31:30.000000000Z) has successfully loaded and registered with Filter Manager."
Information,11/12/2022 20:40:11,Service Control Manager,7040,None,The start type of the NgcCtnrSvc service was changed from disabled to demand start.
Information,11/12/2022 20:40:11,Service Control Manager,7040,None,The start type of the NgcCtnrSvc service was changed from demand start to disabled.
Information,11/12/2022 20:40:11,Microsoft-Windows-Kernel-General,16,None,The access history in hive \SystemRoot\System32\Config\BBI was cleared updating 1 keys and creating 1 modified pages.
Information,11/12/2022 20:40:11,Microsoft-Windows-Ntfs,98,None,Volume \\?\Volume{ad2ec1c9-f9a9-4b39-a2e8-0e53745a5c1a} (\Device\HarddiskVolume5) is healthy.  No action is needed.
Information,11/12/2022 20:40:08,e2fexpress,32,None,"The description for Event ID 32 from source e2fexpress cannot be found. Either the component that raises this event is not installed on your local computer or the installation is corrupted. You can install or repair the component on the local computer.

If the event originated on another computer, the display information had to be saved with the event.

The following information was included with the event: 

Intel(R) Ethernet Controller (3) I225-V

The message resource is present but the message was not found in the message table
"
Warning,11/12/2022 20:40:05,e2fexpress,27,None,"The description for Event ID 27 from source e2fexpress cannot be found. Either the component that raises this event is not installed on your local computer or the installation is corrupted. You can install or repair the component on the local computer.

If the event originated on another computer, the display information had to be saved with the event.

The following information was included with the event: 

Intel(R) Ethernet Controller (3) I225-V

The message resource is present but the message was not found in the message table
"
Information,11/12/2022 20:39:56,BTHUSB,18,None,Windows cannot store Bluetooth authentication codes (link keys) on the local adapter. Bluetooth keyboards might not work in the system BIOS during start-up.
Information,11/12/2022 20:39:55,Microsoft-Windows-Directory-Services-SAM,16983,None,"The security account manager is now logging periodic summary events for remote clients that call legacy password change or set RPC methods.

For more information please see https://go.microsoft.com/fwlink/?linkid=2150956.
"
Information,11/12/2022 20:39:55,Microsoft-Windows-Directory-Services-SAM,16977,None,"The domain is configured with the following minimum password length-related settings.

MinimumPasswordLength: 0

RelaxMinimumPasswordLengthLimits: 0

MinimumPasswordLengthAudit: -1

For more information see https://go.microsoft.com/fwlink/?LinkId=2097191.
"
Information,11/12/2022 20:39:55,Microsoft-Windows-Directory-Services-SAM,16962,None,"Remote calls to the SAM database are being restricted using the default security descriptor: O:SYG:SYD:(A;;RC;;;BA).
For more information please see http://go.microsoft.com/fwlink/?LinkId=787651."
Warning,11/12/2022 20:39:55,LsaSrv,6155,None,"LSA package is not signed as expected. This can cause unexpected behaviour with Credential Guard.

PackageName: msv1_0"
Warning,11/12/2022 20:39:55,LsaSrv,6155,None,"LSA package is not signed as expected. This can cause unexpected behaviour with Credential Guard.

PackageName: sfapm"
Warning,11/12/2022 20:39:55,LsaSrv,6155,None,"LSA package is not signed as expected. This can cause unexpected behaviour with Credential Guard.

PackageName: schannel"
Warning,11/12/2022 20:39:55,LsaSrv,6155,None,"LSA package is not signed as expected. This can cause unexpected behaviour with Credential Guard.

PackageName: wdigest"
Warning,11/12/2022 20:39:55,LsaSrv,6155,None,"LSA package is not signed as expected. This can cause unexpected behaviour with Credential Guard.

PackageName: cloudap"
Warning,11/12/2022 20:39:55,LsaSrv,6155,None,"LSA package is not signed as expected. This can cause unexpected behaviour with Credential Guard.

PackageName: pku2u"
Warning,11/12/2022 20:39:55,LsaSrv,6155,None,"LSA package is not signed as expected. This can cause unexpected behaviour with Credential Guard.

PackageName: tspkg"
Warning,11/12/2022 20:39:55,LsaSrv,6155,None,"LSA package is not signed as expected. This can cause unexpected behaviour with Credential Guard.

PackageName: msv1_0"
Warning,11/12/2022 20:39:55,LsaSrv,6155,None,"LSA package is not signed as expected. This can cause unexpected behaviour with Credential Guard.

PackageName: kerberos"
Warning,11/12/2022 20:39:55,LsaSrv,6155,None,"LSA package is not signed as expected. This can cause unexpected behaviour with Credential Guard.

PackageName: negoexts"
Information,11/12/2022 20:39:55,LsaSrv,6156,None,"Virtualisation Based Security for Credential Guard auto enablement status.

Hardware Requirements:	1
Domain Joined:	0
Azure AD Joined:	0"
Warning,11/12/2022 20:39:55,Microsoft-Windows-Wininit,15,None,Credential Guard and/or VBS Key Isolation are configured but the secure kernel is not running; continuing without them.
Information,11/12/2022 20:39:55,Microsoft-Windows-Wininit,14,None,"Credential Guard configuration:

Registry Configuration: 0x2
Test Configuration: 0
Auto Enablement: 1"
Information,11/12/2022 20:39:54,Microsoft-Windows-Subsys-SMSS,17,None,A platform binary was successfully executed.
Information,11/12/2022 20:39:54,Microsoft-Windows-Kernel-General,24,(11),The time zone information was refreshed with exit reason 0. Current time zone bias is 0.
Information,11/12/2022 20:39:54,Microsoft-Windows-Ntfs,98,None,Volume \\?\Volume{2017a8e8-fb39-41e1-95f7-4461cdd7a412} (\Device\HarddiskVolume4) is healthy.  No action is needed.
Information,11/12/2022 20:39:54,Microsoft-Windows-Kernel-Power,172,(203),"Connectivity state in standby: Disconnected, Reason: NIC compliance"
Information,11/12/2022 20:39:54,Microsoft-Windows-Kernel-Power,125,(86),"ACPI thermal zone \_TZ.TZ00 has been enumerated.             
_PSV = 0K             
_TC1 = 0             
_TC2 = 0             
_TSP = 0ms             
_AC0 = 353K             
_AC1 = 328K             
_AC2 = 323K             
_AC3 = 318K             
_AC4 = 313K             
_AC5 = 0K             
_AC6 = 0K             
_AC7 = 0K             
_AC8 = 0K             
_AC9 = 0K             
_CRT = 378K             
_HOT = 0K             
minimum throttle = 0             
_CR3 = 0K"
Information,11/12/2022 20:39:54,Microsoft-Windows-FilterManager,6,None,"File System Filter 'npsvctrig' (10.0, ‎1979‎-‎12‎-‎19T16:12:41.000000000Z) has successfully loaded and registered with Filter Manager."
Information,11/12/2022 20:39:51,MEIx64,2,None,Intel(R) Management Engine Interface driver has started successfully.
Information,11/12/2022 20:39:51,Microsoft-Windows-Kernel-Processor-Power,55,(47),"Processor 19 in group 0 exposes the following power management capabilities:

Idle state type: ACPI Idle (C) States (3 state(s))

Performance state type: ACPI Collaborative Processor Performance Control
Nominal Frequency (MHz): 2100
Maximum performance percentage: 171
Minimum performance percentage: 47
Minimum throttle percentage: 4"
Information,11/12/2022 20:39:51,Microsoft-Windows-Kernel-Processor-Power,55,(47),"Processor 18 in group 0 exposes the following power management capabilities:

Idle state type: ACPI Idle (C) States (3 state(s))

Performance state type: ACPI Collaborative Processor Performance Control
Nominal Frequency (MHz): 2100
Maximum performance percentage: 171
Minimum performance percentage: 47
Minimum throttle percentage: 4"
Information,11/12/2022 20:39:51,Microsoft-Windows-Kernel-Processor-Power,55,(47),"Processor 17 in group 0 exposes the following power management capabilities:

Idle state type: ACPI Idle (C) States (3 state(s))

Performance state type: ACPI Collaborative Processor Performance Control
Nominal Frequency (MHz): 2100
Maximum performance percentage: 171
Minimum performance percentage: 47
Minimum throttle percentage: 4"
Information,11/12/2022 20:39:51,Microsoft-Windows-Kernel-Processor-Power,55,(47),"Processor 16 in group 0 exposes the following power management capabilities:

Idle state type: ACPI Idle (C) States (3 state(s))

Performance state type: ACPI Collaborative Processor Performance Control
Nominal Frequency (MHz): 2100
Maximum performance percentage: 171
Minimum performance percentage: 47
Minimum throttle percentage: 4"
Information,11/12/2022 20:39:51,Microsoft-Windows-Kernel-Processor-Power,55,(47),"Processor 15 in group 0 exposes the following power management capabilities:

Idle state type: ACPI Idle (C) States (3 state(s))

Performance state type: ACPI Collaborative Processor Performance Control
Nominal Frequency (MHz): 2100
Maximum performance percentage: 234
Minimum performance percentage: 50
Minimum throttle percentage: 3"
Information,11/12/2022 20:39:51,Microsoft-Windows-Kernel-Processor-Power,55,(47),"Processor 14 in group 0 exposes the following power management capabilities:

Idle state type: ACPI Idle (C) States (3 state(s))

Performance state type: ACPI Collaborative Processor Performance Control
Nominal Frequency (MHz): 2100
Maximum performance percentage: 234
Minimum performance percentage: 50
Minimum throttle percentage: 3"
Information,11/12/2022 20:39:51,Microsoft-Windows-Kernel-Processor-Power,55,(47),"Processor 13 in group 0 exposes the following power management capabilities:

Idle state type: ACPI Idle (C) States (3 state(s))

Performance state type: ACPI Collaborative Processor Performance Control
Nominal Frequency (MHz): 2100
Maximum performance percentage: 242
Minimum performance percentage: 50
Minimum throttle percentage: 3"
Information,11/12/2022 20:39:51,Microsoft-Windows-Kernel-Processor-Power,55,(47),"Processor 12 in group 0 exposes the following power management capabilities:

Idle state type: ACPI Idle (C) States (3 state(s))

Performance state type: ACPI Collaborative Processor Performance Control
Nominal Frequency (MHz): 2100
Maximum performance percentage: 242
Minimum performance percentage: 50
Minimum throttle percentage: 3"
Information,11/12/2022 20:39:51,Microsoft-Windows-Kernel-Processor-Power,55,(47),"Processor 11 in group 0 exposes the following power management capabilities:

Idle state type: ACPI Idle (C) States (3 state(s))

Performance state type: ACPI Collaborative Processor Performance Control
Nominal Frequency (MHz): 2100
Maximum performance percentage: 234
Minimum performance percentage: 50
Minimum throttle percentage: 3"
Information,11/12/2022 20:39:51,Microsoft-Windows-Kernel-Processor-Power,55,(47),"Processor 10 in group 0 exposes the following power management capabilities:

Idle state type: ACPI Idle (C) States (3 state(s))

Performance state type: ACPI Collaborative Processor Performance Control
Nominal Frequency (MHz): 2100
Maximum performance percentage: 234
Minimum performance percentage: 50
Minimum throttle percentage: 3"
Information,11/12/2022 20:39:51,Microsoft-Windows-Kernel-Processor-Power,55,(47),"Processor 9 in group 0 exposes the following power management capabilities:

Idle state type: ACPI Idle (C) States (3 state(s))

Performance state type: ACPI Collaborative Processor Performance Control
Nominal Frequency (MHz): 2100
Maximum performance percentage: 242
Minimum performance percentage: 50
Minimum throttle percentage: 3"
Information,11/12/2022 20:39:51,Microsoft-Windows-Kernel-Processor-Power,55,(47),"Processor 8 in group 0 exposes the following power management capabilities:

Idle state type: ACPI Idle (C) States (3 state(s))

Performance state type: ACPI Collaborative Processor Performance Control
Nominal Frequency (MHz): 2100
Maximum performance percentage: 242
Minimum performance percentage: 50
Minimum throttle percentage: 3"
Information,11/12/2022 20:39:51,Microsoft-Windows-Kernel-Processor-Power,55,(47),"Processor 7 in group 0 exposes the following power management capabilities:

Idle state type: ACPI Idle (C) States (3 state(s))

Performance state type: ACPI Collaborative Processor Performance Control
Nominal Frequency (MHz): 2100
Maximum performance percentage: 234
Minimum performance percentage: 50
Minimum throttle percentage: 3"
Information,11/12/2022 20:39:51,Microsoft-Windows-Kernel-Processor-Power,55,(47),"Processor 6 in group 0 exposes the following power management capabilities:

Idle state type: ACPI Idle (C) States (3 state(s))

Performance state type: ACPI Collaborative Processor Performance Control
Nominal Frequency (MHz): 2100
Maximum performance percentage: 234
Minimum performance percentage: 50
Minimum throttle percentage: 3"
Information,11/12/2022 20:39:51,Microsoft-Windows-Kernel-Processor-Power,55,(47),"Processor 5 in group 0 exposes the following power management capabilities:

Idle state type: ACPI Idle (C) States (3 state(s))

Performance state type: ACPI Collaborative Processor Performance Control
Nominal Frequency (MHz): 2100
Maximum performance percentage: 234
Minimum performance percentage: 50
Minimum throttle percentage: 3"
Information,11/12/2022 20:39:51,Microsoft-Windows-Kernel-Processor-Power,55,(47),"Processor 4 in group 0 exposes the following power management capabilities:

Idle state type: ACPI Idle (C) States (3 state(s))

Performance state type: ACPI Collaborative Processor Performance Control
Nominal Frequency (MHz): 2100
Maximum performance percentage: 234
Minimum performance percentage: 50
Minimum throttle percentage: 3"
Information,11/12/2022 20:39:51,Microsoft-Windows-Kernel-Processor-Power,55,(47),"Processor 3 in group 0 exposes the following power management capabilities:

Idle state type: ACPI Idle (C) States (3 state(s))

Performance state type: ACPI Collaborative Processor Performance Control
Nominal Frequency (MHz): 2100
Maximum performance percentage: 234
Minimum performance percentage: 50
Minimum throttle percentage: 3"
Information,11/12/2022 20:39:51,Microsoft-Windows-Kernel-Processor-Power,55,(47),"Processor 2 in group 0 exposes the following power management capabilities:

Idle state type: ACPI Idle (C) States (3 state(s))

Performance state type: ACPI Collaborative Processor Performance Control
Nominal Frequency (MHz): 2100
Maximum performance percentage: 234
Minimum performance percentage: 50
Minimum throttle percentage: 3"
Information,11/12/2022 20:39:51,Microsoft-Windows-Kernel-Processor-Power,55,(47),"Processor 1 in group 0 exposes the following power management capabilities:

Idle state type: ACPI Idle (C) States (3 state(s))

Performance state type: ACPI Collaborative Processor Performance Control
Nominal Frequency (MHz): 2100
Maximum performance percentage: 234
Minimum performance percentage: 50
Minimum throttle percentage: 3"
Information,11/12/2022 20:39:51,Microsoft-Windows-Kernel-Processor-Power,55,(47),"Processor 0 in group 0 exposes the following power management capabilities:

Idle state type: ACPI Idle (C) States (3 state(s))

Performance state type: ACPI Collaborative Processor Performance Control
Nominal Frequency (MHz): 2100
Maximum performance percentage: 234
Minimum performance percentage: 50
Minimum throttle percentage: 3"
Information,11/12/2022 20:39:51,Microsoft-Windows-FilterManager,6,None,"File System Filter 'FileCrypt' (10.0, ‎1983‎-‎08‎-‎19T02:58:35.000000000Z) has successfully loaded and registered with Filter Manager."
Information,11/12/2022 20:39:51,Microsoft-Windows-FilterManager,6,None,"File System Filter 'WinSetupMon' (10.0, ‎2004‎-‎06‎-‎10T21:34:16.000000000Z) has successfully loaded and registered with Filter Manager."
Information,11/12/2022 20:39:44,Microsoft-Windows-Ntfs,98,None,Volume C: (\Device\HarddiskVolume3) is healthy.  No action is needed.
Information,11/12/2022 20:39:43,Microsoft-Windows-FilterManager,6,None,"File System Filter 'Wof' (10.0, ‎2056‎-‎07‎-‎23T06:11:08.000000000Z) has successfully loaded and registered with Filter Manager."
Information,11/12/2022 20:39:43,Microsoft-Windows-FilterManager,6,None,"File System Filter 'FileInfo' (10.0, ‎2079‎-‎02‎-‎26T22:03:00.000000000Z) has successfully loaded and registered with Filter Manager."
Information,11/12/2022 20:39:43,Microsoft-Windows-FilterManager,6,None,"File System Filter 'WinSetupBoot' (10.0, ‎1996‎-‎04‎-‎25T07:56:25.000000000Z) has successfully loaded and registered with Filter Manager."
Information,11/12/2022 20:39:42,Microsoft-Windows-HAL,16,None,The iommu fault reporting has been initialized.
Information,11/12/2022 20:39:42,Microsoft-Windows-Kernel-General,20,(6),"The leap second configuration has been updated.
Reason: Leap second data initialized from registry during boot
Leap seconds enabled: true
New leap second count: 0
Old leap second count: 0"
Information,11/12/2022 20:39:42,Microsoft-Windows-Kernel-Boot,30,(21),The firmware reported boot metrics.
Information,11/12/2022 20:39:42,Microsoft-Windows-Kernel-Boot,27,(33),The boot type was 0x0.
Information,11/12/2022 20:39:42,Microsoft-Windows-Kernel-Boot,25,(32),The boot menu policy was 0x1.
Information,11/12/2022 20:39:42,Microsoft-Windows-Kernel-Boot,238,(101),EFI time zone bias: 2047. Daylight flags: 0. Firmware time: ‎2022‎-‎12‎-‎11T20:39:41.000000000Z.
Information,11/12/2022 20:39:42,Microsoft-Windows-Kernel-Boot,20,(31),The last shutdown's success status was true. The last boot's success status was true.
Information,11/12/2022 20:39:42,Microsoft-Windows-Kernel-Boot,32,(58),The bootmgr spent 0 ms waiting for user input.
Information,11/12/2022 20:39:42,Microsoft-Windows-Kernel-Boot,26,None,A one-time boot sequence was used during this boot.
Information,11/12/2022 20:39:42,Microsoft-Windows-Kernel-Boot,153,(62),Virtualization-based security (policies: 0) is disabled.
Information,11/12/2022 20:39:42,Microsoft-Windows-Kernel-General,12,(1),The operating system started at system time ‎2022‎-‎12‎-‎11T20:39:42.500000000Z.
Information,11/12/2022 20:40:11,EventLog,6013,None,The system uptime is 29 seconds.
Information,11/12/2022 20:40:11,EventLog,6005,None,The Event log service was started.
Information,11/12/2022 20:40:11,EventLog,6009,None,Microsoft (R) Windows (R) 10.00. 22621  Multiprocessor Free.
