Warning,11/12/2022 20:52:21,Microsoft-Windows-Kernel-PnP,225,(223),"The application \Device\HarddiskVolume3\Program Files (x86)\Microsoft\Edge\Application\msedge.exe with process id 18656 stopped the removal or ejection for the device PCI\VEN_8086&DEV_467F&SUBSYS_86941043&REV_00\3&11583659&0&70.
Process command line: ""C:\Program Files (x86)\Microsoft\Edge\Application\msedge.exe"" --type=gpu-process --gpu-preferences=UAAAAAAAAADgAAAYAAAAAAAAAAAAAAAAAABgAAAAAAAwAAAAAAAAAAAAAAAQAAAAAAAAAAAAAAAAAAAAAAAAAEgAAAAAAAAASAAAAAAAAAAYAAAAAgAAABAAAAAAAAAAGAAAAAAAAAAQAAAAAAAAAAAAAAAOAAAAEAAAAAAAAAABAAAADgAAAAgAAAAAAAAACAAAAAAAAAA= --mojo-platform-channel-handle=1980 --field-trial-handle=2128,i,11415063378587630566,2673934203677735626,131072 /prefetch:2
List of affected devices:
"
Warning,11/12/2022 20:52:21,Microsoft-Windows-Kernel-PnP,225,(223),"The application \Device\HarddiskVolume3\Program Files\WindowsApps\RealtekSemiconductorCorp.RealtekAudioControl_1.30.258.0_x64__dt26b99r8h8gj\RtkUWP.exe with process id 18580 stopped the removal or ejection for the device PCI\VEN_8086&DEV_467F&SUBSYS_86941043&REV_00\3&11583659&0&70.
Process command line: ""C:\Program Files\WindowsApps\RealtekSemiconductorCorp.RealtekAudioControl_1.30.258.0_x64__dt26b99r8h8gj\RtkUWP.exe"" -ServerName:App.AppX2vzv616czv2j97f46vn25b5ksjvhr8z1.mca
List of affected devices:
"
Warning,11/12/2022 20:52:21,Microsoft-Windows-Kernel-PnP,225,(223),"The application \Device\HarddiskVolume3\Windows\System32\svchost.exe with process id 18252 stopped the removal or ejection for the device PCI\VEN_8086&DEV_467F&SUBSYS_86941043&REV_00\3&11583659&0&70.
Process command line: C:\WINDOWS\system32\svchost.exe -k LocalService -p -s NPSMSvc
List of affected devices:
"
Warning,11/12/2022 20:52:21,Microsoft-Windows-Kernel-PnP,225,(223),"The application \Device\HarddiskVolume3\Program Files (x86)\Microsoft\Edge\Application\msedge.exe with process id 18244 stopped the removal or ejection for the device PCI\VEN_8086&DEV_467F&SUBSYS_86941043&REV_00\3&11583659&0&70.
Process command line: ""C:\Program Files (x86)\Microsoft\Edge\Application\msedge.exe"" --type=crashpad-handler ""--user-data-dir=C:\Users\Abdo\AppData\Local\Microsoft\Edge\User Data"" /prefetch:7 --monitor-self-annotation=ptype=crashpad-handler ""--database=C:\Users\Abdo\AppData\Local\Microsoft\Edge\User Data\Crashpad"" --annotation=IsOfficialBuild=1 --annotation=channel= --annotation=chromium-version=108.0.5359.99 ""--annotation=exe=C:\Program Files (x86)\Microsoft\Edge\Application\msedge.exe"" --annotation=plat=Win64 ""--annotation=prod=Microsoft Edge"" --annotation=ver=108.0.1462.46 --initial-client-data=0x120,0x124,0x128,0xfc,0x130,0x7ff8ec20f2e8,0x7ff8ec20f2f8,0x7ff8ec20f308
List of affected devices:
"
Warning,11/12/2022 20:52:21,Microsoft-Windows-Kernel-PnP,225,(223),"The application \Device\HarddiskVolume3\Program Files (x86)\Microsoft\Edge\Application\msedge.exe with process id 18216 stopped the removal or ejection for the device PCI\VEN_8086&DEV_467F&SUBSYS_86941043&REV_00\3&11583659&0&70.
Process command line: ""C:\Program Files (x86)\Microsoft\Edge\Application\msedge.exe"" --no-startup-window --win-session-start /prefetch:5
List of affected devices:
"
Warning,11/12/2022 20:52:21,Microsoft-Windows-Kernel-PnP,225,(223),"The application \Device\HarddiskVolume3\Users\Abdo\AppData\Roaming\Spotify\Spotify.exe with process id 18128 stopped the removal or ejection for the device PCI\VEN_8086&DEV_467F&SUBSYS_86941043&REV_00\3&11583659&0&70.
Process command line: ""C:\Users\Abdo\AppData\Roaming\Spotify\Spotify.exe"" --type=renderer --log-severity=disable --user-agent-product=""Chrome/106.0.5249.119 Spotify/1.2.0.1165"" --disable-spell-checking --user-data-dir=""C:\Users\Abdo\AppData\Local\Spotify\User Data"" --first-renderer-process --log-file=""C:\Users\Abdo\AppData\Roaming\Spotify\debug.log"" --lang=en-US --device-scale-factor=1 --num-raster-threads=4 --enable-main-frame-before-activation --renderer-client-id=5 --time-ticks-at-unix-epoch=-1670791181979519 --launch-time-ticks=261802810 --mojo-platform-channel-handle=4024 --field-trial-handle=1844,i,2905064138444673309,17549695099947377480,131072 --disable-features=BackForwardCache,CalculateNativeWinOcclusion,WinUseBrowserSpellChecker /prefetch:1
List of affected devices:
"
Warning,11/12/2022 20:52:21,Microsoft-Windows-Kernel-PnP,225,(223),"The application \Device\HarddiskVolume3\Users\Abdo\AppData\Local\Programs\Microsoft VS Code\Code.exe with process id 18064 stopped the removal or ejection for the device PCI\VEN_8086&DEV_467F&SUBSYS_86941043&REV_00\3&11583659&0&70.
Process command line: ""C:\Users\Abdo\AppData\Local\Programs\Microsoft VS Code\Code.exe"" --ms-enable-electron-run-as-node ""c:\Users\Abdo\AppData\Local\Programs\Microsoft VS Code\resources\app\out\bootstrap-fork"" --type=ptyHost --logsPath C:\Users\Abdo\AppData\Roaming\Code\logs\20221211T204647
List of affected devices:
"
Warning,11/12/2022 20:52:21,Microsoft-Windows-Kernel-PnP,225,(223),"The application \Device\HarddiskVolume3\Program Files\Google\Chrome\Application\chrome.exe with process id 17808 stopped the removal or ejection for the device PCI\VEN_8086&DEV_467F&SUBSYS_86941043&REV_00\3&11583659&0&70.
Process command line: ""C:\Program Files\Google\Chrome\Application\chrome.exe"" --type=crashpad-handler ""--user-data-dir=C:\Users\Abdo\AppData\Local\Google\Chrome\User Data"" /prefetch:7 --monitor-self-annotation=ptype=crashpad-handler ""--database=C:\Users\Abdo\AppData\Local\Google\Chrome\User Data\Crashpad"" ""--metrics-dir=C:\Users\Abdo\AppData\Local\Google\Chrome\User Data"" --url=https://clients2.google.com/cr/report --annotation=channel= --annotation=plat=Win64 --annotation=prod=Chrome --annotation=ver=108.0.5359.99 --initial-client-data=0x12c,0x130,0x134,0xa8,0x138,0x7ff8f8ea7e68,0x7ff8f8ea7e78,0x7ff8f8ea7e88
List of affected devices:
"
Warning,11/12/2022 20:52:21,Microsoft-Windows-Kernel-PnP,225,(223),"The application \Device\HarddiskVolume3\Windows\System32\rundll32.exe with process id 17668 stopped the removal or ejection for the device PCI\VEN_8086&DEV_467F&SUBSYS_86941043&REV_00\3&11583659&0&70.
Process command line: rundll32.exe ""c:\program files\nvidia corporation\nvstreamsrv\rxdiag.dll"" RxDiagSetRuntimeMessagePump
List of affected devices:
"
Warning,11/12/2022 20:52:21,Microsoft-Windows-Kernel-PnP,225,(223),"The application \Device\HarddiskVolume3\Program Files\Send Anywhere\Send Anywhere.exe with process id 17624 stopped the removal or ejection for the device PCI\VEN_8086&DEV_467F&SUBSYS_86941043&REV_00\3&11583659&0&70.
Process command line: ""C:\Program Files\Send Anywhere\Send Anywhere.exe"" --tray
List of affected devices:
"
Warning,11/12/2022 20:52:21,Microsoft-Windows-Kernel-PnP,225,(223),"The application \Device\HarddiskVolume3\Users\Abdo\AppData\Roaming\Spotify\Spotify.exe with process id 17592 stopped the removal or ejection for the device PCI\VEN_8086&DEV_467F&SUBSYS_86941043&REV_00\3&11583659&0&70.
Process command line: ""C:\Users\Abdo\AppData\Roaming\Spotify\Spotify.exe"" --type=utility --utility-sub-type=network.mojom.NetworkService --lang=en-US --service-sandbox-type=none --log-severity=disable --user-agent-product=""Chrome/106.0.5249.119 Spotify/1.2.0.1165"" --lang=en --user-data-dir=""C:\Users\Abdo\AppData\Local\Spotify\User Data"" --log-file=""C:\Users\Abdo\AppData\Roaming\Spotify\debug.log"" --mojo-platform-channel-handle=3108 --field-trial-handle=1844,i,2905064138444673309,17549695099947377480,131072 --disable-features=BackForwardCache,CalculateNativeWinOcclusion,WinUseBrowserSpellChecker /prefetch:8
List of affected devices:
"
Warning,11/12/2022 20:52:21,Microsoft-Windows-Kernel-PnP,225,(223),"The application \Device\HarddiskVolume3\Users\Abdo\AppData\Roaming\Spotify\Spotify.exe with process id 17564 stopped the removal or ejection for the device PCI\VEN_8086&DEV_467F&SUBSYS_86941043&REV_00\3&11583659&0&70.
Process command line: ""C:\Users\Abdo\AppData\Roaming\Spotify\Spotify.exe"" --type=utility --utility-sub-type=storage.mojom.StorageService --lang=en-US --service-sandbox-type=utility --log-severity=disable --user-agent-product=""Chrome/106.0.5249.119 Spotify/1.2.0.1165"" --lang=en --user-data-dir=""C:\Users\Abdo\AppData\Local\Spotify\User Data"" --log-file=""C:\Users\Abdo\AppData\Roaming\Spotify\debug.log"" --mojo-platform-channel-handle=2628 --field-trial-handle=1844,i,2905064138444673309,17549695099947377480,131072 --disable-features=BackForwardCache,CalculateNativeWinOcclusion,WinUseBrowserSpellChecker /prefetch:8
List of affected devices:
"
Warning,11/12/2022 20:52:21,Microsoft-Windows-Kernel-PnP,225,(223),"The application \Device\HarddiskVolume3\Program Files\NVIDIA Corporation\NVIDIA GeForce Experience\NVIDIA GeForce Experience.exe with process id 17508 stopped the removal or ejection for the device PCI\VEN_8086&DEV_467F&SUBSYS_86941043&REV_00\3&11583659&0&70.
Process command line: ""C:\Program Files\NVIDIA Corporation\NVIDIA GeForce Experience\NVIDIA GeForce Experience.exe"" --type=gpu-process --field-trial-handle=1472,17976550817719685980,13613312868254400600,131072 --no-sandbox --log-file=""C:\Users\Abdo\AppData\Local\NVIDIA Corporation\NVIDIA GeForce Experience\debug.log"" --lang=en-US --gpu-preferences=KAAAAAAAAACACwAAAQAAAAAAAAAAAGAAAAAAAAEAAAAIAAAAAAAAACgAAAAEAAAAIAAAAAAAAAAoAAAAAAAAADAAAAAAAAAAOAAAAAAAAAAQAAAAAAAAAAAAAAAFAAAAEAAAAAAAAAAAAAAABgAAABAAAAAAAAAAAQAAAAUAAAAQAAAAAAAAAAEAAAAGAAAA --log-file=""C:\Users\Abdo\AppData\Local\NVIDIA Corporation\NVIDIA GeForce Experience\debug.log"" --service-request-channel-token=15730947922994083805 --mojo-platform-channel-handle=1548 /prefetch:2
List of affected devices:
"
Warning,11/12/2022 20:52:21,Microsoft-Windows-Kernel-PnP,225,(223),"The application \Device\HarddiskVolume3\Windows\System32\RuntimeBroker.exe with process id 17344 stopped the removal or ejection for the device PCI\VEN_8086&DEV_467F&SUBSYS_86941043&REV_00\3&11583659&0&70.
Process command line: C:\Windows\System32\RuntimeBroker.exe -Embedding
List of affected devices:
"
Warning,11/12/2022 20:52:21,Microsoft-Windows-Kernel-PnP,225,(223),"The application \Device\HarddiskVolume3\Windows\System32\svchost.exe with process id 17336 stopped the removal or ejection for the device PCI\VEN_8086&DEV_467F&SUBSYS_86941043&REV_00\3&11583659&0&70.
Process command line: C:\WINDOWS\System32\svchost.exe -k swprv
List of affected devices:
"
Warning,11/12/2022 20:52:21,Microsoft-Windows-Kernel-PnP,225,(223),"The application \Device\HarddiskVolume3\Users\Abdo\AppData\Local\Programs\Microsoft VS Code\Code.exe with process id 17192 stopped the removal or ejection for the device PCI\VEN_8086&DEV_467F&SUBSYS_86941043&REV_00\3&11583659&0&70.
Process command line: ""C:\Users\Abdo\AppData\Local\Programs\Microsoft VS Code\Code.exe"" --type=renderer --user-data-dir=""C:\Users\Abdo\AppData\Roaming\Code"" --standard-schemes=vscode-webview,vscode-file --secure-schemes=vscode-webview,vscode-file --bypasscsp-schemes --cors-schemes=vscode-webview,vscode-file --fetch-schemes=vscode-webview,vscode-file --service-worker-schemes=vscode-webview --streaming-schemes --app-user-model-id=Microsoft.VisualStudioCode --app-path=""C:\Users\Abdo\AppData\Local\Programs\Microsoft VS Code\resources\app"" --no-sandbox --no-zygote --node-integration-in-worker --lang=en-US --device-scale-factor=1 --num-raster-threads=4 --enable-main-frame-before-activation --renderer-client-id=5 --launch-time-ticks=426396109 --mojo-platform-channel-handle=2868 --field-trial-handle=1656,i,4823239250553449489,2757557819133277046,131072 --enable-features=AutoDisableAccessibility --disable-features=CalculateNativeWinOcclusion,SpareRendererForSitePerProcess,WinRetrieveSuggestionsOnlyOnDemand --vscode-window-config=vscode:a947864d-09ab-4e90-a52e-95721fabe5ed --vscode-window-kind=shared-process /prefetch:1
List of affected devices:
"
Warning,11/12/2022 20:52:21,Microsoft-Windows-Kernel-PnP,225,(223),"The application \Device\HarddiskVolume3\Users\Abdo\AppData\Local\Discord\app-1.0.9008\Discord.exe with process id 17024 stopped the removal or ejection for the device PCI\VEN_8086&DEV_467F&SUBSYS_86941043&REV_00\3&11583659&0&70.
Process command line: ""C:\Users\Abdo\AppData\Local\Discord\app-1.0.9008\Discord.exe"" --type=utility --utility-sub-type=network.mojom.NetworkService --field-trial-handle=1624,8631233233689049490,13425662470868929798,131072 --disable-features=CookiesWithoutSameSiteMustBeSecure,HardwareMediaKeyHandling,MediaSessionService,SameSiteByDefaultCookies,SpareRendererForSitePerProcess,WinRetrieveSuggestionsOnlyOnDemand --lang=en-GB --service-sandbox-type=none --mojo-platform-channel-handle=2124 /prefetch:8
List of affected devices:
"
Warning,11/12/2022 20:52:21,Microsoft-Windows-Kernel-PnP,225,(223),"The application \Device\HarddiskVolume3\Users\Abdo\AppData\Local\Discord\app-1.0.9008\Discord.exe with process id 16952 stopped the removal or ejection for the device PCI\VEN_8086&DEV_467F&SUBSYS_86941043&REV_00\3&11583659&0&70.
Process command line: ""C:\Users\Abdo\AppData\Local\Discord\app-1.0.9008\Discord.exe"" --type=renderer --autoplay-policy=no-user-gesture-required --field-trial-handle=1624,8631233233689049490,13425662470868929798,131072 --disable-features=CookiesWithoutSameSiteMustBeSecure,HardwareMediaKeyHandling,MediaSessionService,SameSiteByDefaultCookies,SpareRendererForSitePerProcess,WinRetrieveSuggestionsOnlyOnDemand --lang=en-GB --app-user-model-id=com.squirrel.Discord.Discord --app-path=""C:\Users\Abdo\AppData\Local\Discord\app-1.0.9008\resources\app.asar"" --no-sandbox --no-zygote --device-scale-factor=1 --num-raster-threads=4 --enable-main-frame-before-activation --renderer-client-id=5 --no-v8-untrusted-code-mitigations --mojo-platform-channel-handle=3028 /prefetch:1 --enable-node-leakage-in-renderers
List of affected devices:
"
Warning,11/12/2022 20:52:21,Microsoft-Windows-Kernel-PnP,225,(223),"The application \Device\HarddiskVolume3\Program Files\WindowsApps\Microsoft.Windows.Photos_2022.30100.19004.0_x64__8wekyb3d8bbwe\Microsoft.Photos.exe with process id 16828 stopped the removal or ejection for the device PCI\VEN_8086&DEV_467F&SUBSYS_86941043&REV_00\3&11583659&0&70.
Process command line: ""C:\Program Files\WindowsApps\Microsoft.Windows.Photos_2022.30100.19004.0_x64__8wekyb3d8bbwe\Microsoft.Photos.exe"" -ServerName:App.AppXzst44mncqdg84v7sv6p7yznqwssy6f7f.mca
List of affected devices:
"
Warning,11/12/2022 20:52:21,Microsoft-Windows-Kernel-PnP,225,(223),"The application \Device\HarddiskVolume3\Windows\System32\svchost.exe with process id 16772 stopped the removal or ejection for the device PCI\VEN_8086&DEV_467F&SUBSYS_86941043&REV_00\3&11583659&0&70.
Process command line: C:\WINDOWS\system32\svchost.exe -k netsvcs -p -s seclogon
List of affected devices:
"
Warning,11/12/2022 20:52:21,Microsoft-Windows-Kernel-PnP,225,(223),"The application \Device\HarddiskVolume3\Windows\System32\RuntimeBroker.exe with process id 16592 stopped the removal or ejection for the device PCI\VEN_8086&DEV_467F&SUBSYS_86941043&REV_00\3&11583659&0&70.
Process command line: C:\Windows\System32\RuntimeBroker.exe -Embedding
List of affected devices:
"
Warning,11/12/2022 20:52:21,Microsoft-Windows-Kernel-PnP,225,(223),"The application \Device\HarddiskVolume3\Windows\System32\NhNotifSys.exe with process id 16576 stopped the removal or ejection for the device PCI\VEN_8086&DEV_467F&SUBSYS_86941043&REV_00\3&11583659&0&70.
Process command line: ""C:\WINDOWS\system32\NhNotifSys.exe"" /app sonicstudio /wait-install
List of affected devices:
"
Warning,11/12/2022 20:52:21,Microsoft-Windows-Kernel-PnP,225,(223),"The application \Device\HarddiskVolume3\Users\Abdo\AppData\Local\Programs\Microsoft VS Code\Code.exe with process id 16528 stopped the removal or ejection for the device PCI\VEN_8086&DEV_467F&SUBSYS_86941043&REV_00\3&11583659&0&70.
Process command line: ""C:\Users\Abdo\AppData\Local\Programs\Microsoft VS Code\Code.exe"" --ms-enable-electron-run-as-node c:\Users\Abdo\.vscode\extensions\ms-python.vscode-pylance-2022.12.20\dist\server.bundle.js --cancellationReceive=file:31769660b3a504073849802fddc19f1c56fa9dd999 --node-ipc --clientProcessId=12712
List of affected devices:
"
Warning,11/12/2022 20:52:21,Microsoft-Windows-Kernel-PnP,225,(223),"The application \Device\HarddiskVolume3\Program Files (x86)\Steam\bin\cef\cef.win7x64\steamwebhelper.exe with process id 16480 stopped the removal or ejection for the device PCI\VEN_8086&DEV_467F&SUBSYS_86941043&REV_00\3&11583659&0&70.
Process command line: ""C:\Program Files (x86)\Steam\bin\cef\cef.win7x64\steamwebhelper.exe"" --type=renderer --log-file=""C:\Program Files (x86)\Steam\logs\cef_log.txt"" --field-trial-handle=1740,11461449682708422276,7122622608747715128,131072 --enable-features=CastMediaRouteProvider --disable-features=SameSiteByDefaultCookies --enable-blink-features=ResizeObserver,Worklet,AudioWorklet --disable-blink-features=Badging --lang=en-GB --log-file=""C:\Program Files (x86)\Steam\logs\cef_log.txt"" --product-version=""Valve Steam Client"" --buildid=1669935987 --steamid=0 --device-scale-factor=1 --num-raster-threads=4 --enable-main-frame-before-activation --renderer-client-id=5 --mojo-platform-channel-handle=2780 /prefetch:1
List of affected devices:
"
Warning,11/12/2022 20:52:21,Microsoft-Windows-Kernel-PnP,225,(223),"The application \Device\HarddiskVolume3\Program Files\ASUS\AacMB\Aac3572MbHal_x86.exe with process id 16264 stopped the removal or ejection for the device PCI\VEN_8086&DEV_467F&SUBSYS_86941043&REV_00\3&11583659&0&70.
Process command line: ""C:\Program Files\ASUS\AacMB\Aac3572MbHal_x86.exe"" -Embedding
List of affected devices:
"
Warning,11/12/2022 20:52:21,Microsoft-Windows-Kernel-PnP,225,(223),"The application \Device\HarddiskVolume3\ProgramData\NVIDIA Corporation\Downloader\8741770ad4cb4fef6131e1ae626a78b9_extracted\setup.exe with process id 16156 stopped the removal or ejection for the device PCI\VEN_8086&DEV_467F&SUBSYS_86941043&REV_00\3&11583659&0&70.
Process command line: ""C:\ProgramData\NVIDIA Corporation\Downloader\8741770ad4cb4fef6131e1ae626a78b9_extracted\setup.exe"" -uiextension:""C:\Program Files\NVIDIA Corporation\NVIDIA GeForce Experience\InstallerExtension.dll"" -custominvokerid:5 -loglevel:6 -log:""C:\ProgramData\NVIDIA Corporation\GeForce Experience\Logs"" -gfexperienceinitiated -enableTelemetry:true
List of affected devices:
"
Warning,11/12/2022 20:52:21,Microsoft-Windows-Kernel-PnP,225,(223),"The application \Device\HarddiskVolume3\Program Files\NVIDIA Corporation\NvContainer\nvcontainer.exe with process id 16112 stopped the removal or ejection for the device PCI\VEN_8086&DEV_467F&SUBSYS_86941043&REV_00\3&11583659&0&70.
Process command line: ""C:\Program Files\NVIDIA Corporation\NvContainer\nvcontainer.exe"" -f ""C:\ProgramData\NVIDIA\NvContainerUser%d.log"" -d ""C:\Program Files\NVIDIA Corporation\NvContainer\plugins\User"" -r -l 3 -p 30000 -st ""C:\Program Files\NVIDIA Corporation\NvContainer\NvContainerTelemetryApi.dll"" -c
List of affected devices:
"
Warning,11/12/2022 20:52:21,Microsoft-Windows-Kernel-PnP,225,(223),"The application \Device\HarddiskVolume3\Windows\ImmersiveControlPanel\SystemSettings.exe with process id 16108 stopped the removal or ejection for the device PCI\VEN_8086&DEV_467F&SUBSYS_86941043&REV_00\3&11583659&0&70.
Process command line: ""C:\Windows\ImmersiveControlPanel\SystemSettings.exe"" -ServerName:microsoft.windows.immersivecontrolpanel
List of affected devices:
"
Warning,11/12/2022 20:52:21,Microsoft-Windows-Kernel-PnP,225,(223),"The application \Device\HarddiskVolume3\Program Files\Google\Chrome\Application\chrome.exe with process id 16016 stopped the removal or ejection for the device PCI\VEN_8086&DEV_467F&SUBSYS_86941043&REV_00\3&11583659&0&70.
Process command line: ""C:\Program Files\Google\Chrome\Application\chrome.exe"" --type=renderer --extension-process --disable-gpu-compositing --lang=en-GB --device-scale-factor=1 --num-raster-threads=4 --enable-main-frame-before-activation --renderer-client-id=20 --time-ticks-at-unix-epoch=-1670791181978875 --launch-time-ticks=585106678 --mojo-platform-channel-handle=3592 --field-trial-handle=1892,i,1819214950899268311,10826902901645651641,131072 /prefetch:1
List of affected devices:
"
Warning,11/12/2022 20:52:21,Microsoft-Windows-Kernel-PnP,225,(223),"The application \Device\HarddiskVolume3\Program Files\NVIDIA Corporation\NVIDIA GeForce Experience\NVIDIA Share.exe with process id 15872 stopped the removal or ejection for the device PCI\VEN_8086&DEV_467F&SUBSYS_86941043&REV_00\3&11583659&0&70.
Process command line: ""C:\Program Files\NVIDIA Corporation\NVIDIA GeForce Experience\NVIDIA Share.exe"" --type=gpu-process --field-trial-handle=2140,12948725552207975094,7692524745985481076,131072 --disable-features=VizDisplayCompositor --no-sandbox --log-file=""C:\Users\Abdo\AppData\Local\NVIDIA Corporation\NVIDIA Share\debug.log"" --lang=en-US --gpu-preferences=KAAAAAAAAACACwAAAQAAAAAAAAAAAGAAAAAAAAEAAAAIAAAAAAAAACgAAAAEAAAAIAAAAAAAAAAoAAAAAAAAADAAAAAAAAAAOAAAAAAAAAAQAAAAAAAAAAAAAAAFAAAAEAAAAAAAAAAAAAAABgAAABAAAAAAAAAAAQAAAAUAAAAQAAAAAAAAAAEAAAAGAAAA --log-file=""C:\Users\Abdo\AppData\Local\NVIDIA Corporation\NVIDIA Share\debug.log"" --service-request-channel-token=9083774103051843223 --mojo-platform-channel-handle=2160 /prefetch:2
List of affected devices:
"
Warning,11/12/2022 20:52:21,Microsoft-Windows-Kernel-PnP,225,(223),"The application \Device\HarddiskVolume3\Windows\System32\DriverStore\FileRepository\nv_dispi.inf_amd64_f52c4b8723f8dd33\Display.NvContainer\NVDisplay.Container.exe with process id 15840 stopped the removal or ejection for the device PCI\VEN_8086&DEV_467F&SUBSYS_86941043&REV_00\3&11583659&0&70.
Process command line: C:\WINDOWS\System32\DriverStore\FileRepository\nv_dispi.inf_amd64_f52c4b8723f8dd33\Display.NvContainer\NVDisplay.Container.exe -s NVDisplay.ContainerLocalSystem -f C:\ProgramData\NVIDIA\NVDisplay.ContainerLocalSystem.log -l 3 -d C:\WINDOWS\System32\DriverStore\FileRepository\nv_dispi.inf_amd64_f52c4b8723f8dd33\Display.NvContainer\plugins\LocalSystem -r -p 30000 -cfg NVDisplay.ContainerLocalSystem\LocalSystem
List of affected devices:
"
Warning,11/12/2022 20:52:21,Microsoft-Windows-Kernel-PnP,225,(223),"The application \Device\HarddiskVolume3\Program Files (x86)\ASUS\ArmouryDevice\dll\SwAgent\ArmourySwAgent.exe with process id 14324 stopped the removal or ejection for the device PCI\VEN_8086&DEV_467F&SUBSYS_86941043&REV_00\3&11583659&0&70.
Process command line: ""C:\Program Files (x86)\ASUS\ArmouryDevice\dll\SwAgent\ArmourySwAgent.exe"" -s
List of affected devices:
"
Warning,11/12/2022 20:52:21,Microsoft-Windows-Kernel-PnP,225,(223),"The application \Device\HarddiskVolume3\Program Files\Google\Chrome\Application\chrome.exe with process id 14176 stopped the removal or ejection for the device PCI\VEN_8086&DEV_467F&SUBSYS_86941043&REV_00\3&11583659&0&70.
Process command line: ""C:\Program Files\Google\Chrome\Application\chrome.exe"" --type=gpu-process --gpu-preferences=UAAAAAAAAADgAAAYAAAAAAAAAAAAAAAAAABgAAAAAAAwAAAAAAAAAAAAAAAQAAAAAAAAAAAAAAAAAAAAAAAAAEgAAAAAAAAASAAAAAAAAAAYAAAAAgAAABAAAAAAAAAAGAAAAAAAAAAQAAAAAAAAAAAAAAAOAAAAEAAAAAAAAAABAAAADgAAAAgAAAAAAAAACAAAAAAAAAA= --mojo-platform-channel-handle=1784 --field-trial-handle=1892,i,1819214950899268311,10826902901645651641,131072 /prefetch:2
List of affected devices:
"
Warning,11/12/2022 20:52:21,Microsoft-Windows-Kernel-PnP,225,(223),"The application \Device\HarddiskVolume3\Program Files (x86)\Microsoft\EdgeWebView\Application\108.0.1462.46\msedgewebview2.exe with process id 13600 stopped the removal or ejection for the device PCI\VEN_8086&DEV_467F&SUBSYS_86941043&REV_00\3&11583659&0&70.
Process command line: ""C:\Program Files (x86)\Microsoft\EdgeWebView\Application\108.0.1462.46\msedgewebview2.exe"" --type=utility --utility-sub-type=storage.mojom.StorageService --lang=en-GB --service-sandbox-type=service --noerrdialogs --user-data-dir=""C:\Users\Abdo\AppData\Local\Packages\MicrosoftWindows.Client.WebExperience_cw5n1h2txyewy\LocalState\EBWebView"" --webview-exe-name=Widgets.exe --webview-exe-version=421.20070.165.0 --embedded-browser-webview=1 --embedded-browser-webview-dpi-awareness=2 --mojo-platform-channel-handle=2448 --field-trial-handle=2012,i,16480082884513940116,17280403259207541677,131072 /prefetch:8
List of affected devices:
"
Warning,11/12/2022 20:52:21,Microsoft-Windows-Kernel-PnP,225,(223),"The application \Device\HarddiskVolume3\Program Files (x86)\ASUS\ArmouryDevice\asus_framework.exe with process id 13588 stopped the removal or ejection for the device PCI\VEN_8086&DEV_467F&SUBSYS_86941043&REV_00\3&11583659&0&70.
Process command line: ""C:\Program Files (x86)\ASUS\ArmouryDevice\asus_framework.exe"" E:\snapshot\AC_Backend_Framework\build\src\main\sdk
List of affected devices:
"
Warning,11/12/2022 20:52:21,Microsoft-Windows-Kernel-PnP,225,(223),"The application \Device\HarddiskVolume3\Program Files\NVIDIA Corporation\ShadowPlay\nvsphelper64.exe with process id 13504 stopped the removal or ejection for the device PCI\VEN_8086&DEV_467F&SUBSYS_86941043&REV_00\3&11583659&0&70.
Process command line: ""C:\Program Files\NVIDIA Corporation\ShadowPlay\nvsphelper64.exe""
List of affected devices:
"
Warning,11/12/2022 20:52:21,Microsoft-Windows-Kernel-PnP,225,(223),"The application \Device\HarddiskVolume3\Program Files\Google\Chrome\Application\chrome.exe with process id 13476 stopped the removal or ejection for the device PCI\VEN_8086&DEV_467F&SUBSYS_86941043&REV_00\3&11583659&0&70.
Process command line: ""C:\Program Files\Google\Chrome\Application\chrome.exe"" --type=utility --utility-sub-type=storage.mojom.StorageService --lang=en-GB --service-sandbox-type=service --mojo-platform-channel-handle=2292 --field-trial-handle=1892,i,1819214950899268311,10826902901645651641,131072 /prefetch:8
List of affected devices:
"
Warning,11/12/2022 20:52:21,Microsoft-Windows-Kernel-PnP,225,(223),"The application \Device\HarddiskVolume3\Windows\System32\svchost.exe with process id 13140 stopped the removal or ejection for the device PCI\VEN_8086&DEV_467F&SUBSYS_86941043&REV_00\3&11583659&0&70.
Process command line: C:\WINDOWS\system32\svchost.exe -k UdkSvcGroup -s UdkUserSvc
List of affected devices:
"
Warning,11/12/2022 20:52:21,Microsoft-Windows-Kernel-PnP,225,(223),"The application \Device\HarddiskVolume3\Program Files\Google\Chrome\Application\chrome.exe with process id 13088 stopped the removal or ejection for the device PCI\VEN_8086&DEV_467F&SUBSYS_86941043&REV_00\3&11583659&0&70.
Process command line: ""C:\Program Files\Google\Chrome\Application\chrome.exe"" --type=utility --utility-sub-type=network.mojom.NetworkService --lang=en-GB --service-sandbox-type=none --mojo-platform-channel-handle=2100 --field-trial-handle=1892,i,1819214950899268311,10826902901645651641,131072 /prefetch:8
List of affected devices:
"
Warning,11/12/2022 20:52:21,Microsoft-Windows-Kernel-PnP,225,(223),"The application \Device\HarddiskVolume3\Windows\System32\RuntimeBroker.exe with process id 12948 stopped the removal or ejection for the device PCI\VEN_8086&DEV_467F&SUBSYS_86941043&REV_00\3&11583659&0&70.
Process command line: C:\Windows\System32\RuntimeBroker.exe -Embedding
List of affected devices:
"
Warning,11/12/2022 20:52:21,Microsoft-Windows-Kernel-PnP,225,(223),"The application \Device\HarddiskVolume3\Windows\System32\RuntimeBroker.exe with process id 12876 stopped the removal or ejection for the device PCI\VEN_8086&DEV_467F&SUBSYS_86941043&REV_00\3&11583659&0&70.
Process command line: C:\Windows\System32\RuntimeBroker.exe -Embedding
List of affected devices:
"
Warning,11/12/2022 20:52:21,Microsoft-Windows-Kernel-PnP,225,(223),"The application \Device\HarddiskVolume3\Windows\System32\oobe\UserOOBEBroker.exe with process id 12772 stopped the removal or ejection for the device PCI\VEN_8086&DEV_467F&SUBSYS_86941043&REV_00\3&11583659&0&70.
Process command line: C:\Windows\System32\oobe\UserOOBEBroker.exe -Embedding
List of affected devices:
"
Warning,11/12/2022 20:52:21,Microsoft-Windows-Kernel-PnP,225,(223),"The application \Device\HarddiskVolume3\Users\Abdo\AppData\Local\Programs\Microsoft VS Code\Code.exe with process id 12712 stopped the removal or ejection for the device PCI\VEN_8086&DEV_467F&SUBSYS_86941043&REV_00\3&11583659&0&70.
Process command line: ""C:\Users\Abdo\AppData\Local\Programs\Microsoft VS Code\Code.exe"" --ms-enable-electron-run-as-node --inspect-port=0 ""c:\Users\Abdo\AppData\Local\Programs\Microsoft VS Code\resources\app\out\bootstrap-fork"" --type=extensionHost --skipWorkspaceStorageLock
List of affected devices:
"
Warning,11/12/2022 20:52:21,Microsoft-Windows-Kernel-PnP,225,(223),"The application \Device\HarddiskVolume3\Windows\SystemApps\Microsoft.Windows.StartMenuExperienceHost_cw5n1h2txyewy\StartMenuExperienceHost.exe with process id 12656 stopped the removal or ejection for the device PCI\VEN_8086&DEV_467F&SUBSYS_86941043&REV_00\3&11583659&0&70.
Process command line: ""C:\Windows\SystemApps\Microsoft.Windows.StartMenuExperienceHost_cw5n1h2txyewy\StartMenuExperienceHost.exe"" -ServerName:App.AppXywbrabmsek0gm3tkwpr5kwzbs55tkqay.mca
List of affected devices:
"
Warning,11/12/2022 20:52:21,Microsoft-Windows-Kernel-PnP,225,(223),"The application \Device\HarddiskVolume3\Windows\SystemApps\MicrosoftWindows.Client.CBS_cw5n1h2txyewy\SearchHost.exe with process id 12608 stopped the removal or ejection for the device PCI\VEN_8086&DEV_467F&SUBSYS_86941043&REV_00\3&11583659&0&70.
Process command line: ""C:\Windows\SystemApps\MicrosoftWindows.Client.CBS_cw5n1h2txyewy\SearchHost.exe"" -ServerName:CortanaUI.AppXstmwaab17q5s3y22tp6apqz7a45vwv65.mca
List of affected devices:
"
Warning,11/12/2022 20:52:21,Microsoft-Windows-Kernel-PnP,225,(223),"The application \Device\HarddiskVolume3\Program Files\NVIDIA Corporation\NVIDIA GeForce Experience\NVIDIA GeForce Experience.exe with process id 12548 stopped the removal or ejection for the device PCI\VEN_8086&DEV_467F&SUBSYS_86941043&REV_00\3&11583659&0&70.
Process command line: ""C:\Program Files\NVIDIA Corporation\NVIDIA GeForce Experience\NVIDIA GeForce Experience.exe"" --type=renderer --no-sandbox --autoplay-policy=no-user-gesture-required --log-file=""C:\Users\Abdo\AppData\Local\NVIDIA Corporation\NVIDIA GeForce Experience\debug.log"" --field-trial-handle=1472,17976550817719685980,13613312868254400600,131072 --service-pipe-token=5385836408102769451 --lang=en-US --log-file=""C:\Users\Abdo\AppData\Local\NVIDIA Corporation\NVIDIA GeForce Experience\debug.log"" --device-scale-factor=1 --num-raster-threads=4 --enable-main-frame-before-activation --service-request-channel-token=5385836408102769451 --renderer-client-id=3 --mojo-platform-channel-handle=2764 /prefetch:1
List of affected devices:
"
Warning,11/12/2022 20:52:21,Microsoft-Windows-Kernel-PnP,225,(223),"The application \Device\HarddiskVolume3\Windows\System32\svchost.exe with process id 12540 stopped the removal or ejection for the device PCI\VEN_8086&DEV_467F&SUBSYS_86941043&REV_00\3&11583659&0&70.
Process command line: C:\WINDOWS\system32\svchost.exe -k netsvcs -p -s DsmSvc
List of affected devices:
"
Warning,11/12/2022 20:52:21,Microsoft-Windows-Kernel-PnP,225,(223),"The application \Device\HarddiskVolume3\Program Files\WindowsApps\MicrosoftWindows.Client.WebExperience_421.20070.195.0_x64__cw5n1h2txyewy\Dashboard\Widgets.exe with process id 12500 stopped the removal or ejection for the device PCI\VEN_8086&DEV_467F&SUBSYS_86941043&REV_00\3&11583659&0&70.
Process command line: ""C:\Program Files\WindowsApps\MicrosoftWindows.Client.WebExperience_421.20070.195.0_x64__cw5n1h2txyewy\Dashboard\Widgets.exe"" -ServerName:Microsoft.Windows.DashboardServer
List of affected devices:
"
Warning,11/12/2022 20:52:21,Microsoft-Windows-Kernel-PnP,225,(223),"The application \Device\HarddiskVolume3\Users\Abdo\AppData\Roaming\Spotify\Spotify.exe with process id 12108 stopped the removal or ejection for the device PCI\VEN_8086&DEV_467F&SUBSYS_86941043&REV_00\3&11583659&0&70.
Process command line: C:\Users\Abdo\AppData\Roaming\Spotify\Spotify.exe --type=crashpad-handler /prefetch:7 --max-uploads=5 --max-db-size=20 --max-db-age=5 --monitor-self-annotation=ptype=crashpad-handler ""--database=C:\Users\Abdo\AppData\Local\Spotify\User Data\Crashpad"" ""--metrics-dir=C:\Users\Abdo\AppData\Local\Spotify\User Data"" --url=https://crashdump.spotify.com:443/ --annotation=platform=win32 --annotation=product=spotify --annotation=version=1.2.0.1165 --initial-client-data=0x4ac,0x4b0,0x4b4,0x4a8,0x4b8,0x5b23ed00,0x5b23ed10,0x5b23ed1c
List of affected devices:
"
Warning,11/12/2022 20:52:21,Microsoft-Windows-Kernel-PnP,225,(223),"The application \Device\HarddiskVolume3\Users\Abdo\AppData\Local\Packages\B9ECED6F.ArmouryCrate_qmba6cd70vzyy\LocalState\SupportTemp\Intel Rapid Storage Technology Driver software\Install\AsusSetup.exe with process id 11884 stopped the removal or ejection for the device PCI\VEN_8086&DEV_467F&SUBSYS_86941043&REV_00\3&11583659&0&70.
Process command line: ""C:\Users\Abdo\AppData\Local\Packages\B9ECED6F.ArmouryCrate_qmba6cd70vzyy\LocalState\SupportTemp\Intel Rapid Storage Technology Driver software\Install\AsusSetup.exe"" -s
List of affected devices:
"
Warning,11/12/2022 20:52:21,Microsoft-Windows-Kernel-PnP,225,(223),"The application \Device\HarddiskVolume3\Users\Abdo\AppData\Local\Programs\Microsoft VS Code\Code.exe with process id 11856 stopped the removal or ejection for the device PCI\VEN_8086&DEV_467F&SUBSYS_86941043&REV_00\3&11583659&0&70.
Process command line: ""C:\Users\Abdo\AppData\Local\Programs\Microsoft VS Code\Code.exe"" --type=crashpad-handler --user-data-dir=C:\Users\Abdo\AppData\Roaming\Code /prefetch:7 --no-rate-limit --monitor-self-annotation=ptype=crashpad-handler --database=C:\Users\Abdo\AppData\Roaming\Code\Crashpad --url=appcenter://code?aid=a4e3233c-699c-46ec-b4f4-9c2a77254662&uid=f5b019bb-8907-43c6-b10f-49fdebbb4ddf&iid=f5b019bb-8907-43c6-b10f-49fdebbb4ddf&sid=f5b019bb-8907-43c6-b10f-49fdebbb4ddf --annotation=IsOfficialBuild=1 --annotation=_companyName=Microsoft --annotation=_productName=VSCode --annotation=_version=1.74.0 ""--annotation=exe=C:\Users\Abdo\AppData\Local\Programs\Microsoft VS Code\Code.exe"" --annotation=plat=Win64 --annotation=prod=Electron --annotation=ver=19.1.8 --initial-client-data=0x424,0x428,0x42c,0x420,0x430,0x7ff61c0b60d0,0x7ff61c0b60e0,0x7ff61c0b60f0
List of affected devices:
"
Warning,11/12/2022 20:52:21,Microsoft-Windows-Kernel-PnP,225,(223),"The application \Device\HarddiskVolume3\Windows\System32\BackgroundTransferHost.exe with process id 11672 stopped the removal or ejection for the device PCI\VEN_8086&DEV_467F&SUBSYS_86941043&REV_00\3&11583659&0&70.
Process command line: ""BackgroundTransferHost.exe"" -ServerName:BackgroundTransferHost.1
List of affected devices:
"
Warning,11/12/2022 20:52:21,Microsoft-Windows-Kernel-PnP,225,(223),"The application \Device\HarddiskVolume3\Users\Abdo\AppData\Local\Discord\app-1.0.9008\Discord.exe with process id 11628 stopped the removal or ejection for the device PCI\VEN_8086&DEV_467F&SUBSYS_86941043&REV_00\3&11583659&0&70.
Process command line: C:\Users\Abdo\AppData\Local\Discord\app-1.0.9008\Discord.exe --type=crashpad-handler --user-data-dir=C:\Users\Abdo\AppData\Roaming\discord /prefetch:7 --no-rate-limit --monitor-self-annotation=ptype=crashpad-handler --database=C:\Users\Abdo\AppData\Roaming\discord\Crashpad --url=https://sentry.io/api/146342/minidump/?sentry_key=384ce4413de74fe0be270abe03b2b35a ""--annotation=_companyName=Discord Inc."" --annotation=_productName=Discord --annotation=_version=1.0.9008 --annotation=prod=Electron --annotation=ver=13.6.6 --initial-client-data=0x494,0x498,0x49c,0x490,0x4a0,0x7603850,0x7603860,0x760386c
List of affected devices:
"
Warning,11/12/2022 20:52:21,Microsoft-Windows-Kernel-PnP,225,(223),"The application \Device\HarddiskVolume3\Windows\System32\dllhost.exe with process id 11472 stopped the removal or ejection for the device PCI\VEN_8086&DEV_467F&SUBSYS_86941043&REV_00\3&11583659&0&70.
Process command line: C:\WINDOWS\system32\DllHost.exe /Processid:{973D20D7-562D-44B9-B70B-5A0F49CCDF3F}
List of affected devices:
"
Warning,11/12/2022 20:52:21,Microsoft-Windows-Kernel-PnP,225,(223),"The application \Device\HarddiskVolume3\Program Files (x86)\Microsoft\EdgeWebView\Application\108.0.1462.46\msedgewebview2.exe with process id 11408 stopped the removal or ejection for the device PCI\VEN_8086&DEV_467F&SUBSYS_86941043&REV_00\3&11583659&0&70.
Process command line: ""C:\Program Files (x86)\Microsoft\EdgeWebView\Application\108.0.1462.46\msedgewebview2.exe"" --embedded-browser-webview=1 --webview-exe-name=Widgets.exe --webview-exe-version=421.20070.165.0 --user-data-dir=""C:\Users\Abdo\AppData\Local\Packages\MicrosoftWindows.Client.WebExperience_cw5n1h2txyewy\LocalState\EBWebView"" --noerrdialogs --embedded-browser-webview-dpi-awareness=2 --disk-cache-size=52428800 --lang=en-GB --mojo-named-platform-channel-pipe=12500.16380.3387978108478123671
List of affected devices:
"
Warning,11/12/2022 20:52:21,Microsoft-Windows-Kernel-PnP,225,(223),"The application \Device\HarddiskVolume3\Windows\System32\svchost.exe with process id 11396 stopped the removal or ejection for the device PCI\VEN_8086&DEV_467F&SUBSYS_86941043&REV_00\3&11583659&0&70.
Process command line: C:\WINDOWS\system32\svchost.exe -k ClipboardSvcGroup -p -s cbdhsvc
List of affected devices:
"
Warning,11/12/2022 20:52:21,Microsoft-Windows-Kernel-PnP,225,(223),"The application \Device\HarddiskVolume3\Windows\SystemApps\MicrosoftWindows.Client.CBS_cw5n1h2txyewy\TextInputHost.exe with process id 11172 stopped the removal or ejection for the device PCI\VEN_8086&DEV_467F&SUBSYS_86941043&REV_00\3&11583659&0&70.
Process command line: ""C:\Windows\SystemApps\MicrosoftWindows.Client.CBS_cw5n1h2txyewy\TextInputHost.exe"" -ServerName:InputApp.AppXjd5de1g66v206tj52m9d0dtpppx4cgpn.mca
List of affected devices:
"
Warning,11/12/2022 20:52:21,Microsoft-Windows-Kernel-PnP,225,(223),"The application \Device\HarddiskVolume3\Program Files\Google\Chrome\Application\chrome.exe with process id 11144 stopped the removal or ejection for the device PCI\VEN_8086&DEV_467F&SUBSYS_86941043&REV_00\3&11583659&0&70.
Process command line: ""C:\Program Files\Google\Chrome\Application\chrome.exe"" --type=utility --utility-sub-type=audio.mojom.AudioService --lang=en-GB --service-sandbox-type=audio --mojo-platform-channel-handle=5096 --field-trial-handle=1892,i,1819214950899268311,10826902901645651641,131072 /prefetch:8
List of affected devices:
"
Warning,11/12/2022 20:52:21,Microsoft-Windows-Kernel-PnP,225,(223),"The application \Device\HarddiskVolume3\Windows\System32\Sgrm\SgrmBroker.exe with process id 11136 stopped the removal or ejection for the device PCI\VEN_8086&DEV_467F&SUBSYS_86941043&REV_00\3&11583659&0&70.
Process command line: C:\WINDOWS\system32\Sgrm\SgrmBroker.exe
List of affected devices:
"
Warning,11/12/2022 20:52:21,Microsoft-Windows-Kernel-PnP,225,(223),"The application \Device\HarddiskVolume3\Windows\System32\smartscreen.exe with process id 11012 stopped the removal or ejection for the device PCI\VEN_8086&DEV_467F&SUBSYS_86941043&REV_00\3&11583659&0&70.
Process command line: C:\Windows\System32\smartscreen.exe -Embedding
List of affected devices:
"
Warning,11/12/2022 20:52:21,Microsoft-Windows-Kernel-PnP,225,(223),"The application \Device\HarddiskVolume3\Program Files\Riot Vanguard\vgtray.exe with process id 10968 stopped the removal or ejection for the device PCI\VEN_8086&DEV_467F&SUBSYS_86941043&REV_00\3&11583659&0&70.
Process command line: ""C:\Program Files\Riot Vanguard\vgtray.exe"" 
List of affected devices:
"
Warning,11/12/2022 20:52:21,Microsoft-Windows-Kernel-PnP,225,(223),"The application \Device\HarddiskVolume3\Windows\System32\svchost.exe with process id 10952 stopped the removal or ejection for the device PCI\VEN_8086&DEV_467F&SUBSYS_86941043&REV_00\3&11583659&0&70.
Process command line: C:\WINDOWS\System32\svchost.exe -k netsvcs -p
List of affected devices:
"
Warning,11/12/2022 20:52:21,Microsoft-Windows-Kernel-PnP,225,(223),"The application \Device\HarddiskVolume3\Windows\System32\ctfmon.exe with process id 10820 stopped the removal or ejection for the device PCI\VEN_8086&DEV_467F&SUBSYS_86941043&REV_00\3&11583659&0&70.
Process command line: ""ctfmon.exe""
List of affected devices:
"
Warning,11/12/2022 20:52:21,Microsoft-Windows-Kernel-PnP,225,(223),"The application \Device\HarddiskVolume3\Windows\System32\svchost.exe with process id 10792 stopped the removal or ejection for the device PCI\VEN_8086&DEV_467F&SUBSYS_86941043&REV_00\3&11583659&0&70.
Process command line: C:\WINDOWS\System32\svchost.exe -k LocalService -p -s LicenseManager
List of affected devices:
"
Warning,11/12/2022 20:52:21,Microsoft-Windows-Kernel-PnP,225,(223),"The application \Device\HarddiskVolume3\Program Files\NVIDIA Corporation\NVIDIA GeForce Experience\NVIDIA GeForce Experience.exe with process id 10652 stopped the removal or ejection for the device PCI\VEN_8086&DEV_467F&SUBSYS_86941043&REV_00\3&11583659&0&70.
Process command line: ""C:\Program Files\NVIDIA Corporation\NVIDIA GeForce Experience\NVIDIA GeForce Experience.exe"" 
List of affected devices:
"
Warning,11/12/2022 20:52:21,Microsoft-Windows-Kernel-PnP,225,(223),"The application \Device\HarddiskVolume3\Program Files\NVIDIA Corporation\NVIDIA GeForce Experience\NVIDIA Share.exe with process id 10104 stopped the removal or ejection for the device PCI\VEN_8086&DEV_467F&SUBSYS_86941043&REV_00\3&11583659&0&70.
Process command line: ""C:\Program Files\NVIDIA Corporation\NVIDIA GeForce Experience\NVIDIA Share.exe"" --type=renderer --no-sandbox --autoplay-policy=no-user-gesture-required --log-file=""C:\Users\Abdo\AppData\Local\NVIDIA Corporation\NVIDIA Share\debug.log"" --field-trial-handle=2140,12948725552207975094,7692524745985481076,131072 --disable-features=VizDisplayCompositor --service-pipe-token=18228853901961791483 --lang=en-US --log-file=""C:\Users\Abdo\AppData\Local\NVIDIA Corporation\NVIDIA Share\debug.log"" --device-scale-factor=1 --num-raster-threads=4 --enable-main-frame-before-activation --service-request-channel-token=18228853901961791483 --renderer-client-id=3 --mojo-platform-channel-handle=2660 /prefetch:1
List of affected devices:
"
Warning,11/12/2022 20:52:21,Microsoft-Windows-Kernel-PnP,225,(223),"The application \Device\HarddiskVolume3\Windows\WinSxS\amd64_microsoft-windows-servicingstack_31bf3856ad364e35_10.0.22621.754_none_6b6db8a890706ae2\TiWorker.exe with process id 10064 stopped the removal or ejection for the device PCI\VEN_8086&DEV_467F&SUBSYS_86941043&REV_00\3&11583659&0&70.
Process command line: C:\WINDOWS\winsxs\amd64_microsoft-windows-servicingstack_31bf3856ad364e35_10.0.22621.754_none_6b6db8a890706ae2\TiWorker.exe -Embedding
List of affected devices:
"
Warning,11/12/2022 20:52:21,Microsoft-Windows-Kernel-PnP,225,(223),"The application \Device\HarddiskVolume3\Windows\System32\dllhost.exe with process id 10032 stopped the removal or ejection for the device PCI\VEN_8086&DEV_467F&SUBSYS_86941043&REV_00\3&11583659&0&70.
Process command line: C:\WINDOWS\system32\DllHost.exe /Processid:{3EB3C877-1F16-487C-9050-104DBCD66683}
List of affected devices:
"
Warning,11/12/2022 20:52:21,Microsoft-Windows-Kernel-PnP,225,(223),"The application \Device\HarddiskVolume3\Users\Abdo\AppData\Local\Programs\Microsoft VS Code\Code.exe with process id 10024 stopped the removal or ejection for the device PCI\VEN_8086&DEV_467F&SUBSYS_86941043&REV_00\3&11583659&0&70.
Process command line: ""C:\Users\Abdo\AppData\Local\Programs\Microsoft VS Code\Code.exe"" --type=utility --utility-sub-type=network.mojom.NetworkService --lang=en-US --service-sandbox-type=none --user-data-dir=""C:\Users\Abdo\AppData\Roaming\Code"" --standard-schemes=vscode-webview,vscode-file --secure-schemes=vscode-webview,vscode-file --bypasscsp-schemes --cors-schemes=vscode-webview,vscode-file --fetch-schemes=vscode-webview,vscode-file --service-worker-schemes=vscode-webview --streaming-schemes --mojo-platform-channel-handle=1960 --field-trial-handle=1656,i,4823239250553449489,2757557819133277046,131072 --enable-features=AutoDisableAccessibility --disable-features=CalculateNativeWinOcclusion,SpareRendererForSitePerProcess,WinRetrieveSuggestionsOnlyOnDemand /prefetch:8
List of affected devices:
"
Warning,11/12/2022 20:52:21,Microsoft-Windows-Kernel-PnP,225,(223),"The application \Device\HarddiskVolume3\Program Files (x86)\ASUS\ArmouryDevice\asus_framework.exe with process id 10016 stopped the removal or ejection for the device PCI\VEN_8086&DEV_467F&SUBSYS_86941043&REV_00\3&11583659&0&70.
Process command line: ""C:\Program Files (x86)\ASUS\ArmouryDevice\asus_framework.exe""
List of affected devices:
"
Warning,11/12/2022 20:52:21,Microsoft-Windows-Kernel-PnP,225,(223),"The application \Device\HarddiskVolume3\Program Files (x86)\ASUS\ArmouryDevice\asus_framework.exe with process id 10012 stopped the removal or ejection for the device PCI\VEN_8086&DEV_467F&SUBSYS_86941043&REV_00\3&11583659&0&70.
Process command line: ""C:\Program Files (x86)\ASUS\ArmouryDevice\asus_framework.exe"" E:\snapshot\AC_Backend_Framework\build\src\main\sdk
List of affected devices:
"
Warning,11/12/2022 20:52:21,Microsoft-Windows-Kernel-PnP,225,(223),"The application \Device\HarddiskVolume3\Program Files (x86)\ASUS\ArmouryDevice\dll\ArmourySocketServer\ArmourySocketServer.exe with process id 9936 stopped the removal or ejection for the device PCI\VEN_8086&DEV_467F&SUBSYS_86941043&REV_00\3&11583659&0&70.
Process command line: ""C:\Program Files (x86)\ASUS\ArmouryDevice\dll\ArmourySocketServer\ArmourySocketServer.exe""
List of affected devices:
"
Warning,11/12/2022 20:52:21,Microsoft-Windows-Kernel-PnP,225,(223),"The application \Device\HarddiskVolume3\Program Files (x86)\ASUS\ArmouryDevice\dll\AcPowerNotification\AcPowerNotification.exe with process id 9900 stopped the removal or ejection for the device PCI\VEN_8086&DEV_467F&SUBSYS_86941043&REV_00\3&11583659&0&70.
Process command line: ""C:\Program Files (x86)\ASUS\ArmouryDevice\dll\AcPowerNotification\AcPowerNotification.exe""
List of affected devices:
"
Warning,11/12/2022 20:52:21,Microsoft-Windows-Kernel-PnP,225,(223),"The application \Device\HarddiskVolume3\Program Files (x86)\ASUS\ArmouryDevice\dll\MBLedSDK\NoiseCancelingEngine.exe with process id 9868 stopped the removal or ejection for the device PCI\VEN_8086&DEV_467F&SUBSYS_86941043&REV_00\3&11583659&0&70.
Process command line: ""C:\Program Files (x86)\ASUS\ArmouryDevice\dll\MBLedSDK\NoiseCancelingEngine.exe""
List of affected devices:
"
Warning,11/12/2022 20:52:21,Microsoft-Windows-Kernel-PnP,225,(223),"The application \Device\HarddiskVolume3\Windows\System32\taskhostw.exe with process id 9824 stopped the removal or ejection for the device PCI\VEN_8086&DEV_467F&SUBSYS_86941043&REV_00\3&11583659&0&70.
Process command line: taskhostw.exe {222A245B-E637-4AE9-A93F-A59CA119A75E}
List of affected devices:
"
Warning,11/12/2022 20:52:21,Microsoft-Windows-Kernel-PnP,225,(223),"The application \Device\HarddiskVolume3\Windows\System32\DriverStore\FileRepository\realtekservice.inf_amd64_7f98f584c61c8c61\RtkAudUService64.exe with process id 9716 stopped the removal or ejection for the device PCI\VEN_8086&DEV_467F&SUBSYS_86941043&REV_00\3&11583659&0&70.
Process command line: ""C:\Windows\System32\DriverStore\FileRepository\realtekservice.inf_amd64_7f98f584c61c8c61\RtkAudUService64.exe"" -background
List of affected devices:
"
Warning,11/12/2022 20:52:21,Microsoft-Windows-Kernel-PnP,225,(223),"The application \Device\HarddiskVolume3\Program Files (x86)\Microsoft\EdgeWebView\Application\108.0.1462.46\msedgewebview2.exe with process id 9656 stopped the removal or ejection for the device PCI\VEN_8086&DEV_467F&SUBSYS_86941043&REV_00\3&11583659&0&70.
Process command line: ""C:\Program Files (x86)\Microsoft\EdgeWebView\Application\108.0.1462.46\msedgewebview2.exe"" --type=crashpad-handler --user-data-dir=C:\Users\Abdo\AppData\Local\Packages\MicrosoftWindows.Client.WebExperience_cw5n1h2txyewy\LocalState\EBWebView /prefetch:7 --monitor-self-annotation=ptype=crashpad-handler --database=C:\Users\Abdo\AppData\Local\Packages\MicrosoftWindows.Client.WebExperience_cw5n1h2txyewy\LocalState\EBWebView\Crashpad --annotation=IsOfficialBuild=1 --annotation=channel= --annotation=chromium-version=108.0.5359.99 ""--annotation=exe=C:\Program Files (x86)\Microsoft\EdgeWebView\Application\108.0.1462.46\msedgewebview2.exe"" --annotation=plat=Win64 ""--annotation=prod=Edge WebView2"" --annotation=ver=108.0.1462.46 --initial-client-data=0x120,0x124,0x128,0xfc,0xcc,0x7ff8ec20f2e8,0x7ff8ec20f2f8,0x7ff8ec20f308
List of affected devices:
"
Warning,11/12/2022 20:52:21,Microsoft-Windows-Kernel-PnP,225,(223),"The application \Device\HarddiskVolume3\Windows\System32\SearchProtocolHost.exe with process id 9616 stopped the removal or ejection for the device PCI\VEN_8086&DEV_467F&SUBSYS_86941043&REV_00\3&11583659&0&70.
Process command line: ""C:\WINDOWS\System32\SearchProtocolHost.exe"" Global\UsGthrFltPipeMssGthrPipe4_ Global\UsGthrCtrlFltPipeMssGthrPipe4 1 -2147483646 ""Software\Microsoft\Windows Search"" ""Mozilla/4.0 (compatible; MSIE 6.0; Windows NT; MS Search 4.0 Robot)"" ""C:\ProgramData\Microsoft\Search\Data\Temp\usgthrsvc"" ""DownLevelDaemon"" 
List of affected devices:
"
Warning,11/12/2022 20:52:21,Microsoft-Windows-Kernel-PnP,225,(223),"The application \Device\HarddiskVolume3\Windows\explorer.exe with process id 9452 stopped the removal or ejection for the device PCI\VEN_8086&DEV_467F&SUBSYS_86941043&REV_00\3&11583659&0&70.
Process command line: C:\WINDOWS\Explorer.EXE
List of affected devices:
"
