Information,11/12/2022 21:39:49,Microsoft-Windows-Kernel-Boot,32,(58),The bootmgr spent 0 ms waiting for user input.
Information,11/12/2022 21:39:49,Microsoft-Windows-Kernel-Boot,18,(57),There are 0x1 boot options on this system.
Information,11/12/2022 21:39:49,Microsoft-Windows-Kernel-Boot,153,(62),Virtualization-based security (policies: 0) is disabled.
Information,11/12/2022 21:39:49,Microsoft-Windows-Kernel-General,12,(1),The operating system started at system time ‎2022‎-‎12‎-‎11T21:39:48.500000000Z.
Information,11/12/2022 21:39:38,Microsoft-Windows-Kernel-General,13,(2),The operating system is shutting down at system time ‎2022‎-‎12‎-‎11T21:39:38.800397400Z.
Information,11/12/2022 21:39:38,Microsoft-Windows-Kernel-Power,577,(280),The system has prepared for a system initiated reboot from Active.
Information,11/12/2022 21:39:38,Microsoft-Windows-Kernel-Power,109,(103),"The kernel power manager has initiated a shutdown transition.

Action: Power Action Reboot 
Event Code: 0x0 
Reason: Kernel API"
Information,11/12/2022 21:39:34,Microsoft-Windows-HttpService,117,HTTP Configuration Property Trace Task,"Delete URL group 0xFE00000220000001. Status 0x0. Process Id 0x11A4 Executable path \Device\HarddiskVolume3\Windows\System32\svchost.exe, User LOCAL SERVICE"
Information,11/12/2022 21:39:34,Microsoft-Windows-HttpService,114,HTTP Configuration Property Trace Task,"Removed URL (http://*:5357/2e3c5200-a8d4-4ef8-a115-8866ddb6e283/) from URL group (0xFE00000220000001). Process Id 0x11A4 Executable path \Device\HarddiskVolume3\Windows\System32\svchost.exe, User LOCAL SERVICE"
Information,11/12/2022 21:39:33,Microsoft-Windows-WLAN-AutoConfig,4001,None,"WLAN AutoConfig service has successfully stopped.
"
Warning,11/12/2022 21:39:33,Microsoft-Windows-WLAN-AutoConfig,10002,None,"WLAN Extensibility Module has stopped.

Module Path: C:\WINDOWS\system32\IntelIHVRouter10.dll
"
Information,11/12/2022 21:40:09,EventLog,6013,None,The system uptime is 20 seconds.
Information,11/12/2022 21:40:09,EventLog,6005,None,The Event log service was started.
Information,11/12/2022 21:40:09,EventLog,6009,None,Microsoft (R) Windows (R) 10.00. 22621  Multiprocessor Free.
Information,11/12/2022 21:39:33,Microsoft-Windows-Dhcp-Client,50037,Service State Event,DHCPv4 client service is stopped. ShutDown Flag value is 1
Information,11/12/2022 21:39:33,Microsoft-Windows-Dhcp-Client,50106,Service State Event,DHCPv4 is waiting on DHCPv6 service to stop
Information,11/12/2022 21:39:33,Microsoft-Windows-DHCPv6-Client,51057,Service State Event,DHCPv6 client service stop is almost done.DHCP Context Ref count is 1
Information,11/12/2022 21:39:33,Microsoft-Windows-DHCPv6-Client,51047,Service State Event,DHCPv6 client service is stopped. ShutDown Flag value is 1
Information,11/12/2022 21:39:33,Microsoft-Windows-Dhcp-Client,50105,Service State Event,DHCPv4 client ProcessDHCPRequestForever received TERMINATE_EVENT
Information,11/12/2022 21:39:33,Microsoft-Windows-Dhcp-Client,50104,Service State Event,DHCPv4 client received shutdown notification
Error,11/12/2022 21:39:33,Service Control Manager,7043,None,The AsusUpdateCheck service did not shut down properly after receiving a pre-shutdown control.
Information,11/12/2022 21:39:33,EventLog,6006,None,The Event log service was stopped.
Information,11/12/2022 21:39:12,Microsoft-Windows-Winlogon,7002,(1102),User Log-off Notification for Customer Experience Improvement Program
Information,11/12/2022 21:39:07,User32,1074,None,"The process C:\Windows\System32\RuntimeBroker.exe (DESKTOP-TBPOCIG) has initiated the restart of computer DESKTOP-TBPOCIG on behalf of user DESKTOP-TBPOCIG\Abdo for the following reason: Other (Unplanned)
 Reason Code: 0x0
 Shut-down Type: restart
 Comment: "
Information,11/12/2022 21:38:28,Microsoft-Windows-Kernel-General,16,None,The access history in hive \??\C:\Users\Abdo\AppData\Local\Packages\MicrosoftWindows.Client.WebExperience_cw5n1h2txyewy\Settings\settings.dat was cleared updating 3 keys and creating 1 modified pages.
Information,11/12/2022 21:12:12,Service Control Manager,7040,None,The start type of the Background Intelligent Transfer Service service was changed from auto start to demand start.
Information,11/12/2022 21:11:15,Microsoft-Windows-Kernel-Power,566,(268),"The system session has transitioned from 4 to 6.

Reason InputHid 

BootId: 1"
Information,11/12/2022 21:10:46,Microsoft-Windows-Kernel-Power,566,(268),"The system session has transitioned from 3 to 4.

Reason SessionUnlock 

BootId: 1"
Warning,11/12/2022 21:05:32,Microsoft-Windows-DistributedCOM,10016,None,"The application-specific permission settings do not grant Local Activation permission for the COM Server application with CLSID 
{2593F8B9-4EAF-457C-B68A-50F6B8EA6B54}
 and APPID 
{15C20B67-12E7-4BB6-92BB-7AFF07997402}
 to the user DESKTOP-TBPOCIG\Abdo SID (S-1-5-21-1394681546-3843053835-3284470220-1001) from address LocalHost (Using LRPC) running in the application container Unavailable SID (Unavailable). This security permission can be modified using the Component Services administrative tool."
Information,11/12/2022 21:04:09,Microsoft-Windows-Kernel-Power,566,(268),"The system session has transitioned from 1 to 3.

Reason InputAccelerometer 

BootId: 1"
Information,11/12/2022 21:03:07,Service Control Manager,7045,None,"A service was installed in the system.

Service Name:  Intel® PROSet/Wireless Service
Service File Name:  C:\WINDOWS\System32\DriverStore\FileRepository\piecomponent.inf_amd64_a751a85f0845cf98\Intel_PIE_Service.exe
Service Type:  user mode service
Service Start Type:  demand start
Service Account:  LocalSystem"
Information,11/12/2022 21:03:04,Microsoft-Windows-WLAN-AutoConfig,10001,None,"WLAN Extensibility Module has successfully started.

Module Path: C:\WINDOWS\system32\IntelIHVRouter10.dll
"
Information,11/12/2022 21:03:04,Netwtw10,7017,None,7017 - secure boot (SB) configuration
Information,11/12/2022 21:03:04,Netwtw10,7010,None,7010 - driver enabled (miniport init)
Information,11/12/2022 21:03:04,Netwtw10,7002,None,7002 - CTDP power limit value (SPLC)
Information,11/12/2022 21:03:04,Netwtw10,7005,None,7005 - SAR value max TX power (WRDS)
Information,11/12/2022 21:03:02,Netwtw10,7027,None,7027 - get Nic Manufacturere on init
Information,11/12/2022 21:03:02,Netwtw10,7036,None,The \Device\NDMP14 service entered the Intel(R) Wi-Fi 6 AX201 160MHz state.
Warning,11/12/2022 21:03:02,Microsoft-Windows-WLAN-AutoConfig,10002,None,"WLAN Extensibility Module has stopped.

Module Path: C:\WINDOWS\system32\IntelIHVRouter10.dll
"
Information,11/12/2022 21:03:02,Netwtw10,8000,None,8000 - Miniport Halt flow (driver disable)
Information,11/12/2022 21:02:59,Service Control Manager,7045,None,"A service was installed in the system.

Service Name:  Virtual WiFi Miniport Service
Service File Name:  \SystemRoot\System32\drivers\vwifimp.sys
Service Type:  kernel mode driver
Service Start Type:  demand start
Service Account:  "
Information,11/12/2022 21:02:59,Microsoft-Windows-WLAN-AutoConfig,10001,None,"WLAN Extensibility Module has successfully started.

Module Path: C:\WINDOWS\system32\IntelIHVRouter10.dll
"
Information,11/12/2022 21:02:59,Netwtw10,7017,None,7017 - secure boot (SB) configuration
Information,11/12/2022 21:02:59,Netwtw10,7010,None,7010 - driver enabled (miniport init)
Information,11/12/2022 21:02:59,Netwtw10,7002,None,7002 - CTDP power limit value (SPLC)
Information,11/12/2022 21:02:59,Netwtw10,7005,None,7005 - SAR value max TX power (WRDS)
Information,11/12/2022 21:02:57,Microsoft-Windows-WLAN-AutoConfig,4000,None,"WLAN AutoConfig service has successfully started.
"
Information,11/12/2022 21:02:57,Netwtw10,7027,None,7027 - get Nic Manufacturere on init
Information,11/12/2022 21:02:57,Netwtw10,7036,None,The \Device\NDMP12 service entered the Intel(R) Wi-Fi 6 AX201 160MHz state.
Information,11/12/2022 21:02:56,Service Control Manager,7040,None,The start type of the WLAN AutoConfig service was changed from demand start to auto start.
Information,11/12/2022 21:02:56,Service Control Manager,7045,None,"A service was installed in the system.

Service Name:  ___ Intel(R) Wireless Adapter Driver for Windows 10 - 64 Bit
Service File Name:  \SystemRoot\System32\drivers\Netwtw10.sys
Service Type:  kernel mode driver
Service Start Type:  demand start
Service Account:  "
Information,11/12/2022 21:02:38,MEIx64,2,None,Intel(R) Management Engine Interface driver has started successfully.
Warning,11/12/2022 21:02:38,MEIx64,4,None,The Intel(R) Management Engine Interface is being disabled.
Information,11/12/2022 21:02:25,Service Control Manager,7040,None,The start type of the Background Intelligent Transfer Service service was changed from demand start to auto start.
Information,11/12/2022 21:02:23,e2fexpress,32,None,"The description for Event ID 32 from source e2fexpress cannot be found. Either the component that raises this event is not installed on your local computer or the installation is corrupted. You can install or repair the component on the local computer.

If the event originated on another computer, the display information had to be saved with the event.

The following information was included with the event: 

Intel(R) Ethernet Controller (3) I225-V

The message resource is present but the message was not found in the message table
"
Warning,11/12/2022 21:02:21,e2fexpress,27,None,"The description for Event ID 27 from source e2fexpress cannot be found. Either the component that raises this event is not installed on your local computer or the installation is corrupted. You can install or repair the component on the local computer.

If the event originated on another computer, the display information had to be saved with the event.

The following information was included with the event: 

Intel(R) Ethernet Controller (3) I225-V

The message resource is present but the message was not found in the message table
"
Warning,11/12/2022 21:02:20,e2fexpress,27,None,"The description for Event ID 27 from source e2fexpress cannot be found. Either the component that raises this event is not installed on your local computer or the installation is corrupted. You can install or repair the component on the local computer.

If the event originated on another computer, the display information had to be saved with the event.

The following information was included with the event: 

Intel(R) Ethernet Controller (3) I225-V

The message resource is present but the message was not found in the message table
"
Information,11/12/2022 21:01:25,Microsoft-Windows-WindowsUpdateClient,19,Windows Update Agent,Installation Successful: Windows successfully installed the following update: 9P2B8MCSVPLN-RealtekSemiconductorCorp.RealtekAudioControl
Information,11/12/2022 21:01:24,Microsoft-Windows-WindowsUpdateClient,43,Windows Update Agent,Installation Started: Windows has started installing the following update: 9P2B8MCSVPLN-RealtekSemiconductorCorp.RealtekAudioControl
Information,11/12/2022 21:01:17,Microsoft-Windows-Kernel-General,16,None,The access history in hive \??\C:\ProgramData\Microsoft\Windows\AppRepository\Packages\RealtekSemiconductorCorp.RealtekAudioControl_1.38.277.0_x64__dt26b99r8h8gj\ActivationStore.dat was cleared updating 0 keys and creating 0 modified pages.
Information,11/12/2022 21:01:16,Microsoft-Windows-WindowsUpdateClient,44,Windows Update Agent,Windows Update started downloading an update.
Information,11/12/2022 21:01:02,Microsoft-Windows-UserPnp,20003,(7005),Driver Management has concluded the process to add Service NahimicService for Device Instance ID SWD\DRIVERENUM\{1B98EF90-CA0E-11E7-8F1A-0800200C9A66}#AVOLUTE_NH3APO&7&2C125E59&0 with the following status: 0.
Information,11/12/2022 21:00:56,Microsoft-Windows-UserPnp,20003,(7005),Driver Management has concluded the process to add Service RtkAudioUniversalService for Device Instance ID SWD\DRIVERENUM\{C3A63EDD-2D27-4B66-B155-5E94B43D926A}#REALTEKSRV&7&2C125E59&0 with the following status: 0.
Information,11/12/2022 21:00:48,Service Control Manager,7045,None,"A service was installed in the system.

Service Name:  Realtek USB Audio Driver
Service File Name:  \SystemRoot\System32\DriverStore\FileRepository\rtdusbad_asus.inf_amd64_fa769e873c7c97c6\RtUsbA64.sys
Service Type:  kernel mode driver
Service Start Type:  demand start
Service Account:  "
Information,11/12/2022 20:58:53,Microsoft-Windows-Kernel-General,16,None,The access history in hive \??\C:\Users\Abdo\AppData\Local\Packages\Microsoft.WindowsCamera_8wekyb3d8bbwe\Settings\settings.dat was cleared updating 1 keys and creating 1 modified pages.
Information,11/12/2022 20:58:51,Microsoft-Windows-Kernel-General,16,None,The access history in hive \??\C:\Users\Abdo\AppData\Local\Packages\NVIDIACorp.NVIDIAControlPanel_56jybvy8sckqj\Settings\settings.dat was cleared updating 3 keys and creating 1 modified pages.
Information,11/12/2022 20:58:50,Microsoft-Windows-Kernel-General,16,None,The access history in hive \??\C:\Users\Abdo\AppData\Local\Packages\Microsoft.WindowsFeedbackHub_8wekyb3d8bbwe\Settings\settings.dat was cleared updating 2 keys and creating 1 modified pages.
Information,11/12/2022 20:58:50,Microsoft-Windows-Kernel-General,16,None,The access history in hive \??\C:\Users\Abdo\AppData\Local\Packages\Microsoft.DesktopAppInstaller_8wekyb3d8bbwe\Settings\settings.dat was cleared updating 1 keys and creating 1 modified pages.
Information,11/12/2022 20:58:49,Microsoft-Windows-Kernel-General,16,None,The access history in hive \??\C:\Users\Abdo\AppData\Local\Packages\Microsoft.WindowsMaps_8wekyb3d8bbwe\Settings\settings.dat was cleared updating 1 keys and creating 1 modified pages.
Information,11/12/2022 20:58:48,Microsoft-Windows-Kernel-General,16,None,The access history in hive \??\C:\Users\Abdo\AppData\Local\Packages\Microsoft.WindowsAlarms_8wekyb3d8bbwe\Settings\settings.dat was cleared updating 6 keys and creating 1 modified pages.
Information,11/12/2022 20:58:47,Microsoft-Windows-Kernel-General,16,None,The access history in hive \??\C:\Users\Abdo\AppData\Local\Packages\Microsoft.AV1VideoExtension_8wekyb3d8bbwe\Settings\settings.dat was cleared updating 1 keys and creating 1 modified pages.
Information,11/12/2022 20:58:46,Microsoft-Windows-Kernel-General,16,None,The access history in hive \??\C:\Users\Abdo\AppData\Local\Packages\Microsoft.MicrosoftEdgeDevToolsClient_8wekyb3d8bbwe\Settings\settings.dat was cleared updating 3 keys and creating 1 modified pages.
Information,11/12/2022 20:58:45,Microsoft-Windows-Kernel-General,16,None,The access history in hive \??\C:\Users\Abdo\AppData\Local\Packages\Microsoft.Windows.PeopleExperienceHost_cw5n1h2txyewy\Settings\settings.dat was cleared updating 3 keys and creating 1 modified pages.
Information,11/12/2022 20:58:44,Microsoft-Windows-Kernel-General,16,None,The access history in hive \??\C:\Users\Abdo\AppData\Local\Packages\Microsoft.Windows.PinningConfirmationDialog_cw5n1h2txyewy\Settings\settings.dat was cleared updating 3 keys and creating 1 modified pages.
Information,11/12/2022 20:58:43,Microsoft-Windows-Kernel-General,16,None,The access history in hive \??\C:\Users\Abdo\AppData\Local\Packages\Microsoft.XboxGameCallableUI_cw5n1h2txyewy\Settings\settings.dat was cleared updating 3 keys and creating 1 modified pages.
Information,11/12/2022 20:58:42,Microsoft-Windows-Kernel-General,16,None,The access history in hive \??\C:\Users\Abdo\AppData\Local\Packages\Windows.CBSPreview_cw5n1h2txyewy\Settings\settings.dat was cleared updating 3 keys and creating 1 modified pages.
Information,11/12/2022 20:58:41,Microsoft-Windows-Kernel-General,16,None,The access history in hive \??\C:\Users\Abdo\AppData\Local\Packages\Windows.PrintDialog_cw5n1h2txyewy\Settings\settings.dat was cleared updating 3 keys and creating 1 modified pages.
Information,11/12/2022 20:58:40,Microsoft-Windows-Kernel-General,16,None,The access history in hive \??\C:\Users\Abdo\AppData\Local\Packages\Microsoft.ECApp_8wekyb3d8bbwe\Settings\settings.dat was cleared updating 3 keys and creating 1 modified pages.
Information,11/12/2022 20:58:39,Microsoft-Windows-Kernel-General,16,None,The access history in hive \??\C:\Users\Abdo\AppData\Local\Packages\Microsoft.CredDialogHost_cw5n1h2txyewy\Settings\settings.dat was cleared updating 3 keys and creating 1 modified pages.
Information,11/12/2022 20:58:38,Microsoft-Windows-Kernel-Power,566,(268),"The system session has transitioned from 0 to 1.

Reason SessionUnlock 

BootId: 1"
Information,11/12/2022 20:58:38,Microsoft-Windows-Kernel-General,16,None,The access history in hive \??\C:\Users\Abdo\AppData\Local\Packages\Microsoft.AsyncTextService_8wekyb3d8bbwe\Settings\settings.dat was cleared updating 3 keys and creating 1 modified pages.
Information,11/12/2022 20:58:37,Microsoft-Windows-Kernel-General,16,None,The access history in hive \??\C:\Users\Abdo\AppData\Local\Packages\Microsoft.AccountsControl_cw5n1h2txyewy\Settings\settings.dat was cleared updating 3 keys and creating 1 modified pages.
Information,11/12/2022 20:58:36,Microsoft-Windows-Kernel-General,16,None,The access history in hive \??\C:\Users\Abdo\AppData\Local\Packages\F46D4000-FD22-4DB4-AC8E-4E1DDDE828FE_cw5n1h2txyewy\Settings\settings.dat was cleared updating 3 keys and creating 1 modified pages.
Information,11/12/2022 20:58:36,Microsoft-Windows-Kernel-General,16,None,The access history in hive \??\C:\Users\Abdo\AppData\Local\Packages\E2A4F912-2574-4A75-9BB0-0D023378592B_cw5n1h2txyewy\Settings\settings.dat was cleared updating 3 keys and creating 1 modified pages.
Information,11/12/2022 20:58:35,Microsoft-Windows-Kernel-General,16,None,The access history in hive \??\C:\Users\Abdo\AppData\Local\Packages\c5e2524a-ea46-4f67-841f-6a9465d9d515_cw5n1h2txyewy\Settings\settings.dat was cleared updating 3 keys and creating 1 modified pages.
Information,11/12/2022 20:58:34,Microsoft-Windows-Kernel-General,16,None,The access history in hive \??\C:\Users\Abdo\AppData\Local\Packages\1527c705-839a-4832-9118-54d4Bd6a0c89_cw5n1h2txyewy\Settings\settings.dat was cleared updating 3 keys and creating 1 modified pages.
Information,11/12/2022 20:58:33,Microsoft-Windows-Kernel-General,16,None,The access history in hive \??\C:\Users\Abdo\AppData\Local\Packages\Microsoft.Windows.CallingShellApp_cw5n1h2txyewy\Settings\settings.dat was cleared updating 3 keys and creating 1 modified pages.
Information,11/12/2022 20:58:32,Microsoft-Windows-Kernel-General,16,None,The access history in hive \??\C:\Users\Abdo\AppData\Local\Packages\Microsoft.Windows.XGpuEjectDialog_cw5n1h2txyewy\Settings\settings.dat was cleared updating 3 keys and creating 1 modified pages.
Information,11/12/2022 20:58:31,Microsoft-Windows-Kernel-General,16,None,The access history in hive \??\C:\Users\Abdo\AppData\Local\Packages\NcsiUwpApp_8wekyb3d8bbwe\Settings\settings.dat was cleared updating 3 keys and creating 1 modified pages.
Information,11/12/2022 20:58:30,Microsoft-Windows-Kernel-General,16,None,The access history in hive \??\C:\Users\Abdo\AppData\Local\Packages\Microsoft.Win32WebViewHost_cw5n1h2txyewy\Settings\settings.dat was cleared updating 3 keys and creating 1 modified pages.
Information,11/12/2022 20:58:29,Microsoft-Windows-Kernel-General,16,None,The access history in hive \??\C:\Users\Abdo\AppData\Local\Packages\Microsoft.Windows.Apprep.ChxApp_cw5n1h2txyewy\Settings\settings.dat was cleared updating 3 keys and creating 1 modified pages.
Information,11/12/2022 20:58:28,Microsoft-Windows-Kernel-General,16,None,The access history in hive \??\C:\Users\Abdo\AppData\Local\Packages\Microsoft.Windows.CapturePicker_cw5n1h2txyewy\Settings\settings.dat was cleared updating 3 keys and creating 1 modified pages.
Information,11/12/2022 20:58:28,Microsoft-Windows-Kernel-General,16,None,The access history in hive \??\C:\Users\Abdo\AppData\Local\Packages\Microsoft.Windows.NarratorQuickStart_8wekyb3d8bbwe\Settings\settings.dat was cleared updating 3 keys and creating 1 modified pages.
Information,11/12/2022 20:58:26,Microsoft-Windows-Kernel-General,16,None,The access history in hive \??\C:\Users\Abdo\AppData\Local\Packages\Microsoft.Windows.ParentalControls_cw5n1h2txyewy\Settings\settings.dat was cleared updating 3 keys and creating 1 modified pages.
Information,11/12/2022 20:58:09,Microsoft-Windows-WindowsUpdateClient,19,Windows Update Agent,Installation Successful: Windows successfully installed the following update: 9WZDNCRFJ3PT-MICROSOFT.ZUNEMUSIC
Information,11/12/2022 20:58:08,Microsoft-Windows-WindowsUpdateClient,43,Windows Update Agent,Installation Started: Windows has started installing the following update: 9WZDNCRFJ3PT-MICROSOFT.ZUNEMUSIC
Information,11/12/2022 20:58:06,Microsoft-Windows-Kernel-General,16,None,The access history in hive \??\C:\ProgramData\Microsoft\Windows\AppRepository\Packages\Microsoft.ZuneMusic_11.2209.29.0_x64__8wekyb3d8bbwe\ActivationStore.dat was cleared updating 0 keys and creating 0 modified pages.
Error,11/12/2022 20:58:05,Microsoft-Windows-WindowsUpdateClient,20,Windows Update Agent,Installation Failure: Windows failed to install the following update with error 0x80073D02: 9MSSGKG348SP-MicrosoftWindows.Client.WebExperience.
Information,11/12/2022 20:58:04,Microsoft-Windows-WindowsUpdateClient,43,Windows Update Agent,Installation Started: Windows has started installing the following update: 9MSSGKG348SP-MicrosoftWindows.Client.WebExperience
Error,11/12/2022 20:58:04,Microsoft-Windows-WindowsUpdateClient,20,Windows Update Agent,Installation Failure: Windows failed to install the following update with error 0x80073D02: 9WZDNCRFJBH4-Microsoft.Windows.Photos.
Information,11/12/2022 20:58:03,Microsoft-Windows-WindowsUpdateClient,43,Windows Update Agent,Installation Started: Windows has started installing the following update: 9WZDNCRFJBH4-Microsoft.Windows.Photos
Information,11/12/2022 20:58:03,Microsoft-Windows-WindowsUpdateClient,19,Windows Update Agent,Installation Successful: Windows successfully installed the following update: 9NBLGGH51CLL-Microsoft.Services.Store.Engagement
Information,11/12/2022 20:58:03,Microsoft-Windows-Kernel-General,16,None,The access history in hive \??\C:\ProgramData\Microsoft\Windows\AppRepository\Packages\MicrosoftWindows.Client.WebExperience_421.20070.765.0_x64__cw5n1h2txyewy\ActivationStore.dat was cleared updating 0 keys and creating 0 modified pages.
Information,11/12/2022 20:58:01,Microsoft-Windows-WindowsUpdateClient,43,Windows Update Agent,Installation Started: Windows has started installing the following update: 9NBLGGH51CLL-Microsoft.Services.Store.Engagement
Information,11/12/2022 20:58:01,Microsoft-Windows-WindowsUpdateClient,44,Windows Update Agent,Windows Update started downloading an update.
Information,11/12/2022 20:57:59,Microsoft-Windows-Kernel-General,16,None,The access history in hive \??\C:\ProgramData\Microsoft\Windows\AppRepository\Packages\Microsoft.Windows.Photos_2022.31110.14005.0_x64__8wekyb3d8bbwe\ActivationStore.dat was cleared updating 0 keys and creating 0 modified pages.
Information,11/12/2022 20:57:56,Microsoft-Windows-WindowsUpdateClient,19,Windows Update Agent,Installation Successful: Windows successfully installed the following update: 9PCFS5B6T72H-Microsoft.Paint
Information,11/12/2022 20:57:55,Microsoft-Windows-Kernel-General,16,None,The access history in hive \??\C:\Users\Abdo\AppData\Local\Packages\Microsoft.Paint_8wekyb3d8bbwe\Settings\settings.dat was cleared updating 3 keys and creating 1 modified pages.
Information,11/12/2022 20:57:55,Microsoft-Windows-WindowsUpdateClient,43,Windows Update Agent,Installation Started: Windows has started installing the following update: 9PCFS5B6T72H-Microsoft.Paint
Information,11/12/2022 20:57:54,Microsoft-Windows-Kernel-General,16,None,The access history in hive \??\C:\ProgramData\Microsoft\Windows\AppRepository\Packages\Microsoft.Paint_11.2208.6.0_x64__8wekyb3d8bbwe\ActivationStore.dat was cleared updating 0 keys and creating 0 modified pages.
Information,11/12/2022 20:57:50,Microsoft-Windows-UserModePowerService,22,(18),Reapply power settings upon completion of the provisioning engine's turn 5
Information,11/12/2022 20:57:49,Microsoft-Windows-WindowsUpdateClient,44,Windows Update Agent,Windows Update started downloading an update.
Information,11/12/2022 20:57:44,Microsoft-Windows-WindowsUpdateClient,44,Windows Update Agent,Windows Update started downloading an update.
Information,11/12/2022 20:57:44,Microsoft-Windows-WindowsUpdateClient,44,Windows Update Agent,Windows Update started downloading an update.
Information,11/12/2022 20:57:44,Microsoft-Windows-WindowsUpdateClient,44,Windows Update Agent,Windows Update started downloading an update.
Information,11/12/2022 20:57:40,Microsoft-Windows-Kernel-General,16,None,The access history in hive \??\C:\ProgramData\Microsoft\Provisioning\Microsoft-Desktop-Provisioning-Sequence.dat was cleared updating 0 keys and creating 0 modified pages.
Information,11/12/2022 20:57:18,Microsoft-Windows-WindowsUpdateClient,44,Windows Update Agent,Windows Update started downloading an update.
Information,11/12/2022 20:52:21,Microsoft-Windows-FilterManager,6,None,"File System Filter 'WIMMount' (10.0, ‎2015‎-‎06‎-‎07T13:43:04.000000000Z) has successfully loaded and registered with Filter Manager."
Warning,11/12/2022 20:52:21,Microsoft-Windows-Kernel-PnP,225,(223),"The application \Device\HarddiskVolume3\Windows\System32\DriverStore\FileRepository\nv_dispi.inf_amd64_f52c4b8723f8dd33\Display.NvContainer\NVDisplay.Container.exe with process id 23500 stopped the removal or ejection for the device PCI\VEN_8086&DEV_467F&SUBSYS_86941043&REV_00\3&11583659&0&70.
Process command line: ""C:\WINDOWS\System32\DriverStore\FileRepository\nv_dispi.inf_amd64_f52c4b8723f8dd33\Display.NvContainer\NVDisplay.Container.exe"" -f %ProgramData%\NVIDIA\DisplaySessionContainer%d.log -d C:\WINDOWS\System32\DriverStore\FileRepository\nv_dispi.inf_amd64_f52c4b8723f8dd33\Display.NvContainer\plugins\Session -r -l 3 -p 30000 -cfg NVDisplay.ContainerLocalSystem\Session -c
List of affected devices:
"
Warning,11/12/2022 20:52:21,Microsoft-Windows-Kernel-PnP,225,(223),"The application \Device\HarddiskVolume3\Users\Abdo\AppData\Local\Programs\Microsoft VS Code\Code.exe with process id 23420 stopped the removal or ejection for the device PCI\VEN_8086&DEV_467F&SUBSYS_86941043&REV_00\3&11583659&0&70.
Process command line: ""C:\Users\Abdo\AppData\Local\Programs\Microsoft VS Code\Code.exe"" 
List of affected devices:
"
Warning,11/12/2022 20:52:21,Microsoft-Windows-Kernel-PnP,225,(223),"The application \Device\HarddiskVolume3\Program Files\Google\Chrome\Application\chrome.exe with process id 22980 stopped the removal or ejection for the device PCI\VEN_8086&DEV_467F&SUBSYS_86941043&REV_00\3&11583659&0&70.
Process command line: ""C:\Program Files\Google\Chrome\Application\chrome.exe"" --type=renderer --lang=en-GB --device-scale-factor=1 --num-raster-threads=4 --enable-main-frame-before-activation --renderer-client-id=16 --time-ticks-at-unix-epoch=-1670791181978875 --launch-time-ticks=582417791 --mojo-platform-channel-handle=5780 --field-trial-handle=1892,i,1819214950899268311,10826902901645651641,131072 /prefetch:1
List of affected devices:
"
Warning,11/12/2022 20:52:21,Microsoft-Windows-Kernel-PnP,225,(223),"The application \Device\HarddiskVolume3\Windows\SystemApps\ShellExperienceHost_cw5n1h2txyewy\ShellExperienceHost.exe with process id 22880 stopped the removal or ejection for the device PCI\VEN_8086&DEV_467F&SUBSYS_86941043&REV_00\3&11583659&0&70.
Process command line: ""C:\Windows\SystemApps\ShellExperienceHost_cw5n1h2txyewy\ShellExperienceHost.exe"" -ServerName:App.AppXtk181tbxbce2qsex02s8tw7hfxa9xb3t.mca
List of affected devices:
"
Warning,11/12/2022 20:52:21,Microsoft-Windows-Kernel-PnP,225,(223),"The application \Device\HarddiskVolume3\Windows\System32\svchost.exe with process id 22864 stopped the removal or ejection for the device PCI\VEN_8086&DEV_467F&SUBSYS_86941043&REV_00\3&11583659&0&70.
Process command line: C:\WINDOWS\system32\svchost.exe -k DevicesFlow -s DevicesFlowUserSvc
List of affected devices:
"
Warning,11/12/2022 20:52:21,Microsoft-Windows-Kernel-PnP,225,(223),"The application \Device\HarddiskVolume3\Program Files\NVIDIA Corporation\NvContainer\nvcontainer.exe with process id 22812 stopped the removal or ejection for the device PCI\VEN_8086&DEV_467F&SUBSYS_86941043&REV_00\3&11583659&0&70.
Process command line: ""C:\Program Files\NVIDIA Corporation\NvContainer\nvcontainer.exe"" -f ""C:\ProgramData\NVIDIA\NvContainerUser%dSPUser.log"" -d ""C:\Program Files\NVIDIA Corporation\NvContainer\plugins\SPUser"" -r -l 3 -p 30000 -st ""C:\Program Files\NVIDIA Corporation\NvContainer\NvContainerTelemetryApi.dll"" -c
List of affected devices:
"
Warning,11/12/2022 20:52:21,Microsoft-Windows-Kernel-PnP,225,(223),"The application \Device\HarddiskVolume3\Windows\System32\RuntimeBroker.exe with process id 22752 stopped the removal or ejection for the device PCI\VEN_8086&DEV_467F&SUBSYS_86941043&REV_00\3&11583659&0&70.
Process command line: C:\Windows\System32\RuntimeBroker.exe -Embedding
List of affected devices:
"
Warning,11/12/2022 20:52:21,Microsoft-Windows-Kernel-PnP,225,(223),"The application \Device\HarddiskVolume3\Windows\System32\wbem\WmiPrvSE.exe with process id 22552 stopped the removal or ejection for the device PCI\VEN_8086&DEV_467F&SUBSYS_86941043&REV_00\3&11583659&0&70.
Process command line: C:\WINDOWS\system32\wbem\wmiprvse.exe
List of affected devices:
"
Warning,11/12/2022 20:52:21,Microsoft-Windows-Kernel-PnP,225,(223),"The application \Device\HarddiskVolume3\Windows\SystemApps\MicrosoftWindows.Client.CBS_cw5n1h2txyewy\MiniSearchHost.exe with process id 22356 stopped the removal or ejection for the device PCI\VEN_8086&DEV_467F&SUBSYS_86941043&REV_00\3&11583659&0&70.
Process command line: ""C:\Windows\SystemApps\MicrosoftWindows.Client.CBS_cw5n1h2txyewy\MiniSearchHost.exe"" -ServerName:MiniSearchUI.AppXj3y73at8fy1htwztzxs68sxx1v7cksp7.mca
List of affected devices:
"
Warning,11/12/2022 20:52:21,Microsoft-Windows-Kernel-PnP,225,(223),"The application \Device\HarddiskVolume3\Windows\System32\svchost.exe with process id 22312 stopped the removal or ejection for the device PCI\VEN_8086&DEV_467F&SUBSYS_86941043&REV_00\3&11583659&0&70.
Process command line: C:\WINDOWS\system32\svchost.exe -k LocalSystemNetworkRestricted -p -s DisplayEnhancementService
List of affected devices:
"
Warning,11/12/2022 20:52:21,Microsoft-Windows-Kernel-PnP,225,(223),"The application \Device\HarddiskVolume3\Program Files\WindowsApps\B9ECED6F.ArmouryCrate_5.3.4.0_x64__qmba6cd70vzyy\ArmouryCrate.exe with process id 22184 stopped the removal or ejection for the device PCI\VEN_8086&DEV_467F&SUBSYS_86941043&REV_00\3&11583659&0&70.
Process command line: ""C:\Program Files\WindowsApps\B9ECED6F.ArmouryCrate_5.3.4.0_x64__qmba6cd70vzyy\ArmouryCrate.exe"" -ServerName:App.AppXvfb40rz8a1t4j47e2hx7482r6kww4nw1.mca
List of affected devices:
"
Warning,11/12/2022 20:52:21,Microsoft-Windows-Kernel-PnP,225,(223),"The application \Device\HarddiskVolume3\Windows\System32\svchost.exe with process id 22048 stopped the removal or ejection for the device PCI\VEN_8086&DEV_467F&SUBSYS_86941043&REV_00\3&11583659&0&70.
Process command line: C:\WINDOWS\System32\svchost.exe -k smphost
List of affected devices:
"
Warning,11/12/2022 20:52:21,Microsoft-Windows-Kernel-PnP,225,(223),"The application \Device\HarddiskVolume3\Program Files (x86)\ASUS\ArmouryDevice\dll\ArmourySocketServer\ArmouryWebBrowser.exe with process id 21920 stopped the removal or ejection for the device PCI\VEN_8086&DEV_467F&SUBSYS_86941043&REV_00\3&11583659&0&70.
Process command line: 2dfe216d-3481-4684-ad4d-2566bd7cfe4f
List of affected devices:
"
Warning,11/12/2022 20:52:21,Microsoft-Windows-Kernel-PnP,225,(223),"The application \Device\HarddiskVolume3\Users\Abdo\AppData\Local\Programs\Microsoft VS Code\Code.exe with process id 21836 stopped the removal or ejection for the device PCI\VEN_8086&DEV_467F&SUBSYS_86941043&REV_00\3&11583659&0&70.
Process command line: ""C:\Users\Abdo\AppData\Local\Programs\Microsoft VS Code\Code.exe"" --type=gpu-process --user-data-dir=""C:\Users\Abdo\AppData\Roaming\Code"" --gpu-preferences=UAAAAAAAAADgAAAYAAAAAAAAAAAAAAAAAABgAAAAAAAwAAAAAAAAAAAAAAAAAAAAAAAAAAAAAAAAAAAAAAAAAEgAAAAAAAAASAAAAAAAAAAYAAAAAgAAABAAAAAAAAAAGAAAAAAAAAAQAAAAAAAAAAAAAAAOAAAAEAAAAAAAAAABAAAADgAAAAgAAAAAAAAACAAAAAAAAAA= --mojo-platform-channel-handle=1624 --field-trial-handle=1656,i,4823239250553449489,2757557819133277046,131072 --enable-features=AutoDisableAccessibility --disable-features=CalculateNativeWinOcclusion,SpareRendererForSitePerProcess,WinRetrieveSuggestionsOnlyOnDemand /prefetch:2
List of affected devices:
"
Warning,11/12/2022 20:52:21,Microsoft-Windows-Kernel-PnP,225,(223),"The application \Device\HarddiskVolume3\Users\Abdo\AppData\Local\Programs\Microsoft VS Code\Code.exe with process id 21512 stopped the removal or ejection for the device PCI\VEN_8086&DEV_467F&SUBSYS_86941043&REV_00\3&11583659&0&70.
Process command line: ""C:\Users\Abdo\AppData\Local\Programs\Microsoft VS Code\Code.exe"" --ms-enable-electron-run-as-node ""c:\Users\Abdo\AppData\Local\Programs\Microsoft VS Code\resources\app\extensions\html-language-features\server\dist\node\htmlServerMain"" --node-ipc --clientProcessId=12712
List of affected devices:
"
Warning,11/12/2022 20:52:21,Microsoft-Windows-Kernel-PnP,225,(223),"The application \Device\HarddiskVolume3\Users\Abdo\Desktop\Manzili\env\Scripts\python.exe with process id 21440 stopped the removal or ejection for the device PCI\VEN_8086&DEV_467F&SUBSYS_86941043&REV_00\3&11583659&0&70.
Process command line: c:\Users\Abdo\Desktop\Manzili\env\Scripts\python.exe c:\Users\Abdo\.vscode\extensions\ms-python.isort-2022.8.0\bundled\tool\server.py
List of affected devices:
"
Warning,11/12/2022 20:52:21,Microsoft-Windows-Kernel-PnP,225,(223),"The application \Device\HarddiskVolume3\Users\Abdo\AppData\Local\Packages\B9ECED6F.ArmouryCrate_qmba6cd70vzyy\LocalState\GridUpdateFile\ASUSGCDriverUpdateClient.exe with process id 21412 stopped the removal or ejection for the device PCI\VEN_8086&DEV_467F&SUBSYS_86941043&REV_00\3&11583659&0&70.
Process command line: ""C:\Users\Abdo\AppData\Local\Packages\B9ECED6F.ArmouryCrate_qmba6cd70vzyy\LocalState\GridUpdateFile\ASUSGCDriverUpdateClient.exe"" asusgcdriverupdateclient:
List of affected devices:
"
Warning,11/12/2022 20:52:21,Microsoft-Windows-Kernel-PnP,225,(223),"The application \Device\HarddiskVolume3\Program Files (x86)\Steam\steam.exe with process id 21380 stopped the removal or ejection for the device PCI\VEN_8086&DEV_467F&SUBSYS_86941043&REV_00\3&11583659&0&70.
Process command line: ""C:\Program Files (x86)\Steam\steam.exe"" -silent
List of affected devices:
"
Warning,11/12/2022 20:52:21,Microsoft-Windows-Kernel-PnP,225,(223),"The application \Device\HarddiskVolume3\Program Files (x86)\Steam\bin\cef\cef.win7x64\steamwebhelper.exe with process id 21344 stopped the removal or ejection for the device PCI\VEN_8086&DEV_467F&SUBSYS_86941043&REV_00\3&11583659&0&70.
Process command line: ""C:\Program Files (x86)\Steam\bin\cef\cef.win7x64\steamwebhelper.exe"" --type=crashpad-handler /prefetch:7 --max-uploads=5 --max-db-size=20 --max-db-age=5 --monitor-self-annotation=ptype=crashpad-handler ""--database=C:\Program Files (x86)\Steam\dumps"" ""--metrics-dir=C:\Users\Abdo\AppData\Local\CEF\User Data"" --url=https://crash.steampowered.com/submit --annotation=platform=win64 --annotation=product=cefwebhelper --annotation=version=1669935987 --initial-client-data=0x3bc,0x3c0,0x3c4,0x398,0x3c8,0x7ff8a1e4f070,0x7ff8a1e4f080,0x7ff8a1e4f090
List of affected devices:
"
Warning,11/12/2022 20:52:21,Microsoft-Windows-Kernel-PnP,225,(223),"The application \Device\HarddiskVolume3\Windows\System32\Taskmgr.exe with process id 21328 stopped the removal or ejection for the device PCI\VEN_8086&DEV_467F&SUBSYS_86941043&REV_00\3&11583659&0&70.
Process command line: ""C:\WINDOWS\System32\Taskmgr.exe"" /3
List of affected devices:
"
Warning,11/12/2022 20:52:21,Microsoft-Windows-Kernel-PnP,225,(223),"The application \Device\HarddiskVolume3\Program Files\Google\Chrome\Application\chrome.exe with process id 21236 stopped the removal or ejection for the device PCI\VEN_8086&DEV_467F&SUBSYS_86941043&REV_00\3&11583659&0&70.
Process command line: ""C:\Program Files\Google\Chrome\Application\chrome.exe"" --type=renderer --extension-process --lang=en-GB --device-scale-factor=1 --num-raster-threads=4 --enable-main-frame-before-activation --renderer-client-id=5 --time-ticks-at-unix-epoch=-1670791181978875 --launch-time-ticks=581265518 --mojo-platform-channel-handle=4032 --field-trial-handle=1892,i,1819214950899268311,10826902901645651641,131072 /prefetch:1
List of affected devices:
"
Warning,11/12/2022 20:52:21,Microsoft-Windows-Kernel-PnP,225,(223),"The application \Device\HarddiskVolume3\Program Files (x86)\Steam\bin\cef\cef.win7x64\steamwebhelper.exe with process id 21164 stopped the removal or ejection for the device PCI\VEN_8086&DEV_467F&SUBSYS_86941043&REV_00\3&11583659&0&70.
Process command line: ""C:\Program Files (x86)\Steam\bin\cef\cef.win7x64\steamwebhelper.exe"" ""-lang=en_US"" ""-cachedir=C:\Users\Abdo\AppData\Local\Steam\htmlcache"" ""-steampid=21380"" ""-buildid=1669935987"" ""-steamid=0"" ""-logdir=C:\Program Files (x86)\Steam\logs"" ""-composer-mode=0"" ""-steamuniverse=Public"" ""-realm=Global"" ""-clientui=C:\Program Files (x86)\Steam\clientui"" --enable-media-stream --enable-smooth-scrolling --enable-direct-write ""--log-file=C:\Program Files (x86)\Steam\logs\cef_log.txt"" --disable-quick-menu --disable-features=SameSiteByDefaultCookies --enable-blink-features=ResizeObserver,Worklet,AudioWorklet --disable-blink-features=Badging
List of affected devices:
"
Warning,11/12/2022 20:52:21,Microsoft-Windows-Kernel-PnP,225,(223),"The application \Device\HarddiskVolume3\Windows\System32\drvinst.exe with process id 21084 stopped the removal or ejection for the device PCI\VEN_8086&DEV_467F&SUBSYS_86941043&REV_00\3&11583659&0&70.
Process command line: DrvInst.exe ""2"" ""221"" ""PCI\VEN_8086&DEV_467F&SUBSYS_86941043&REV_00\3&11583659&0&70"" ""C:\WINDOWS\System32\DriverStore\FileRepository\iastorvd.inf_amd64_346bd04e375689ec\iastorvd.inf"" ""oem37.inf:*:*:19.5.1.1040:PCI\VEN_8086&DEV_467F,oem36.inf:*:RstHsaExtension_install.NTamd64:19.5.1.1040:PCI\VEN_8086&DEV_467F"" ""4c6cc082b"" ""00000000000001FC"" ""227c""
List of affected devices:
"
Warning,11/12/2022 20:52:21,Microsoft-Windows-Kernel-PnP,225,(223),"The application \Device\HarddiskVolume3\Program Files (x86)\Common Files\Steam\steamservice.exe with process id 20936 stopped the removal or ejection for the device PCI\VEN_8086&DEV_467F&SUBSYS_86941043&REV_00\3&11583659&0&70.
Process command line: ""C:\Program Files (x86)\Common Files\Steam\steamservice.exe"" /RunAsService
List of affected devices:
"
Warning,11/12/2022 20:52:21,Microsoft-Windows-Kernel-PnP,225,(223),"The application \Device\HarddiskVolume3\Windows\UUS\amd64\MoUsoCoreWorker.exe with process id 20932 stopped the removal or ejection for the device PCI\VEN_8086&DEV_467F&SUBSYS_86941043&REV_00\3&11583659&0&70.
Process command line: C:\WINDOWS\uus\AMD64\MoUsoCoreWorker.exe
List of affected devices:
"
Warning,11/12/2022 20:52:21,Microsoft-Windows-Kernel-PnP,225,(223),"The application \Device\HarddiskVolume3\Users\Abdo\AppData\Local\Discord\app-1.0.9008\Discord.exe with process id 20844 stopped the removal or ejection for the device PCI\VEN_8086&DEV_467F&SUBSYS_86941043&REV_00\3&11583659&0&70.
Process command line: ""C:\Users\Abdo\AppData\Local\Discord\app-1.0.9008\Discord.exe"" --type=utility --utility-sub-type=audio.mojom.AudioService --field-trial-handle=1624,8631233233689049490,13425662470868929798,131072 --disable-features=CookiesWithoutSameSiteMustBeSecure,HardwareMediaKeyHandling,MediaSessionService,SameSiteByDefaultCookies,SpareRendererForSitePerProcess,WinRetrieveSuggestionsOnlyOnDemand --lang=en-GB --service-sandbox-type=audio --mojo-platform-channel-handle=3572 /prefetch:8
List of affected devices:
"
Warning,11/12/2022 20:52:21,Microsoft-Windows-Kernel-PnP,225,(223),"The application \Device\HarddiskVolume3\Program Files (x86)\Epic Games\Launcher\Engine\Binaries\Win64\EpicWebHelper.exe with process id 20636 stopped the removal or ejection for the device PCI\VEN_8086&DEV_467F&SUBSYS_86941043&REV_00\3&11583659&0&70.
Process command line: ""C:/Program Files (x86)/Epic Games/Launcher/Engine/Binaries/Win64/EpicWebHelper.exe"" --type=utility --utility-sub-type=network.mojom.NetworkService --field-trial-handle=2396,2681765673968160050,18335510432676112040,131072 --disable-features=CalculateNativeWinOcclusion --lang=en-US --service-sandbox-type=none --no-sandbox --locales-dir-path=""C:/Program Files (x86)/Epic Games/Launcher/Engine/Binaries/ThirdParty/CEF3/Win64/Resources/locales"" --log-file=C:/Users/Abdo/AppData/Local/EpicGamesLauncher/Saved/Logs/cef3.log --log-severity=warning --resources-dir-path=""C:/Program Files (x86)/Epic Games/Launcher/Engine/Binaries/ThirdParty/CEF3/Win64/Resources"" --user-agent-product=""EpicGamesLauncher/14.4.0-23415133+++Portal+Release-Live UnrealEngine/4.23.0-23415133+++Portal+Release-Live Chrome/90.0.4430.212"" --lang=en --log-file=C:/Users/Abdo/AppData/Local/EpicGamesLauncher/Saved/Logs/cef3.log --mojo-platform-channel-handle=3716 /prefetch:8
List of affected devices:
"
Warning,11/12/2022 20:52:21,Microsoft-Windows-Kernel-PnP,225,(223),"The application \Device\HarddiskVolume3\Windows\System32\conhost.exe with process id 20368 stopped the removal or ejection for the device PCI\VEN_8086&DEV_467F&SUBSYS_86941043&REV_00\3&11583659&0&70.
Process command line: \??\C:\WINDOWS\system32\conhost.exe 0x4
List of affected devices:
"
Warning,11/12/2022 20:52:21,Microsoft-Windows-Kernel-PnP,225,(223),"The application \Device\HarddiskVolume3\Windows\System32\svchost.exe with process id 20344 stopped the removal or ejection for the device PCI\VEN_8086&DEV_467F&SUBSYS_86941043&REV_00\3&11583659&0&70.
Process command line: C:\WINDOWS\system32\svchost.exe -k LocalServiceNetworkRestricted -p -s icssvc
List of affected devices:
"
Warning,11/12/2022 20:52:21,Microsoft-Windows-Kernel-PnP,225,(223),"The application \Device\HarddiskVolume3\Program Files\Send Anywhere\Send Anywhere.exe with process id 20220 stopped the removal or ejection for the device PCI\VEN_8086&DEV_467F&SUBSYS_86941043&REV_00\3&11583659&0&70.
Process command line: ""C:\Program Files\Send Anywhere\Send Anywhere.exe"" --type=utility --field-trial-handle=1852,17490116303313100634,16085474597241970481,131072 --enable-features=WebComponentsV0Enabled --disable-features=SpareRendererForSitePerProcess --lang=en-GB --service-sandbox-type=network --mojo-platform-channel-handle=2316 /prefetch:8
List of affected devices:
"
Warning,11/12/2022 20:52:21,Microsoft-Windows-Kernel-PnP,225,(223),"The application \Device\HarddiskVolume3\Program Files\Send Anywhere\Send Anywhere.exe with process id 20088 stopped the removal or ejection for the device PCI\VEN_8086&DEV_467F&SUBSYS_86941043&REV_00\3&11583659&0&70.
Process command line: ""C:\Program Files\Send Anywhere\Send Anywhere.exe"" --type=gpu-process --field-trial-handle=1852,17490116303313100634,16085474597241970481,131072 --enable-features=WebComponentsV0Enabled --disable-features=SpareRendererForSitePerProcess --gpu-preferences=KAAAAAAAAADgAAAwAAAAAAAAYAAAAAAAEAAAAAAAAAAAAAAAAAAAACgAAAAEAAAAIAAAAAAAAAAoAAAAAAAAADAAAAAAAAAAOAAAAAAAAAAQAAAAAAAAAAAAAAAFAAAAEAAAAAAAAAAAAAAABgAAABAAAAAAAAAAAQAAAAUAAAAQAAAAAAAAAAEAAAAGAAAA --use-gl=swiftshader-webgl --mojo-platform-channel-handle=1856 --ignored="" --type=renderer "" /prefetch:2
List of affected devices:
"
Warning,11/12/2022 20:52:21,Microsoft-Windows-Kernel-PnP,225,(223),"The application \Device\HarddiskVolume3\Windows\UUS\amd64\MoNotificationUx.exe with process id 19900 stopped the removal or ejection for the device PCI\VEN_8086&DEV_467F&SUBSYS_86941043&REV_00\3&11583659&0&70.
Process command line: C:\WINDOWS\uus\AMD64\MoNotificationUx.exe /NotificationType Reboot_Engaged /FormFactor Passive /Timeout 0
List of affected devices:
"
Warning,11/12/2022 20:52:21,Microsoft-Windows-Kernel-PnP,225,(223),"The application \Device\HarddiskVolume3\Program Files\Send Anywhere\Send Anywhere.exe with process id 19296 stopped the removal or ejection for the device PCI\VEN_8086&DEV_467F&SUBSYS_86941043&REV_00\3&11583659&0&70.
Process command line: ""C:\Program Files\Send Anywhere\Send Anywhere.exe"" --type=renderer --field-trial-handle=1852,17490116303313100634,16085474597241970481,131072 --enable-features=WebComponentsV0Enabled --disable-features=SpareRendererForSitePerProcess --disable-gpu-compositing --lang=en-GB --app-path=""C:\Program Files\Send Anywhere\resources\app.asar"" --node-integration --webview-tag --no-sandbox --no-zygote --enable-remote-module --background-color=#fff --enable-websql --device-scale-factor=1 --num-raster-threads=4 --enable-main-frame-before-activation --renderer-client-id=5 --no-v8-untrusted-code-mitigations --mojo-platform-channel-handle=2504 /prefetch:1
List of affected devices:
"
Warning,11/12/2022 20:52:21,Microsoft-Windows-Kernel-PnP,225,(223),"The application \Device\HarddiskVolume3\Program Files\Send Anywhere\Send Anywhere.exe with process id 19192 stopped the removal or ejection for the device PCI\VEN_8086&DEV_467F&SUBSYS_86941043&REV_00\3&11583659&0&70.
Process command line: ""C:\Program Files\Send Anywhere\Send Anywhere.exe"" --no-rate-limit --no-upload-gzip --type=crash-handler ""--crashes-directory=C:\Users\Abdo\AppData\Local\Temp\Send Anywhere Crashes"" ""--database=C:\Users\Abdo\AppData\Local\Temp\Send Anywhere Crashes"" ""--metrics-dir=C:\Users\Abdo\AppData\Local\Temp\Send Anywhere Crashes"" --url=http://breakpad.send-anywhere.com:1127/post --initial-client-data=0xa28,0xa2c,0xa30,0x9c0,0xa34,0x7ff614a69298,0x7ff614a692a8,0x7ff614a692b8
List of affected devices:
"
Warning,11/12/2022 20:52:21,Microsoft-Windows-Kernel-PnP,225,(223),"The application \Device\HarddiskVolume3\Program Files (x86)\Epic Games\Launcher\Engine\Binaries\Win64\EpicWebHelper.exe with process id 19168 stopped the removal or ejection for the device PCI\VEN_8086&DEV_467F&SUBSYS_86941043&REV_00\3&11583659&0&70.
Process command line: ""C:/Program Files (x86)/Epic Games/Launcher/Engine/Binaries/Win64/EpicWebHelper.exe"" --type=gpu-process --field-trial-handle=2396,2681765673968160050,18335510432676112040,131072 --disable-features=CalculateNativeWinOcclusion --no-sandbox --locales-dir-path=""C:/Program Files (x86)/Epic Games/Launcher/Engine/Binaries/ThirdParty/CEF3/Win64/Resources/locales"" --log-file=C:/Users/Abdo/AppData/Local/EpicGamesLauncher/Saved/Logs/cef3.log --log-severity=warning --resources-dir-path=""C:/Program Files (x86)/Epic Games/Launcher/Engine/Binaries/ThirdParty/CEF3/Win64/Resources"" --user-agent-product=""EpicGamesLauncher/14.4.0-23415133+++Portal+Release-Live UnrealEngine/4.23.0-23415133+++Portal+Release-Live Chrome/90.0.4430.212"" --lang=en --gpu-preferences=SAAAAAAAAADgACAwAAAAAAAAAAAAAAAAAABgAAAAAAAoAAAAAAAAAAAAAAAAAAAAAAAAAAAAAAB4AAAAAAAAAHgAAAAAAAAAKAAAAAQAAAAgAAAAAAAAACgAAAAAAAAAMAAAAAAAAAA4AAAAAAAAABAAAAAAAAAAAAAAAAUAAAAQAAAAAAAAAAAAAAAGAAAAEAAAAAAAAAABAAAABQAAABAAAAAAAAAAAQAAAAYAAAAIAAAAAAAAAAgAAAAAAAAA --log-file=C:/Users/Abdo/AppData/Local/EpicGamesLauncher/Saved/Logs/cef3.log --mojo-platform-channel-handle=2480 /prefetch:2
List of affected devices:
"
Warning,11/12/2022 20:52:21,Microsoft-Windows-Kernel-PnP,225,(223),"The application \Device\HarddiskVolume3\Windows\System32\RuntimeBroker.exe with process id 19052 stopped the removal or ejection for the device PCI\VEN_8086&DEV_467F&SUBSYS_86941043&REV_00\3&11583659&0&70.
Process command line: C:\Windows\System32\RuntimeBroker.exe -Embedding
List of affected devices:
"
Warning,11/12/2022 20:52:21,Microsoft-Windows-Kernel-PnP,225,(223),"The application \Device\HarddiskVolume3\Windows\System32\svchost.exe with process id 18916 stopped the removal or ejection for the device PCI\VEN_8086&DEV_467F&SUBSYS_86941043&REV_00\3&11583659&0&70.
Process command line: C:\WINDOWS\System32\svchost.exe -k netsvcs -p -s NetSetupSvc
List of affected devices:
"
Warning,11/12/2022 20:52:21,Microsoft-Windows-Kernel-PnP,225,(223),"The application \Device\HarddiskVolume3\Program Files (x86)\Microsoft\Edge\Application\msedge.exe with process id 18756 stopped the removal or ejection for the device PCI\VEN_8086&DEV_467F&SUBSYS_86941043&REV_00\3&11583659&0&70.
Process command line: ""C:\Program Files (x86)\Microsoft\Edge\Application\msedge.exe"" --type=utility --utility-sub-type=storage.mojom.StorageService --lang=en-GB --service-sandbox-type=service --mojo-platform-channel-handle=2560 --field-trial-handle=2128,i,11415063378587630566,2673934203677735626,131072 /prefetch:8
List of affected devices:
"
Warning,11/12/2022 20:52:21,Microsoft-Windows-Kernel-PnP,225,(223),"The application \Device\HarddiskVolume3\Program Files (x86)\Microsoft\Edge\Application\msedge.exe with process id 18688 stopped the removal or ejection for the device PCI\VEN_8086&DEV_467F&SUBSYS_86941043&REV_00\3&11583659&0&70.
Process command line: ""C:\Program Files (x86)\Microsoft\Edge\Application\msedge.exe"" --type=utility --utility-sub-type=network.mojom.NetworkService --lang=en-GB --service-sandbox-type=none --mojo-platform-channel-handle=2200 --field-trial-handle=2128,i,11415063378587630566,2673934203677735626,131072 /prefetch:3
List of affected devices:
"
Warning,11/12/2022 20:52:21,Microsoft-Windows-Kernel-PnP,225,(223),"The application \Device\HarddiskVolume3\Windows\System32\ApplicationFrameHost.exe with process id 18668 stopped the removal or ejection for the device PCI\VEN_8086&DEV_467F&SUBSYS_86941043&REV_00\3&11583659&0&70.
Process command line: C:\WINDOWS\system32\ApplicationFrameHost.exe -Embedding
List of affected devices:
"
