Information,08/01/2023 22:00:00,Microsoft-Windows-Kernel-Power,566,(268),"The system session has transitioned from 69 to 70.

Reason SessionUnlock 

BootId: 8"
Information,08/01/2023 21:59:02,e2fexpress,32,None,"The description for Event ID 32 from source e2fexpress cannot be found. Either the component that raises this event is not installed on your local computer or the installation is corrupted. You can install or repair the component on the local computer.

If the event originated on another computer, the display information had to be saved with the event.

The following information was included with the event: 

Intel(R) Ethernet Controller (3) I225-V

The message resource is present but the message was not found in the message table
"
Information,08/01/2023 21:59:00,Microsoft-Windows-Power-Troubleshooter,1,None,"The system has returned from a low power state.

Sleep Time: ‎2023‎-‎01‎-‎08T21:55:17.197011500Z
Wake Time: ‎2023‎-‎01‎-‎08T21:58:59.342530400Z

Wake Source: Device -USB Composite Device"
Warning,08/01/2023 21:58:59,e2fexpress,27,None,"The description for Event ID 27 from source e2fexpress cannot be found. Either the component that raises this event is not installed on your local computer or the installation is corrupted. You can install or repair the component on the local computer.

If the event originated on another computer, the display information had to be saved with the event.

The following information was included with the event: 

Intel(R) Ethernet Controller (3) I225-V

The message resource is present but the message was not found in the message table
"
Information,08/01/2023 21:58:59,Microsoft-Windows-Kernel-Power,566,(268),"The system session has transitioned from 67 to 69.

Reason Unknown 

BootId: 8"
Information,08/01/2023 21:58:59,Microsoft-Windows-Time-Service,158,None,The time provider 'VMICTimeProvider' has indicated that the current hardware and operating environment is not supported and has stopped. This behavior is expected for VMICTimeProvider on non-HyperV-guest environments. This may be the expected behavior for the current provider in the current operating environment as well.
Information,08/01/2023 21:58:59,Microsoft-Windows-Kernel-Power,566,(268),"The system session has transitioned from 66 to 67.

Reason SxTransition 

BootId: 8"
Information,08/01/2023 21:58:59,BTHUSB,18,None,Windows cannot store Bluetooth authentication codes (link keys) on the local adapter. Bluetooth keyboards might not work in the system BIOS during start-up.
Information,08/01/2023 21:58:58,Netwtw10,7026,None,7026 - Dump after return from D3 after cmd
Information,08/01/2023 21:58:58,Netwtw10,7025,None,7025 - Dump after return from D3 before cmd 
Information,08/01/2023 21:58:58,Microsoft-Windows-Kernel-Power,130,(33),"Firmware S3 times. SuspendStart: 15530784, SuspendEnd: 15530786"
Information,08/01/2023 21:58:58,Microsoft-Windows-Kernel-Power,131,(33),"Firmware S3 times. ResumeCount: 10, FullResume: 2438, AverageResume: 2439"
Information,08/01/2023 21:58:58,Microsoft-Windows-Kernel-General,1,(5),"The system time has changed to ‎2023‎-‎01‎-‎08T21:58:58.500000000Z from ‎2023‎-‎01‎-‎08T21:55:19.395435300Z.
Time Delta: 219104 ms

Change Reason: System time synchronized with the hardware clock.
Process: '' (PID 4).

RTC time: ‎2023‎-‎01‎-‎08T21:58:58.500000000Z
Current time zone bias: 0
RTC time is in UTC: false
System time was based on RTC time: false"
Information,08/01/2023 21:55:19,Microsoft-Windows-Kernel-Power,107,(102),The system has resumed from sleep.
Information,08/01/2023 21:55:18,Microsoft-Windows-Kernel-Power,42,(64),"The system is entering sleep.

Sleep Reason: System Idle"
Information,08/01/2023 21:55:17,Microsoft-Windows-Kernel-Power,566,(268),"The system session has transitioned from 64 to 66.

Reason SxTransition 

BootId: 8"
Information,08/01/2023 21:40:51,Microsoft-Windows-Kernel-Power,566,(268),"The system session has transitioned from 63 to 64.

Reason SessionUnlock 

BootId: 8"
Information,08/01/2023 21:39:53,e2fexpress,32,None,"The description for Event ID 32 from source e2fexpress cannot be found. Either the component that raises this event is not installed on your local computer or the installation is corrupted. You can install or repair the component on the local computer.

If the event originated on another computer, the display information had to be saved with the event.

The following information was included with the event: 

Intel(R) Ethernet Controller (3) I225-V

The message resource is present but the message was not found in the message table
"
Information,08/01/2023 21:39:51,Microsoft-Windows-Power-Troubleshooter,1,None,"The system has returned from a low power state.

Sleep Time: ‎2023‎-‎01‎-‎08T21:35:57.005464500Z
Wake Time: ‎2023‎-‎01‎-‎08T21:39:50.366874400Z

Wake Source: Device -USB Composite Device"
Warning,08/01/2023 21:39:50,e2fexpress,27,None,"The description for Event ID 27 from source e2fexpress cannot be found. Either the component that raises this event is not installed on your local computer or the installation is corrupted. You can install or repair the component on the local computer.

If the event originated on another computer, the display information had to be saved with the event.

The following information was included with the event: 

Intel(R) Ethernet Controller (3) I225-V

The message resource is present but the message was not found in the message table
"
Information,08/01/2023 21:39:50,Microsoft-Windows-Kernel-Power,566,(268),"The system session has transitioned from 61 to 63.

Reason Unknown 

BootId: 8"
Information,08/01/2023 21:39:50,Microsoft-Windows-Time-Service,158,None,The time provider 'VMICTimeProvider' has indicated that the current hardware and operating environment is not supported and has stopped. This behavior is expected for VMICTimeProvider on non-HyperV-guest environments. This may be the expected behavior for the current provider in the current operating environment as well.
Information,08/01/2023 21:39:50,Microsoft-Windows-Kernel-Power,566,(268),"The system session has transitioned from 60 to 61.

Reason SxTransition 

BootId: 8"
Information,08/01/2023 21:39:50,BTHUSB,18,None,Windows cannot store Bluetooth authentication codes (link keys) on the local adapter. Bluetooth keyboards might not work in the system BIOS during start-up.
Information,08/01/2023 21:39:49,Netwtw10,7026,None,7026 - Dump after return from D3 after cmd
Information,08/01/2023 21:39:49,Netwtw10,7025,None,7025 - Dump after return from D3 before cmd 
Information,08/01/2023 21:39:49,Microsoft-Windows-Kernel-Power,130,(33),"Firmware S3 times. SuspendStart: 14606391, SuspendEnd: 14606393"
Information,08/01/2023 21:39:49,Microsoft-Windows-Kernel-Power,131,(33),"Firmware S3 times. ResumeCount: 9, FullResume: 2439, AverageResume: 2439"
Information,08/01/2023 21:39:49,Microsoft-Windows-Kernel-General,1,(5),"The system time has changed to ‎2023‎-‎01‎-‎08T21:39:49.500000000Z from ‎2023‎-‎01‎-‎08T21:35:59.293322300Z.
Time Delta: 230206 ms

Change Reason: System time synchronized with the hardware clock.
Process: '' (PID 4).

RTC time: ‎2023‎-‎01‎-‎08T21:39:49.500000000Z
Current time zone bias: 0
RTC time is in UTC: false
System time was based on RTC time: false"
Information,08/01/2023 21:35:59,Microsoft-Windows-Kernel-Power,107,(102),The system has resumed from sleep.
Information,08/01/2023 21:35:58,Microsoft-Windows-Kernel-Power,42,(64),"The system is entering sleep.

Sleep Reason: System Idle"
Information,08/01/2023 21:35:57,Microsoft-Windows-Kernel-Power,566,(268),"The system session has transitioned from 58 to 60.

Reason SxTransition 

BootId: 8"
Information,08/01/2023 21:21:31,Microsoft-Windows-Kernel-Power,566,(268),"The system session has transitioned from 57 to 58.

Reason SessionUnlock 

BootId: 8"
Information,08/01/2023 21:20:46,Microsoft-Windows-Time-Service,158,None,The time provider 'VMICTimeProvider' has indicated that the current hardware and operating environment is not supported and has stopped. This behavior is expected for VMICTimeProvider on non-HyperV-guest environments. This may be the expected behavior for the current provider in the current operating environment as well.
Information,08/01/2023 21:20:33,e2fexpress,32,None,"The description for Event ID 32 from source e2fexpress cannot be found. Either the component that raises this event is not installed on your local computer or the installation is corrupted. You can install or repair the component on the local computer.

If the event originated on another computer, the display information had to be saved with the event.

The following information was included with the event: 

Intel(R) Ethernet Controller (3) I225-V

The message resource is present but the message was not found in the message table
"
Information,08/01/2023 21:20:31,Microsoft-Windows-Power-Troubleshooter,1,None,"The system has returned from a low power state.

Sleep Time: ‎2023‎-‎01‎-‎08T21:16:41.864903700Z
Wake Time: ‎2023‎-‎01‎-‎08T21:20:30.347311600Z

Wake Source: Device -USB Composite Device"
Warning,08/01/2023 21:20:30,e2fexpress,27,None,"The description for Event ID 27 from source e2fexpress cannot be found. Either the component that raises this event is not installed on your local computer or the installation is corrupted. You can install or repair the component on the local computer.

If the event originated on another computer, the display information had to be saved with the event.

The following information was included with the event: 

Intel(R) Ethernet Controller (3) I225-V

The message resource is present but the message was not found in the message table
"
Information,08/01/2023 21:20:30,Microsoft-Windows-Kernel-Power,566,(268),"The system session has transitioned from 55 to 57.

Reason Unknown 

BootId: 8"
Information,08/01/2023 21:20:30,Microsoft-Windows-Kernel-Power,566,(268),"The system session has transitioned from 54 to 55.

Reason SxTransition 

BootId: 8"
Information,08/01/2023 21:20:30,BTHUSB,18,None,Windows cannot store Bluetooth authentication codes (link keys) on the local adapter. Bluetooth keyboards might not work in the system BIOS during start-up.
Information,08/01/2023 21:20:29,Netwtw10,7026,None,7026 - Dump after return from D3 after cmd
Information,08/01/2023 21:20:29,Netwtw10,7025,None,7025 - Dump after return from D3 before cmd 
Information,08/01/2023 21:20:29,Microsoft-Windows-Kernel-Power,130,(33),"Firmware S3 times. SuspendStart: 13682068, SuspendEnd: 13682069"
Information,08/01/2023 21:20:29,Microsoft-Windows-Kernel-Power,131,(33),"Firmware S3 times. ResumeCount: 8, FullResume: 2439, AverageResume: 2439"
Information,08/01/2023 21:20:29,Microsoft-Windows-Kernel-General,1,(5),"The system time has changed to ‎2023‎-‎01‎-‎08T21:20:29.500000000Z from ‎2023‎-‎01‎-‎08T21:16:44.353548700Z.
Time Delta: 225146 ms

Change Reason: System time synchronized with the hardware clock.
Process: '' (PID 4).

RTC time: ‎2023‎-‎01‎-‎08T21:20:29.500000000Z
Current time zone bias: 0
RTC time is in UTC: false
System time was based on RTC time: false"
Information,08/01/2023 21:16:44,Microsoft-Windows-Kernel-Power,107,(102),The system has resumed from sleep.
Information,08/01/2023 21:16:43,Microsoft-Windows-Kernel-Power,42,(64),"The system is entering sleep.

Sleep Reason: System Idle"
Information,08/01/2023 21:16:41,Microsoft-Windows-Kernel-Power,566,(268),"The system session has transitioned from 52 to 54.

Reason SxTransition 

BootId: 8"
Information,08/01/2023 21:15:05,Service Control Manager,7040,None,The start type of the Background Intelligent Transfer Service service was changed from auto start to demand start.
Information,08/01/2023 21:13:01,Service Control Manager,7040,None,The start type of the Background Intelligent Transfer Service service was changed from demand start to auto start.
Information,08/01/2023 21:12:50,Service Control Manager,7045,None,"A service was installed in the system.

Service Name:  MpKsl99e99300
Service File Name:  C:\ProgramData\Microsoft\Windows Defender\Definition Updates\{C2E3957C-613C-44FE-9B3E-6850F6F5A40B}\MpKslDrv.sys
Service Type:  kernel mode driver
Service Start Type:  demand start
Service Account:  "
Information,08/01/2023 21:12:42,Microsoft-Windows-Time-Service,37,None,"The time provider NtpClient is currently receiving valid time data from time.windows.com,0x9 (ntp.m|0x9|0.0.0.0:123->51.145.123.29:123)."
Information,08/01/2023 21:12:42,Microsoft-Windows-Time-Service,158,None,The time provider 'VMICTimeProvider' has indicated that the current hardware and operating environment is not supported and has stopped. This behavior is expected for VMICTimeProvider on non-HyperV-guest environments. This may be the expected behavior for the current provider in the current operating environment as well.
Information,08/01/2023 21:09:18,Service Control Manager,7040,None,The start type of the Background Intelligent Transfer Service service was changed from auto start to demand start.
Information,08/01/2023 21:07:14,Service Control Manager,7040,None,The start type of the Background Intelligent Transfer Service service was changed from demand start to auto start.
Information,08/01/2023 21:02:16,Microsoft-Windows-Kernel-Power,566,(268),"The system session has transitioned from 51 to 52.

Reason SessionUnlock 

BootId: 8"
Information,08/01/2023 21:01:17,e2fexpress,32,None,"The description for Event ID 32 from source e2fexpress cannot be found. Either the component that raises this event is not installed on your local computer or the installation is corrupted. You can install or repair the component on the local computer.

If the event originated on another computer, the display information had to be saved with the event.

The following information was included with the event: 

Intel(R) Ethernet Controller (3) I225-V

The message resource is present but the message was not found in the message table
"
Information,08/01/2023 21:01:16,Microsoft-Windows-Power-Troubleshooter,1,None,"The system has returned from a low power state.

Sleep Time: ‎2023‎-‎01‎-‎08T20:51:46.229567500Z
Wake Time: ‎2023‎-‎01‎-‎08T21:01:15.346927000Z

Wake Source: Device -USB Composite Device"
Warning,08/01/2023 21:01:15,e2fexpress,27,None,"The description for Event ID 27 from source e2fexpress cannot be found. Either the component that raises this event is not installed on your local computer or the installation is corrupted. You can install or repair the component on the local computer.

If the event originated on another computer, the display information had to be saved with the event.

The following information was included with the event: 

Intel(R) Ethernet Controller (3) I225-V

The message resource is present but the message was not found in the message table
"
Information,08/01/2023 21:01:15,Microsoft-Windows-Kernel-Power,566,(268),"The system session has transitioned from 49 to 51.

Reason Unknown 

BootId: 8"
Information,08/01/2023 21:01:15,Microsoft-Windows-Kernel-Power,566,(268),"The system session has transitioned from 48 to 49.

Reason SxTransition 

BootId: 8"
Information,08/01/2023 21:01:15,BTHUSB,18,None,Windows cannot store Bluetooth authentication codes (link keys) on the local adapter. Bluetooth keyboards might not work in the system BIOS during start-up.
Information,08/01/2023 21:01:14,Netwtw10,7026,None,7026 - Dump after return from D3 after cmd
Information,08/01/2023 21:01:14,Netwtw10,7025,None,7025 - Dump after return from D3 before cmd 
Information,08/01/2023 21:01:14,Microsoft-Windows-Kernel-Power,130,(33),"Firmware S3 times. SuspendStart: 12757692, SuspendEnd: 12757694"
Information,08/01/2023 21:01:14,Microsoft-Windows-Kernel-Power,131,(33),"Firmware S3 times. ResumeCount: 7, FullResume: 2439, AverageResume: 2439"
Information,08/01/2023 21:01:14,Microsoft-Windows-Kernel-General,1,(5),"The system time has changed to ‎2023‎-‎01‎-‎08T21:01:14.500000000Z from ‎2023‎-‎01‎-‎08T20:51:48.873744600Z.
Time Delta: 565626 ms

Change Reason: System time synchronized with the hardware clock.
Process: '' (PID 4).

RTC time: ‎2023‎-‎01‎-‎08T21:01:14.500000000Z
Current time zone bias: 0
RTC time is in UTC: false
System time was based on RTC time: false"
Information,08/01/2023 20:51:48,Microsoft-Windows-Kernel-Power,107,(102),The system has resumed from sleep.
Information,08/01/2023 20:51:47,Microsoft-Windows-Kernel-Power,42,(64),"The system is entering sleep.

Sleep Reason: System Idle"
Information,08/01/2023 20:51:46,Microsoft-Windows-Kernel-Power,566,(268),"The system session has transitioned from 46 to 48.

Reason SxTransition 

BootId: 8"
Information,08/01/2023 20:41:23,Microsoft-Windows-Kernel-Power,566,(268),"The system session has transitioned from 45 to 46.

Reason SessionUnlock 

BootId: 8"
Information,08/01/2023 19:40:52,e2fexpress,32,None,"The description for Event ID 32 from source e2fexpress cannot be found. Either the component that raises this event is not installed on your local computer or the installation is corrupted. You can install or repair the component on the local computer.

If the event originated on another computer, the display information had to be saved with the event.

The following information was included with the event: 

Intel(R) Ethernet Controller (3) I225-V

The message resource is present but the message was not found in the message table
"
Information,08/01/2023 19:40:50,Microsoft-Windows-Power-Troubleshooter,1,None,"The system has returned from a low power state.

Sleep Time: ‎2023‎-‎01‎-‎08T19:02:50.226779500Z
Wake Time: ‎2023‎-‎01‎-‎08T19:40:49.368385700Z

Wake Source: Device -USB Composite Device"
Warning,08/01/2023 19:40:49,e2fexpress,27,None,"The description for Event ID 27 from source e2fexpress cannot be found. Either the component that raises this event is not installed on your local computer or the installation is corrupted. You can install or repair the component on the local computer.

If the event originated on another computer, the display information had to be saved with the event.

The following information was included with the event: 

Intel(R) Ethernet Controller (3) I225-V

The message resource is present but the message was not found in the message table
"
Information,08/01/2023 19:40:49,Microsoft-Windows-Kernel-Power,566,(268),"The system session has transitioned from 43 to 45.

Reason Unknown 

BootId: 8"
Information,08/01/2023 19:40:49,Microsoft-Windows-Kernel-Power,566,(268),"The system session has transitioned from 42 to 43.

Reason SxTransition 

BootId: 8"
Information,08/01/2023 19:40:49,BTHUSB,18,None,Windows cannot store Bluetooth authentication codes (link keys) on the local adapter. Bluetooth keyboards might not work in the system BIOS during start-up.
Information,08/01/2023 19:40:48,Netwtw10,7026,None,7026 - Dump after return from D3 after cmd
Information,08/01/2023 19:40:48,Netwtw10,7025,None,7025 - Dump after return from D3 before cmd 
Information,08/01/2023 19:40:48,Microsoft-Windows-Kernel-Power,130,(33),"Firmware S3 times. SuspendStart: 8522656, SuspendEnd: 8522658"
Information,08/01/2023 19:40:48,Microsoft-Windows-Kernel-Power,131,(33),"Firmware S3 times. ResumeCount: 6, FullResume: 2440, AverageResume: 2440"
Information,08/01/2023 19:40:48,Microsoft-Windows-Kernel-General,1,(5),"The system time has changed to ‎2023‎-‎01‎-‎08T19:40:48.500000000Z from ‎2023‎-‎01‎-‎08T19:02:52.495337000Z.
Time Delta: 2276004 ms

Change Reason: System time synchronized with the hardware clock.
Process: '' (PID 4).

RTC time: ‎2023‎-‎01‎-‎08T19:40:48.500000000Z
Current time zone bias: 0
RTC time is in UTC: false
System time was based on RTC time: false"
Information,08/01/2023 19:02:52,Microsoft-Windows-Kernel-Power,107,(102),The system has resumed from sleep.
Information,08/01/2023 19:02:51,Microsoft-Windows-Kernel-Power,42,(64),"The system is entering sleep.

Sleep Reason: System Idle"
Information,08/01/2023 19:02:50,Microsoft-Windows-Kernel-Power,566,(268),"The system session has transitioned from 40 to 42.

Reason SxTransition 

BootId: 8"
Information,08/01/2023 18:48:42,Microsoft-Windows-Kernel-Power,566,(268),"The system session has transitioned from 39 to 40.

Reason SessionUnlock 

BootId: 8"
Information,08/01/2023 18:47:22,Microsoft-Windows-Kernel-Power,566,(268),"The system session has transitioned from 37 to 39.

Reason InputHid 

BootId: 8"
Information,08/01/2023 18:45:58,Service Control Manager,7040,None,The start type of the Background Intelligent Transfer Service service was changed from auto start to demand start.
Information,08/01/2023 18:43:52,Service Control Manager,7040,None,The start type of the Background Intelligent Transfer Service service was changed from demand start to auto start.
Information,08/01/2023 18:38:53,Microsoft-Windows-Kernel-Power,566,(268),"The system session has transitioned from 36 to 37.

Reason SessionUnlock 

BootId: 8"
Information,08/01/2023 18:37:56,e2fexpress,32,None,"The description for Event ID 32 from source e2fexpress cannot be found. Either the component that raises this event is not installed on your local computer or the installation is corrupted. You can install or repair the component on the local computer.

If the event originated on another computer, the display information had to be saved with the event.

The following information was included with the event: 

Intel(R) Ethernet Controller (3) I225-V

The message resource is present but the message was not found in the message table
"
Information,08/01/2023 18:37:54,Microsoft-Windows-Power-Troubleshooter,1,None,"The system has returned from a low power state.

Sleep Time: ‎2023‎-‎01‎-‎08T17:50:35.272961900Z
Wake Time: ‎2023‎-‎01‎-‎08T18:37:53.343523000Z

Wake Source: Device -USB Composite Device"
Warning,08/01/2023 18:37:53,e2fexpress,27,None,"The description for Event ID 27 from source e2fexpress cannot be found. Either the component that raises this event is not installed on your local computer or the installation is corrupted. You can install or repair the component on the local computer.

If the event originated on another computer, the display information had to be saved with the event.

The following information was included with the event: 

Intel(R) Ethernet Controller (3) I225-V

The message resource is present but the message was not found in the message table
"
Information,08/01/2023 18:37:53,Microsoft-Windows-Kernel-Power,566,(268),"The system session has transitioned from 34 to 36.

Reason Unknown 

BootId: 8"
Information,08/01/2023 18:37:53,Microsoft-Windows-Kernel-Power,566,(268),"The system session has transitioned from 33 to 34.

Reason SxTransition 

BootId: 8"
Information,08/01/2023 18:37:53,BTHUSB,18,None,Windows cannot store Bluetooth authentication codes (link keys) on the local adapter. Bluetooth keyboards might not work in the system BIOS during start-up.
Information,08/01/2023 18:37:52,Netwtw10,7026,None,7026 - Dump after return from D3 after cmd
Information,08/01/2023 18:37:52,Netwtw10,7025,None,7025 - Dump after return from D3 before cmd 
Information,08/01/2023 18:37:52,Microsoft-Windows-Kernel-Power,130,(33),"Firmware S3 times. SuspendStart: 7031560, SuspendEnd: 7031562"
Information,08/01/2023 18:37:52,Microsoft-Windows-Kernel-Power,131,(33),"Firmware S3 times. ResumeCount: 5, FullResume: 2439, AverageResume: 2440"
Information,08/01/2023 18:37:52,Microsoft-Windows-Kernel-General,1,(5),"The system time has changed to ‎2023‎-‎01‎-‎08T18:37:52.500000000Z from ‎2023‎-‎01‎-‎08T17:50:37.560722200Z.
Time Delta: 2834939 ms

Change Reason: System time synchronized with the hardware clock.
Process: '' (PID 4).

RTC time: ‎2023‎-‎01‎-‎08T18:37:52.500000000Z
Current time zone bias: 0
RTC time is in UTC: false
System time was based on RTC time: false"
Information,08/01/2023 17:50:37,Microsoft-Windows-Kernel-Power,107,(102),The system has resumed from sleep.
Information,08/01/2023 17:50:36,Microsoft-Windows-Kernel-Power,42,(64),"The system is entering sleep.

Sleep Reason: System Idle"
Information,08/01/2023 17:50:35,Microsoft-Windows-Kernel-Power,566,(268),"The system session has transitioned from 31 to 33.

Reason SxTransition 

BootId: 8"
Information,08/01/2023 17:40:55,Service Control Manager,7040,None,The start type of the Background Intelligent Transfer Service service was changed from auto start to demand start.
Information,08/01/2023 17:38:50,Service Control Manager,7040,None,The start type of the Background Intelligent Transfer Service service was changed from demand start to auto start.
Information,08/01/2023 17:36:42,Service Control Manager,7040,None,The start type of the Background Intelligent Transfer Service service was changed from auto start to demand start.
Information,08/01/2023 17:36:24,Microsoft-Windows-Kernel-Power,566,(268),"The system session has transitioned from 30 to 31.

Reason SessionUnlock 

BootId: 8"
Information,08/01/2023 17:35:23,Microsoft-Windows-Kernel-Power,566,(268),"The system session has transitioned from 28 to 30.

Reason InputHid 

BootId: 8"
Information,08/01/2023 17:34:37,Service Control Manager,7040,None,The start type of the Background Intelligent Transfer Service service was changed from demand start to auto start.
Information,08/01/2023 17:32:23,Microsoft-Windows-Kernel-Power,566,(268),"The system session has transitioned from 27 to 28.

Reason SessionUnlock 

BootId: 8"
Information,08/01/2023 17:30:44,Service Control Manager,7040,None,The start type of the Background Intelligent Transfer Service service was changed from auto start to demand start.
Information,08/01/2023 17:30:43,Microsoft-Windows-Kernel-Power,566,(268),"The system session has transitioned from 25 to 27.

Reason InputHid 

BootId: 8"
Information,08/01/2023 17:29:38,Microsoft-Windows-Kernel-Power,566,(268),"The system session has transitioned from 24 to 25.

Reason SessionUnlock 

BootId: 8"
Information,08/01/2023 17:28:41,e2fexpress,32,None,"The description for Event ID 32 from source e2fexpress cannot be found. Either the component that raises this event is not installed on your local computer or the installation is corrupted. You can install or repair the component on the local computer.

If the event originated on another computer, the display information had to be saved with the event.

The following information was included with the event: 

Intel(R) Ethernet Controller (3) I225-V

The message resource is present but the message was not found in the message table
"
Information,08/01/2023 17:28:39,Microsoft-Windows-Power-Troubleshooter,1,None,"The system has returned from a low power state.

Sleep Time: ‎2023‎-‎01‎-‎08T15:48:49.316820300Z
Wake Time: ‎2023‎-‎01‎-‎08T17:28:38.368097000Z

Wake Source: Device -USB Composite Device"
Warning,08/01/2023 17:28:38,e2fexpress,27,None,"The description for Event ID 27 from source e2fexpress cannot be found. Either the component that raises this event is not installed on your local computer or the installation is corrupted. You can install or repair the component on the local computer.

If the event originated on another computer, the display information had to be saved with the event.

The following information was included with the event: 

Intel(R) Ethernet Controller (3) I225-V

The message resource is present but the message was not found in the message table
"
Information,08/01/2023 17:28:38,Microsoft-Windows-Kernel-Power,566,(268),"The system session has transitioned from 22 to 24.

Reason Unknown 

BootId: 8"
Information,08/01/2023 17:28:38,Microsoft-Windows-Kernel-Power,566,(268),"The system session has transitioned from 21 to 22.

Reason SxTransition 

BootId: 8"
Information,08/01/2023 17:28:38,BTHUSB,18,None,Windows cannot store Bluetooth authentication codes (link keys) on the local adapter. Bluetooth keyboards might not work in the system BIOS during start-up.
Information,08/01/2023 17:28:38,Service Control Manager,7040,None,The start type of the Background Intelligent Transfer Service service was changed from demand start to auto start.
Information,08/01/2023 17:28:37,Netwtw10,7026,None,7026 - Dump after return from D3 after cmd
Information,08/01/2023 17:28:37,Netwtw10,7025,None,7025 - Dump after return from D3 before cmd 
Information,08/01/2023 17:28:37,Microsoft-Windows-Kernel-Power,130,(33),"Firmware S3 times. SuspendStart: 5719297, SuspendEnd: 5719299"
Information,08/01/2023 17:28:37,Microsoft-Windows-Kernel-Power,131,(33),"Firmware S3 times. ResumeCount: 4, FullResume: 2439, AverageResume: 2440"
Information,08/01/2023 17:28:37,Microsoft-Windows-Kernel-General,1,(5),"The system time has changed to ‎2023‎-‎01‎-‎08T17:28:37.500000000Z from ‎2023‎-‎01‎-‎08T15:48:51.526599100Z.
Time Delta: 5985973 ms

Change Reason: System time synchronized with the hardware clock.
Process: '' (PID 4).

RTC time: ‎2023‎-‎01‎-‎08T17:28:37.500000000Z
Current time zone bias: 0
RTC time is in UTC: false
System time was based on RTC time: false"
Information,08/01/2023 15:48:51,Microsoft-Windows-Kernel-Power,107,(102),The system has resumed from sleep.
Information,08/01/2023 15:48:50,Microsoft-Windows-Kernel-Power,42,(64),"The system is entering sleep.

Sleep Reason: System Idle"
Information,08/01/2023 15:48:49,Microsoft-Windows-Kernel-Power,566,(268),"The system session has transitioned from 19 to 21.

Reason SxTransition 

BootId: 8"
Information,08/01/2023 15:34:23,Microsoft-Windows-Kernel-Power,566,(268),"The system session has transitioned from 18 to 19.

Reason SessionUnlock 

BootId: 8"
Information,08/01/2023 15:33:25,e2fexpress,32,None,"The description for Event ID 32 from source e2fexpress cannot be found. Either the component that raises this event is not installed on your local computer or the installation is corrupted. You can install or repair the component on the local computer.

If the event originated on another computer, the display information had to be saved with the event.

The following information was included with the event: 

Intel(R) Ethernet Controller (3) I225-V

The message resource is present but the message was not found in the message table
"
Information,08/01/2023 15:33:23,Microsoft-Windows-Power-Troubleshooter,1,None,"The system has returned from a low power state.

Sleep Time: ‎2023‎-‎01‎-‎08T14:48:47.204729800Z
Wake Time: ‎2023‎-‎01‎-‎08T15:33:22.342855200Z

Wake Source: Device -USB Composite Device"
Warning,08/01/2023 15:33:22,e2fexpress,27,None,"The description for Event ID 27 from source e2fexpress cannot be found. Either the component that raises this event is not installed on your local computer or the installation is corrupted. You can install or repair the component on the local computer.

If the event originated on another computer, the display information had to be saved with the event.

The following information was included with the event: 

Intel(R) Ethernet Controller (3) I225-V

The message resource is present but the message was not found in the message table
"
Information,08/01/2023 15:33:22,Microsoft-Windows-Kernel-Power,566,(268),"The system session has transitioned from 16 to 18.

Reason Unknown 

BootId: 8"
Information,08/01/2023 15:33:22,Microsoft-Windows-Kernel-Power,566,(268),"The system session has transitioned from 15 to 16.

Reason SxTransition 

BootId: 8"
Information,08/01/2023 15:33:22,BTHUSB,18,None,Windows cannot store Bluetooth authentication codes (link keys) on the local adapter. Bluetooth keyboards might not work in the system BIOS during start-up.
Information,08/01/2023 15:33:21,Netwtw10,7026,None,7026 - Dump after return from D3 after cmd
Information,08/01/2023 15:33:21,Netwtw10,7025,None,7025 - Dump after return from D3 before cmd 
Information,08/01/2023 15:33:21,Microsoft-Windows-Kernel-Power,130,(33),"Firmware S3 times. SuspendStart: 4794776, SuspendEnd: 4794778"
Information,08/01/2023 15:33:21,Microsoft-Windows-Kernel-Power,131,(33),"Firmware S3 times. ResumeCount: 3, FullResume: 2439, AverageResume: 2440"
Information,08/01/2023 15:33:21,Microsoft-Windows-Kernel-General,1,(5),"The system time has changed to ‎2023‎-‎01‎-‎08T15:33:21.500000000Z from ‎2023‎-‎01‎-‎08T14:48:49.400457900Z.
Time Delta: 2672099 ms

Change Reason: System time synchronized with the hardware clock.
Process: '' (PID 4).

RTC time: ‎2023‎-‎01‎-‎08T15:33:21.500000000Z
Current time zone bias: 0
RTC time is in UTC: false
System time was based on RTC time: false"
Information,08/01/2023 14:48:49,Microsoft-Windows-Kernel-Power,107,(102),The system has resumed from sleep.
Information,08/01/2023 14:48:48,Microsoft-Windows-Kernel-Power,42,(64),"The system is entering sleep.

Sleep Reason: System Idle"
Information,08/01/2023 14:48:47,Microsoft-Windows-Kernel-Power,566,(268),"The system session has transitioned from 13 to 15.

Reason SxTransition 

BootId: 8"
Information,08/01/2023 14:34:21,Microsoft-Windows-Kernel-Power,566,(268),"The system session has transitioned from 12 to 13.

Reason SessionUnlock 

BootId: 8"
Information,08/01/2023 14:33:23,e2fexpress,32,None,"The description for Event ID 32 from source e2fexpress cannot be found. Either the component that raises this event is not installed on your local computer or the installation is corrupted. You can install or repair the component on the local computer.

If the event originated on another computer, the display information had to be saved with the event.

The following information was included with the event: 

Intel(R) Ethernet Controller (3) I225-V

The message resource is present but the message was not found in the message table
"
Information,08/01/2023 14:33:21,Microsoft-Windows-Power-Troubleshooter,1,None,"The system has returned from a low power state.

Sleep Time: ‎2023‎-‎01‎-‎08T14:29:34.948398100Z
Wake Time: ‎2023‎-‎01‎-‎08T14:33:20.344559000Z

Wake Source: Device -USB Composite Device"
Warning,08/01/2023 14:33:20,e2fexpress,27,None,"The description for Event ID 27 from source e2fexpress cannot be found. Either the component that raises this event is not installed on your local computer or the installation is corrupted. You can install or repair the component on the local computer.

If the event originated on another computer, the display information had to be saved with the event.

The following information was included with the event: 

Intel(R) Ethernet Controller (3) I225-V

The message resource is present but the message was not found in the message table
"
Information,08/01/2023 14:33:20,Microsoft-Windows-Kernel-Power,566,(268),"The system session has transitioned from 10 to 12.

Reason Unknown 

BootId: 8"
Information,08/01/2023 14:33:20,Microsoft-Windows-Kernel-Power,566,(268),"The system session has transitioned from 9 to 10.

Reason SxTransition 

BootId: 8"
Information,08/01/2023 14:33:20,BTHUSB,18,None,Windows cannot store Bluetooth authentication codes (link keys) on the local adapter. Bluetooth keyboards might not work in the system BIOS during start-up.
Information,08/01/2023 14:33:19,Netwtw10,7026,None,7026 - Dump after return from D3 after cmd
Information,08/01/2023 14:33:19,Netwtw10,7025,None,7025 - Dump after return from D3 before cmd 
Information,08/01/2023 14:33:19,Microsoft-Windows-Kernel-Power,130,(33),"Firmware S3 times. SuspendStart: 3870422, SuspendEnd: 3870423"
Information,08/01/2023 14:33:19,Microsoft-Windows-Kernel-Power,131,(33),"Firmware S3 times. ResumeCount: 2, FullResume: 2441, AverageResume: 2440"
Information,08/01/2023 14:33:19,Microsoft-Windows-Kernel-General,1,(5),"The system time has changed to ‎2023‎-‎01‎-‎08T14:33:19.500000000Z from ‎2023‎-‎01‎-‎08T14:29:37.227342200Z.
Time Delta: 222272 ms

Change Reason: System time synchronized with the hardware clock.
Process: '' (PID 4).

RTC time: ‎2023‎-‎01‎-‎08T14:33:19.500000000Z
Current time zone bias: 0
RTC time is in UTC: false
System time was based on RTC time: false"
Information,08/01/2023 14:29:37,Microsoft-Windows-Kernel-Power,107,(102),The system has resumed from sleep.
Information,08/01/2023 14:29:36,Microsoft-Windows-Kernel-Power,42,(64),"The system is entering sleep.

Sleep Reason: System Idle"
Information,08/01/2023 14:29:34,Microsoft-Windows-Kernel-Power,566,(268),"The system session has transitioned from 7 to 9.

Reason SxTransition 

BootId: 8"
Information,08/01/2023 14:15:36,Microsoft-Windows-Kernel-Power,566,(268),"The system session has transitioned from 6 to 7.

Reason SessionUnlock 

BootId: 8"
Information,08/01/2023 14:14:38,e2fexpress,32,None,"The description for Event ID 32 from source e2fexpress cannot be found. Either the component that raises this event is not installed on your local computer or the installation is corrupted. You can install or repair the component on the local computer.

If the event originated on another computer, the display information had to be saved with the event.

The following information was included with the event: 

Intel(R) Ethernet Controller (3) I225-V

The message resource is present but the message was not found in the message table
"
Information,08/01/2023 14:14:36,Microsoft-Windows-Power-Troubleshooter,1,None,"The system has returned from a low power state.

Sleep Time: ‎2023‎-‎01‎-‎08T14:10:54.294756900Z
Wake Time: ‎2023‎-‎01‎-‎08T14:14:35.345256600Z

Wake Source: Device -USB Composite Device"
Warning,08/01/2023 14:14:35,e2fexpress,27,None,"The description for Event ID 27 from source e2fexpress cannot be found. Either the component that raises this event is not installed on your local computer or the installation is corrupted. You can install or repair the component on the local computer.

If the event originated on another computer, the display information had to be saved with the event.

The following information was included with the event: 

Intel(R) Ethernet Controller (3) I225-V

The message resource is present but the message was not found in the message table
"
Information,08/01/2023 14:14:35,Microsoft-Windows-Kernel-Power,566,(268),"The system session has transitioned from 4 to 6.

Reason Unknown 

BootId: 8"
Information,08/01/2023 14:14:35,Microsoft-Windows-Kernel-Power,566,(268),"The system session has transitioned from 3 to 4.

Reason SxTransition 

BootId: 8"
Information,08/01/2023 14:14:35,BTHUSB,18,None,Windows cannot store Bluetooth authentication codes (link keys) on the local adapter. Bluetooth keyboards might not work in the system BIOS during start-up.
Information,08/01/2023 14:14:34,Netwtw10,7026,None,7026 - Dump after return from D3 after cmd
Information,08/01/2023 14:14:34,Netwtw10,7025,None,7025 - Dump after return from D3 before cmd 
Information,08/01/2023 14:14:34,Microsoft-Windows-Kernel-Power,130,(33),"Firmware S3 times. SuspendStart: 2973055, SuspendEnd: 2973139"
Information,08/01/2023 14:14:34,Microsoft-Windows-Kernel-Power,131,(33),"Firmware S3 times. ResumeCount: 1, FullResume: 2439, AverageResume: 2439"
Information,08/01/2023 14:14:34,Microsoft-Windows-Kernel-General,1,(5),"The system time has changed to ‎2023‎-‎01‎-‎08T14:14:34.500000000Z from ‎2023‎-‎01‎-‎08T14:10:57.173626400Z.
Time Delta: 217326 ms

Change Reason: System time synchronized with the hardware clock.
Process: '' (PID 4).

RTC time: ‎2023‎-‎01‎-‎08T14:14:34.500000000Z
Current time zone bias: 0
RTC time is in UTC: false
System time was based on RTC time: false"
Information,08/01/2023 14:10:57,Microsoft-Windows-Kernel-Power,107,(102),The system has resumed from sleep.
Information,08/01/2023 14:10:56,Microsoft-Windows-Kernel-Power,42,(64),"The system is entering sleep.

Sleep Reason: System Idle"
Information,08/01/2023 14:10:54,Microsoft-Windows-Kernel-Power,566,(268),"The system session has transitioned from 1 to 3.

Reason SxTransition 

BootId: 8"
Information,08/01/2023 14:10:54,Microsoft-Windows-Kernel-Power,566,(268),"The system session has transitioned from 0 to 1.

Reason SessionUnlock 

BootId: 8"
Information,08/01/2023 14:06:21,Microsoft-Windows-Kernel-General,16,None,The access history in hive \??\C:\ProgramData\Microsoft\Provisioning\Microsoft-Desktop-Provisioning-Sequence.dat was cleared updating 0 keys and creating 0 modified pages.
Information,08/01/2023 13:26:38,Microsoft-Windows-HttpService,114,HTTP Configuration Property Trace Task,"Removed URL (http://*:2869/upnp/eventing/) from URL group (0xFC00000C20000001). Process Id 0x34C4 Executable path \Device\HarddiskVolume3\Windows\System32\svchost.exe, User LOCAL SERVICE"
Information,08/01/2023 13:26:38,Service Control Manager,7040,None,The start type of the Background Intelligent Transfer Service service was changed from auto start to demand start.
Information,08/01/2023 13:24:35,Microsoft-Windows-HttpService,113,HTTP Configuration Property Trace Task,"Attempted to add URL (http://*:2869/upnp/eventing/) to URL group (0xFC00000C20000001). Status: 0x0. Process Id 0x34C4 Executable path \Device\HarddiskVolume3\Windows\System32\svchost.exe, User LOCAL SERVICE"
Information,08/01/2023 13:24:35,Microsoft-Windows-HttpService,114,HTTP Configuration Property Trace Task,"Removed URL (http://*:2869/upnp/eventing/) from URL group (0xFE00000A20000001). Process Id 0x34C4 Executable path \Device\HarddiskVolume3\Windows\System32\svchost.exe, User LOCAL SERVICE"
Information,08/01/2023 13:24:34,Microsoft-Windows-HttpService,113,HTTP Configuration Property Trace Task,"Attempted to add URL (http://*:2869/upnp/eventing/) to URL group (0xFE00000A20000001). Status: 0x0. Process Id 0x34C4 Executable path \Device\HarddiskVolume3\Windows\System32\svchost.exe, User LOCAL SERVICE"
Information,08/01/2023 13:24:34,Microsoft-Windows-HttpService,114,HTTP Configuration Property Trace Task,"Removed URL (http://*:2869/upnp/eventing/) from URL group (0xFC00000620000001). Process Id 0x34C4 Executable path \Device\HarddiskVolume3\Windows\System32\svchost.exe, User LOCAL SERVICE"
Information,08/01/2023 13:24:15,Microsoft-Windows-HttpService,113,HTTP Configuration Property Trace Task,"Attempted to add URL (http://*:2869/upnp/eventing/) to URL group (0xFC00000620000001). Status: 0x0. Process Id 0x34C4 Executable path \Device\HarddiskVolume3\Windows\System32\svchost.exe, User LOCAL SERVICE"
Information,08/01/2023 13:24:15,Microsoft-Windows-HttpService,114,HTTP Configuration Property Trace Task,"Removed URL (http://*:2869/upnp/eventing/) from URL group (0xFE00000920000001). Process Id 0x34C4 Executable path \Device\HarddiskVolume3\Windows\System32\svchost.exe, User LOCAL SERVICE"
Information,08/01/2023 13:24:10,Microsoft-Windows-HttpService,113,HTTP Configuration Property Trace Task,"Attempted to add URL (http://*:2869/upnp/eventing/) to URL group (0xFE00000920000001). Status: 0x0. Process Id 0x34C4 Executable path \Device\HarddiskVolume3\Windows\System32\svchost.exe, User LOCAL SERVICE"
Information,08/01/2023 13:24:06,Service Control Manager,7040,None,The start type of the Background Intelligent Transfer Service service was changed from demand start to auto start.
Warning,08/01/2023 13:23:42,Microsoft-Windows-DistributedCOM,10016,None,"The application-specific permission settings do not grant Local Launch permission for the COM Server application with CLSID 
Windows.SecurityCenter.WscBrokerManager
 and APPID 
Unavailable
 to the user NT AUTHORITY\SYSTEM SID (S-1-5-18) from address LocalHost (Using LRPC) running in the application container Unavailable SID (Unavailable). This security permission can be modified using the Component Services administrative tool."
Warning,08/01/2023 13:23:42,Microsoft-Windows-DistributedCOM,10016,None,"The application-specific permission settings do not grant Local Launch permission for the COM Server application with CLSID 
Windows.SecurityCenter.SecurityAppBroker
 and APPID 
Unavailable
 to the user NT AUTHORITY\SYSTEM SID (S-1-5-18) from address LocalHost (Using LRPC) running in the application container Unavailable SID (Unavailable). This security permission can be modified using the Component Services administrative tool."
Information,08/01/2023 13:23:34,Microsoft-Windows-WindowsUpdateClient,19,Windows Update Agent,Installation Successful: Windows successfully installed the following update: Security Intelligence Update for Microsoft Defender Antivirus - KB2267602 (Version 1.381.1917.0)
Information,08/01/2023 13:23:29,Microsoft-Windows-WindowsUpdateClient,43,Windows Update Agent,Installation Started: Windows has started installing the following update: Security Intelligence Update for Microsoft Defender Antivirus - KB2267602 (Version 1.381.1917.0)
Information,08/01/2023 13:23:29,Microsoft-Windows-WindowsUpdateClient,44,Windows Update Agent,Windows Update started downloading an update.
Warning,08/01/2023 13:23:18,Microsoft-Windows-DistributedCOM,10016,None,"The application-specific permission settings do not grant Local Activation permission for the COM Server application with CLSID 
{2593F8B9-4EAF-457C-B68A-50F6B8EA6B54}
 and APPID 
{15C20B67-12E7-4BB6-92BB-7AFF07997402}
 to the user DESKTOP-TBPOCIG\Abdo SID (S-1-5-21-1394681546-3843053835-3284470220-1001) from address LocalHost (Using LRPC) running in the application container Unavailable SID (Unavailable). This security permission can be modified using the Component Services administrative tool."
Warning,08/01/2023 13:22:38,Microsoft-Windows-Kernel-Processor-Power,37,(7),The speed of processor 16 in group 0 is being limited by system firmware. The processor has been in this reduced performance state for 71 seconds since the last report.
Warning,08/01/2023 13:22:38,Microsoft-Windows-Kernel-Processor-Power,37,(7),The speed of processor 17 in group 0 is being limited by system firmware. The processor has been in this reduced performance state for 71 seconds since the last report.
Warning,08/01/2023 13:22:38,Microsoft-Windows-Kernel-Processor-Power,37,(7),The speed of processor 19 in group 0 is being limited by system firmware. The processor has been in this reduced performance state for 71 seconds since the last report.
Warning,08/01/2023 13:22:38,Microsoft-Windows-Kernel-Processor-Power,37,(7),The speed of processor 18 in group 0 is being limited by system firmware. The processor has been in this reduced performance state for 71 seconds since the last report.
Warning,08/01/2023 13:21:56,Microsoft-Windows-DistributedCOM,10016,None,"The application-specific permission settings do not grant Local Activation permission for the COM Server application with CLSID 
{2593F8B9-4EAF-457C-B68A-50F6B8EA6B54}
 and APPID 
{15C20B67-12E7-4BB6-92BB-7AFF07997402}
 to the user DESKTOP-TBPOCIG\Abdo SID (S-1-5-21-1394681546-3843053835-3284470220-1001) from address LocalHost (Using LRPC) running in the application container Unavailable SID (Unavailable). This security permission can be modified using the Component Services administrative tool."
Warning,08/01/2023 13:21:56,Microsoft-Windows-DistributedCOM,10016,None,"The application-specific permission settings do not grant Local Activation permission for the COM Server application with CLSID 
{2593F8B9-4EAF-457C-B68A-50F6B8EA6B54}
 and APPID 
{15C20B67-12E7-4BB6-92BB-7AFF07997402}
 to the user DESKTOP-TBPOCIG\Abdo SID (S-1-5-21-1394681546-3843053835-3284470220-1001) from address LocalHost (Using LRPC) running in the application container Unavailable SID (Unavailable). This security permission can be modified using the Component Services administrative tool."
Warning,08/01/2023 13:21:55,Microsoft-Windows-DistributedCOM,10016,None,"The application-specific permission settings do not grant Local Activation permission for the COM Server application with CLSID 
{2593F8B9-4EAF-457C-B68A-50F6B8EA6B54}
 and APPID 
{15C20B67-12E7-4BB6-92BB-7AFF07997402}
 to the user DESKTOP-TBPOCIG\Abdo SID (S-1-5-21-1394681546-3843053835-3284470220-1001) from address LocalHost (Using LRPC) running in the application container Unavailable SID (Unavailable). This security permission can be modified using the Component Services administrative tool."
Information,08/01/2023 13:21:43,Microsoft-Windows-TPM-WMI,1025,None,The TPM was successfully provisioned and is now ready for use.
Information,08/01/2023 13:21:43,Microsoft-Windows-TPM-WMI,1282,None,The TBS device identifier has been generated.
Information,08/01/2023 13:21:41,TPM,18,None,This event triggers the Trusted Platform Module (TPM) provisioning/status check to run.
Information,08/01/2023 13:21:41,Service Control Manager,7026,None,"The following boot-start or system-start driver(s) did not load: 
dam
WinSetupMon"
Information,08/01/2023 13:21:35,Microsoft-Windows-WHEA-Logger,3,None,A hardware event has occurred. An informational record describing the condition is contained in the data section of this event.
Information,08/01/2023 13:21:35,Microsoft-Windows-HttpService,113,HTTP Configuration Property Trace Task,"Attempted to add URL (http://127.0.0.1:27339:127.0.0.1/AuraSDK/) to URL group (0xFE00000C20000001). Status: 0x0. Process Id 0x1A18 Executable path \Device\HarddiskVolume3\Program Files (x86)\ASUS\GameSDK Service\GameSDK.exe, User SYSTEM"
Information,08/01/2023 13:21:35,Microsoft-Windows-HttpService,111,HTTP Configuration Property Trace Task,"Create URL group 0xFE00000C20000001. Status 0x0. Process Id 0x1A18 Executable path \Device\HarddiskVolume3\Program Files (x86)\ASUS\GameSDK Service\GameSDK.exe, User SYSTEM"
Information,08/01/2023 13:21:35,Microsoft-Windows-WLAN-AutoConfig,10001,None,"WLAN Extensibility Module has successfully started.

Module Path: C:\WINDOWS\system32\IntelIHVRouter10.dll
"
Warning,08/01/2023 13:21:35,Microsoft-Windows-DistributedCOM,10016,None,"The application-specific permission settings do not grant Local Launch permission for the COM Server application with CLSID 
{7022A3B3-D004-4F52-AF11-E9E987FEE25F}
 and APPID 
{ADA41B3C-C6FD-4A08-8CC1-D6EFDE67BE7D}
 to the user DESKTOP-TBPOCIG\Abdo SID (S-1-5-21-1394681546-3843053835-3284470220-1001) from address LocalHost (Using LRPC) running in the application container Unavailable SID (Unavailable). This security permission can be modified using the Component Services administrative tool."
Information,08/01/2023 13:21:35,Microsoft-Windows-WLAN-AutoConfig,4000,None,"WLAN AutoConfig service has successfully started.
"
