Warning,15/01/2023 15:34:50,e2fexpress,27,None,"The description for Event ID 27 from source e2fexpress cannot be found. Either the component that raises this event is not installed on your local computer or the installation is corrupted. You can install or repair the component on the local computer.

If the event originated on another computer, the display information had to be saved with the event.

The following information was included with the event: 

Intel(R) Ethernet Controller (3) I225-V

The message resource is present but the message was not found in the message table
"
Information,15/01/2023 15:34:50,Microsoft-Windows-Kernel-Power,566,(268),"The system session has transitioned from 46 to 48.

Reason Unknown 

BootId: 12"
Information,15/01/2023 15:34:50,Microsoft-Windows-Kernel-Power,566,(268),"The system session has transitioned from 45 to 46.

Reason SxTransition 

BootId: 12"
Information,15/01/2023 15:34:50,BTHUSB,18,None,Windows cannot store Bluetooth authentication codes (link keys) on the local adapter. Bluetooth keyboards might not work in the system BIOS during start-up.
Information,15/01/2023 15:34:49,Netwtw10,7026,None,7026 - Dump after return from D3 after cmd
Information,15/01/2023 15:34:49,Netwtw10,7025,None,7025 - Dump after return from D3 before cmd 
Information,15/01/2023 15:34:49,Microsoft-Windows-Kernel-Power,130,(33),"Firmware S3 times. SuspendStart: 10061481, SuspendEnd: 10061483"
Information,15/01/2023 15:34:49,Microsoft-Windows-Kernel-Power,131,(33),"Firmware S3 times. ResumeCount: 8, FullResume: 2438, AverageResume: 2439"
Information,15/01/2023 15:34:49,Microsoft-Windows-Kernel-General,1,(5),"The system time has changed to ‎2023‎-‎01‎-‎15T15:34:49.500000000Z from ‎2023‎-‎01‎-‎15T15:25:23.419180900Z.
Time Delta: 566080 ms

Change Reason: System time synchronized with the hardware clock.
Process: '' (PID 4).

RTC time: ‎2023‎-‎01‎-‎15T15:34:49.500000000Z
Current time zone bias: 0
RTC time is in UTC: false
System time was based on RTC time: false"
Information,15/01/2023 15:25:23,Microsoft-Windows-Kernel-Power,107,(102),The system has resumed from sleep.
Information,15/01/2023 15:25:22,Microsoft-Windows-Kernel-Power,42,(64),"The system is entering sleep.

Sleep Reason: System Idle"
Information,15/01/2023 15:25:16,Microsoft-Windows-Kernel-Power,566,(268),"The system session has transitioned from 43 to 45.

Reason SxTransition 

BootId: 12"
Information,15/01/2023 15:12:03,Service Control Manager,7040,None,The start type of the Background Intelligent Transfer Service service was changed from auto start to demand start.
Information,15/01/2023 15:10:55,Microsoft-Windows-Kernel-Power,566,(268),"The system session has transitioned from 42 to 43.

Reason SessionUnlock 

BootId: 12"
Information,15/01/2023 15:09:59,Service Control Manager,7040,None,The start type of the Background Intelligent Transfer Service service was changed from demand start to auto start.
Information,15/01/2023 15:09:57,e2fexpress,32,None,"The description for Event ID 32 from source e2fexpress cannot be found. Either the component that raises this event is not installed on your local computer or the installation is corrupted. You can install or repair the component on the local computer.

If the event originated on another computer, the display information had to be saved with the event.

The following information was included with the event: 

Intel(R) Ethernet Controller (3) I225-V

The message resource is present but the message was not found in the message table
"
Information,15/01/2023 15:09:55,Microsoft-Windows-Power-Troubleshooter,1,None,"The system has returned from a low power state.

Sleep Time: ‎2023‎-‎01‎-‎15T14:54:31.007596100Z
Wake Time: ‎2023‎-‎01‎-‎15T15:09:54.330708000Z

Wake Source: Device -USB Composite Device"
Warning,15/01/2023 15:09:54,e2fexpress,27,None,"The description for Event ID 27 from source e2fexpress cannot be found. Either the component that raises this event is not installed on your local computer or the installation is corrupted. You can install or repair the component on the local computer.

If the event originated on another computer, the display information had to be saved with the event.

The following information was included with the event: 

Intel(R) Ethernet Controller (3) I225-V

The message resource is present but the message was not found in the message table
"
Information,15/01/2023 15:09:54,Microsoft-Windows-Kernel-Power,566,(268),"The system session has transitioned from 40 to 42.

Reason Unknown 

BootId: 12"
Information,15/01/2023 15:09:54,Microsoft-Windows-Kernel-Power,566,(268),"The system session has transitioned from 39 to 40.

Reason SxTransition 

BootId: 12"
Information,15/01/2023 15:09:54,BTHUSB,18,None,Windows cannot store Bluetooth authentication codes (link keys) on the local adapter. Bluetooth keyboards might not work in the system BIOS during start-up.
Information,15/01/2023 15:09:53,Netwtw10,7026,None,7026 - Dump after return from D3 after cmd
Information,15/01/2023 15:09:53,Netwtw10,7025,None,7025 - Dump after return from D3 before cmd 
Information,15/01/2023 15:09:53,Microsoft-Windows-Kernel-Power,130,(33),"Firmware S3 times. SuspendStart: 9138002, SuspendEnd: 9138003"
Information,15/01/2023 15:09:53,Microsoft-Windows-Kernel-Power,131,(33),"Firmware S3 times. ResumeCount: 7, FullResume: 2438, AverageResume: 2439"
Information,15/01/2023 15:09:53,Microsoft-Windows-Kernel-General,1,(5),"The system time has changed to ‎2023‎-‎01‎-‎15T15:09:53.500000000Z from ‎2023‎-‎01‎-‎15T14:54:38.507962400Z.
Time Delta: 914992 ms

Change Reason: System time synchronized with the hardware clock.
Process: '' (PID 4).

RTC time: ‎2023‎-‎01‎-‎15T15:09:53.500000000Z
Current time zone bias: 0
RTC time is in UTC: false
System time was based on RTC time: false"
Information,15/01/2023 14:54:38,Microsoft-Windows-Kernel-Power,107,(102),The system has resumed from sleep.
Information,15/01/2023 14:54:37,Microsoft-Windows-Kernel-Power,42,(64),"The system is entering sleep.

Sleep Reason: System Idle"
Information,15/01/2023 14:54:31,Microsoft-Windows-Kernel-Power,566,(268),"The system session has transitioned from 37 to 39.

Reason SxTransition 

BootId: 12"
Information,15/01/2023 14:51:40,Service Control Manager,7040,None,The start type of the Background Intelligent Transfer Service service was changed from auto start to demand start.
Information,15/01/2023 14:49:35,Service Control Manager,7040,None,The start type of the Background Intelligent Transfer Service service was changed from demand start to auto start.
Information,15/01/2023 14:40:10,Microsoft-Windows-Kernel-Power,566,(268),"The system session has transitioned from 36 to 37.

Reason SessionUnlock 

BootId: 12"
Information,15/01/2023 14:39:12,e2fexpress,32,None,"The description for Event ID 32 from source e2fexpress cannot be found. Either the component that raises this event is not installed on your local computer or the installation is corrupted. You can install or repair the component on the local computer.

If the event originated on another computer, the display information had to be saved with the event.

The following information was included with the event: 

Intel(R) Ethernet Controller (3) I225-V

The message resource is present but the message was not found in the message table
"
Information,15/01/2023 14:39:10,Microsoft-Windows-Power-Troubleshooter,1,None,"The system has returned from a low power state.

Sleep Time: ‎2023‎-‎01‎-‎15T14:15:57.554624800Z
Wake Time: ‎2023‎-‎01‎-‎15T14:39:09.329133400Z

Wake Source: Device -USB Composite Device"
Warning,15/01/2023 14:39:09,e2fexpress,27,None,"The description for Event ID 27 from source e2fexpress cannot be found. Either the component that raises this event is not installed on your local computer or the installation is corrupted. You can install or repair the component on the local computer.

If the event originated on another computer, the display information had to be saved with the event.

The following information was included with the event: 

Intel(R) Ethernet Controller (3) I225-V

The message resource is present but the message was not found in the message table
"
Information,15/01/2023 14:39:09,Microsoft-Windows-Kernel-Power,566,(268),"The system session has transitioned from 34 to 36.

Reason Unknown 

BootId: 12"
Information,15/01/2023 14:39:09,Microsoft-Windows-Kernel-Power,566,(268),"The system session has transitioned from 33 to 34.

Reason SxTransition 

BootId: 12"
Information,15/01/2023 14:39:09,BTHUSB,18,None,Windows cannot store Bluetooth authentication codes (link keys) on the local adapter. Bluetooth keyboards might not work in the system BIOS during start-up.
Information,15/01/2023 14:39:08,Netwtw10,7026,None,7026 - Dump after return from D3 after cmd
Information,15/01/2023 14:39:08,Netwtw10,7025,None,7025 - Dump after return from D3 before cmd 
Information,15/01/2023 14:39:08,Microsoft-Windows-Kernel-Power,130,(33),"Firmware S3 times. SuspendStart: 8214462, SuspendEnd: 8214464"
Information,15/01/2023 14:39:08,Microsoft-Windows-Kernel-Power,131,(33),"Firmware S3 times. ResumeCount: 6, FullResume: 2439, AverageResume: 2439"
Information,15/01/2023 14:39:08,Microsoft-Windows-Kernel-General,1,(5),"The system time has changed to ‎2023‎-‎01‎-‎15T14:39:08.500000000Z from ‎2023‎-‎01‎-‎15T14:16:05.040541600Z.
Time Delta: 1383459 ms

Change Reason: System time synchronized with the hardware clock.
Process: '' (PID 4).

RTC time: ‎2023‎-‎01‎-‎15T14:39:08.500000000Z
Current time zone bias: 0
RTC time is in UTC: false
System time was based on RTC time: false"
Information,15/01/2023 14:16:05,Microsoft-Windows-Kernel-Power,107,(102),The system has resumed from sleep.
Information,15/01/2023 14:16:03,Microsoft-Windows-Kernel-Power,42,(64),"The system is entering sleep.

Sleep Reason: System Idle"
Information,15/01/2023 14:15:57,Microsoft-Windows-Kernel-Power,566,(268),"The system session has transitioned from 31 to 33.

Reason SxTransition 

BootId: 12"
Information,15/01/2023 14:10:56,Service Control Manager,7040,None,The start type of the Background Intelligent Transfer Service service was changed from auto start to demand start.
Information,15/01/2023 14:08:52,Service Control Manager,7040,None,The start type of the Background Intelligent Transfer Service service was changed from demand start to auto start.
Information,15/01/2023 14:01:37,Microsoft-Windows-Kernel-Power,566,(268),"The system session has transitioned from 30 to 31.

Reason SessionUnlock 

BootId: 12"
Information,15/01/2023 14:00:39,e2fexpress,32,None,"The description for Event ID 32 from source e2fexpress cannot be found. Either the component that raises this event is not installed on your local computer or the installation is corrupted. You can install or repair the component on the local computer.

If the event originated on another computer, the display information had to be saved with the event.

The following information was included with the event: 

Intel(R) Ethernet Controller (3) I225-V

The message resource is present but the message was not found in the message table
"
Information,15/01/2023 14:00:37,Microsoft-Windows-Power-Troubleshooter,1,None,"The system has returned from a low power state.

Sleep Time: ‎2023‎-‎01‎-‎15T13:48:44.221529100Z
Wake Time: ‎2023‎-‎01‎-‎15T14:00:36.361143000Z

Wake Source: Device -USB Composite Device"
Warning,15/01/2023 14:00:36,e2fexpress,27,None,"The description for Event ID 27 from source e2fexpress cannot be found. Either the component that raises this event is not installed on your local computer or the installation is corrupted. You can install or repair the component on the local computer.

If the event originated on another computer, the display information had to be saved with the event.

The following information was included with the event: 

Intel(R) Ethernet Controller (3) I225-V

The message resource is present but the message was not found in the message table
"
Information,15/01/2023 14:00:36,Microsoft-Windows-Kernel-Power,566,(268),"The system session has transitioned from 28 to 30.

Reason Unknown 

BootId: 12"
Information,15/01/2023 14:00:36,Microsoft-Windows-Kernel-Power,566,(268),"The system session has transitioned from 27 to 28.

Reason SxTransition 

BootId: 12"
Information,15/01/2023 14:00:36,BTHUSB,18,None,Windows cannot store Bluetooth authentication codes (link keys) on the local adapter. Bluetooth keyboards might not work in the system BIOS during start-up.
Information,15/01/2023 14:00:35,Netwtw10,7026,None,7026 - Dump after return from D3 after cmd
Information,15/01/2023 14:00:35,Netwtw10,7025,None,7025 - Dump after return from D3 before cmd 
Information,15/01/2023 14:00:35,Microsoft-Windows-Kernel-Power,130,(33),"Firmware S3 times. SuspendStart: 7291330, SuspendEnd: 7291332"
Information,15/01/2023 14:00:35,Microsoft-Windows-Kernel-Power,131,(33),"Firmware S3 times. ResumeCount: 5, FullResume: 2439, AverageResume: 2439"
Information,15/01/2023 14:00:35,Microsoft-Windows-Kernel-General,1,(5),"The system time has changed to ‎2023‎-‎01‎-‎15T14:00:35.500000000Z from ‎2023‎-‎01‎-‎15T13:48:52.160389300Z.
Time Delta: 703339 ms

Change Reason: System time synchronized with the hardware clock.
Process: '' (PID 4).

RTC time: ‎2023‎-‎01‎-‎15T14:00:35.500000000Z
Current time zone bias: 0
RTC time is in UTC: false
System time was based on RTC time: false"
Information,15/01/2023 13:48:52,Microsoft-Windows-Kernel-Power,107,(102),The system has resumed from sleep.
Information,15/01/2023 13:48:50,Microsoft-Windows-Kernel-Power,42,(64),"The system is entering sleep.

Sleep Reason: System Idle"
Information,15/01/2023 13:48:44,Microsoft-Windows-Kernel-Power,566,(268),"The system session has transitioned from 25 to 27.

Reason SxTransition 

BootId: 12"
Information,15/01/2023 13:38:41,Microsoft-Windows-Kernel-Power,566,(268),"The system session has transitioned from 24 to 25.

Reason SessionUnlock 

BootId: 12"
Warning,15/01/2023 13:28:24,Microsoft-Windows-DistributedCOM,10016,None,"The application-specific permission settings do not grant Local Activation permission for the COM Server application with CLSID 
{2593F8B9-4EAF-457C-B68A-50F6B8EA6B54}
 and APPID 
{15C20B67-12E7-4BB6-92BB-7AFF07997402}
 to the user DESKTOP-TBPOCIG\Abdo SID (S-1-5-21-1394681546-3843053835-3284470220-1001) from address LocalHost (Using LRPC) running in the application container Unavailable SID (Unavailable). This security permission can be modified using the Component Services administrative tool."
Information,15/01/2023 13:27:55,e2fexpress,32,None,"The description for Event ID 32 from source e2fexpress cannot be found. Either the component that raises this event is not installed on your local computer or the installation is corrupted. You can install or repair the component on the local computer.

If the event originated on another computer, the display information had to be saved with the event.

The following information was included with the event: 

Intel(R) Ethernet Controller (3) I225-V

The message resource is present but the message was not found in the message table
"
Information,15/01/2023 13:27:53,Microsoft-Windows-Power-Troubleshooter,1,None,"The system has returned from a low power state.

Sleep Time: ‎2023‎-‎01‎-‎15T13:23:12.901710800Z
Wake Time: ‎2023‎-‎01‎-‎15T13:27:52.344209400Z

Wake Source: Device -USB Composite Device"
Warning,15/01/2023 13:27:52,e2fexpress,27,None,"The description for Event ID 27 from source e2fexpress cannot be found. Either the component that raises this event is not installed on your local computer or the installation is corrupted. You can install or repair the component on the local computer.

If the event originated on another computer, the display information had to be saved with the event.

The following information was included with the event: 

Intel(R) Ethernet Controller (3) I225-V

The message resource is present but the message was not found in the message table
"
Information,15/01/2023 13:27:52,Microsoft-Windows-Kernel-Power,566,(268),"The system session has transitioned from 22 to 24.

Reason Unknown 

BootId: 12"
Information,15/01/2023 13:27:52,Microsoft-Windows-Kernel-Power,566,(268),"The system session has transitioned from 21 to 22.

Reason SxTransition 

BootId: 12"
Information,15/01/2023 13:27:52,BTHUSB,18,None,Windows cannot store Bluetooth authentication codes (link keys) on the local adapter. Bluetooth keyboards might not work in the system BIOS during start-up.
Information,15/01/2023 13:27:51,Netwtw10,7026,None,7026 - Dump after return from D3 after cmd
Information,15/01/2023 13:27:51,Netwtw10,7025,None,7025 - Dump after return from D3 before cmd 
Information,15/01/2023 13:27:51,Microsoft-Windows-Kernel-Power,130,(33),"Firmware S3 times. SuspendStart: 6039296, SuspendEnd: 6039298"
Information,15/01/2023 13:27:51,Microsoft-Windows-Kernel-Power,131,(33),"Firmware S3 times. ResumeCount: 4, FullResume: 2439, AverageResume: 2439"
Information,15/01/2023 13:27:51,Microsoft-Windows-Kernel-General,1,(5),"The system time has changed to ‎2023‎-‎01‎-‎15T13:27:51.500000000Z from ‎2023‎-‎01‎-‎15T13:23:20.203206000Z.
Time Delta: 271296 ms

Change Reason: System time synchronized with the hardware clock.
Process: '' (PID 4).

RTC time: ‎2023‎-‎01‎-‎15T13:27:51.500000000Z
Current time zone bias: 0
RTC time is in UTC: false
System time was based on RTC time: false"
Information,15/01/2023 13:23:20,Microsoft-Windows-Kernel-Power,107,(102),The system has resumed from sleep.
Information,15/01/2023 13:23:19,Microsoft-Windows-Kernel-Power,42,(64),"The system is entering sleep.

Sleep Reason: System Idle"
Information,15/01/2023 13:23:12,Microsoft-Windows-Kernel-Power,566,(268),"The system session has transitioned from 19 to 21.

Reason SxTransition 

BootId: 12"
Information,15/01/2023 13:08:52,Microsoft-Windows-Kernel-Power,566,(268),"The system session has transitioned from 18 to 19.

Reason SessionUnlock 

BootId: 12"
Information,15/01/2023 13:07:54,e2fexpress,32,None,"The description for Event ID 32 from source e2fexpress cannot be found. Either the component that raises this event is not installed on your local computer or the installation is corrupted. You can install or repair the component on the local computer.

If the event originated on another computer, the display information had to be saved with the event.

The following information was included with the event: 

Intel(R) Ethernet Controller (3) I225-V

The message resource is present but the message was not found in the message table
"
Information,15/01/2023 13:07:52,Microsoft-Windows-Power-Troubleshooter,1,None,"The system has returned from a low power state.

Sleep Time: ‎2023‎-‎01‎-‎15T12:36:46.135968900Z
Wake Time: ‎2023‎-‎01‎-‎15T13:07:51.333423400Z

Wake Source: Device -USB Composite Device"
Warning,15/01/2023 13:07:51,e2fexpress,27,None,"The description for Event ID 27 from source e2fexpress cannot be found. Either the component that raises this event is not installed on your local computer or the installation is corrupted. You can install or repair the component on the local computer.

If the event originated on another computer, the display information had to be saved with the event.

The following information was included with the event: 

Intel(R) Ethernet Controller (3) I225-V

The message resource is present but the message was not found in the message table
"
Information,15/01/2023 13:07:51,Microsoft-Windows-Kernel-Power,566,(268),"The system session has transitioned from 16 to 18.

Reason Unknown 

BootId: 12"
Information,15/01/2023 13:07:51,Microsoft-Windows-Kernel-Power,566,(268),"The system session has transitioned from 15 to 16.

Reason SxTransition 

BootId: 12"
Information,15/01/2023 13:07:51,BTHUSB,18,None,Windows cannot store Bluetooth authentication codes (link keys) on the local adapter. Bluetooth keyboards might not work in the system BIOS during start-up.
Information,15/01/2023 13:07:50,Netwtw10,7026,None,7026 - Dump after return from D3 after cmd
Information,15/01/2023 13:07:50,Netwtw10,7025,None,7025 - Dump after return from D3 before cmd 
Information,15/01/2023 13:07:50,Microsoft-Windows-Kernel-Power,130,(33),"Firmware S3 times. SuspendStart: 5116049, SuspendEnd: 5116051"
Information,15/01/2023 13:07:50,Microsoft-Windows-Kernel-Power,131,(33),"Firmware S3 times. ResumeCount: 3, FullResume: 2428, AverageResume: 2439"
Information,15/01/2023 13:07:50,Microsoft-Windows-Kernel-General,1,(5),"The system time has changed to ‎2023‎-‎01‎-‎15T13:07:50.500000000Z from ‎2023‎-‎01‎-‎15T12:36:53.710664300Z.
Time Delta: 1856789 ms

Change Reason: System time synchronized with the hardware clock.
Process: '' (PID 4).

RTC time: ‎2023‎-‎01‎-‎15T13:07:50.500000000Z
Current time zone bias: 0
RTC time is in UTC: false
System time was based on RTC time: false"
Information,15/01/2023 12:36:53,Microsoft-Windows-Kernel-Power,107,(102),The system has resumed from sleep.
Information,15/01/2023 12:36:52,Microsoft-Windows-Kernel-Power,42,(64),"The system is entering sleep.

Sleep Reason: System Idle"
Information,15/01/2023 12:36:46,Microsoft-Windows-Kernel-Power,566,(268),"The system session has transitioned from 13 to 15.

Reason SxTransition 

BootId: 12"
Information,15/01/2023 12:22:25,Microsoft-Windows-Kernel-Power,566,(268),"The system session has transitioned from 12 to 13.

Reason SessionUnlock 

BootId: 12"
Information,15/01/2023 12:21:28,e2fexpress,32,None,"The description for Event ID 32 from source e2fexpress cannot be found. Either the component that raises this event is not installed on your local computer or the installation is corrupted. You can install or repair the component on the local computer.

If the event originated on another computer, the display information had to be saved with the event.

The following information was included with the event: 

Intel(R) Ethernet Controller (3) I225-V

The message resource is present but the message was not found in the message table
"
Information,15/01/2023 12:21:25,Microsoft-Windows-Power-Troubleshooter,1,None,"The system has returned from a low power state.

Sleep Time: ‎2023‎-‎01‎-‎15T12:16:48.757167800Z
Wake Time: ‎2023‎-‎01‎-‎15T12:21:24.352781900Z

Wake Source: Device -USB Composite Device"
Warning,15/01/2023 12:21:24,e2fexpress,27,None,"The description for Event ID 27 from source e2fexpress cannot be found. Either the component that raises this event is not installed on your local computer or the installation is corrupted. You can install or repair the component on the local computer.

If the event originated on another computer, the display information had to be saved with the event.

The following information was included with the event: 

Intel(R) Ethernet Controller (3) I225-V

The message resource is present but the message was not found in the message table
"
Information,15/01/2023 12:21:24,Microsoft-Windows-Kernel-Power,566,(268),"The system session has transitioned from 10 to 12.

Reason Unknown 

BootId: 12"
Information,15/01/2023 12:21:24,Microsoft-Windows-Kernel-Power,566,(268),"The system session has transitioned from 9 to 10.

Reason SxTransition 

BootId: 12"
Information,15/01/2023 12:21:24,BTHUSB,18,None,Windows cannot store Bluetooth authentication codes (link keys) on the local adapter. Bluetooth keyboards might not work in the system BIOS during start-up.
Information,15/01/2023 12:21:23,Netwtw10,7026,None,7026 - Dump after return from D3 after cmd
Information,15/01/2023 12:21:23,Netwtw10,7025,None,7025 - Dump after return from D3 before cmd 
Information,15/01/2023 12:21:23,Microsoft-Windows-Kernel-Power,130,(33),"Firmware S3 times. SuspendStart: 4192304, SuspendEnd: 4192306"
Information,15/01/2023 12:21:23,Microsoft-Windows-Kernel-Power,131,(33),"Firmware S3 times. ResumeCount: 2, FullResume: 2439, AverageResume: 2445"
Information,15/01/2023 12:21:23,Microsoft-Windows-Kernel-General,1,(5),"The system time has changed to ‎2023‎-‎01‎-‎15T12:21:23.500000000Z from ‎2023‎-‎01‎-‎15T12:16:56.138653000Z.
Time Delta: 267361 ms

Change Reason: System time synchronized with the hardware clock.
Process: '' (PID 4).

RTC time: ‎2023‎-‎01‎-‎15T12:21:23.500000000Z
Current time zone bias: 0
RTC time is in UTC: false
System time was based on RTC time: false"
Information,15/01/2023 12:16:56,Microsoft-Windows-Kernel-Power,107,(102),The system has resumed from sleep.
Information,15/01/2023 12:16:54,Microsoft-Windows-Kernel-Power,42,(64),"The system is entering sleep.

Sleep Reason: System Idle"
Information,15/01/2023 12:16:48,Microsoft-Windows-Kernel-Power,566,(268),"The system session has transitioned from 7 to 9.

Reason SxTransition 

BootId: 12"
Information,15/01/2023 12:02:32,Microsoft-Windows-Kernel-Power,566,(268),"The system session has transitioned from 6 to 7.

Reason SessionUnlock 

BootId: 12"
Information,15/01/2023 12:01:30,e2fexpress,32,None,"The description for Event ID 32 from source e2fexpress cannot be found. Either the component that raises this event is not installed on your local computer or the installation is corrupted. You can install or repair the component on the local computer.

If the event originated on another computer, the display information had to be saved with the event.

The following information was included with the event: 

Intel(R) Ethernet Controller (3) I225-V

The message resource is present but the message was not found in the message table
"
Information,15/01/2023 12:01:29,Microsoft-Windows-Power-Troubleshooter,1,None,"The system has returned from a low power state.

Sleep Time: ‎2023‎-‎01‎-‎15T11:08:30.921695500Z
Wake Time: ‎2023‎-‎01‎-‎15T12:01:27.335332300Z

Wake Source: Device -USB Composite Device"
Warning,15/01/2023 12:01:27,e2fexpress,27,None,"The description for Event ID 27 from source e2fexpress cannot be found. Either the component that raises this event is not installed on your local computer or the installation is corrupted. You can install or repair the component on the local computer.

If the event originated on another computer, the display information had to be saved with the event.

The following information was included with the event: 

Intel(R) Ethernet Controller (3) I225-V

The message resource is present but the message was not found in the message table
"
Information,15/01/2023 12:01:27,Microsoft-Windows-Kernel-Power,566,(268),"The system session has transitioned from 4 to 6.

Reason Unknown 

BootId: 12"
Information,15/01/2023 12:01:27,Microsoft-Windows-Kernel-Power,566,(268),"The system session has transitioned from 3 to 4.

Reason SxTransition 

BootId: 12"
Information,15/01/2023 12:01:27,BTHUSB,18,None,Windows cannot store Bluetooth authentication codes (link keys) on the local adapter. Bluetooth keyboards might not work in the system BIOS during start-up.
Information,15/01/2023 12:01:26,Netwtw10,7026,None,7026 - Dump after return from D3 after cmd
Information,15/01/2023 12:01:26,Netwtw10,7025,None,7025 - Dump after return from D3 before cmd 
Information,15/01/2023 12:01:26,Microsoft-Windows-Kernel-Power,130,(33),"Firmware S3 times. SuspendStart: 3269113, SuspendEnd: 3269196"
Information,15/01/2023 12:01:26,Microsoft-Windows-Kernel-Power,131,(33),"Firmware S3 times. ResumeCount: 1, FullResume: 2451, AverageResume: 2451"
Information,15/01/2023 12:01:26,Microsoft-Windows-Kernel-General,1,(5),"The system time has changed to ‎2023‎-‎01‎-‎15T12:01:26.500000000Z from ‎2023‎-‎01‎-‎15T11:08:38.675077400Z.
Time Delta: 3167824 ms

Change Reason: System time synchronized with the hardware clock.
Process: '' (PID 4).

RTC time: ‎2023‎-‎01‎-‎15T12:01:26.500000000Z
Current time zone bias: 0
RTC time is in UTC: false
System time was based on RTC time: false"
Information,15/01/2023 11:08:38,Microsoft-Windows-Kernel-Power,107,(102),The system has resumed from sleep.
Information,15/01/2023 12:01:26,EventLog,6013,None,The system uptime is 6450 seconds.
Information,15/01/2023 11:08:37,Microsoft-Windows-Kernel-Power,42,(64),"The system is entering sleep.

Sleep Reason: System Idle"
Information,15/01/2023 11:08:30,Microsoft-Windows-Kernel-Power,566,(268),"The system session has transitioned from 1 to 3.

Reason SxTransition 

BootId: 12"
Information,15/01/2023 10:59:24,Microsoft-Windows-Kernel-General,15,(10),Hive \??\Volume{ddb04c20-942c-4431-ba75-9762cfc1d2cd}\System Volume Information\SPP\SppCbsHiveStore\{cd42efe1-f6f1-427c-b004-033192c625a4}{28A65E4E-BF05-4D4D-97DE-43848F972565} was reorganized with a starting size of 112095232 bytes and an ending size of 111087616 bytes.
Information,15/01/2023 10:59:11,Microsoft-Windows-Kernel-General,16,None,The access history in hive \??\Volume{ddb04c20-942c-4431-ba75-9762cfc1d2cd}\System Volume Information\SPP\SppCbsHiveStore\{cd42efe1-f6f1-427c-b004-033192c625a4}{694709ED-B03A-45B8-9D73-8CFB9F389467} was cleared updating 638 keys and creating 84 modified pages.
Information,15/01/2023 10:59:11,Microsoft-Windows-Kernel-General,15,(10),Hive \??\Volume{ddb04c20-942c-4431-ba75-9762cfc1d2cd}\System Volume Information\SPP\SppCbsHiveStore\{cd42efe1-f6f1-427c-b004-033192c625a4}{0E34CB5E-8930-4691-88FE-ADF4CC3A5ED8} was reorganized with a starting size of 39772160 bytes and an ending size of 35807232 bytes.
Information,15/01/2023 10:59:09,Microsoft-Windows-Kernel-General,16,None,The access history in hive \??\Volume{ddb04c20-942c-4431-ba75-9762cfc1d2cd}\System Volume Information\SPP\SppCbsHiveStore\{cd42efe1-f6f1-427c-b004-033192c625a4}{D80552D1-9B09-44AB-8047-D89139F637B6} was cleared updating 71 keys and creating 4 modified pages.
Information,15/01/2023 10:59:09,Microsoft-Windows-Kernel-General,16,None,The access history in hive \??\Volume{ddb04c20-942c-4431-ba75-9762cfc1d2cd}\System Volume Information\SPP\SppCbsHiveStore\{cd42efe1-f6f1-427c-b004-033192c625a4}{9354ADE8-3EE1-4E8A-817E-92E43EB21E81} was cleared updating 53 keys and creating 6 modified pages.
Information,15/01/2023 10:59:09,Microsoft-Windows-Kernel-General,15,(10),Hive \??\Volume{ddb04c20-942c-4431-ba75-9762cfc1d2cd}\System Volume Information\SPP\SppCbsHiveStore\{cd42efe1-f6f1-427c-b004-033192c625a4}{9E466AC9-4724-4733-9585-B26EDA72AA92} was reorganized with a starting size of 16756736 bytes and an ending size of 16658432 bytes.
Information,15/01/2023 10:59:04,Microsoft-Windows-Kernel-General,11,None,"TxR init phase for hive \??\GLOBALROOT\Device\HarddiskVolumeShadowCopy2\WINDOWS\System32\config\DRIVERS (TM: {52224898-94bd-11ed-84f1-70a6ccc63fa8}, RM: {52224897-94bd-11ed-84f1-70a6ccc63fa8}) finished with result=0xC00000A2 (Internal code=7)."
Information,15/01/2023 10:59:04,Microsoft-Windows-Kernel-General,16,None,The access history in hive \??\GLOBALROOT\Device\HarddiskVolumeShadowCopy2\WINDOWS\System32\config\DRIVERS was cleared updating 1344 keys and creating 174 modified pages.
Information,15/01/2023 10:59:03,Microsoft-Windows-Kernel-General,11,None,"TxR init phase for hive \??\GLOBALROOT\Device\HarddiskVolumeShadowCopy2\WINDOWS\System32\config\SYSTEM (TM: {52224895-94bd-11ed-84f1-70a6ccc63fa8}, RM: {52224894-94bd-11ed-84f1-70a6ccc63fa8}) finished with result=0xC00000A2 (Internal code=7)."
Information,15/01/2023 10:59:03,Microsoft-Windows-Kernel-General,15,(10),Hive \??\GLOBALROOT\Device\HarddiskVolumeShadowCopy2\WINDOWS\System32\config\SYSTEM was reorganized with a starting size of 16756736 bytes and an ending size of 16658432 bytes.
Information,15/01/2023 10:58:53,Microsoft-Windows-Kernel-General,15,(10),Hive \??\Volume{ddb04c20-942c-4431-ba75-9762cfc1d2cd}\System Volume Information\SPP\SppCbsHiveStore\{cd42efe1-f6f1-427c-b004-033192c625a4}{8C16182B-E54E-4C85-96E7-9EED4D0841DC} was reorganized with a starting size of 112095232 bytes and an ending size of 111083520 bytes.
Information,15/01/2023 10:58:49,Microsoft-Windows-Kernel-General,16,None,The access history in hive \??\Volume{ddb04c20-942c-4431-ba75-9762cfc1d2cd}\System Volume Information\SPP\SppCbsHiveStore\{cd42efe1-f6f1-427c-b004-033192c625a4}{AE73D460-6E1E-43CB-ABCD-62B6BDB81B03} was cleared updating 642 keys and creating 83 modified pages.
Information,15/01/2023 10:58:48,Microsoft-Windows-Kernel-General,16,None,The access history in hive \??\Volume{ddb04c20-942c-4431-ba75-9762cfc1d2cd}\System Volume Information\SPP\SppCbsHiveStore\{cd42efe1-f6f1-427c-b004-033192c625a4}{FC6DD2E2-6943-4AFE-BC66-A3AB8C5705BC} was cleared updating 71 keys and creating 4 modified pages.
Information,15/01/2023 10:58:48,Microsoft-Windows-Kernel-General,16,None,The access history in hive \??\Volume{ddb04c20-942c-4431-ba75-9762cfc1d2cd}\System Volume Information\SPP\SppCbsHiveStore\{cd42efe1-f6f1-427c-b004-033192c625a4}{663C7E6A-183B-4E54-8420-EA0E3F56007F} was cleared updating 53 keys and creating 6 modified pages.
Information,15/01/2023 10:58:48,Microsoft-Windows-Kernel-General,15,(10),Hive \??\Volume{ddb04c20-942c-4431-ba75-9762cfc1d2cd}\System Volume Information\SPP\SppCbsHiveStore\{cd42efe1-f6f1-427c-b004-033192c625a4}{C2558A5E-7F1E-4CF2-8EB1-A702A9CDFE2F} was reorganized with a starting size of 16756736 bytes and an ending size of 16658432 bytes.
Information,15/01/2023 10:58:45,Microsoft-Windows-Kernel-General,11,None,"TxR init phase for hive \??\GLOBALROOT\Device\HarddiskVolumeShadowCopy3\WINDOWS\System32\config\DRIVERS (TM: {5222486e-94bd-11ed-84f1-70a6ccc63fa8}, RM: {5222486d-94bd-11ed-84f1-70a6ccc63fa8}) finished with result=0xC00000A2 (Internal code=7)."
Information,15/01/2023 10:58:45,Microsoft-Windows-Kernel-General,11,None,"TxR init phase for hive \??\GLOBALROOT\Device\HarddiskVolumeShadowCopy3\WINDOWS\System32\config\SYSTEM (TM: {5222486b-94bd-11ed-84f1-70a6ccc63fa8}, RM: {5222486a-94bd-11ed-84f1-70a6ccc63fa8}) finished with result=0xC00000A2 (Internal code=7)."
Information,15/01/2023 10:58:45,Microsoft-Windows-Kernel-General,15,(10),Hive \??\GLOBALROOT\Device\HarddiskVolumeShadowCopy3\WINDOWS\System32\config\SYSTEM was reorganized with a starting size of 16756736 bytes and an ending size of 16658432 bytes.
Information,15/01/2023 10:58:13,Microsoft-Windows-Kernel-Power,566,(268),"The system session has transitioned from 0 to 1.

Reason SessionUnlock 

BootId: 12"
Information,15/01/2023 10:57:14,Microsoft-Windows-Kernel-General,16,None,The access history in hive \??\C:\ProgramData\Microsoft\Provisioning\Microsoft-Desktop-Provisioning-Sequence.dat was cleared updating 0 keys and creating 0 modified pages.
Information,15/01/2023 10:36:47,Microsoft-Windows-HttpService,114,HTTP Configuration Property Trace Task,"Removed URL (http://*:2869/upnp/eventing/) from URL group (0xFE00000620000002). Process Id 0x37E8 Executable path \Device\HarddiskVolume3\Windows\System32\svchost.exe, User LOCAL SERVICE"
Information,15/01/2023 10:36:47,Service Control Manager,7040,None,The start type of the Background Intelligent Transfer Service service was changed from auto start to demand start.
Information,15/01/2023 10:34:27,Microsoft-Windows-HttpService,113,HTTP Configuration Property Trace Task,"Attempted to add URL (http://*:2869/upnp/eventing/) to URL group (0xFE00000620000002). Status: 0x0. Process Id 0x37E8 Executable path \Device\HarddiskVolume3\Windows\System32\svchost.exe, User LOCAL SERVICE"
Information,15/01/2023 10:34:27,Microsoft-Windows-HttpService,114,HTTP Configuration Property Trace Task,"Removed URL (http://*:2869/upnp/eventing/) from URL group (0xFE00000C20000001). Process Id 0x37E8 Executable path \Device\HarddiskVolume3\Windows\System32\svchost.exe, User LOCAL SERVICE"
Information,15/01/2023 10:34:23,Microsoft-Windows-HttpService,113,HTTP Configuration Property Trace Task,"Attempted to add URL (http://*:2869/upnp/eventing/) to URL group (0xFE00000C20000001). Status: 0x0. Process Id 0x37E8 Executable path \Device\HarddiskVolume3\Windows\System32\svchost.exe, User LOCAL SERVICE"
Information,15/01/2023 10:34:18,Service Control Manager,7040,None,The start type of the Background Intelligent Transfer Service service was changed from demand start to auto start.
Information,15/01/2023 10:19:14,Microsoft-Windows-HttpService,114,HTTP Configuration Property Trace Task,"Removed URL (http://*:2869/upnp/eventing/) from URL group (0xFE00000620000001). Process Id 0x37E8 Executable path \Device\HarddiskVolume3\Windows\System32\svchost.exe, User LOCAL SERVICE"
Information,15/01/2023 10:19:14,Service Control Manager,7040,None,The start type of the Background Intelligent Transfer Service service was changed from auto start to demand start.
Warning,15/01/2023 10:16:58,Microsoft-Windows-DistributedCOM,10016,None,"The application-specific permission settings do not grant Local Activation permission for the COM Server application with CLSID 
{2593F8B9-4EAF-457C-B68A-50F6B8EA6B54}
 and APPID 
{15C20B67-12E7-4BB6-92BB-7AFF07997402}
 to the user DESKTOP-TBPOCIG\Abdo SID (S-1-5-21-1394681546-3843053835-3284470220-1001) from address LocalHost (Using LRPC) running in the application container Unavailable SID (Unavailable). This security permission can be modified using the Component Services administrative tool."
Information,15/01/2023 10:16:47,Microsoft-Windows-HttpService,113,HTTP Configuration Property Trace Task,"Attempted to add URL (http://*:2869/upnp/eventing/) to URL group (0xFE00000620000001). Status: 0x0. Process Id 0x37E8 Executable path \Device\HarddiskVolume3\Windows\System32\svchost.exe, User LOCAL SERVICE"
Information,15/01/2023 10:16:47,Microsoft-Windows-HttpService,114,HTTP Configuration Property Trace Task,"Removed URL (http://*:2869/upnp/eventing/) from URL group (0xFE00001120000001). Process Id 0x37E8 Executable path \Device\HarddiskVolume3\Windows\System32\svchost.exe, User LOCAL SERVICE"
Information,15/01/2023 10:16:42,Microsoft-Windows-HttpService,113,HTTP Configuration Property Trace Task,"Attempted to add URL (http://*:2869/upnp/eventing/) to URL group (0xFE00001120000001). Status: 0x0. Process Id 0x37E8 Executable path \Device\HarddiskVolume3\Windows\System32\svchost.exe, User LOCAL SERVICE"
Information,15/01/2023 10:16:38,Service Control Manager,7040,None,The start type of the Background Intelligent Transfer Service service was changed from demand start to auto start.
Information,15/01/2023 10:16:36,Service Control Manager,7040,None,The start type of the Background Intelligent Transfer Service service was changed from auto start to demand start.
Warning,15/01/2023 10:16:16,Microsoft-Windows-DistributedCOM,10016,None,"The application-specific permission settings do not grant Local Launch permission for the COM Server application with CLSID 
Windows.SecurityCenter.WscDataProtection
 and APPID 
Unavailable
 to the user NT AUTHORITY\SYSTEM SID (S-1-5-18) from address LocalHost (Using LRPC) running in the application container Unavailable SID (Unavailable). This security permission can be modified using the Component Services administrative tool."
Warning,15/01/2023 10:16:16,Microsoft-Windows-DistributedCOM,10016,None,"The application-specific permission settings do not grant Local Launch permission for the COM Server application with CLSID 
Windows.SecurityCenter.SecurityAppBroker
 and APPID 
Unavailable
 to the user NT AUTHORITY\SYSTEM SID (S-1-5-18) from address LocalHost (Using LRPC) running in the application container Unavailable SID (Unavailable). This security permission can be modified using the Component Services administrative tool."
Warning,15/01/2023 10:16:16,Microsoft-Windows-DistributedCOM,10016,None,"The application-specific permission settings do not grant Local Launch permission for the COM Server application with CLSID 
Windows.SecurityCenter.WscBrokerManager
 and APPID 
Unavailable
 to the user NT AUTHORITY\SYSTEM SID (S-1-5-18) from address LocalHost (Using LRPC) running in the application container Unavailable SID (Unavailable). This security permission can be modified using the Component Services administrative tool."
Information,15/01/2023 10:16:11,Microsoft-Windows-WindowsUpdateClient,19,Windows Update Agent,Installation Successful: Windows successfully installed the following update: Security Intelligence Update for Microsoft Defender Antivirus - KB2267602 (Version 1.381.2222.0)
Information,15/01/2023 10:16:07,Microsoft-Windows-WindowsUpdateClient,43,Windows Update Agent,Installation Started: Windows has started installing the following update: Security Intelligence Update for Microsoft Defender Antivirus - KB2267602 (Version 1.381.2222.0)
Information,15/01/2023 10:16:07,Microsoft-Windows-WindowsUpdateClient,44,Windows Update Agent,Windows Update started downloading an update.
Information,15/01/2023 10:16:06,Microsoft-Windows-Kernel-General,16,None,The access history in hive \??\C:\WINDOWS\ServiceProfiles\NetworkService\AppData\Local\Microsoft\Windows\DeliveryOptimization\State\dosvcState.dat was cleared updating 24 keys and creating 6 modified pages.
Warning,15/01/2023 10:15:12,Microsoft-Windows-Kernel-Processor-Power,37,(7),The speed of processor 18 in group 0 is being limited by system firmware. The processor has been in this reduced performance state for 71 seconds since the last report.
Warning,15/01/2023 10:15:12,Microsoft-Windows-Kernel-Processor-Power,37,(7),The speed of processor 19 in group 0 is being limited by system firmware. The processor has been in this reduced performance state for 71 seconds since the last report.
Warning,15/01/2023 10:15:12,Microsoft-Windows-Kernel-Processor-Power,37,(7),The speed of processor 16 in group 0 is being limited by system firmware. The processor has been in this reduced performance state for 71 seconds since the last report.
Warning,15/01/2023 10:15:12,Microsoft-Windows-Kernel-Processor-Power,37,(7),The speed of processor 17 in group 0 is being limited by system firmware. The processor has been in this reduced performance state for 71 seconds since the last report.
Information,15/01/2023 10:14:32,Service Control Manager,7040,None,The start type of the Background Intelligent Transfer Service service was changed from demand start to auto start.
Warning,15/01/2023 10:14:28,Microsoft-Windows-DistributedCOM,10016,None,"The application-specific permission settings do not grant Local Activation permission for the COM Server application with CLSID 
{2593F8B9-4EAF-457C-B68A-50F6B8EA6B54}
 and APPID 
{15C20B67-12E7-4BB6-92BB-7AFF07997402}
 to the user DESKTOP-TBPOCIG\Abdo SID (S-1-5-21-1394681546-3843053835-3284470220-1001) from address LocalHost (Using LRPC) running in the application container Unavailable SID (Unavailable). This security permission can be modified using the Component Services administrative tool."
Warning,15/01/2023 10:14:26,Microsoft-Windows-DistributedCOM,10016,None,"The application-specific permission settings do not grant Local Activation permission for the COM Server application with CLSID 
{2593F8B9-4EAF-457C-B68A-50F6B8EA6B54}
 and APPID 
{15C20B67-12E7-4BB6-92BB-7AFF07997402}
 to the user DESKTOP-TBPOCIG\Abdo SID (S-1-5-21-1394681546-3843053835-3284470220-1001) from address LocalHost (Using LRPC) running in the application container Unavailable SID (Unavailable). This security permission can be modified using the Component Services administrative tool."
Warning,15/01/2023 10:14:26,Microsoft-Windows-DistributedCOM,10016,None,"The application-specific permission settings do not grant Local Activation permission for the COM Server application with CLSID 
{2593F8B9-4EAF-457C-B68A-50F6B8EA6B54}
 and APPID 
{15C20B67-12E7-4BB6-92BB-7AFF07997402}
 to the user DESKTOP-TBPOCIG\Abdo SID (S-1-5-21-1394681546-3843053835-3284470220-1001) from address LocalHost (Using LRPC) running in the application container Unavailable SID (Unavailable). This security permission can be modified using the Component Services administrative tool."
Information,15/01/2023 10:14:16,Microsoft-Windows-TPM-WMI,1025,None,The TPM was successfully provisioned and is now ready for use.
Information,15/01/2023 10:14:16,Microsoft-Windows-TPM-WMI,1282,None,The TBS device identifier has been generated.
Information,15/01/2023 10:14:15,TPM,18,None,This event triggers the Trusted Platform Module (TPM) provisioning/status check to run.
Information,15/01/2023 10:14:15,Service Control Manager,7026,None,"The following boot-start or system-start driver(s) did not load: 
dam
WinSetupMon"
Information,15/01/2023 10:14:11,Microsoft-Windows-Kernel-General,16,None,The access history in hive \??\C:\Users\Abdo\AppData\Local\Packages\Microsoft.MicrosoftEdge_8wekyb3d8bbwe\Settings\settings.dat was cleared updating 1 keys and creating 1 modified pages.
Warning,15/01/2023 10:14:07,Microsoft-Windows-DistributedCOM,10016,None,"The application-specific permission settings do not grant Local Activation permission for the COM Server application with CLSID 
{6B3B8D23-FA8D-40B9-8DBD-B950333E2C52}
 and APPID 
{4839DDB7-58C2-48F5-8283-E1D1807D0D7D}
 to the user NT AUTHORITY\LOCAL SERVICE SID (S-1-5-19) from address LocalHost (Using LRPC) running in the application container Unavailable SID (Unavailable). This security permission can be modified using the Component Services administrative tool."
Warning,15/01/2023 10:14:07,Microsoft-Windows-DistributedCOM,10016,None,"The application-specific permission settings do not grant Local Activation permission for the COM Server application with CLSID 
{6B3B8D23-FA8D-40B9-8DBD-B950333E2C52}
 and APPID 
{4839DDB7-58C2-48F5-8283-E1D1807D0D7D}
 to the user NT AUTHORITY\LOCAL SERVICE SID (S-1-5-19) from address LocalHost (Using LRPC) running in the application container Unavailable SID (Unavailable). This security permission can be modified using the Component Services administrative tool."
Information,15/01/2023 10:14:07,Microsoft-Windows-Winlogon,7001,(1101),User Log-on Notification for Customer Experience Improvement Program
Information,15/01/2023 10:14:07,Microsoft-Windows-HttpService,113,HTTP Configuration Property Trace Task,"Attempted to add URL (http://127.0.0.1:27339:127.0.0.1/AuraSDK/) to URL group (0xFE00000E20000001). Status: 0x0. Process Id 0x14D4 Executable path \Device\HarddiskVolume3\Program Files (x86)\ASUS\GameSDK Service\GameSDK.exe, User SYSTEM"
Information,15/01/2023 10:14:07,Microsoft-Windows-HttpService,111,HTTP Configuration Property Trace Task,"Create URL group 0xFE00000E20000001. Status 0x0. Process Id 0x14D4 Executable path \Device\HarddiskVolume3\Program Files (x86)\ASUS\GameSDK Service\GameSDK.exe, User SYSTEM"
Information,15/01/2023 10:14:07,Microsoft-Windows-WLAN-AutoConfig,10001,None,"WLAN Extensibility Module has successfully started.

Module Path: C:\WINDOWS\system32\IntelIHVRouter10.dll
"
Information,15/01/2023 10:14:07,Microsoft-Windows-WLAN-AutoConfig,4000,None,"WLAN AutoConfig service has successfully started.
"
Information,15/01/2023 10:14:06,Microsoft-Windows-HttpService,113,HTTP Configuration Property Trace Task,"Attempted to add URL (http://*:5357/2e3c5200-a8d4-4ef8-a115-8866ddb6e283/) to URL group (0xFE00000A20000001). Status: 0x0. Process Id 0xDD8 Executable path \Device\HarddiskVolume3\Windows\System32\svchost.exe, User LOCAL SERVICE"
Information,15/01/2023 10:14:06,Microsoft-Windows-HttpService,111,HTTP Configuration Property Trace Task,"Create URL group 0xFE00000A20000001. Status 0x0. Process Id 0xDD8 Executable path \Device\HarddiskVolume3\Windows\System32\svchost.exe, User LOCAL SERVICE"
Information,15/01/2023 10:14:07,RST Middleware,27,None,"Found passthru disk: SCSI Port: 0, SCSI Bus: 2, SCSI Target: 0, PCIe SSD, 1000204886016 bytes, Sabrent Rocket Q4                       "
Information,15/01/2023 10:14:06,Microsoft-Windows-HttpService,112,HTTP Setup Trace Task,"Attempted to reserve URL http://+:10243/WMPNSSv4/. Status 0x0. Process Id 0x4 Executable path , User SYSTEM"
Information,15/01/2023 10:14:06,Microsoft-Windows-HttpService,112,HTTP Setup Trace Task,"Attempted to reserve URL https://+:10245/WMPNSSv4/. Status 0x0. Process Id 0x4 Executable path , User SYSTEM"
Information,15/01/2023 10:14:06,Microsoft-Windows-HttpService,112,HTTP Setup Trace Task,"Attempted to reserve URL http://+:3387/rdp/. Status 0x0. Process Id 0x4 Executable path , User SYSTEM"
Information,15/01/2023 10:14:06,Microsoft-Windows-HttpService,112,HTTP Setup Trace Task,"Attempted to reserve URL https://+:3392/rdp/. Status 0x0. Process Id 0x4 Executable path , User SYSTEM"
Information,15/01/2023 10:14:06,Microsoft-Windows-HttpService,112,HTTP Setup Trace Task,"Attempted to reserve URL http://+:10246/MDEServer/. Status 0x0. Process Id 0x4 Executable path , User SYSTEM"
Information,15/01/2023 10:14:06,Microsoft-Windows-HttpService,112,HTTP Setup Trace Task,"Attempted to reserve URL http://*:2869/. Status 0x0. Process Id 0x4 Executable path , User SYSTEM"
Information,15/01/2023 10:14:06,Microsoft-Windows-HttpService,112,HTTP Setup Trace Task,"Attempted to reserve URL http://+:10247/apps/. Status 0x0. Process Id 0x4 Executable path , User SYSTEM"
Information,15/01/2023 10:14:06,Microsoft-Windows-HttpService,112,HTTP Setup Trace Task,"Attempted to reserve URL http://+:5985/wsman/. Status 0x0. Process Id 0x4 Executable path , User SYSTEM"
Information,15/01/2023 10:14:06,Microsoft-Windows-HttpService,112,HTTP Setup Trace Task,"Attempted to reserve URL http://+:47001/wsman/. Status 0x0. Process Id 0x4 Executable path , User SYSTEM"
Information,15/01/2023 10:14:06,Microsoft-Windows-HttpService,112,HTTP Setup Trace Task,"Attempted to reserve URL https://+:5986/wsman/. Status 0x0. Process Id 0x4 Executable path , User SYSTEM"
Information,15/01/2023 10:14:06,Microsoft-Windows-HttpService,112,HTTP Setup Trace Task,"Attempted to reserve URL https://+:443/sra_{BA195980-CD49-458b-9E23-C84EE0ADCD75}/. Status 0x0. Process Id 0x4 Executable path , User SYSTEM"
Information,15/01/2023 10:14:06,Microsoft-Windows-HttpService,112,HTTP Setup Trace Task,"Attempted to reserve URL https://*:5358/. Status 0x0. Process Id 0x4 Executable path , User SYSTEM"
Information,15/01/2023 10:14:06,Microsoft-Windows-HttpService,112,HTTP Setup Trace Task,"Attempted to reserve URL http://+:80/Temporary_Listen_Addresses/. Status 0x0. Process Id 0x4 Executable path , User SYSTEM"
