Information,18/12/2022 21:41:33,e2fexpress,32,None,"The description for Event ID 32 from source e2fexpress cannot be found. Either the component that raises this event is not installed on your local computer or the installation is corrupted. You can install or repair the component on the local computer.

If the event originated on another computer, the display information had to be saved with the event.

The following information was included with the event: 

Intel(R) Ethernet Controller (3) I225-V

The message resource is present but the message was not found in the message table
"
Information,18/12/2022 21:41:32,Microsoft-Windows-Power-Troubleshooter,1,None,"The system has returned from a low power state.

Sleep Time: ‎2022‎-‎12‎-‎18T21:04:20.399497300Z
Wake Time: ‎2022‎-‎12‎-‎18T21:41:30.345838700Z

Wake Source: Device -USB Composite Device"
Warning,18/12/2022 21:41:30,e2fexpress,27,None,"The description for Event ID 27 from source e2fexpress cannot be found. Either the component that raises this event is not installed on your local computer or the installation is corrupted. You can install or repair the component on the local computer.

If the event originated on another computer, the display information had to be saved with the event.

The following information was included with the event: 

Intel(R) Ethernet Controller (3) I225-V

The message resource is present but the message was not found in the message table
"
Information,18/12/2022 21:41:30,Microsoft-Windows-Kernel-Power,566,(268),"The system session has transitioned from 140 to 142.

Reason Unknown 

BootId: 5"
Information,18/12/2022 21:41:30,Microsoft-Windows-Time-Service,158,None,The time provider 'VMICTimeProvider' has indicated that the current hardware and operating environment is not supported and has stopped. This behavior is expected for VMICTimeProvider on non-HyperV-guest environments. This may be the expected behavior for the current provider in the current operating environment as well.
Information,18/12/2022 21:41:30,Microsoft-Windows-Kernel-Power,566,(268),"The system session has transitioned from 139 to 140.

Reason SxTransition 

BootId: 5"
Information,18/12/2022 21:41:30,BTHUSB,18,None,Windows cannot store Bluetooth authentication codes (link keys) on the local adapter. Bluetooth keyboards might not work in the system BIOS during start-up.
Information,18/12/2022 21:41:29,Netwtw10,7026,None,7026 - Dump after return from D3 after cmd
Information,18/12/2022 21:41:29,Netwtw10,7025,None,7025 - Dump after return from D3 before cmd 
Information,18/12/2022 21:41:29,Microsoft-Windows-Kernel-Power,130,(33),"Firmware S3 times. SuspendStart: 94663235, SuspendEnd: 94663236"
Information,18/12/2022 21:41:29,Microsoft-Windows-Kernel-Power,131,(33),"Firmware S3 times. ResumeCount: 9, FullResume: 2449, AverageResume: 2440"
Information,18/12/2022 21:41:29,Microsoft-Windows-Kernel-General,1,(5),"The system time has changed to ‎2022‎-‎12‎-‎18T21:41:29.500000000Z from ‎2022‎-‎12‎-‎18T21:04:27.658561500Z.
Time Delta: 2221841 ms

Change Reason: System time synchronized with the hardware clock.
Process: '' (PID 4).

RTC time: ‎2022‎-‎12‎-‎18T21:41:29.500000000Z
Current time zone bias: 0
RTC time is in UTC: false
System time was based on RTC time: false"
Information,18/12/2022 21:04:27,Microsoft-Windows-Kernel-Power,107,(102),The system has resumed from sleep.
Information,18/12/2022 21:04:26,Microsoft-Windows-Kernel-Power,42,(64),"The system is entering sleep.

Sleep Reason: System Idle"
Information,18/12/2022 21:04:20,Microsoft-Windows-Kernel-Power,566,(268),"The system session has transitioned from 137 to 139.

Reason SxTransition 

BootId: 5"
Information,18/12/2022 21:03:02,Microsoft-Windows-Time-Service,158,None,The time provider 'VMICTimeProvider' has indicated that the current hardware and operating environment is not supported and has stopped. This behavior is expected for VMICTimeProvider on non-HyperV-guest environments. This may be the expected behavior for the current provider in the current operating environment as well.
Information,18/12/2022 20:50:57,Service Control Manager,7040,None,The start type of the Windows Modules Installer service was changed from auto start to demand start.
Information,18/12/2022 20:47:10,Service Control Manager,7040,None,The start type of the Windows Modules Installer service was changed from demand start to auto start.
Information,18/12/2022 20:47:00,Service Control Manager,7040,None,The start type of the Windows Modules Installer service was changed from auto start to demand start.
Information,18/12/2022 20:46:26,Service Control Manager,7040,None,The start type of the Windows Modules Installer service was changed from demand start to auto start.
Information,18/12/2022 20:46:24,Service Control Manager,7040,None,The start type of the Windows Modules Installer service was changed from auto start to demand start.
Information,18/12/2022 20:46:01,Microsoft-Windows-Kernel-General,15,(10),Hive \??\C:\WINDOWS\System32\SMI\Store\Machine\schema.dat was reorganized with a starting size of 11333632 bytes and an ending size of 10539008 bytes.
Information,18/12/2022 20:45:58,Service Control Manager,7040,None,The start type of the Background Intelligent Transfer Service service was changed from auto start to demand start.
Information,18/12/2022 20:45:47,Microsoft-Windows-Kernel-General,16,None,The access history in hive \??\C:\WINDOWS\System32\config\COMPONENTS was cleared updating 153841 keys and creating 10332 modified pages.
Information,18/12/2022 20:45:42,Service Control Manager,7040,None,The start type of the Windows Modules Installer service was changed from demand start to auto start.
Information,18/12/2022 20:45:42,Microsoft-Windows-Time-Service,37,None,"The time provider NtpClient is currently receiving valid time data from time.windows.com,0x9 (ntp.m|0x9|0.0.0.0:123->51.145.123.29:123)."
Information,18/12/2022 20:45:42,Microsoft-Windows-Time-Service,158,None,The time provider 'VMICTimeProvider' has indicated that the current hardware and operating environment is not supported and has stopped. This behavior is expected for VMICTimeProvider on non-HyperV-guest environments. This may be the expected behavior for the current provider in the current operating environment as well.
Information,18/12/2022 20:43:49,Service Control Manager,7040,None,The start type of the Background Intelligent Transfer Service service was changed from demand start to auto start.
Information,18/12/2022 20:39:41,Service Control Manager,7040,None,The start type of the Background Intelligent Transfer Service service was changed from auto start to demand start.
Information,18/12/2022 20:36:46,Microsoft-Windows-Kernel-Power,566,(268),"The system session has transitioned from 136 to 137.

Reason SessionUnlock 

BootId: 5"
Warning,18/12/2022 20:35:43,Microsoft-Windows-DNS-Client,1014,(1014),Name resolution for the name test.steampowered.com timed out after none of the configured DNS servers responded. Client PID 8376.
Information,18/12/2022 20:35:40,e2fexpress,32,None,"The description for Event ID 32 from source e2fexpress cannot be found. Either the component that raises this event is not installed on your local computer or the installation is corrupted. You can install or repair the component on the local computer.

If the event originated on another computer, the display information had to be saved with the event.

The following information was included with the event: 

Intel(R) Ethernet Controller (3) I225-V

The message resource is present but the message was not found in the message table
"
Information,18/12/2022 20:35:36,Microsoft-Windows-Power-Troubleshooter,1,None,"The system has returned from a low power state.

Sleep Time: ‎2022‎-‎12‎-‎18T20:17:22.225188500Z
Wake Time: ‎2022‎-‎12‎-‎18T20:35:34.975951200Z

Wake Source: Device -USB Composite Device"
Information,18/12/2022 20:35:35,Microsoft-Windows-Kernel-Power,566,(268),"The system session has transitioned from 134 to 136.

Reason Unknown 

BootId: 5"
Information,18/12/2022 20:35:34,Microsoft-Windows-Kernel-Power,566,(268),"The system session has transitioned from 133 to 134.

Reason SxTransition 

BootId: 5"
Warning,18/12/2022 20:35:34,e2fexpress,27,None,"The description for Event ID 27 from source e2fexpress cannot be found. Either the component that raises this event is not installed on your local computer or the installation is corrupted. You can install or repair the component on the local computer.

If the event originated on another computer, the display information had to be saved with the event.

The following information was included with the event: 

Intel(R) Ethernet Controller (3) I225-V

The message resource is present but the message was not found in the message table
"
Information,18/12/2022 20:35:34,Service Control Manager,7040,None,The start type of the Background Intelligent Transfer Service service was changed from demand start to auto start.
Information,18/12/2022 20:35:34,BTHUSB,18,None,Windows cannot store Bluetooth authentication codes (link keys) on the local adapter. Bluetooth keyboards might not work in the system BIOS during start-up.
Information,18/12/2022 20:35:33,Netwtw10,7026,None,7026 - Dump after return from D3 after cmd
Information,18/12/2022 20:35:33,Netwtw10,7025,None,7025 - Dump after return from D3 before cmd 
Information,18/12/2022 20:35:33,Microsoft-Windows-Kernel-Power,130,(33),"Firmware S3 times. SuspendStart: 92939257, SuspendEnd: 92939258"
Information,18/12/2022 20:35:33,Microsoft-Windows-Kernel-Power,131,(33),"Firmware S3 times. ResumeCount: 8, FullResume: 2439, AverageResume: 2438"
Information,18/12/2022 20:35:33,Microsoft-Windows-Kernel-General,1,(5),"The system time has changed to ‎2022‎-‎12‎-‎18T20:35:33.500000000Z from ‎2022‎-‎12‎-‎18T20:17:29.387607100Z.
Time Delta: 1084112 ms

Change Reason: System time synchronized with the hardware clock.
Process: '' (PID 4).

RTC time: ‎2022‎-‎12‎-‎18T20:35:33.500000000Z
Current time zone bias: 0
RTC time is in UTC: false
System time was based on RTC time: false"
Information,18/12/2022 20:17:29,Microsoft-Windows-Kernel-Power,107,(102),The system has resumed from sleep.
Information,18/12/2022 20:17:27,Microsoft-Windows-Kernel-Power,42,(64),"The system is entering sleep.

Sleep Reason: Application API"
Information,18/12/2022 20:17:22,Microsoft-Windows-Kernel-Power,566,(268),"The system session has transitioned from 132 to 133.

Reason Unknown 

BootId: 5"
Information,18/12/2022 20:17:22,Microsoft-Windows-Kernel-Power,187,(243),User-mode process attempted to change the system state by calling SetSuspendState or SetSystemPowerState APIs.
Information,18/12/2022 20:16:15,Microsoft-Windows-Kernel-General,15,(10),Hive \SystemRoot\System32\config\DRIVERS was reorganized with a starting size of 5332992 bytes and an ending size of 5304320 bytes.
Information,18/12/2022 20:06:16,Service Control Manager,7040,None,The start type of the Background Intelligent Transfer Service service was changed from auto start to demand start.
Information,18/12/2022 20:02:56,Service Control Manager,7040,None,The start type of the Background Intelligent Transfer Service service was changed from demand start to auto start.
Warning,18/12/2022 19:45:20,Microsoft-Windows-DistributedCOM,10016,None,"The application-specific permission settings do not grant Local Activation permission for the COM Server application with CLSID 
{2593F8B9-4EAF-457C-B68A-50F6B8EA6B54}
 and APPID 
{15C20B67-12E7-4BB6-92BB-7AFF07997402}
 to the user DESKTOP-TBPOCIG\Abdo SID (S-1-5-21-1394681546-3843053835-3284470220-1001) from address LocalHost (Using LRPC) running in the application container Unavailable SID (Unavailable). This security permission can be modified using the Component Services administrative tool."
Information,18/12/2022 18:40:05,Microsoft-Windows-WindowsUpdateClient,19,Windows Update Agent,Installation Successful: Windows successfully installed the following update: Security Intelligence Update for Microsoft Defender Antivirus - KB2267602 (Version 1.381.666.0)
Information,18/12/2022 18:40:01,Microsoft-Windows-WindowsUpdateClient,43,Windows Update Agent,Installation Started: Windows has started installing the following update: Security Intelligence Update for Microsoft Defender Antivirus - KB2267602 (Version 1.381.666.0)
Information,18/12/2022 18:40:01,Microsoft-Windows-WindowsUpdateClient,44,Windows Update Agent,Windows Update started downloading an update.
Warning,18/12/2022 18:20:55,Microsoft-Windows-Kernel-Processor-Power,37,(7),The speed of processor 19 in group 0 is being limited by system firmware. The processor has been in this reduced performance state for 171488 seconds since the last report.
Warning,18/12/2022 18:20:55,Microsoft-Windows-Kernel-Processor-Power,37,(7),The speed of processor 17 in group 0 is being limited by system firmware. The processor has been in this reduced performance state for 171488 seconds since the last report.
Warning,18/12/2022 18:20:55,Microsoft-Windows-Kernel-Processor-Power,37,(7),The speed of processor 18 in group 0 is being limited by system firmware. The processor has been in this reduced performance state for 171488 seconds since the last report.
Warning,18/12/2022 18:20:55,Microsoft-Windows-Kernel-Processor-Power,37,(7),The speed of processor 16 in group 0 is being limited by system firmware. The processor has been in this reduced performance state for 171488 seconds since the last report.
Warning,18/12/2022 15:13:37,Microsoft-Windows-DistributedCOM,10016,None,"The application-specific permission settings do not grant Local Activation permission for the COM Server application with CLSID 
{2593F8B9-4EAF-457C-B68A-50F6B8EA6B54}
 and APPID 
{15C20B67-12E7-4BB6-92BB-7AFF07997402}
 to the user DESKTOP-TBPOCIG\Abdo SID (S-1-5-21-1394681546-3843053835-3284470220-1001) from address LocalHost (Using LRPC) running in the application container Unavailable SID (Unavailable). This security permission can be modified using the Component Services administrative tool."
Warning,18/12/2022 14:30:08,Microsoft-Windows-DistributedCOM,10016,None,"The application-specific permission settings do not grant Local Activation permission for the COM Server application with CLSID 
{2593F8B9-4EAF-457C-B68A-50F6B8EA6B54}
 and APPID 
{15C20B67-12E7-4BB6-92BB-7AFF07997402}
 to the user DESKTOP-TBPOCIG\Abdo SID (S-1-5-21-1394681546-3843053835-3284470220-1001) from address LocalHost (Using LRPC) running in the application container Unavailable SID (Unavailable). This security permission can be modified using the Component Services administrative tool."
Information,18/12/2022 14:29:20,e2fexpress,32,None,"The description for Event ID 32 from source e2fexpress cannot be found. Either the component that raises this event is not installed on your local computer or the installation is corrupted. You can install or repair the component on the local computer.

If the event originated on another computer, the display information had to be saved with the event.

The following information was included with the event: 

Intel(R) Ethernet Controller (3) I225-V

The message resource is present but the message was not found in the message table
"
Information,18/12/2022 14:29:18,Microsoft-Windows-Power-Troubleshooter,1,None,"The system has returned from a low power state.

Sleep Time: ‎2022‎-‎12‎-‎18T14:15:53.132757200Z
Wake Time: ‎2022‎-‎12‎-‎18T14:29:17.347398000Z

Wake Source: Device -USB Composite Device"
Warning,18/12/2022 14:29:17,e2fexpress,27,None,"The description for Event ID 27 from source e2fexpress cannot be found. Either the component that raises this event is not installed on your local computer or the installation is corrupted. You can install or repair the component on the local computer.

If the event originated on another computer, the display information had to be saved with the event.

The following information was included with the event: 

Intel(R) Ethernet Controller (3) I225-V

The message resource is present but the message was not found in the message table
"
Information,18/12/2022 14:29:17,Microsoft-Windows-Kernel-Power,566,(268),"The system session has transitioned from 130 to 132.

Reason Unknown 

BootId: 5"
Information,18/12/2022 14:29:17,Microsoft-Windows-Kernel-Power,566,(268),"The system session has transitioned from 129 to 130.

Reason SxTransition 

BootId: 5"
Information,18/12/2022 14:29:17,BTHUSB,18,None,Windows cannot store Bluetooth authentication codes (link keys) on the local adapter. Bluetooth keyboards might not work in the system BIOS during start-up.
Information,18/12/2022 14:29:16,Netwtw10,7026,None,7026 - Dump after return from D3 after cmd
Information,18/12/2022 14:29:16,Netwtw10,7025,None,7025 - Dump after return from D3 before cmd 
Information,18/12/2022 14:29:16,Microsoft-Windows-Kernel-Power,130,(33),"Firmware S3 times. SuspendStart: 72170349, SuspendEnd: 72170350"
Information,18/12/2022 14:29:16,Microsoft-Windows-Kernel-Power,131,(33),"Firmware S3 times. ResumeCount: 7, FullResume: 2438, AverageResume: 2438"
Information,18/12/2022 14:29:16,Microsoft-Windows-Kernel-General,1,(5),"The system time has changed to ‎2022‎-‎12‎-‎18T14:29:16.500000000Z from ‎2022‎-‎12‎-‎18T14:15:55.517491300Z.
Time Delta: 800982 ms

Change Reason: System time synchronized with the hardware clock.
Process: '' (PID 4).

RTC time: ‎2022‎-‎12‎-‎18T14:29:16.500000000Z
Current time zone bias: 0
RTC time is in UTC: false
System time was based on RTC time: false"
Information,18/12/2022 14:15:55,Microsoft-Windows-Kernel-Power,107,(102),The system has resumed from sleep.
Information,18/12/2022 14:15:54,Microsoft-Windows-Kernel-Power,42,(64),"The system is entering sleep.

Sleep Reason: System Idle"
Information,18/12/2022 14:15:53,Microsoft-Windows-Kernel-Power,566,(268),"The system session has transitioned from 127 to 129.

Reason SxTransition 

BootId: 5"
Information,18/12/2022 14:01:26,Microsoft-Windows-Kernel-Power,566,(268),"The system session has transitioned from 126 to 127.

Reason SessionUnlock 

BootId: 5"
Information,18/12/2022 14:00:29,e2fexpress,32,None,"The description for Event ID 32 from source e2fexpress cannot be found. Either the component that raises this event is not installed on your local computer or the installation is corrupted. You can install or repair the component on the local computer.

If the event originated on another computer, the display information had to be saved with the event.

The following information was included with the event: 

Intel(R) Ethernet Controller (3) I225-V

The message resource is present but the message was not found in the message table
"
Information,18/12/2022 14:00:27,Microsoft-Windows-Power-Troubleshooter,1,None,"The system has returned from a low power state.

Sleep Time: ‎2022‎-‎12‎-‎18T13:36:44.058640400Z
Wake Time: ‎2022‎-‎12‎-‎18T14:00:26.344970100Z

Wake Source: Device -USB Composite Device"
Warning,18/12/2022 14:00:26,e2fexpress,27,None,"The description for Event ID 27 from source e2fexpress cannot be found. Either the component that raises this event is not installed on your local computer or the installation is corrupted. You can install or repair the component on the local computer.

If the event originated on another computer, the display information had to be saved with the event.

The following information was included with the event: 

Intel(R) Ethernet Controller (3) I225-V

The message resource is present but the message was not found in the message table
"
Information,18/12/2022 14:00:26,Microsoft-Windows-Kernel-Power,566,(268),"The system session has transitioned from 124 to 126.

Reason Unknown 

BootId: 5"
Information,18/12/2022 14:00:26,Microsoft-Windows-Kernel-Power,566,(268),"The system session has transitioned from 123 to 124.

Reason SxTransition 

BootId: 5"
Information,18/12/2022 14:00:26,BTHUSB,18,None,Windows cannot store Bluetooth authentication codes (link keys) on the local adapter. Bluetooth keyboards might not work in the system BIOS during start-up.
Information,18/12/2022 14:00:25,Netwtw10,7026,None,7026 - Dump after return from D3 after cmd
Information,18/12/2022 14:00:25,Netwtw10,7025,None,7025 - Dump after return from D3 before cmd 
Information,18/12/2022 14:00:25,Microsoft-Windows-Kernel-Power,130,(33),"Firmware S3 times. SuspendStart: 71245765, SuspendEnd: 71245766"
Information,18/12/2022 14:00:25,Microsoft-Windows-Kernel-Power,131,(33),"Firmware S3 times. ResumeCount: 6, FullResume: 2439, AverageResume: 2438"
Information,18/12/2022 14:00:25,Microsoft-Windows-Kernel-General,1,(5),"The system time has changed to ‎2022‎-‎12‎-‎18T14:00:25.500000000Z from ‎2022‎-‎12‎-‎18T13:36:46.440345800Z.
Time Delta: 1419059 ms

Change Reason: System time synchronized with the hardware clock.
Process: '' (PID 4).

RTC time: ‎2022‎-‎12‎-‎18T14:00:25.500000000Z
Current time zone bias: 0
RTC time is in UTC: false
System time was based on RTC time: false"
Information,18/12/2022 13:36:46,Microsoft-Windows-Kernel-Power,107,(102),The system has resumed from sleep.
Information,18/12/2022 13:36:45,Microsoft-Windows-Kernel-Power,42,(64),"The system is entering sleep.

Sleep Reason: System Idle"
Information,18/12/2022 13:36:44,Microsoft-Windows-Kernel-Power,566,(268),"The system session has transitioned from 121 to 123.

Reason SxTransition 

BootId: 5"
Information,18/12/2022 13:22:18,Microsoft-Windows-Kernel-Power,566,(268),"The system session has transitioned from 120 to 121.

Reason SessionUnlock 

BootId: 5"
Information,18/12/2022 13:21:21,e2fexpress,32,None,"The description for Event ID 32 from source e2fexpress cannot be found. Either the component that raises this event is not installed on your local computer or the installation is corrupted. You can install or repair the component on the local computer.

If the event originated on another computer, the display information had to be saved with the event.

The following information was included with the event: 

Intel(R) Ethernet Controller (3) I225-V

The message resource is present but the message was not found in the message table
"
Information,18/12/2022 13:21:18,Microsoft-Windows-Power-Troubleshooter,1,None,"The system has returned from a low power state.

Sleep Time: ‎2022‎-‎12‎-‎18T13:09:47.114208500Z
Wake Time: ‎2022‎-‎12‎-‎18T13:21:17.346815000Z

Wake Source: Device -USB Composite Device"
Warning,18/12/2022 13:21:17,e2fexpress,27,None,"The description for Event ID 27 from source e2fexpress cannot be found. Either the component that raises this event is not installed on your local computer or the installation is corrupted. You can install or repair the component on the local computer.

If the event originated on another computer, the display information had to be saved with the event.

The following information was included with the event: 

Intel(R) Ethernet Controller (3) I225-V

The message resource is present but the message was not found in the message table
"
Information,18/12/2022 13:21:17,Microsoft-Windows-Kernel-Power,566,(268),"The system session has transitioned from 118 to 120.

Reason Unknown 

BootId: 5"
Information,18/12/2022 13:21:17,Microsoft-Windows-Kernel-Power,566,(268),"The system session has transitioned from 117 to 118.

Reason SxTransition 

BootId: 5"
Information,18/12/2022 13:21:17,BTHUSB,18,None,Windows cannot store Bluetooth authentication codes (link keys) on the local adapter. Bluetooth keyboards might not work in the system BIOS during start-up.
Information,18/12/2022 13:21:16,Netwtw10,7026,None,7026 - Dump after return from D3 after cmd
Information,18/12/2022 13:21:16,Netwtw10,7025,None,7025 - Dump after return from D3 before cmd 
Information,18/12/2022 13:21:16,Microsoft-Windows-Kernel-Power,130,(33),"Firmware S3 times. SuspendStart: 70321270, SuspendEnd: 70321271"
Information,18/12/2022 13:21:16,Microsoft-Windows-Kernel-Power,131,(33),"Firmware S3 times. ResumeCount: 5, FullResume: 2438, AverageResume: 2438"
Information,18/12/2022 13:21:16,Microsoft-Windows-Kernel-General,1,(5),"The system time has changed to ‎2022‎-‎12‎-‎18T13:21:16.500000000Z from ‎2022‎-‎12‎-‎18T13:09:49.544639300Z.
Time Delta: 686955 ms

Change Reason: System time synchronized with the hardware clock.
Process: '' (PID 4).

RTC time: ‎2022‎-‎12‎-‎18T13:21:16.500000000Z
Current time zone bias: 0
RTC time is in UTC: false
System time was based on RTC time: false"
Information,18/12/2022 13:09:49,Microsoft-Windows-Kernel-Power,107,(102),The system has resumed from sleep.
Information,18/12/2022 13:09:48,Microsoft-Windows-Kernel-Power,42,(64),"The system is entering sleep.

Sleep Reason: System Idle"
Information,18/12/2022 13:09:47,Microsoft-Windows-Kernel-Power,566,(268),"The system session has transitioned from 115 to 117.

Reason SxTransition 

BootId: 5"
Information,18/12/2022 12:55:21,Microsoft-Windows-Kernel-Power,566,(268),"The system session has transitioned from 114 to 115.

Reason SessionUnlock 

BootId: 5"
Information,18/12/2022 12:54:23,e2fexpress,32,None,"The description for Event ID 32 from source e2fexpress cannot be found. Either the component that raises this event is not installed on your local computer or the installation is corrupted. You can install or repair the component on the local computer.

If the event originated on another computer, the display information had to be saved with the event.

The following information was included with the event: 

Intel(R) Ethernet Controller (3) I225-V

The message resource is present but the message was not found in the message table
"
Information,18/12/2022 12:54:21,Microsoft-Windows-Power-Troubleshooter,1,None,"The system has returned from a low power state.

Sleep Time: ‎2022‎-‎12‎-‎18T12:49:21.879893200Z
Wake Time: ‎2022‎-‎12‎-‎18T12:54:20.344453700Z

Wake Source: Device -USB Composite Device"
Warning,18/12/2022 12:54:20,e2fexpress,27,None,"The description for Event ID 27 from source e2fexpress cannot be found. Either the component that raises this event is not installed on your local computer or the installation is corrupted. You can install or repair the component on the local computer.

If the event originated on another computer, the display information had to be saved with the event.

The following information was included with the event: 

Intel(R) Ethernet Controller (3) I225-V

The message resource is present but the message was not found in the message table
"
Information,18/12/2022 12:54:20,Microsoft-Windows-Kernel-Power,566,(268),"The system session has transitioned from 112 to 114.

Reason Unknown 

BootId: 5"
Information,18/12/2022 12:54:20,Microsoft-Windows-Kernel-Power,566,(268),"The system session has transitioned from 111 to 112.

Reason SxTransition 

BootId: 5"
Information,18/12/2022 12:54:20,BTHUSB,18,None,Windows cannot store Bluetooth authentication codes (link keys) on the local adapter. Bluetooth keyboards might not work in the system BIOS during start-up.
Information,18/12/2022 12:54:19,Netwtw10,7026,None,7026 - Dump after return from D3 after cmd
Information,18/12/2022 12:54:19,Netwtw10,7025,None,7025 - Dump after return from D3 before cmd 
Information,18/12/2022 12:54:19,Microsoft-Windows-Kernel-Power,130,(33),"Firmware S3 times. SuspendStart: 69396674, SuspendEnd: 69396676"
Information,18/12/2022 12:54:19,Microsoft-Windows-Kernel-Power,131,(33),"Firmware S3 times. ResumeCount: 4, FullResume: 2438, AverageResume: 2438"
Information,18/12/2022 12:54:19,Microsoft-Windows-Kernel-General,1,(5),"The system time has changed to ‎2022‎-‎12‎-‎18T12:54:19.500000000Z from ‎2022‎-‎12‎-‎18T12:49:24.261198000Z.
Time Delta: 295238 ms

Change Reason: System time synchronized with the hardware clock.
Process: '' (PID 4).

RTC time: ‎2022‎-‎12‎-‎18T12:54:19.500000000Z
Current time zone bias: 0
RTC time is in UTC: false
System time was based on RTC time: false"
Information,18/12/2022 12:49:24,Microsoft-Windows-Kernel-Power,107,(102),The system has resumed from sleep.
Information,18/12/2022 12:49:22,Microsoft-Windows-Kernel-Power,42,(64),"The system is entering sleep.

Sleep Reason: System Idle"
Information,18/12/2022 12:49:21,Microsoft-Windows-Kernel-Power,566,(268),"The system session has transitioned from 109 to 111.

Reason SxTransition 

BootId: 5"
Information,18/12/2022 12:34:56,Microsoft-Windows-Kernel-Power,566,(268),"The system session has transitioned from 108 to 109.

Reason SessionUnlock 

BootId: 5"
Information,18/12/2022 12:33:58,e2fexpress,32,None,"The description for Event ID 32 from source e2fexpress cannot be found. Either the component that raises this event is not installed on your local computer or the installation is corrupted. You can install or repair the component on the local computer.

If the event originated on another computer, the display information had to be saved with the event.

The following information was included with the event: 

Intel(R) Ethernet Controller (3) I225-V

The message resource is present but the message was not found in the message table
"
Information,18/12/2022 12:33:56,Microsoft-Windows-Power-Troubleshooter,1,None,"The system has returned from a low power state.

Sleep Time: ‎2022‎-‎12‎-‎18T12:32:20.035096800Z
Wake Time: ‎2022‎-‎12‎-‎18T12:33:55.348787700Z

Wake Source: Device -USB Composite Device"
Warning,18/12/2022 12:33:55,e2fexpress,27,None,"The description for Event ID 27 from source e2fexpress cannot be found. Either the component that raises this event is not installed on your local computer or the installation is corrupted. You can install or repair the component on the local computer.

If the event originated on another computer, the display information had to be saved with the event.

The following information was included with the event: 

Intel(R) Ethernet Controller (3) I225-V

The message resource is present but the message was not found in the message table
"
Information,18/12/2022 12:33:55,Microsoft-Windows-Kernel-Power,566,(268),"The system session has transitioned from 106 to 108.

Reason Unknown 

BootId: 5"
Information,18/12/2022 12:33:55,Microsoft-Windows-Kernel-Power,566,(268),"The system session has transitioned from 105 to 106.

Reason SxTransition 

BootId: 5"
Information,18/12/2022 12:33:55,BTHUSB,18,None,Windows cannot store Bluetooth authentication codes (link keys) on the local adapter. Bluetooth keyboards might not work in the system BIOS during start-up.
Information,18/12/2022 12:33:54,Netwtw10,7026,None,7026 - Dump after return from D3 after cmd
Information,18/12/2022 12:33:54,Netwtw10,7025,None,7025 - Dump after return from D3 before cmd 
Information,18/12/2022 12:33:54,Microsoft-Windows-Kernel-Power,130,(33),"Firmware S3 times. SuspendStart: 68472371, SuspendEnd: 68472372"
Information,18/12/2022 12:33:54,Microsoft-Windows-Kernel-Power,131,(33),"Firmware S3 times. ResumeCount: 3, FullResume: 2438, AverageResume: 2438"
Information,18/12/2022 12:33:54,Microsoft-Windows-Kernel-General,1,(5),"The system time has changed to ‎2022‎-‎12‎-‎18T12:33:54.500000000Z from ‎2022‎-‎12‎-‎18T12:32:22.665798500Z.
Time Delta: 91834 ms

Change Reason: System time synchronized with the hardware clock.
Process: '' (PID 4).

RTC time: ‎2022‎-‎12‎-‎18T12:33:54.500000000Z
Current time zone bias: 0
RTC time is in UTC: false
System time was based on RTC time: false"
Information,18/12/2022 12:32:22,Microsoft-Windows-Kernel-Power,107,(102),The system has resumed from sleep.
Information,18/12/2022 12:32:21,Microsoft-Windows-Kernel-Power,42,(64),"The system is entering sleep.

Sleep Reason: System Idle"
Information,18/12/2022 12:32:20,Microsoft-Windows-Kernel-Power,566,(268),"The system session has transitioned from 103 to 105.

Reason SxTransition 

BootId: 5"
Information,18/12/2022 12:22:13,Microsoft-Windows-Kernel-Power,566,(268),"The system session has transitioned from 102 to 103.

Reason SessionUnlock 

BootId: 5"
Information,18/12/2022 12:15:22,Microsoft-Windows-Kernel-Power,566,(268),"The system session has transitioned from 100 to 102.

Reason InputAccelerometer 

BootId: 5"
Information,18/12/2022 12:12:54,Microsoft-Windows-Kernel-Power,566,(268),"The system session has transitioned from 99 to 100.

Reason SessionUnlock 

BootId: 5"
Information,18/12/2022 12:11:56,e2fexpress,32,None,"The description for Event ID 32 from source e2fexpress cannot be found. Either the component that raises this event is not installed on your local computer or the installation is corrupted. You can install or repair the component on the local computer.

If the event originated on another computer, the display information had to be saved with the event.

The following information was included with the event: 

Intel(R) Ethernet Controller (3) I225-V

The message resource is present but the message was not found in the message table
"
Information,18/12/2022 12:11:54,Microsoft-Windows-Power-Troubleshooter,1,None,"The system has returned from a low power state.

Sleep Time: ‎2022‎-‎12‎-‎18T12:10:01.039240000Z
Wake Time: ‎2022‎-‎12‎-‎18T12:11:53.343777200Z

Wake Source: Device -USB Composite Device"
Warning,18/12/2022 12:11:53,e2fexpress,27,None,"The description for Event ID 27 from source e2fexpress cannot be found. Either the component that raises this event is not installed on your local computer or the installation is corrupted. You can install or repair the component on the local computer.

If the event originated on another computer, the display information had to be saved with the event.

The following information was included with the event: 

Intel(R) Ethernet Controller (3) I225-V

The message resource is present but the message was not found in the message table
"
Information,18/12/2022 12:11:53,Microsoft-Windows-Kernel-Power,566,(268),"The system session has transitioned from 97 to 99.

Reason Unknown 

BootId: 5"
Information,18/12/2022 12:11:53,Microsoft-Windows-Kernel-Power,566,(268),"The system session has transitioned from 96 to 97.

Reason SxTransition 

BootId: 5"
Information,18/12/2022 12:11:53,BTHUSB,18,None,Windows cannot store Bluetooth authentication codes (link keys) on the local adapter. Bluetooth keyboards might not work in the system BIOS during start-up.
Information,18/12/2022 12:11:52,Netwtw10,7026,None,7026 - Dump after return from D3 after cmd
Information,18/12/2022 12:11:52,Netwtw10,7025,None,7025 - Dump after return from D3 before cmd 
Information,18/12/2022 12:11:52,Microsoft-Windows-Kernel-Power,130,(33),"Firmware S3 times. SuspendStart: 67249369, SuspendEnd: 67249371"
Information,18/12/2022 12:11:52,Microsoft-Windows-Kernel-Power,131,(33),"Firmware S3 times. ResumeCount: 2, FullResume: 2439, AverageResume: 2439"
Information,18/12/2022 12:11:52,Microsoft-Windows-Kernel-General,1,(5),"The system time has changed to ‎2022‎-‎12‎-‎18T12:11:52.500000000Z from ‎2022‎-‎12‎-‎18T12:10:03.489757500Z.
Time Delta: 109010 ms

Change Reason: System time synchronized with the hardware clock.
Process: '' (PID 4).

RTC time: ‎2022‎-‎12‎-‎18T12:11:52.500000000Z
Current time zone bias: 0
RTC time is in UTC: false
System time was based on RTC time: false"
Information,18/12/2022 12:10:03,Microsoft-Windows-Kernel-Power,107,(102),The system has resumed from sleep.
Information,18/12/2022 12:10:02,Microsoft-Windows-Kernel-Power,42,(64),"The system is entering sleep.

Sleep Reason: System Idle"
Information,18/12/2022 12:10:01,Microsoft-Windows-Kernel-Power,566,(268),"The system session has transitioned from 94 to 96.

Reason SxTransition 

BootId: 5"
Information,18/12/2022 12:00:00,EventLog,6013,None,The system uptime is 148712 seconds.
Information,18/12/2022 11:55:37,Microsoft-Windows-Kernel-Power,566,(268),"The system session has transitioned from 93 to 94.

Reason SessionUnlock 

BootId: 5"
Information,18/12/2022 11:54:39,e2fexpress,32,None,"The description for Event ID 32 from source e2fexpress cannot be found. Either the component that raises this event is not installed on your local computer or the installation is corrupted. You can install or repair the component on the local computer.

If the event originated on another computer, the display information had to be saved with the event.

The following information was included with the event: 

Intel(R) Ethernet Controller (3) I225-V

The message resource is present but the message was not found in the message table
"
Information,18/12/2022 11:54:37,Microsoft-Windows-Power-Troubleshooter,1,None,"The system has returned from a low power state.

Sleep Time: ‎2022‎-‎12‎-‎18T11:42:49.869698100Z
Wake Time: ‎2022‎-‎12‎-‎18T11:54:36.347940200Z

Wake Source: Device -USB Composite Device"
Warning,18/12/2022 11:54:36,e2fexpress,27,None,"The description for Event ID 27 from source e2fexpress cannot be found. Either the component that raises this event is not installed on your local computer or the installation is corrupted. You can install or repair the component on the local computer.

If the event originated on another computer, the display information had to be saved with the event.

The following information was included with the event: 

Intel(R) Ethernet Controller (3) I225-V

The message resource is present but the message was not found in the message table
"
Information,18/12/2022 11:54:36,Microsoft-Windows-Kernel-Power,566,(268),"The system session has transitioned from 91 to 93.

Reason InputHid 

BootId: 5"
Information,18/12/2022 11:54:36,Microsoft-Windows-Kernel-General,16,None,The access history in hive \Device\HarddiskVolume1\EFI\Microsoft\Boot\BCD was cleared updating 190 keys and creating 9 modified pages.
Information,18/12/2022 11:54:36,Microsoft-Windows-Kernel-Power,566,(268),"The system session has transitioned from 90 to 91.

Reason SxTransition 

BootId: 5"
Information,18/12/2022 11:54:36,BTHUSB,18,None,Windows cannot store Bluetooth authentication codes (link keys) on the local adapter. Bluetooth keyboards might not work in the system BIOS during start-up.
Information,18/12/2022 11:54:35,Netwtw10,7026,None,7026 - Dump after return from D3 after cmd
Information,18/12/2022 11:54:35,Netwtw10,7025,None,7025 - Dump after return from D3 before cmd 
Information,18/12/2022 11:54:35,Microsoft-Windows-Kernel-Power,130,(33),"Firmware S3 times. SuspendStart: 66326820, SuspendEnd: 66326903"
Information,18/12/2022 11:54:35,Microsoft-Windows-Kernel-Power,131,(33),"Firmware S3 times. ResumeCount: 1, FullResume: 2438, AverageResume: 2438"
Information,18/12/2022 11:54:35,Microsoft-Windows-Kernel-General,1,(5),"The system time has changed to ‎2022‎-‎12‎-‎18T11:54:35.500000000Z from ‎2022‎-‎12‎-‎18T11:42:54.327919000Z.
Time Delta: 701172 ms

Change Reason: System time synchronized with the hardware clock.
Process: '' (PID 4).

RTC time: ‎2022‎-‎12‎-‎18T11:54:35.500000000Z
Current time zone bias: 0
RTC time is in UTC: false
System time was based on RTC time: false"
Information,18/12/2022 11:42:54,Microsoft-Windows-Kernel-Power,107,(102),The system has resumed from sleep.
Information,18/12/2022 11:42:52,Microsoft-Windows-Kernel-Power,42,(64),"The system is entering sleep.

Sleep Reason: System Idle"
Information,18/12/2022 11:42:50,Microsoft-Windows-Kernel-General,16,None,The access history in hive \??\C:\Users\Abdo\AppData\Local\Packages\Microsoft.LockApp_cw5n1h2txyewy\Settings\settings.dat was cleared updating 3 keys and creating 1 modified pages.
Information,18/12/2022 11:42:49,Microsoft-Windows-Kernel-Power,566,(268),"The system session has transitioned from 88 to 90.

Reason SxTransition 

BootId: 5"
Information,18/12/2022 11:32:47,Microsoft-Windows-Kernel-Power,566,(268),"The system session has transitioned from 87 to 88.

Reason SessionUnlock 

BootId: 5"
Information,18/12/2022 11:29:39,Microsoft-Windows-HttpService,114,HTTP Configuration Property Trace Task,"Removed URL (http://*:2869/upnp/eventing/) from URL group (0xFE00001220000002). Process Id 0x3550 Executable path \Device\HarddiskVolume3\Windows\System32\svchost.exe, User LOCAL SERVICE"
Information,18/12/2022 11:29:39,Service Control Manager,7040,None,The start type of the Background Intelligent Transfer Service service was changed from auto start to demand start.
Information,18/12/2022 11:27:23,Microsoft-Windows-HttpService,113,HTTP Configuration Property Trace Task,"Attempted to add URL (http://*:2869/upnp/eventing/) to URL group (0xFE00001220000002). Status: 0x0. Process Id 0x3550 Executable path \Device\HarddiskVolume3\Windows\System32\svchost.exe, User LOCAL SERVICE"
Information,18/12/2022 11:27:23,Microsoft-Windows-HttpService,114,HTTP Configuration Property Trace Task,"Removed URL (http://*:2869/upnp/eventing/) from URL group (0xFE00000720000001). Process Id 0x3550 Executable path \Device\HarddiskVolume3\Windows\System32\svchost.exe, User LOCAL SERVICE"
Information,18/12/2022 11:27:23,Microsoft-Windows-HttpService,113,HTTP Configuration Property Trace Task,"Attempted to add URL (http://*:2869/upnp/eventing/) to URL group (0xFE00000720000001). Status: 0x0. Process Id 0x3550 Executable path \Device\HarddiskVolume3\Windows\System32\svchost.exe, User LOCAL SERVICE"
Information,18/12/2022 11:27:23,Microsoft-Windows-HttpService,114,HTTP Configuration Property Trace Task,"Removed URL (http://*:2869/upnp/eventing/) from URL group (0xFE00001320000003). Process Id 0x3550 Executable path \Device\HarddiskVolume3\Windows\System32\svchost.exe, User LOCAL SERVICE"
Information,18/12/2022 11:27:13,Microsoft-Windows-HttpService,113,HTTP Configuration Property Trace Task,"Attempted to add URL (http://*:2869/upnp/eventing/) to URL group (0xFE00001320000003). Status: 0x0. Process Id 0x3550 Executable path \Device\HarddiskVolume3\Windows\System32\svchost.exe, User LOCAL SERVICE"
Information,18/12/2022 11:27:13,Microsoft-Windows-HttpService,114,HTTP Configuration Property Trace Task,"Removed URL (http://*:2869/upnp/eventing/) from URL group (0xFE00001320000002). Process Id 0x3550 Executable path \Device\HarddiskVolume3\Windows\System32\svchost.exe, User LOCAL SERVICE"
Information,18/12/2022 11:27:13,Microsoft-Windows-HttpService,113,HTTP Configuration Property Trace Task,"Attempted to add URL (http://*:2869/upnp/eventing/) to URL group (0xFE00001320000002). Status: 0x0. Process Id 0x3550 Executable path \Device\HarddiskVolume3\Windows\System32\svchost.exe, User LOCAL SERVICE"
Information,18/12/2022 10:57:12,Service Control Manager,7040,None,The start type of the Background Intelligent Transfer Service service was changed from demand start to auto start.
Warning,18/12/2022 10:56:13,Microsoft-Windows-DistributedCOM,10016,None,"The application-specific permission settings do not grant Local Activation permission for the COM Server application with CLSID 
{2593F8B9-4EAF-457C-B68A-50F6B8EA6B54}
 and APPID 
{15C20B67-12E7-4BB6-92BB-7AFF07997402}
 to the user DESKTOP-TBPOCIG\Abdo SID (S-1-5-21-1394681546-3843053835-3284470220-1001) from address LocalHost (Using LRPC) running in the application container Unavailable SID (Unavailable). This security permission can be modified using the Component Services administrative tool."
Warning,18/12/2022 10:24:23,Microsoft-Windows-DistributedCOM,10016,None,"The application-specific permission settings do not grant Local Activation permission for the COM Server application with CLSID 
{2593F8B9-4EAF-457C-B68A-50F6B8EA6B54}
 and APPID 
{15C20B67-12E7-4BB6-92BB-7AFF07997402}
 to the user DESKTOP-TBPOCIG\Abdo SID (S-1-5-21-1394681546-3843053835-3284470220-1001) from address LocalHost (Using LRPC) running in the application container Unavailable SID (Unavailable). This security permission can be modified using the Component Services administrative tool."
Information,18/12/2022 10:20:59,Service Control Manager,7040,None,The start type of the Background Intelligent Transfer Service service was changed from auto start to demand start.
Information,18/12/2022 10:18:55,Service Control Manager,7040,None,The start type of the Background Intelligent Transfer Service service was changed from demand start to auto start.
Information,18/12/2022 10:16:00,Service Control Manager,7040,None,The start type of the Background Intelligent Transfer Service service was changed from auto start to demand start.
Information,18/12/2022 10:14:35,Microsoft-Windows-Kernel-General,1,(5),"The system time has changed to ‎2022‎-‎12‎-‎18T10:14:35.308239800Z from ‎2022‎-‎12‎-‎18T10:14:35.308115900Z.
Time Delta: 0 ms

Change Reason: An application or system component changed the time.
Process: '\Device\HarddiskVolume3\Windows\System32\svchost.exe' (PID 24008).

RTC time: ‎2022‎-‎12‎-‎18T10:14:35.308239800Z
Current time zone bias: 0
RTC time is in UTC: false
System time was based on RTC time: false"
Information,18/12/2022 10:14:35,Microsoft-Windows-Kernel-General,24,(11),The time zone information was refreshed with exit reason 0. Current time zone bias is 0.
Information,18/12/2022 10:14:35,Microsoft-Windows-Kernel-General,1,(5),"The system time has changed to ‎2022‎-‎12‎-‎18T10:14:35.222969900Z from ‎2022‎-‎12‎-‎18T10:14:35.222624800Z.
Time Delta: 0 ms

Change Reason: An application or system component changed the time.
Process: '\Device\HarddiskVolume3\Windows\System32\svchost.exe' (PID 24008).

RTC time: ‎2022‎-‎12‎-‎18T10:14:35.222969900Z
Current time zone bias: 0
RTC time is in UTC: false
System time was based on RTC time: false"
Information,18/12/2022 10:14:35,Microsoft-Windows-Kernel-General,24,(11),The time zone information was refreshed with exit reason 0. Current time zone bias is 0.
Information,18/12/2022 10:14:35,Microsoft-Windows-Time-Service,35,None,"The time service is now synchronizing the system time with the time source time.windows.com,0x9 (ntp.m|0x9|0.0.0.0:123->51.145.123.29:123) with reference id 494637363. Current local stratum number is 4."
Information,18/12/2022 10:14:35,Microsoft-Windows-Kernel-General,1,(5),"The system time has changed to ‎2022‎-‎12‎-‎18T10:14:35.133248200Z from ‎2022‎-‎12‎-‎18T10:14:36.747039000Z.
Time Delta: -1613 ms

Change Reason: An application or system component changed the time.
Process: '\Device\HarddiskVolume3\Windows\System32\svchost.exe' (PID 24008).

RTC time: ‎2022‎-‎12‎-‎18T10:14:35.133248200Z
Current time zone bias: 0
RTC time is in UTC: false
System time was based on RTC time: false"
Information,18/12/2022 10:14:35,Microsoft-Windows-Kernel-General,24,(11),The time zone information was refreshed with exit reason 0. Current time zone bias is 0.
Information,18/12/2022 10:14:36,Microsoft-Windows-Time-Service,37,None,"The time provider NtpClient is currently receiving valid time data from time.windows.com,0x9 (ntp.m|0x9|0.0.0.0:123->51.145.123.29:123)."
Information,18/12/2022 10:14:30,Microsoft-Windows-WindowsUpdateClient,19,Windows Update Agent,Installation Successful: Windows successfully installed the following update: Security Intelligence Update for Microsoft Defender Antivirus - KB2267602 (Version 1.381.643.0)
Information,18/12/2022 10:14:27,Microsoft-Windows-WindowsUpdateClient,43,Windows Update Agent,Installation Started: Windows has started installing the following update: Security Intelligence Update for Microsoft Defender Antivirus - KB2267602 (Version 1.381.643.0)
Information,18/12/2022 10:14:27,Microsoft-Windows-WindowsUpdateClient,44,Windows Update Agent,Windows Update started downloading an update.
Warning,18/12/2022 10:14:11,Microsoft-Windows-DistributedCOM,10016,None,"The application-specific permission settings do not grant Local Activation permission for the COM Server application with CLSID 
{2593F8B9-4EAF-457C-B68A-50F6B8EA6B54}
 and APPID 
{15C20B67-12E7-4BB6-92BB-7AFF07997402}
 to the user DESKTOP-TBPOCIG\Abdo SID (S-1-5-21-1394681546-3843053835-3284470220-1001) from address LocalHost (Using LRPC) running in the application container Unavailable SID (Unavailable). This security permission can be modified using the Component Services administrative tool."
Warning,18/12/2022 10:14:10,Microsoft-Windows-DistributedCOM,10016,None,"The application-specific permission settings do not grant Local Activation permission for the COM Server application with CLSID 
{2593F8B9-4EAF-457C-B68A-50F6B8EA6B54}
 and APPID 
{15C20B67-12E7-4BB6-92BB-7AFF07997402}
 to the user DESKTOP-TBPOCIG\Abdo SID (S-1-5-21-1394681546-3843053835-3284470220-1001) from address LocalHost (Using LRPC) running in the application container Unavailable SID (Unavailable). This security permission can be modified using the Component Services administrative tool."
Warning,18/12/2022 10:14:09,Microsoft-Windows-DistributedCOM,10016,None,"The application-specific permission settings do not grant Local Activation permission for the COM Server application with CLSID 
{2593F8B9-4EAF-457C-B68A-50F6B8EA6B54}
 and APPID 
{15C20B67-12E7-4BB6-92BB-7AFF07997402}
 to the user DESKTOP-TBPOCIG\Abdo SID (S-1-5-21-1394681546-3843053835-3284470220-1001) from address LocalHost (Using LRPC) running in the application container Unavailable SID (Unavailable). This security permission can be modified using the Component Services administrative tool."
Information,18/12/2022 10:14:01,Microsoft-Windows-Kernel-General,16,None,The access history in hive \??\C:\Users\Abdo\AppData\Local\Packages\Microsoft.YourPhone_8wekyb3d8bbwe\SystemAppData\Helium\UserClasses.dat was cleared updating 12 keys and creating 1 modified pages.
Information,18/12/2022 10:14:01,Microsoft-Windows-Kernel-General,16,None,The access history in hive \??\C:\Users\Abdo\AppData\Local\Packages\Microsoft.YourPhone_8wekyb3d8bbwe\SystemAppData\Helium\User.dat was cleared updating 20 keys and creating 2 modified pages.
Information,18/12/2022 10:14:00,Microsoft-Windows-Kernel-General,16,None,The access history in hive \??\C:\Users\Abdo\AppData\Local\Packages\Microsoft.YourPhone_8wekyb3d8bbwe\Settings\settings.dat was cleared updating 36 keys and creating 10 modified pages.
Information,18/12/2022 10:13:57,Service Control Manager,7040,None,The start type of the Background Intelligent Transfer Service service was changed from demand start to auto start.
